#
# There is insufficient memory for the Java Runtime Environment to continue.
# Native memory allocation (malloc) failed to allocate 367696 bytes for Chunk::new
# Possible reasons:
#   The system is out of physical RAM or swap space
#   In 32 bit mode, the process size limit was hit
# Possible solutions:
#   Reduce memory load on the system
#   Increase physical memory or swap space
#   Check if swap backing store is full
#   Use 64 bit Java on a 64 bit OS
#   Decrease Java heap size (-Xmx/-Xms)
#   Decrease number of Java threads
#   Decrease Java thread stack sizes (-Xss)
#   Set larger code cache with -XX:ReservedCodeCacheSize=
# This output file may be truncated or incomplete.
#
#  Out of Memory Error (allocation.cpp:390), pid=13540, tid=0x00000000000030c8
#
# JRE version: OpenJDK Runtime Environment (8.0_112-b06) (build 1.8.0_112-release-b06)
# Java VM: OpenJDK 64-Bit Server VM (25.112-b06 mixed mode windows-amd64 compressed oops)
# Failed to write core dump. Minidumps are not enabled by default on client versions of Windows
#

---------------  T H R E A D  ---------------

Current thread (0x000000001ee63000):  JavaThread "C2 CompilerThread2" daemon [_thread_in_native, id=12488, stack(0x000000001f6d0000,0x000000001f7d0000)]

Stack: [0x000000001f6d0000,0x000000001f7d0000]
[error occurred during error reporting (printing stack bounds), id 0xc0000005]

Native frames: (J=compiled Java code, j=interpreted, Vv=VM code, C=native code)


Current CompileTask:
C2:   8285 1886   !   4       com.android.dx.cf.code.BytecodeArray::parseInstruction (2764 bytes)


---------------  P R O C E S S  ---------------

Java Threads: ( => current thread )
  0x000000001f132800 JavaThread "pool-2-thread-4" [_thread_blocked, id=13344, stack(0x000000001fed0000,0x000000001ffd0000)]
  0x000000001f126000 JavaThread "pool-2-thread-3" [_thread_blocked, id=12512, stack(0x000000001fdd0000,0x000000001fed0000)]
  0x000000001f11e000 JavaThread "pool-2-thread-2" [_thread_in_Java, id=9680, stack(0x000000001fcd0000,0x000000001fdd0000)]
  0x000000001f11c000 JavaThread "pool-3-thread-1" [_thread_blocked, id=13060, stack(0x000000001fbd0000,0x000000001fcd0000)]
  0x000000001f11b800 JavaThread "pool-2-thread-1" [_thread_in_Java, id=1968, stack(0x000000001fad0000,0x000000001fbd0000)]
  0x000000001eee8800 JavaThread "Service Thread" daemon [_thread_blocked, id=13932, stack(0x000000001f8d0000,0x000000001f9d0000)]
  0x000000001ee6b800 JavaThread "C1 CompilerThread3" daemon [_thread_blocked, id=12368, stack(0x000000001f7d0000,0x000000001f8d0000)]
=>0x000000001ee63000 JavaThread "C2 CompilerThread2" daemon [_thread_in_native, id=12488, stack(0x000000001f6d0000,0x000000001f7d0000)]
  0x000000001cf0c000 JavaThread "C2 CompilerThread1" daemon [_thread_blocked, id=1272, stack(0x000000001f5d0000,0x000000001f6d0000)]
  0x000000001cf08000 JavaThread "C2 CompilerThread0" daemon [_thread_blocked, id=4428, stack(0x000000001f4d0000,0x000000001f5d0000)]
  0x000000001ee10000 JavaThread "Attach Listener" daemon [_thread_blocked, id=13960, stack(0x000000001f3d0000,0x000000001f4d0000)]
  0x000000001ee60800 JavaThread "Signal Dispatcher" daemon [_thread_blocked, id=13144, stack(0x000000001f2d0000,0x000000001f3d0000)]
  0x000000001edf0800 JavaThread "Finalizer" daemon [_thread_blocked, id=13260, stack(0x000000001f1d0000,0x000000001f2d0000)]
  0x00000000033d4000 JavaThread "Reference Handler" daemon [_thread_blocked, id=12184, stack(0x000000001ecd0000,0x000000001edd0000)]
  0x00000000032e0800 JavaThread "main" [_thread_in_native, id=9652, stack(0x00000000031e0000,0x00000000032e0000)]

Other Threads:
  0x000000001cef7000 VMThread [stack: 0x000000001ebd0000,0x000000001ecd0000] [id=9152]
  0x000000001eee9800 WatcherThread [stack: 0x000000001f9d0000,0x000000001fad0000] [id=1608]

VM state:not at safepoint (normal execution)

VM Mutex/Monitor currently owned by a thread: None

Heap:
 PSYoungGen      total 136192K, used 128702K [0x000000076ab00000, 0x000000077ce80000, 0x00000007c0000000)
  eden space 131072K, 98% used [0x000000076ab00000,0x00000007728af9e0,0x0000000772b00000)
  from space 5120K, 0% used [0x0000000772b00000,0x0000000772b00000,0x0000000773000000)
  to   space 59392K, 0% used [0x0000000779480000,0x0000000779480000,0x000000077ce80000)
 ParOldGen       total 205824K, used 71117K [0x00000006c0000000, 0x00000006cc900000, 0x000000076ab00000)
  object space 205824K, 34% used [0x00000006c0000000,0x00000006c4573708,0x00000006cc900000)
 Metaspace       used 5985K, capacity 7088K, committed 7296K, reserved 1056768K
  class space    used 562K, capacity 616K, committed 640K, reserved 1048576K

Card table byte_map: [0x00000000127a0000,0x0000000012fb0000] byte_map_base: 0x000000000f1a0000

Marking Bits: (ParMarkBitMap*) 0x00000000567c18f0
 Begin Bits: [0x0000000013d10000, 0x0000000017d10000)
 End Bits:   [0x0000000017d10000, 0x000000001bd10000)

Polling page: 0x0000000002d30000

CodeCache: size=245760Kb used=9419Kb max_used=9435Kb free=236340Kb
 bounds [0x00000000033e0000, 0x0000000003d30000, 0x00000000123e0000]
 total_blobs=2131 nmethods=1868 adapters=177
 compilation: enabled

Compilation events (10 events):
Event: 8.069 Thread 0x000000001cf08000 1914 %     4       com.android.dx.cf.code.Ropper::getRopMethod @ 19 (64 bytes)
Event: 8.084 Thread 0x000000001cf08000 nmethod 1914% 0x0000000003d0ef10 code [0x0000000003d0f0c0, 0x0000000003d0fae8]
Event: 8.089 Thread 0x000000001cf0c000 1915       4       com.android.dx.cf.code.Ropper::getRopMethod (64 bytes)
Event: 8.093 Thread 0x000000001cf08000 1916 %     4       com.android.dx.ssa.SsaMethod::convertRopToSsaBlocks @ 27 (103 bytes)
Event: 8.105 Thread 0x000000001cf08000 nmethod 1916% 0x0000000003d16850 code [0x0000000003d16a60, 0x0000000003d174d0]
Event: 8.108 Thread 0x000000001cf08000 1917 %     4       com.android.dx.ssa.SsaConverter::edgeSplitPredecessors @ 12 (44 bytes)
Event: 8.108 Thread 0x000000001cf0c000 nmethod 1915 0x0000000003d18410 code [0x0000000003d185e0, 0x0000000003d19248]
Event: 8.113 Thread 0x000000001cf08000 nmethod 1917% 0x0000000003cf1550 code [0x0000000003cf16c0, 0x0000000003cf1a68]
Event: 8.115 Thread 0x000000001cf0c000 1918 %     4       com.android.dx.ssa.SsaConverter::edgeSplitMoveExceptionsAndResults @ 12 (157 bytes)
Event: 8.120 Thread 0x000000001cf0c000 nmethod 1918% 0x0000000003d0ac10 code [0x0000000003d0ad80, 0x0000000003d0b158]

GC Heap History (10 events):
Event: 3.059 GC heap before
{Heap before GC invocations=3 (full 0):
 PSYoungGen      total 70656K, used 70636K [0x000000076ab00000, 0x000000076f500000, 0x00000007c0000000)
  eden space 65536K, 100% used [0x000000076ab00000,0x000000076eb00000,0x000000076eb00000)
  from space 5120K, 99% used [0x000000076f000000,0x000000076f4fb2f0,0x000000076f500000)
  to   space 5120K, 0% used [0x000000076eb00000,0x000000076eb00000,0x000000076f000000)
 ParOldGen       total 86016K, used 12350K [0x00000006c0000000, 0x00000006c5400000, 0x000000076ab00000)
  object space 86016K, 14% used [0x00000006c0000000,0x00000006c0c0fb18,0x00000006c5400000)
 Metaspace       used 5860K, capacity 6960K, committed 7040K, reserved 1056768K
  class space    used 562K, capacity 616K, committed 640K, reserved 1048576K
Event: 3.296 GC heap after
Heap after GC invocations=3 (full 0):
 PSYoungGen      total 70656K, used 5092K [0x000000076ab00000, 0x0000000773500000, 0x00000007c0000000)
  eden space 65536K, 0% used [0x000000076ab00000,0x000000076ab00000,0x000000076eb00000)
  from space 5120K, 99% used [0x000000076eb00000,0x000000076eff9070,0x000000076f000000)
  to   space 5120K, 0% used [0x0000000773000000,0x0000000773000000,0x0000000773500000)
 ParOldGen       total 86016K, used 33602K [0x00000006c0000000, 0x00000006c5400000, 0x000000076ab00000)
  object space 86016K, 39% used [0x00000006c0000000,0x00000006c20d0848,0x00000006c5400000)
 Metaspace       used 5860K, capacity 6960K, committed 7040K, reserved 1056768K
  class space    used 562K, capacity 616K, committed 640K, reserved 1048576K
}
Event: 4.343 GC heap before
{Heap before GC invocations=4 (full 0):
 PSYoungGen      total 70656K, used 70628K [0x000000076ab00000, 0x0000000773500000, 0x00000007c0000000)
  eden space 65536K, 100% used [0x000000076ab00000,0x000000076eb00000,0x000000076eb00000)
  from space 5120K, 99% used [0x000000076eb00000,0x000000076eff9070,0x000000076f000000)
  to   space 5120K, 0% used [0x0000000773000000,0x0000000773000000,0x0000000773500000)
 ParOldGen       total 86016K, used 33602K [0x00000006c0000000, 0x00000006c5400000, 0x000000076ab00000)
  object space 86016K, 39% used [0x00000006c0000000,0x00000006c20d0848,0x00000006c5400000)
 Metaspace       used 5939K, capacity 7024K, committed 7296K, reserved 1056768K
  class space    used 562K, capacity 616K, committed 640K, reserved 1048576K
Event: 4.381 GC heap after
Heap after GC invocations=4 (full 0):
 PSYoungGen      total 136192K, used 5093K [0x000000076ab00000, 0x0000000773500000, 0x00000007c0000000)
  eden space 131072K, 0% used [0x000000076ab00000,0x000000076ab00000,0x0000000772b00000)
  from space 5120K, 99% used [0x0000000773000000,0x00000007734f9410,0x0000000773500000)
  to   space 5120K, 0% used [0x0000000772b00000,0x0000000772b00000,0x0000000773000000)
 ParOldGen       total 86016K, used 62417K [0x00000006c0000000, 0x00000006c5400000, 0x000000076ab00000)
  object space 86016K, 72% used [0x00000006c0000000,0x00000006c3cf45e8,0x00000006c5400000)
 Metaspace       used 5939K, capacity 7024K, committed 7296K, reserved 1056768K
  class space    used 562K, capacity 616K, committed 640K, reserved 1048576K
}
Event: 4.381 GC heap before
{Heap before GC invocations=5 (full 1):
 PSYoungGen      total 136192K, used 5093K [0x000000076ab00000, 0x0000000773500000, 0x00000007c0000000)
  eden space 131072K, 0% used [0x000000076ab00000,0x000000076ab00000,0x0000000772b00000)
  from space 5120K, 99% used [0x0000000773000000,0x00000007734f9410,0x0000000773500000)
  to   space 5120K, 0% used [0x0000000772b00000,0x0000000772b00000,0x0000000773000000)
 ParOldGen       total 86016K, used 62417K [0x00000006c0000000, 0x00000006c5400000, 0x000000076ab00000)
  object space 86016K, 72% used [0x00000006c0000000,0x00000006c3cf45e8,0x00000006c5400000)
 Metaspace       used 5939K, capacity 7024K, committed 7296K, reserved 1056768K
  class space    used 562K, capacity 616K, committed 640K, reserved 1048576K
Event: 5.798 GC heap after
Heap after GC invocations=5 (full 1):
 PSYoungGen      total 136192K, used 0K [0x000000076ab00000, 0x0000000773500000, 0x00000007c0000000)
  eden space 131072K, 0% used [0x000000076ab00000,0x000000076ab00000,0x0000000772b00000)
  from space 5120K, 0% used [0x0000000773000000,0x0000000773000000,0x0000000773500000)
  to   space 5120K, 0% used [0x0000000772b00000,0x0000000772b00000,0x0000000773000000)
 ParOldGen       total 140288K, used 50894K [0x00000006c0000000, 0x00000006c8900000, 0x000000076ab00000)
  object space 140288K, 36% used [0x00000006c0000000,0x00000006c31b3a30,0x00000006c8900000)
 Metaspace       used 5939K, capacity 7024K, committed 7296K, reserved 1056768K
  class space    used 562K, capacity 616K, committed 640K, reserved 1048576K
}
Event: 7.101 GC heap before
{Heap before GC invocations=6 (full 1):
 PSYoungGen      total 136192K, used 131072K [0x000000076ab00000, 0x0000000773500000, 0x00000007c0000000)
  eden space 131072K, 100% used [0x000000076ab00000,0x0000000772b00000,0x0000000772b00000)
  from space 5120K, 0% used [0x0000000773000000,0x0000000773000000,0x0000000773500000)
  to   space 5120K, 0% used [0x0000000772b00000,0x0000000772b00000,0x0000000773000000)
 ParOldGen       total 140288K, used 50894K [0x00000006c0000000, 0x00000006c8900000, 0x000000076ab00000)
  object space 140288K, 36% used [0x00000006c0000000,0x00000006c31b3a30,0x00000006c8900000)
 Metaspace       used 5971K, capacity 7088K, committed 7296K, reserved 1056768K
  class space    used 562K, capacity 616K, committed 640K, reserved 1048576K
Event: 7.243 GC heap after
Heap after GC invocations=6 (full 1):
 PSYoungGen      total 136192K, used 5118K [0x000000076ab00000, 0x000000077ce80000, 0x00000007c0000000)
  eden space 131072K, 0% used [0x000000076ab00000,0x000000076ab00000,0x0000000772b00000)
  from space 5120K, 99% used [0x0000000772b00000,0x0000000772fffaa0,0x0000000773000000)
  to   space 59392K, 0% used [0x0000000779480000,0x0000000779480000,0x000000077ce80000)
 ParOldGen       total 140288K, used 97861K [0x00000006c0000000, 0x00000006c8900000, 0x000000076ab00000)
  object space 140288K, 69% used [0x00000006c0000000,0x00000006c5f91780,0x00000006c8900000)
 Metaspace       used 5971K, capacity 7088K, committed 7296K, reserved 1056768K
  class space    used 562K, capacity 616K, committed 640K, reserved 1048576K
}
Event: 7.243 GC heap before
{Heap before GC invocations=7 (full 2):
 PSYoungGen      total 136192K, used 5118K [0x000000076ab00000, 0x000000077ce80000, 0x00000007c0000000)
  eden space 131072K, 0% used [0x000000076ab00000,0x000000076ab00000,0x0000000772b00000)
  from space 5120K, 99% used [0x0000000772b00000,0x0000000772fffaa0,0x0000000773000000)
  to   space 59392K, 0% used [0x0000000779480000,0x0000000779480000,0x000000077ce80000)
 ParOldGen       total 140288K, used 97861K [0x00000006c0000000, 0x00000006c8900000, 0x000000076ab00000)
  object space 140288K, 69% used [0x00000006c0000000,0x00000006c5f91780,0x00000006c8900000)
 Metaspace       used 5971K, capacity 7088K, committed 7296K, reserved 1056768K
  class space    used 562K, capacity 616K, committed 640K, reserved 1048576K
Event: 7.396 GC heap after
Heap after GC invocations=7 (full 2):
 PSYoungGen      total 136192K, used 0K [0x000000076ab00000, 0x000000077ce80000, 0x00000007c0000000)
  eden space 131072K, 0% used [0x000000076ab00000,0x000000076ab00000,0x0000000772b00000)
  from space 5120K, 0% used [0x0000000772b00000,0x0000000772b00000,0x0000000773000000)
  to   space 59392K, 0% used [0x0000000779480000,0x0000000779480000,0x000000077ce80000)
 ParOldGen       total 205824K, used 71117K [0x00000006c0000000, 0x00000006cc900000, 0x000000076ab00000)
  object space 205824K, 34% used [0x00000006c0000000,0x00000006c4573708,0x00000006cc900000)
 Metaspace       used 5971K, capacity 7088K, committed 7296K, reserved 1056768K
  class space    used 562K, capacity 616K, committed 640K, reserved 1048576K
}

Deoptimization events (10 events):
Event: 6.484 Thread 0x000000001f11e000 Uncommon trap: reason=class_check action=maybe_recompile pc=0x0000000003bcb76c method=com.android.dx.cf.code.BytecodeArray.parseInstruction(ILcom/android/dx/cf/code/BytecodeArray$Visitor;)I @ 2002
Event: 6.484 Thread 0x000000001f11e000 Uncommon trap: reason=bimorphic action=maybe_recompile pc=0x00000000039d3e48 method=com.android.dx.rop.code.Rops.opMoveResultPseudo(Lcom/android/dx/rop/type/TypeBearer;)Lcom/android/dx/rop/code/Rop; @ 7
Event: 6.485 Thread 0x000000001f11e000 Uncommon trap: reason=bimorphic action=maybe_recompile pc=0x0000000003a9e9e8 method=com.android.dx.ssa.LiteralOpUpgrader.tryReplacingWithConstant(Lcom/android/dx/ssa/NormalSsaInsn;)Z @ 52
Event: 6.992 Thread 0x000000001f11b800 Uncommon trap: reason=unstable_if action=reinterpret pc=0x0000000003c45750 method=com.android.dx.cf.code.LocalVariableList$Item.matchesPcAndIndex(II)Z @ 26
Event: 6.992 Thread 0x000000001f11b800 Uncommon trap: reason=unstable_if action=reinterpret pc=0x0000000003abc018 method=com.android.dx.cf.code.LocalVariableList$Item.matchesPcAndIndex(II)Z @ 26
Event: 6.994 Thread 0x000000001f11b800 Uncommon trap: reason=unstable_if action=reinterpret pc=0x00000000038e04ac method=com.android.dx.ssa.SsaRenamer$BlockRenamer.process()V @ 90
Event: 7.704 Thread 0x000000001f11b800 Uncommon trap: reason=class_check action=maybe_recompile pc=0x0000000003bcb76c method=com.android.dx.cf.code.BytecodeArray.parseInstruction(ILcom/android/dx/cf/code/BytecodeArray$Visitor;)I @ 2002
Event: 7.707 Thread 0x000000001f11b800 Uncommon trap: reason=unstable_if action=reinterpret pc=0x0000000003ce95d4 method=com.android.dx.dex.code.RopTranslator.pickOrder()V @ 347
Event: 7.766 Thread 0x000000001f11e000 Uncommon trap: reason=unstable_if action=reinterpret pc=0x0000000003633938 method=java.util.BitSet.ensureCapacity(I)V @ 6
Event: 7.766 Thread 0x000000001f11e000 Uncommon trap: reason=unstable_if action=reinterpret pc=0x00000000036546f0 method=java.util.BitSet.ensureCapacity(I)V @ 6

Internal exceptions (3 events):
Event: 0.029 Thread 0x00000000032e0800 Exception <a 'java/lang/NoSuchMethodError': Method sun.misc.Unsafe.defineClass(Ljava/lang/String;[BII)Ljava/lang/Class; name or signature does not match> (0x000000076ab07c78) thrown at [C:\src\android\AOSP-openjdk\external\jetbrains\jdk\hotspot\src\share\v¥cC@Iù?
Event: 0.029 Thread 0x00000000032e0800 Exception <a 'java/lang/NoSuchMethodError': Method sun.misc.Unsafe.prefetchRead(Ljava/lang/Object;J)V name or signature does not match> (0x000000076ab07f60) thrown at [C:\src\android\AOSP-openjdk\external\jetbrains\jdk\hotspot\src\share\vm\prims\jni.cpp, lÜ¬u”€‘?
Event: 0.326 Thread 0x000000001f11b800 Implicit null exception at 0x0000000003661fe2 to 0x00000000036620f1

Events (10 events):
Event: 7.766 Thread 0x000000001f11e000 Uncommon trap: trap_request=0xffffff65 fr.pc=0x0000000003633938
Event: 7.766 Thread 0x000000001f11e000 DEOPT PACKING pc=0x0000000003633938 sp=0x000000001fdce7b0
Event: 7.766 Thread 0x000000001f11e000 DEOPT UNPACKING pc=0x000000000342556a sp=0x000000001fdce698 mode 2
Event: 7.766 Thread 0x000000001f11e000 Uncommon trap: trap_request=0xffffff65 fr.pc=0x00000000036546f0
Event: 7.766 Thread 0x000000001f11e000 DEOPT PACKING pc=0x00000000036546f0 sp=0x000000001fdce750
Event: 7.766 Thread 0x000000001f11e000 DEOPT UNPACKING pc=0x000000000342556a sp=0x000000001fdce690 mode 2
Event: 8.013 Thread 0x000000001f132800 DEOPT PACKING pc=0x00000000039655b3 sp=0x000000001ffcee30
Event: 8.013 Thread 0x000000001f132800 DEOPT UNPACKING pc=0x00000000034275bf sp=0x000000001ffcebc0 mode 0
Event: 8.089 Thread 0x000000001f11e000 DEOPT PACKING pc=0x00000000039bcea4 sp=0x000000001fdce9d0
Event: 8.089 Thread 0x000000001f11e000 DEOPT UNPACKING pc=0x00000000034275bf sp=0x000000001fdce760 mode 0


Dynamic libraries:
0x00007ff6d92f0000 - 0x00007ff6d9321000 	E:\Android\AndroidStudio\jre\bin\java.exe
0x00007ffb56b50000 - 0x00007ffb56d12000 	C:\Windows\SYSTEM32\ntdll.dll
0x00007ffb564e0000 - 0x00007ffb5658d000 	C:\Windows\system32\KERNEL32.DLL
0x00007ffb53f80000 - 0x00007ffb5415d000 	C:\Windows\system32\KERNELBASE.dll
0x00007ffb56750000 - 0x00007ffb567f6000 	C:\Windows\system32\ADVAPI32.dll
0x00007ffb569f0000 - 0x00007ffb56a8d000 	C:\Windows\system32\msvcrt.dll
0x00007ffb56990000 - 0x00007ffb569eb000 	C:\Windows\system32\sechost.dll
0x00007ffb56800000 - 0x00007ffb56926000 	C:\Windows\system32\RPCRT4.dll
0x00007ffb56330000 - 0x00007ffb5647e000 	C:\Windows\system32\USER32.dll
0x00007ffb561a0000 - 0x00007ffb56325000 	C:\Windows\system32\GDI32.dll
0x00007ffb47510000 - 0x00007ffb47784000 	C:\Windows\WinSxS\amd64_microsoft.windows.common-controls_6595b64144ccf1df_6.0.10240.16384_none_f41f7b285750ef43\COMCTL32.dll
0x00007ffb54240000 - 0x00007ffb54276000 	C:\Windows\system32\IMM32.DLL
0x00007ffb54280000 - 0x00007ffb543dc000 	C:\Windows\system32\MSCTF.dll
0x0000000058270000 - 0x0000000058342000 	E:\Android\AndroidStudio\jre\jre\bin\msvcr100.dll
0x0000000056000000 - 0x000000005683c000 	E:\Android\AndroidStudio\jre\jre\bin\server\jvm.dll
0x00007ffb543e0000 - 0x00007ffb543e8000 	C:\Windows\system32\PSAPI.DLL
0x00007ffb48330000 - 0x00007ffb48339000 	C:\Windows\SYSTEM32\WSOCK32.dll
0x00007ffb50a90000 - 0x00007ffb50a9a000 	C:\Windows\SYSTEM32\VERSION.dll
0x00007ffb515e0000 - 0x00007ffb51603000 	C:\Windows\SYSTEM32\WINMM.dll
0x00007ffb55da0000 - 0x00007ffb55e09000 	C:\Windows\system32\WS2_32.dll
0x00007ffb51580000 - 0x00007ffb515ac000 	C:\Windows\SYSTEM32\WINMMBASE.dll
0x00007ffb55e10000 - 0x00007ffb55e18000 	C:\Windows\system32\NSI.dll
0x00007ffb53620000 - 0x00007ffb53664000 	C:\Windows\system32\cfgmgr32.dll
0x00007ffb51ea0000 - 0x00007ffb51ec7000 	C:\Windows\SYSTEM32\DEVOBJ.dll
0x00007ffb507b0000 - 0x00007ffb507bf000 	E:\Android\AndroidStudio\jre\jre\bin\verify.dll
0x00007ffb50330000 - 0x00007ffb50359000 	E:\Android\AndroidStudio\jre\jre\bin\java.dll
0x00007ffb500b0000 - 0x00007ffb500c6000 	E:\Android\AndroidStudio\jre\jre\bin\zip.dll
0x00007ffb54870000 - 0x00007ffb55d93000 	C:\Windows\system32\SHELL32.dll
0x00007ffb53670000 - 0x00007ffb53c99000 	C:\Windows\system32\windows.storage.dll
0x00007ffb543f0000 - 0x00007ffb5466c000 	C:\Windows\system32\combase.dll
0x00007ffb56930000 - 0x00007ffb56981000 	C:\Windows\system32\shlwapi.dll
0x00007ffb535f0000 - 0x00007ffb535ff000 	C:\Windows\system32\kernel.appcore.dll
0x00007ffb54160000 - 0x00007ffb54213000 	C:\Windows\system32\shcore.dll
0x00007ffb53580000 - 0x00007ffb535ca000 	C:\Windows\system32\powrprof.dll
0x00007ffb535d0000 - 0x00007ffb535e3000 	C:\Windows\system32\profapi.dll

VM Arguments:
jvm_args: -Djava.awt.headless=true -Xmx4g -Dfile.encoding=GBK -Duser.country=CN -Duser.language=zh -Duser.variant 
java_command: com.android.dx.command.Main --dex --force-jumbo --num-threads=4 --multi-dex --output E:\Android\AndroidProjects\shian_guwen\app\build\intermediates\transforms\dex\debug\folders\1000\5\slice_1 E:\Android\AndroidProjects\shian_guwen\app\build\intermediates\transforms\instantRunSlicer\debug\folders\1\5\slice_1
java_class_path (initial): E:\Android\AndroidSdk\build-tools\25.0.2\lib\dx.jar
Launcher Type: SUN_STANDARD

Environment Variables:
JAVA_HOME=C:\Program Files\Java\jdk1.7.0_71
CLASSPATH=C:\Program Files\Java\jdk1.7.0_71\lib
PATH=.;C:\Windows\system32;C:\Windows;C:\Windows\System32\Wbem;C:\Windows\System32\WindowsPowerShell\v1.0;C:\Program Files\Java\jdk1.7.0_71\bin
USERNAME=zm
OS=Windows_NT
PROCESSOR_IDENTIFIER=Intel64 Family 6 Model 158 Stepping 9, GenuineIntel



---------------  S Y S T E M  ---------------

OS: Windows 10.0 , 64 bit Build 10240 (10.0.10240.16384)

CPU:total 8 (4 cores per cpu, 2 threads per core) family 6 model 158 stepping 9, cmov, cx8, fxsr, mmx, sse, sse2, sse3, ssse3, sse4.1, sse4.2, popcnt, avx, avx2, aes, clmul, erms, rtm, 3dnowpref, lzcnt, ht, tsc, tscinvbit, bmi1, bmi2, adx

Memory: 4k page, physical 8250868k(263536k free), swap 14394868k(2284k free)

vm_info: OpenJDK 64-Bit Server VM (25.112-b06) for windows-amd64 JRE (1.8.0_112-release-b06), built on Dec  8 2016 00:54:26 by "builder" with MS VC++ 10.0 (VS2010)

time: Fri May 19 16:11:10 2017
elapsed time: 8 seconds (0d 0h 0m 8s)

