#
# There is insufficient memory for the Java Runtime Environment to continue.
# Native memory allocation (malloc) failed to allocate 595856 bytes for Chunk::new
# Possible reasons:
#   The system is out of physical RAM or swap space
#   In 32 bit mode, the process size limit was hit
# Possible solutions:
#   Reduce memory load on the system
#   Increase physical memory or swap space
#   Check if swap backing store is full
#   Use 64 bit Java on a 64 bit OS
#   Decrease Java heap size (-Xmx/-Xms)
#   Decrease number of Java threads
#   Decrease Java thread stack sizes (-Xss)
#   Set larger code cache with -XX:ReservedCodeCacheSize=
# This output file may be truncated or incomplete.
#
#  Out of Memory Error (allocation.cpp:390), pid=13356, tid=0x0000000000000554
#
# JRE version: OpenJDK Runtime Environment (8.0_76-b03) (build 1.8.0_76-release-b03)
# Java VM: OpenJDK 64-Bit Server VM (25.76-b03 mixed mode windows-amd64 compressed oops)
# Failed to write core dump. Minidumps are not enabled by default on client versions of Windows
#

---------------  T H R E A D  ---------------

Current thread (0x000000001e7a7000):  JavaThread "C2 CompilerThread0" daemon [_thread_in_native, id=1364, stack(0x000000001ee80000,0x000000001ef80000)]

Stack: [0x000000001ee80000,0x000000001ef80000]
[error occurred during error reporting (printing stack bounds), id 0xc0000005]

Native frames: (J=compiled Java code, j=interpreted, Vv=VM code, C=native code)


Current CompileTask:
C2:  11519 2294 %     4       com.android.dx.dex.code.OutputFinisher::getAllConstants @ 18 (47 bytes)


---------------  P R O C E S S  ---------------

Java Threads: ( => current thread )
  0x000000001ea1c000 JavaThread "pool-1-thread-1" [_thread_in_Java, id=15568, stack(0x000000001f480000,0x000000001f580000)]
  0x000000001e7bc000 JavaThread "Service Thread" daemon [_thread_blocked, id=2608, stack(0x000000001f280000,0x000000001f380000)]
  0x000000001e7ae000 JavaThread "C1 CompilerThread3" daemon [_thread_blocked, id=10504, stack(0x000000001f180000,0x000000001f280000)]
  0x000000001e7a9000 JavaThread "C2 CompilerThread2" daemon [_thread_blocked, id=5764, stack(0x000000001f080000,0x000000001f180000)]
  0x000000001c85c000 JavaThread "C2 CompilerThread1" daemon [_thread_blocked, id=9528, stack(0x000000001ef80000,0x000000001f080000)]
=>0x000000001e7a7000 JavaThread "C2 CompilerThread0" daemon [_thread_in_native, id=1364, stack(0x000000001ee80000,0x000000001ef80000)]
  0x000000001e7a5800 JavaThread "Attach Listener" daemon [_thread_blocked, id=13692, stack(0x000000001ed80000,0x000000001ee80000)]
  0x000000001e759800 JavaThread "Signal Dispatcher" daemon [_thread_blocked, id=5452, stack(0x000000001ec80000,0x000000001ed80000)]
  0x0000000002d27000 JavaThread "Finalizer" daemon [_thread_blocked, id=14528, stack(0x000000001eb20000,0x000000001ec20000)]
  0x000000001c84b800 JavaThread "Reference Handler" daemon [_thread_blocked, id=10568, stack(0x000000001e620000,0x000000001e720000)]
  0x0000000002c30800 JavaThread "main" [_thread_blocked, id=15176, stack(0x0000000002a30000,0x0000000002b30000)]

Other Threads:
  0x000000001c847000 VMThread [stack: 0x000000001e520000,0x000000001e620000] [id=13980]
  0x000000001e7bd000 WatcherThread [stack: 0x000000001f380000,0x000000001f480000] [id=14396]

VM state:not at safepoint (normal execution)

VM Mutex/Monitor currently owned by a thread: None

Heap:
 PSYoungGen      total 456704K, used 173634K [0x000000076ab00000, 0x0000000790900000, 0x00000007c0000000)
  eden space 385536K, 26% used [0x000000076ab00000,0x0000000770f18738,0x0000000782380000)
  from space 71168K, 99% used [0x0000000787f00000,0x000000078c4782c8,0x000000078c480000)
  to   space 93696K, 0% used [0x0000000782380000,0x0000000782380000,0x0000000787f00000)
 ParOldGen       total 156672K, used 90763K [0x00000006c0000000, 0x00000006c9900000, 0x000000076ab00000)
  object space 156672K, 57% used [0x00000006c0000000,0x00000006c58a2df8,0x00000006c9900000)
 Metaspace       used 6419K, capacity 7344K, committed 7552K, reserved 1056768K
  class space    used 599K, capacity 616K, committed 640K, reserved 1048576K

Card table byte_map: [0x00000000120f0000,0x0000000012900000] byte_map_base: 0x000000000eaf0000

Marking Bits: (ParMarkBitMap*) 0x000000005f139d00
 Begin Bits: [0x0000000013660000, 0x0000000017660000)
 End Bits:   [0x0000000017660000, 0x000000001b660000)

Polling page: 0x0000000002630000

CodeCache: size=245760Kb used=10646Kb max_used=10659Kb free=235113Kb
 bounds [0x0000000002d30000, 0x00000000037b0000, 0x0000000011d30000]
 total_blobs=2559 nmethods=2292 adapters=177
 compilation: disabled (not enough contiguous free space left)

Compilation events (10 events):
Event: 10.917 Thread 0x000000001e7a7000 nmethod 2293 0x0000000003754c90 code [0x0000000003754de0, 0x0000000003754fd8]
Event: 10.917 Thread 0x000000001e7a7000 2294 %     4       com.android.dx.dex.code.OutputFinisher::getAllConstants @ 18 (47 bytes)
Event: 10.917 Thread 0x000000001e7ae000 2295       3       com.android.dx.dex.file.DebugInfoItem::<init> (36 bytes)
Event: 10.917 Thread 0x000000001e7ae000 nmethod 2295 0x0000000003754710 code [0x0000000003754880, 0x0000000003754b78]
Event: 10.919 Thread 0x000000001e7a9000 nmethod 2285 0x0000000003757e50 code [0x0000000003758000, 0x00000000037587a8]
Event: 10.919 Thread 0x000000001e7a9000 2296       4       java.util.HashMap::put (13 bytes)
Event: 10.925 Thread 0x000000001e7a9000 nmethod 2296 0x0000000003759bd0 code [0x0000000003759d80, 0x000000000375a5a8]
Event: 10.929 Thread 0x000000001c85c000 nmethod 2277 0x0000000003760790 code [0x0000000003760a00, 0x0000000003761940]
Event: 10.942 Thread 0x000000001e7a9000 2297       4       com.android.dx.dex.file.DexFile::internIfAppropriate (128 bytes)
Event: 10.957 Thread 0x000000001e7a9000 nmethod 2297 0x0000000003762810 code [0x0000000003762a40, 0x0000000003763c40]

GC Heap History (10 events):
Event: 4.749 GC heap before
{Heap before GC invocations=5 (full 0):
 PSYoungGen      total 136192K, used 136186K [0x000000076ab00000, 0x0000000773500000, 0x00000007c0000000)
  eden space 131072K, 100% used [0x000000076ab00000,0x0000000772b00000,0x0000000772b00000)
  from space 5120K, 99% used [0x0000000773000000,0x00000007734feba8,0x0000000773500000)
  to   space 5120K, 0% used [0x0000000772b00000,0x0000000772b00000,0x0000000773000000)
 ParOldGen       total 86016K, used 53561K [0x00000006c0000000, 0x00000006c5400000, 0x000000076ab00000)
  object space 86016K, 62% used [0x00000006c0000000,0x00000006c344e578,0x00000006c5400000)
 Metaspace       used 6013K, capacity 7088K, committed 7296K, reserved 1056768K
  class space    used 562K, capacity 616K, committed 640K, reserved 1048576K
Event: 4.789 GC heap after
Heap after GC invocations=5 (full 0):
 PSYoungGen      total 136192K, used 5104K [0x000000076ab00000, 0x0000000781600000, 0x00000007c0000000)
  eden space 131072K, 0% used [0x000000076ab00000,0x000000076ab00000,0x0000000772b00000)
  from space 5120K, 99% used [0x0000000772b00000,0x0000000772ffc118,0x0000000773000000)
  to   space 54784K, 0% used [0x000000077e080000,0x000000077e080000,0x0000000781600000)
 ParOldGen       total 102912K, used 100505K [0x00000006c0000000, 0x00000006c6480000, 0x000000076ab00000)
  object space 102912K, 97% used [0x00000006c0000000,0x00000006c6226510,0x00000006c6480000)
 Metaspace       used 6013K, capacity 7088K, committed 7296K, reserved 1056768K
  class space    used 562K, capacity 616K, committed 640K, reserved 1048576K
}
Event: 4.789 GC heap before
{Heap before GC invocations=6 (full 1):
 PSYoungGen      total 136192K, used 5104K [0x000000076ab00000, 0x0000000781600000, 0x00000007c0000000)
  eden space 131072K, 0% used [0x000000076ab00000,0x000000076ab00000,0x0000000772b00000)
  from space 5120K, 99% used [0x0000000772b00000,0x0000000772ffc118,0x0000000773000000)
  to   space 54784K, 0% used [0x000000077e080000,0x000000077e080000,0x0000000781600000)
 ParOldGen       total 102912K, used 100505K [0x00000006c0000000, 0x00000006c6480000, 0x000000076ab00000)
  object space 102912K, 97% used [0x00000006c0000000,0x00000006c6226510,0x00000006c6480000)
 Metaspace       used 6013K, capacity 7088K, committed 7296K, reserved 1056768K
  class space    used 562K, capacity 616K, committed 640K, reserved 1048576K
Event: 5.024 GC heap after
Heap after GC invocations=6 (full 1):
 PSYoungGen      total 136192K, used 0K [0x000000076ab00000, 0x0000000781600000, 0x00000007c0000000)
  eden space 131072K, 0% used [0x000000076ab00000,0x000000076ab00000,0x0000000772b00000)
  from space 5120K, 0% used [0x0000000772b00000,0x0000000772b00000,0x0000000773000000)
  to   space 54784K, 0% used [0x000000077e080000,0x000000077e080000,0x0000000781600000)
 ParOldGen       total 156672K, used 66729K [0x00000006c0000000, 0x00000006c9900000, 0x000000076ab00000)
  object space 156672K, 42% used [0x00000006c0000000,0x00000006c412a6e8,0x00000006c9900000)
 Metaspace       used 6013K, capacity 7088K, committed 7296K, reserved 1056768K
  class space    used 562K, capacity 616K, committed 640K, reserved 1048576K
}
Event: 5.493 GC heap before
{Heap before GC invocations=7 (full 1):
 PSYoungGen      total 136192K, used 131072K [0x000000076ab00000, 0x0000000781600000, 0x00000007c0000000)
  eden space 131072K, 100% used [0x000000076ab00000,0x0000000772b00000,0x0000000772b00000)
  from space 5120K, 0% used [0x0000000772b00000,0x0000000772b00000,0x0000000773000000)
  to   space 54784K, 0% used [0x000000077e080000,0x000000077e080000,0x0000000781600000)
 ParOldGen       total 156672K, used 66729K [0x00000006c0000000, 0x00000006c9900000, 0x000000076ab00000)
  object space 156672K, 42% used [0x00000006c0000000,0x00000006c412a6e8,0x00000006c9900000)
 Metaspace       used 6033K, capacity 7152K, committed 7296K, reserved 1056768K
  class space    used 562K, capacity 616K, committed 640K, reserved 1048576K
Event: 5.542 GC heap after
Heap after GC invocations=7 (full 1):
 PSYoungGen      total 281088K, used 49757K [0x000000076ab00000, 0x0000000781180000, 0x00000007c0000000)
  eden space 230912K, 0% used [0x000000076ab00000,0x000000076ab00000,0x0000000778c80000)
  from space 50176K, 99% used [0x000000077e080000,0x00000007811174f0,0x0000000781180000)
  to   space 64000K, 0% used [0x0000000779480000,0x0000000779480000,0x000000077d300000)
 ParOldGen       total 156672K, used 66729K [0x00000006c0000000, 0x00000006c9900000, 0x000000076ab00000)
  object space 156672K, 42% used [0x00000006c0000000,0x00000006c412a6e8,0x00000006c9900000)
 Metaspace       used 6033K, capacity 7152K, committed 7296K, reserved 1056768K
  class space    used 562K, capacity 616K, committed 640K, reserved 1048576K
}
Event: 6.574 GC heap before
{Heap before GC invocations=8 (full 1):
 PSYoungGen      total 281088K, used 280669K [0x000000076ab00000, 0x0000000781180000, 0x00000007c0000000)
  eden space 230912K, 100% used [0x000000076ab00000,0x0000000778c80000,0x0000000778c80000)
  from space 50176K, 99% used [0x000000077e080000,0x00000007811174f0,0x0000000781180000)
  to   space 64000K, 0% used [0x0000000779480000,0x0000000779480000,0x000000077d300000)
 ParOldGen       total 156672K, used 66729K [0x00000006c0000000, 0x00000006c9900000, 0x000000076ab00000)
  object space 156672K, 42% used [0x00000006c0000000,0x00000006c412a6e8,0x00000006c9900000)
 Metaspace       used 6061K, capacity 7152K, committed 7296K, reserved 1056768K
  class space    used 563K, capacity 616K, committed 640K, reserved 1048576K
Event: 6.796 GC heap after
Heap after GC invocations=8 (full 1):
 PSYoungGen      total 303104K, used 52592K [0x000000076ab00000, 0x000000078c480000, 0x00000007c0000000)
  eden space 239104K, 0% used [0x000000076ab00000,0x000000076ab00000,0x0000000779480000)
  from space 64000K, 82% used [0x0000000779480000,0x000000077c7dc2b0,0x000000077d300000)
  to   space 71168K, 0% used [0x0000000787f00000,0x0000000787f00000,0x000000078c480000)
 ParOldGen       total 156672K, used 66729K [0x00000006c0000000, 0x00000006c9900000, 0x000000076ab00000)
  object space 156672K, 42% used [0x00000006c0000000,0x00000006c412a6e8,0x00000006c9900000)
 Metaspace       used 6061K, capacity 7152K, committed 7296K, reserved 1056768K
  class space    used 563K, capacity 616K, committed 640K, reserved 1048576K
}
Event: 8.453 GC heap before
{Heap before GC invocations=9 (full 1):
 PSYoungGen      total 303104K, used 291696K [0x000000076ab00000, 0x000000078c480000, 0x00000007c0000000)
  eden space 239104K, 100% used [0x000000076ab00000,0x0000000779480000,0x0000000779480000)
  from space 64000K, 82% used [0x0000000779480000,0x000000077c7dc2b0,0x000000077d300000)
  to   space 71168K, 0% used [0x0000000787f00000,0x0000000787f00000,0x000000078c480000)
 ParOldGen       total 156672K, used 66729K [0x00000006c0000000, 0x00000006c9900000, 0x000000076ab00000)
  object space 156672K, 42% used [0x00000006c0000000,0x00000006c412a6e8,0x00000006c9900000)
 Metaspace       used 6167K, capacity 7152K, committed 7296K, reserved 1056768K
  class space    used 582K, capacity 616K, committed 640K, reserved 1048576K
Event: 9.317 GC heap after
Heap after GC invocations=9 (full 1):
 PSYoungGen      total 456704K, used 71136K [0x000000076ab00000, 0x0000000790900000, 0x00000007c0000000)
  eden space 385536K, 0% used [0x000000076ab00000,0x000000076ab00000,0x0000000782380000)
  from space 71168K, 99% used [0x0000000787f00000,0x000000078c4782c8,0x000000078c480000)
  to   space 93696K, 0% used [0x0000000782380000,0x0000000782380000,0x0000000787f00000)
 ParOldGen       total 156672K, used 90763K [0x00000006c0000000, 0x00000006c9900000, 0x000000076ab00000)
  object space 156672K, 57% used [0x00000006c0000000,0x00000006c58a2df8,0x00000006c9900000)
 Metaspace       used 6167K, capacity 7152K, committed 7296K, reserved 1056768K
  class space    used 582K, capacity 616K, committed 640K, reserved 1048576K
}

Deoptimization events (10 events):
Event: 10.884 Thread 0x000000001ea1c000 Uncommon trap: reason=class_check action=maybe_recompile pc=0x000000000318d850 method=java.util.Arrays.hashCode([Ljava/lang/Object;)I @ 43
Event: 10.897 Thread 0x000000001ea1c000 Uncommon trap: reason=class_check action=maybe_recompile pc=0x0000000002e44508 method=java.util.HashMap.putVal(ILjava/lang/Object;Ljava/lang/Object;ZZ)Ljava/lang/Object; @ 203
Event: 10.897 Thread 0x000000001ea1c000 Uncommon trap: reason=class_check action=maybe_recompile pc=0x0000000002e44508 method=java.util.HashMap.putVal(ILjava/lang/Object;Ljava/lang/Object;ZZ)Ljava/lang/Object; @ 203
Event: 10.897 Thread 0x000000001ea1c000 Uncommon trap: reason=class_check action=maybe_recompile pc=0x0000000002e44508 method=java.util.HashMap.putVal(ILjava/lang/Object;Ljava/lang/Object;ZZ)Ljava/lang/Object; @ 203
Event: 10.897 Thread 0x000000001ea1c000 Uncommon trap: reason=class_check action=maybe_recompile pc=0x0000000002e44508 method=java.util.HashMap.putVal(ILjava/lang/Object;Ljava/lang/Object;ZZ)Ljava/lang/Object; @ 203
Event: 10.897 Thread 0x000000001ea1c000 Uncommon trap: reason=class_check action=maybe_recompile pc=0x00000000030dce40 method=java.util.HashMap.putVal(ILjava/lang/Object;Ljava/lang/Object;ZZ)Ljava/lang/Object; @ 203
Event: 10.913 Thread 0x000000001ea1c000 Uncommon trap: reason=bimorphic action=maybe_recompile pc=0x000000000374c3d4 method=java.util.HashMap.putVal(ILjava/lang/Object;Ljava/lang/Object;ZZ)Ljava/lang/Object; @ 203
Event: 10.913 Thread 0x000000001ea1c000 Uncommon trap: reason=bimorphic action=maybe_recompile pc=0x000000000374c3d4 method=java.util.HashMap.putVal(ILjava/lang/Object;Ljava/lang/Object;ZZ)Ljava/lang/Object; @ 203
Event: 10.913 Thread 0x000000001ea1c000 Uncommon trap: reason=bimorphic action=maybe_recompile pc=0x000000000374c3d4 method=java.util.HashMap.putVal(ILjava/lang/Object;Ljava/lang/Object;ZZ)Ljava/lang/Object; @ 203
Event: 10.913 Thread 0x000000001ea1c000 Uncommon trap: reason=bimorphic action=maybe_recompile pc=0x000000000374c3d4 method=java.util.HashMap.putVal(ILjava/lang/Object;Ljava/lang/Object;ZZ)Ljava/lang/Object; @ 203

Internal exceptions (8 events):
Event: 0.754 Thread 0x0000000002c30800 Exception <a 'java/lang/NoSuchMethodError': Method sun.misc.Unsafe.defineClass(Ljava/lang/String;[BII)Ljava/lang/Class; name or signature does not match> (0x000000076ab07cc0) thrown at [C:\src\android\AOSP-openjdk\external\jetbrains\jdk\hotspot\src\share\v""≥∆"Ë?
Event: 0.754 Thread 0x0000000002c30800 Exception <a 'java/lang/NoSuchMethodError': Method sun.misc.Unsafe.prefetchRead(Ljava/lang/Object;J)V name or signature does not match> (0x000000076ab07fa8) thrown at [C:\src\android\AOSP-openjdk\external\jetbrains\jdk\hotspot\src\share\vm\prims\jni.cpp, lËC
Ø%@
Event: 2.393 Thread 0x000000001e91e800 Implicit null exception at 0x0000000003042924 to 0x00000000030441ed
Event: 2.394 Thread 0x000000001e91e800 Implicit null exception at 0x000000000303ab47 to 0x000000000303c199
Event: 3.383 Thread 0x000000001e91e800 Implicit null exception at 0x0000000002fb8b62 to 0x0000000002fb8c62
Event: 6.826 Thread 0x000000001e91e800 Exception <a 'java/lang/ArrayIndexOutOfBoundsException': 18> (0x000000076b1723a8) thrown at [C:\src\android\AOSP-openjdk\external\jetbrains\jdk\hotspot\src\share\vm\interpreter\interpreterRuntime.cpp, line 366]
Event: 6.826 Thread 0x000000001e91e800 Exception <a 'java/lang/ArrayIndexOutOfBoundsException': 145> (0x000000076b173f28) thrown at [C:\src\android\AOSP-openjdk\external\jetbrains\jdk\hotspot\src\share\vm\interpreter\interpreterRuntime.cpp, line 366]
Event: 6.831 Thread 0x000000001e91e800 Exception <a 'java/lang/ArrayIndexOutOfBoundsException'> (0x000000076b175210) thrown at [C:\src\android\AOSP-openjdk\external\jetbrains\jdk\hotspot\src\share\vm\runtime\sharedRuntime.cpp, line 605]

Events (10 events):
Event: 10.913 Thread 0x000000001ea1c000 DEOPT UNPACKING pc=0x0000000002d7556a sp=0x000000001f57e9a0 mode 2
Event: 10.913 Thread 0x000000001ea1c000 Uncommon trap: trap_request=0xffffffc6 fr.pc=0x000000000374c3d4
Event: 10.913 Thread 0x000000001ea1c000 DEOPT PACKING pc=0x000000000374c3d4 sp=0x000000001f57ea70
Event: 10.913 Thread 0x000000001ea1c000 DEOPT UNPACKING pc=0x0000000002d7556a sp=0x000000001f57e9a0 mode 2
Event: 10.913 Thread 0x000000001ea1c000 Uncommon trap: trap_request=0xffffffc6 fr.pc=0x000000000374c3d4
Event: 10.913 Thread 0x000000001ea1c000 DEOPT PACKING pc=0x000000000374c3d4 sp=0x000000001f57ea70
Event: 10.913 Thread 0x000000001ea1c000 DEOPT UNPACKING pc=0x0000000002d7556a sp=0x000000001f57e9a0 mode 2
Event: 10.913 Thread 0x000000001ea1c000 Uncommon trap: trap_request=0xffffffc6 fr.pc=0x000000000374c3d4
Event: 10.913 Thread 0x000000001ea1c000 DEOPT PACKING pc=0x000000000374c3d4 sp=0x000000001f57ea70
Event: 10.913 Thread 0x000000001ea1c000 DEOPT UNPACKING pc=0x0000000002d7556a sp=0x000000001f57e9a0 mode 2


Dynamic libraries:
0x00007ff6854e0000 - 0x00007ff685511000 	E:\Android\AndroidStudio\jre\bin\java.exe
0x00007ffff49f0000 - 0x00007ffff4bb2000 	C:\Windows\SYSTEM32\ntdll.dll
0x00007ffff4550000 - 0x00007ffff45fd000 	C:\Windows\system32\KERNEL32.DLL
0x00007ffff1ee0000 - 0x00007ffff20bd000 	C:\Windows\system32\KERNELBASE.dll
0x00007ffff2190000 - 0x00007ffff2236000 	C:\Windows\system32\ADVAPI32.dll
0x00007ffff2730000 - 0x00007ffff27cd000 	C:\Windows\system32\msvcrt.dll
0x00007ffff20c0000 - 0x00007ffff211b000 	C:\Windows\system32\sechost.dll
0x00007ffff4750000 - 0x00007ffff4876000 	C:\Windows\system32\RPCRT4.dll
0x00007ffff4600000 - 0x00007ffff474e000 	C:\Windows\system32\USER32.dll
0x00007ffff2cd0000 - 0x00007ffff2e55000 	C:\Windows\system32\GDI32.dll
0x00007fffe59d0000 - 0x00007fffe5c44000 	C:\Windows\WinSxS\amd64_microsoft.windows.common-controls_6595b64144ccf1df_6.0.10240.16384_none_f41f7b285750ef43\COMCTL32.dll
0x00007ffff49b0000 - 0x00007ffff49e6000 	C:\Windows\system32\IMM32.DLL
0x00007ffff2b50000 - 0x00007ffff2cac000 	C:\Windows\system32\MSCTF.dll
0x000000005e790000 - 0x000000005e862000 	E:\Android\AndroidStudio\jre\jre\bin\msvcr100.dll
0x000000005e980000 - 0x000000005f1b4000 	E:\Android\AndroidStudio\jre\jre\bin\server\jvm.dll
0x00007ffff2180000 - 0x00007ffff2188000 	C:\Windows\system32\PSAPI.DLL
0x00007fffefb00000 - 0x00007fffefb09000 	C:\Windows\SYSTEM32\WSOCK32.dll
0x00007ffff4880000 - 0x00007ffff48e9000 	C:\Windows\system32\WS2_32.dll
0x00007ffff2b40000 - 0x00007ffff2b48000 	C:\Windows\system32\NSI.dll
0x00007fffef760000 - 0x00007fffef783000 	C:\Windows\SYSTEM32\WINMM.dll
0x00007fffee6a0000 - 0x00007fffee6aa000 	C:\Windows\SYSTEM32\VERSION.dll
0x00007fffef620000 - 0x00007fffef64c000 	C:\Windows\SYSTEM32\WINMMBASE.dll
0x00007ffff1570000 - 0x00007ffff15b4000 	C:\Windows\system32\cfgmgr32.dll
0x00007fffefd40000 - 0x00007fffefd67000 	C:\Windows\SYSTEM32\DEVOBJ.dll
0x00007fffef210000 - 0x00007fffef21f000 	E:\Android\AndroidStudio\jre\jre\bin\verify.dll
0x00007fffedb50000 - 0x00007fffedb79000 	E:\Android\AndroidStudio\jre\jre\bin\java.dll
0x00007fffedb30000 - 0x00007fffedb46000 	E:\Android\AndroidStudio\jre\jre\bin\zip.dll
0x00007ffff2fb0000 - 0x00007ffff44d3000 	C:\Windows\system32\SHELL32.dll
0x00007ffff1850000 - 0x00007ffff1e79000 	C:\Windows\system32\windows.storage.dll
0x00007ffff2240000 - 0x00007ffff24bc000 	C:\Windows\system32\combase.dll
0x00007ffff2120000 - 0x00007ffff2171000 	C:\Windows\system32\shlwapi.dll
0x00007ffff14b0000 - 0x00007ffff14bf000 	C:\Windows\system32\kernel.appcore.dll
0x00007ffff1790000 - 0x00007ffff1843000 	C:\Windows\system32\shcore.dll
0x00007ffff1420000 - 0x00007ffff146a000 	C:\Windows\system32\powrprof.dll
0x00007ffff1470000 - 0x00007ffff1483000 	C:\Windows\system32\profapi.dll

VM Arguments:
jvm_args: -Djava.awt.headless=true -Xmx4g -Dfile.encoding=GBK -Duser.country=CN -Duser.language=zh -Duser.variant 
java_command: com.android.dx.command.Main --dex --force-jumbo --num-threads=4 --multi-dex --output E:\Android\AndroidProjects\shian_guwen\app\build\intermediates\transforms\dex\debug\folders\1000\5\slice_3 E:\Android\AndroidProjects\shian_guwen\app\build\intermediates\transforms\instantRunSlicer\debug\folders\1\5\slice_3
java_class_path (initial): E:\Android\AndroidSdk\build-tools\25.0.1\lib\dx.jar
Launcher Type: SUN_STANDARD

Environment Variables:
JAVA_HOME=C:\Program Files\Java\jdk1.7.0_71
CLASSPATH=C:\Program Files\Java\jdk1.7.0_71\lib
PATH=.;C:\Windows\system32;C:\Windows;C:\Windows\System32\Wbem;C:\Windows\System32\WindowsPowerShell\v1.0;C:\Program Files\Java\jdk1.7.0_71\bin
USERNAME=Administrator
OS=Windows_NT
PROCESSOR_IDENTIFIER=Intel64 Family 6 Model 158 Stepping 9, GenuineIntel



---------------  S Y S T E M  ---------------

OS: Windows 10.0 , 64 bit Build 10240 (10.0.10240.16384)

CPU:total 8 (4 cores per cpu, 2 threads per core) family 6 model 158 stepping 9, cmov, cx8, fxsr, mmx, sse, sse2, sse3, ssse3, sse4.1, sse4.2, popcnt, avx, avx2, aes, clmul, erms, rtm, 3dnowpref, lzcnt, ht, tsc, tscinvbit, bmi1, bmi2, adx

Memory: 4k page, physical 8250868k(917804k free), swap 10348020k(3468k free)

vm_info: OpenJDK 64-Bit Server VM (25.76-b03) for windows-amd64 JRE (1.8.0_76-release-b03), built on Jun 29 2016 19:09:20 by "ralucas" with MS VC++ 10.0 (VS2010)

time: Sun Mar 05 10:33:50 2017
elapsed time: 11 seconds (0d 0h 0m 11s)

