#
# There is insufficient memory for the Java Runtime Environment to continue.
# Native memory allocation (malloc) failed to allocate 609296 bytes for Chunk::new
# Possible reasons:
#   The system is out of physical RAM or swap space
#   In 32 bit mode, the process size limit was hit
# Possible solutions:
#   Reduce memory load on the system
#   Increase physical memory or swap space
#   Check if swap backing store is full
#   Use 64 bit Java on a 64 bit OS
#   Decrease Java heap size (-Xmx/-Xms)
#   Decrease number of Java threads
#   Decrease Java thread stack sizes (-Xss)
#   Set larger code cache with -XX:ReservedCodeCacheSize=
# This output file may be truncated or incomplete.
#
#  Out of Memory Error (allocation.cpp:390), pid=13656, tid=0x0000000000003a38
#
# JRE version: OpenJDK Runtime Environment (8.0_76-b03) (build 1.8.0_76-release-b03)
# Java VM: OpenJDK 64-Bit Server VM (25.76-b03 mixed mode windows-amd64 compressed oops)
# Failed to write core dump. Minidumps are not enabled by default on client versions of Windows
#

---------------  T H R E A D  ---------------

Current thread (0x000000001ea99000):  JavaThread "C2 CompilerThread2" daemon [_thread_in_native, id=14904, stack(0x000000001f2c0000,0x000000001f3c0000)]

Stack: [0x000000001f2c0000,0x000000001f3c0000]
[error occurred during error reporting (printing stack bounds), id 0xc0000005]

Native frames: (J=compiled Java code, j=interpreted, Vv=VM code, C=native code)


Current CompileTask:
C2:   9750 2090       4       com.android.dx.cf.code.Simulator$SimVisitor::visitConstant (332 bytes)


---------------  P R O C E S S  ---------------

Java Threads: ( => current thread )
  0x000000001ecbc000 JavaThread "pool-2-thread-4" [_thread_in_Java, id=10036, stack(0x000000001fac0000,0x000000001fbc0000)]
  0x000000001ecb9000 JavaThread "pool-2-thread-3" [_thread_in_Java, id=15308, stack(0x000000001f9c0000,0x000000001fac0000)]
  0x000000001ebb8000 JavaThread "pool-2-thread-2" [_thread_in_Java, id=10764, stack(0x000000001f8c0000,0x000000001f9c0000)]
  0x000000001ebb5000 JavaThread "pool-3-thread-1" [_thread_blocked, id=15032, stack(0x000000001f7c0000,0x000000001f8c0000)]
  0x000000001ebae800 JavaThread "pool-2-thread-1" [_thread_in_Java, id=10476, stack(0x000000001f6c0000,0x000000001f7c0000)]
  0x000000001eaae000 JavaThread "Service Thread" daemon [_thread_blocked, id=12240, stack(0x000000001f4c0000,0x000000001f5c0000)]
  0x000000001ea9c000 JavaThread "C1 CompilerThread3" daemon [_thread_blocked, id=14884, stack(0x000000001f3c0000,0x000000001f4c0000)]
=>0x000000001ea99000 JavaThread "C2 CompilerThread2" daemon [_thread_in_native, id=14904, stack(0x000000001f2c0000,0x000000001f3c0000)]
  0x000000001caee800 JavaThread "C2 CompilerThread1" daemon [_thread_in_native, id=12324, stack(0x000000001f1c0000,0x000000001f2c0000)]
  0x000000001e9fb800 JavaThread "C2 CompilerThread0" daemon [_thread_in_native, id=13444, stack(0x000000001f0c0000,0x000000001f1c0000)]
  0x000000001e9fa000 JavaThread "Attach Listener" daemon [_thread_blocked, id=14692, stack(0x000000001efc0000,0x000000001f0c0000)]
  0x000000001ea48800 JavaThread "Signal Dispatcher" daemon [_thread_blocked, id=14596, stack(0x000000001eec0000,0x000000001efc0000)]
  0x0000000002fbd800 JavaThread "Finalizer" daemon [_thread_blocked, id=14924, stack(0x000000001edc0000,0x000000001eec0000)]
  0x0000000002fb5000 JavaThread "Reference Handler" daemon [_thread_blocked, id=15044, stack(0x000000001e8c0000,0x000000001e9c0000)]
  0x0000000002ec0800 JavaThread "main" [_thread_in_Java, id=14404, stack(0x0000000002cf0000,0x0000000002df0000)]

Other Threads:
  0x000000001cad7000 VMThread [stack: 0x000000001e7c0000,0x000000001e8c0000] [id=14640]
  0x000000001eaaf000 WatcherThread [stack: 0x000000001f5c0000,0x000000001f6c0000] [id=14528]

VM state:not at safepoint (normal execution)

VM Mutex/Monitor currently owned by a thread: None

Heap:
 PSYoungGen      total 136192K, used 76461K [0x000000076ab00000, 0x0000000773500000, 0x00000007c0000000)
  eden space 131072K, 58% used [0x000000076ab00000,0x000000076f5ab728,0x0000000772b00000)
  from space 5120K, 0% used [0x0000000772b00000,0x0000000772b00000,0x0000000773000000)
  to   space 5120K, 0% used [0x0000000773000000,0x0000000773000000,0x0000000773500000)
 ParOldGen       total 86016K, used 43247K [0x00000006c0000000, 0x00000006c5400000, 0x000000076ab00000)
  object space 86016K, 50% used [0x00000006c0000000,0x00000006c2a3bf50,0x00000006c5400000)
 Metaspace       used 5997K, capacity 7088K, committed 7296K, reserved 1056768K
  class space    used 564K, capacity 616K, committed 640K, reserved 1048576K

Card table byte_map: [0x0000000012380000,0x0000000012b90000] byte_map_base: 0x000000000ed80000

Marking Bits: (ParMarkBitMap*) 0x000000005f139d00
 Begin Bits: [0x00000000138f0000, 0x00000000178f0000)
 End Bits:   [0x00000000178f0000, 0x000000001b8f0000)

Polling page: 0x0000000002940000

CodeCache: size=245760Kb used=9763Kb max_used=9775Kb free=235996Kb
 bounds [0x0000000002fc0000, 0x0000000003960000, 0x0000000011fc0000]
 total_blobs=2187 nmethods=1922 adapters=177
 compilation: enabled

Compilation events (10 events):
Event: 9.636 Thread 0x000000001ea9c000 2086       3       com.android.dx.rop.code.Rops::opGetStatic (97 bytes)
Event: 9.637 Thread 0x000000001ea9c000 nmethod 2086 0x0000000003151110 code [0x0000000003151340, 0x0000000003151fb8]
Event: 9.640 Thread 0x000000001e9fb800 nmethod 2062 0x000000000310bf90 code [0x000000000310c1a0, 0x000000000310d500]
Event: 9.640 Thread 0x000000001e9fb800 2087       4       com.android.dx.ssa.SCCP::run (298 bytes)
Event: 9.668 Thread 0x000000001ea99000 nmethod 2067 0x0000000003957410 code [0x00000000039576a0, 0x0000000003959410]
Event: 9.668 Thread 0x000000001ea99000 2088 %     4       com.android.dx.ssa.SsaMethod::forEachBlockDepthFirstDom @ 76 (128 bytes)
Event: 9.671 Thread 0x000000001ea9c000 2089       3       com.android.dx.rop.code.BasicBlockList$RegCountVisitor::visitThrowingInsn (6 bytes)
Event: 9.671 Thread 0x000000001ea9c000 nmethod 2089 0x000000000317bcd0 code [0x000000000317be40, 0x000000000317bfc8]
Event: 9.690 Thread 0x000000001ea99000 nmethod 2088% 0x000000000310e8d0 code [0x000000000310eae0, 0x0000000003110018]
Event: 9.690 Thread 0x000000001ea99000 2090       4       com.android.dx.cf.code.Simulator$SimVisitor::visitConstant (332 bytes)

GC Heap History (10 events):
Event: 4.701 GC heap before
{Heap before GC invocations=2 (full 0):
 PSYoungGen      total 37888K, used 37875K [0x000000076ab00000, 0x000000076f500000, 0x00000007c0000000)
  eden space 32768K, 100% used [0x000000076ab00000,0x000000076cb00000,0x000000076cb00000)
  from space 5120K, 99% used [0x000000076cb00000,0x000000076cffcf30,0x000000076d000000)
  to   space 5120K, 0% used [0x000000076f000000,0x000000076f000000,0x000000076f500000)
 ParOldGen       total 86016K, used 1930K [0x00000006c0000000, 0x00000006c5400000, 0x000000076ab00000)
  object space 86016K, 2% used [0x00000006c0000000,0x00000006c01e2a18,0x00000006c5400000)
 Metaspace       used 5758K, capacity 6896K, committed 7040K, reserved 1056768K
  class space    used 558K, capacity 616K, committed 640K, reserved 1048576K
Event: 4.941 GC heap after
Heap after GC invocations=2 (full 0):
 PSYoungGen      total 70656K, used 5092K [0x000000076ab00000, 0x000000076f500000, 0x00000007c0000000)
  eden space 65536K, 0% used [0x000000076ab00000,0x000000076ab00000,0x000000076eb00000)
  from space 5120K, 99% used [0x000000076f000000,0x000000076f4f9208,0x000000076f500000)
  to   space 5120K, 0% used [0x000000076eb00000,0x000000076eb00000,0x000000076f000000)
 ParOldGen       total 86016K, used 12437K [0x00000006c0000000, 0x00000006c5400000, 0x000000076ab00000)
  object space 86016K, 14% used [0x00000006c0000000,0x00000006c0c255b8,0x00000006c5400000)
 Metaspace       used 5758K, capacity 6896K, committed 7040K, reserved 1056768K
  class space    used 558K, capacity 616K, committed 640K, reserved 1048576K
}
Event: 5.796 GC heap before
{Heap before GC invocations=3 (full 0):
 PSYoungGen      total 70656K, used 70628K [0x000000076ab00000, 0x000000076f500000, 0x00000007c0000000)
  eden space 65536K, 100% used [0x000000076ab00000,0x000000076eb00000,0x000000076eb00000)
  from space 5120K, 99% used [0x000000076f000000,0x000000076f4f9208,0x000000076f500000)
  to   space 5120K, 0% used [0x000000076eb00000,0x000000076eb00000,0x000000076f000000)
 ParOldGen       total 86016K, used 12437K [0x00000006c0000000, 0x00000006c5400000, 0x000000076ab00000)
  object space 86016K, 14% used [0x00000006c0000000,0x00000006c0c255b8,0x00000006c5400000)
 Metaspace       used 5911K, capacity 7024K, committed 7296K, reserved 1056768K
  class space    used 563K, capacity 616K, committed 640K, reserved 1048576K
Event: 5.826 GC heap after
Heap after GC invocations=3 (full 0):
 PSYoungGen      total 70656K, used 5105K [0x000000076ab00000, 0x0000000773500000, 0x00000007c0000000)
  eden space 65536K, 0% used [0x000000076ab00000,0x000000076ab00000,0x000000076eb00000)
  from space 5120K, 99% used [0x000000076eb00000,0x000000076effc6e0,0x000000076f000000)
  to   space 5120K, 0% used [0x0000000773000000,0x0000000773000000,0x0000000773500000)
 ParOldGen       total 86016K, used 25373K [0x00000006c0000000, 0x00000006c5400000, 0x000000076ab00000)
  object space 86016K, 29% used [0x00000006c0000000,0x00000006c18c7460,0x00000006c5400000)
 Metaspace       used 5911K, capacity 7024K, committed 7296K, reserved 1056768K
  class space    used 563K, capacity 616K, committed 640K, reserved 1048576K
}
Event: 6.520 GC heap before
{Heap before GC invocations=4 (full 0):
 PSYoungGen      total 70656K, used 70641K [0x000000076ab00000, 0x0000000773500000, 0x00000007c0000000)
  eden space 65536K, 100% used [0x000000076ab00000,0x000000076eb00000,0x000000076eb00000)
  from space 5120K, 99% used [0x000000076eb00000,0x000000076effc6e0,0x000000076f000000)
  to   space 5120K, 0% used [0x0000000773000000,0x0000000773000000,0x0000000773500000)
 ParOldGen       total 86016K, used 25373K [0x00000006c0000000, 0x00000006c5400000, 0x000000076ab00000)
  object space 86016K, 29% used [0x00000006c0000000,0x00000006c18c7460,0x00000006c5400000)
 Metaspace       used 5944K, capacity 7024K, committed 7296K, reserved 1056768K
  class space    used 564K, capacity 616K, committed 640K, reserved 1048576K
Event: 6.905 GC heap after
Heap after GC invocations=4 (full 0):
 PSYoungGen      total 136192K, used 5101K [0x000000076ab00000, 0x0000000773500000, 0x00000007c0000000)
  eden space 131072K, 0% used [0x000000076ab00000,0x000000076ab00000,0x0000000772b00000)
  from space 5120K, 99% used [0x0000000773000000,0x00000007734fb5d0,0x0000000773500000)
  to   space 5120K, 0% used [0x0000000772b00000,0x0000000772b00000,0x0000000773000000)
 ParOldGen       total 86016K, used 46882K [0x00000006c0000000, 0x00000006c5400000, 0x000000076ab00000)
  object space 86016K, 54% used [0x00000006c0000000,0x00000006c2dc8888,0x00000006c5400000)
 Metaspace       used 5944K, capacity 7024K, committed 7296K, reserved 1056768K
  class space    used 564K, capacity 616K, committed 640K, reserved 1048576K
}
Event: 9.001 GC heap before
{Heap before GC invocations=5 (full 0):
 PSYoungGen      total 136192K, used 136173K [0x000000076ab00000, 0x0000000773500000, 0x00000007c0000000)
  eden space 131072K, 100% used [0x000000076ab00000,0x0000000772b00000,0x0000000772b00000)
  from space 5120K, 99% used [0x0000000773000000,0x00000007734fb5d0,0x0000000773500000)
  to   space 5120K, 0% used [0x0000000772b00000,0x0000000772b00000,0x0000000773000000)
 ParOldGen       total 86016K, used 46882K [0x00000006c0000000, 0x00000006c5400000, 0x000000076ab00000)
  object space 86016K, 54% used [0x00000006c0000000,0x00000006c2dc8888,0x00000006c5400000)
 Metaspace       used 5988K, capacity 7088K, committed 7296K, reserved 1056768K
  class space    used 564K, capacity 616K, committed 640K, reserved 1048576K
Event: 9.139 GC heap after
Heap after GC invocations=5 (full 0):
 PSYoungGen      total 136192K, used 5118K [0x000000076ab00000, 0x0000000773500000, 0x00000007c0000000)
  eden space 131072K, 0% used [0x000000076ab00000,0x000000076ab00000,0x0000000772b00000)
  from space 5120K, 99% used [0x0000000772b00000,0x0000000772fff990,0x0000000773000000)
  to   space 5120K, 0% used [0x0000000773000000,0x0000000773000000,0x0000000773500000)
 ParOldGen       total 86016K, used 72564K [0x00000006c0000000, 0x00000006c5400000, 0x000000076ab00000)
  object space 86016K, 84% used [0x00000006c0000000,0x00000006c46dd198,0x00000006c5400000)
 Metaspace       used 5988K, capacity 7088K, committed 7296K, reserved 1056768K
  class space    used 564K, capacity 616K, committed 640K, reserved 1048576K
}
Event: 9.139 GC heap before
{Heap before GC invocations=6 (full 1):
 PSYoungGen      total 136192K, used 5118K [0x000000076ab00000, 0x0000000773500000, 0x00000007c0000000)
  eden space 131072K, 0% used [0x000000076ab00000,0x000000076ab00000,0x0000000772b00000)
  from space 5120K, 99% used [0x0000000772b00000,0x0000000772fff990,0x0000000773000000)
  to   space 5120K, 0% used [0x0000000773000000,0x0000000773000000,0x0000000773500000)
 ParOldGen       total 86016K, used 72564K [0x00000006c0000000, 0x00000006c5400000, 0x000000076ab00000)
  object space 86016K, 84% used [0x00000006c0000000,0x00000006c46dd198,0x00000006c5400000)
 Metaspace       used 5988K, capacity 7088K, committed 7296K, reserved 1056768K
  class space    used 564K, capacity 616K, committed 640K, reserved 1048576K
Event: 9.600 GC heap after
Heap after GC invocations=6 (full 1):
 PSYoungGen      total 136192K, used 0K [0x000000076ab00000, 0x0000000773500000, 0x00000007c0000000)
  eden space 131072K, 0% used [0x000000076ab00000,0x000000076ab00000,0x0000000772b00000)
  from space 5120K, 0% used [0x0000000772b00000,0x0000000772b00000,0x0000000773000000)
  to   space 5120K, 0% used [0x0000000773000000,0x0000000773000000,0x0000000773500000)
 ParOldGen       total 86016K, used 43247K [0x00000006c0000000, 0x00000006c5400000, 0x000000076ab00000)
  object space 86016K, 50% used [0x00000006c0000000,0x00000006c2a3bf50,0x00000006c5400000)
 Metaspace       used 5988K, capacity 7088K, committed 7296K, reserved 1056768K
  class space    used 564K, capacity 616K, committed 640K, reserved 1048576K
}

Deoptimization events (10 events):
Event: 5.773 Thread 0x000000001ecbc000 Uncommon trap: reason=bimorphic action=maybe_recompile pc=0x0000000003560ea4 method=com.android.dx.rop.code.Rops.opMoveResultPseudo(Lcom/android/dx/rop/type/TypeBearer;)Lcom/android/dx/rop/code/Rop; @ 7
Event: 5.787 Thread 0x000000001ebb8000 Uncommon trap: reason=unstable_if action=reinterpret pc=0x000000000365644c method=com.android.dx.cf.code.ByteCatchList.listFor(I)Lcom/android/dx/cf/code/ByteCatchList; @ 19
Event: 5.796 Thread 0x0000000002ec0800 Uncommon trap: reason=unstable_if action=reinterpret pc=0x00000000031929ac method=java.lang.String.<init>([CII)V @ 18
Event: 5.946 Thread 0x000000001ecbc000 Uncommon trap: reason=unstable_if action=reinterpret pc=0x00000000033f2044 method=com.android.dx.dex.code.OutputFinisher.hasLocalInfo(Lcom/android/dx/dex/code/DalvInsn;)Z @ 24
Event: 5.976 Thread 0x000000001ebb8000 Uncommon trap: reason=unstable_if action=reinterpret pc=0x00000000035397e8 method=com.android.dx.cf.code.Merger.isPossiblyAssignableFrom(Lcom/android/dx/rop/type/TypeBearer;Lcom/android/dx/rop/type/TypeBearer;)Z @ 131
Event: 5.981 Thread 0x000000001ecbc000 Uncommon trap: reason=bimorphic action=maybe_recompile pc=0x00000000035dfc38 method=com.android.dx.ssa.SCCP.setLatticeValueTo(IILcom/android/dx/rop/cst/Constant;)Z @ 43
Event: 5.981 Thread 0x000000001ecbc000 Uncommon trap: reason=bimorphic action=maybe_recompile pc=0x00000000035dfc38 method=com.android.dx.ssa.SCCP.setLatticeValueTo(IILcom/android/dx/rop/cst/Constant;)Z @ 43
Event: 5.991 Thread 0x000000001ecbc000 Uncommon trap: reason=bimorphic action=maybe_recompile pc=0x00000000035dfc38 method=com.android.dx.ssa.SCCP.setLatticeValueTo(IILcom/android/dx/rop/cst/Constant;)Z @ 43
Event: 9.634 Thread 0x0000000002ec0800 Uncommon trap: reason=bimorphic action=maybe_recompile pc=0x00000000038f909c method=com.android.dx.cf.code.BytecodeArray.parseInstruction(ILcom/android/dx/cf/code/BytecodeArray$Visitor;)I @ 2484
Event: 9.635 Thread 0x0000000002ec0800 Uncommon trap: reason=bimorphic action=maybe_recompile pc=0x00000000038f909c method=com.android.dx.cf.code.BytecodeArray.parseInstruction(ILcom/android/dx/cf/code/BytecodeArray$Visitor;)I @ 2484

Internal exceptions (4 events):
Event: 0.024 Thread 0x0000000002ec0800 Exception <a 'java/lang/NoSuchMethodError': Method sun.misc.Unsafe.defineClass(Ljava/lang/String;[BII)Ljava/lang/Class; name or signature does not match> (0x000000076ab07cc0) thrown at [C:\src\android\AOSP-openjdk\external\jetbrains\jdk\hotspot\src\share\vMü Óþ˜?
Event: 0.024 Thread 0x0000000002ec0800 Exception <a 'java/lang/NoSuchMethodError': Method sun.misc.Unsafe.prefetchRead(Ljava/lang/Object;J)V name or signature does not match> (0x000000076ab07fa8) thrown at [C:\src\android\AOSP-openjdk\external\jetbrains\jdk\hotspot\src\share\vm\prims\jni.cpp, lx?p¹	b@
Event: 3.423 Thread 0x000000001ebae800 Implicit null exception at 0x000000000338d71b to 0x0000000003390085
Event: 5.621 Thread 0x0000000002ec0800 Implicit null exception at 0x00000000036043da to 0x00000000036044df

Events (10 events):
Event: 9.635 Thread 0x0000000002ec0800 DEOPT PACKING pc=0x00000000038f909c sp=0x0000000002deddf0
Event: 9.635 Thread 0x0000000002ec0800 DEOPT UNPACKING pc=0x000000000300556a sp=0x0000000002deddd8 mode 2
Event: 9.637 Thread 0x0000000002ec0800 DEOPT PACKING pc=0x0000000003516c21 sp=0x0000000002dedf90
Event: 9.637 Thread 0x0000000002ec0800 DEOPT UNPACKING pc=0x00000000030075bf sp=0x0000000002dedd20 mode 0
Event: 9.679 Thread 0x000000001ebb8000 DEOPT PACKING pc=0x00000000034b4138 sp=0x000000001f9be6c0
Event: 9.679 Thread 0x000000001ebb8000 DEOPT UNPACKING pc=0x00000000030075bf sp=0x000000001f9be450 mode 0
Event: 9.682 Thread 0x000000001ebb8000 DEOPT PACKING pc=0x00000000036e569e sp=0x000000001f9be6f0
Event: 9.682 Thread 0x000000001ebb8000 DEOPT UNPACKING pc=0x00000000030075bf sp=0x000000001f9be458 mode 0
Event: 9.696 Thread 0x000000001ebb8000 DEOPT PACKING pc=0x00000000034a8f05 sp=0x000000001f9be670
Event: 9.696 Thread 0x000000001ebb8000 DEOPT UNPACKING pc=0x00000000030075bf sp=0x000000001f9be450 mode 0


Dynamic libraries:
0x00007ff6854e0000 - 0x00007ff685511000 	E:\Android\AndroidStudio\jre\bin\java.exe
0x00007ffff49f0000 - 0x00007ffff4bb2000 	C:\Windows\SYSTEM32\ntdll.dll
0x00007ffff4550000 - 0x00007ffff45fd000 	C:\Windows\system32\KERNEL32.DLL
0x00007ffff1ee0000 - 0x00007ffff20bd000 	C:\Windows\system32\KERNELBASE.dll
0x00007ffff2190000 - 0x00007ffff2236000 	C:\Windows\system32\ADVAPI32.dll
0x00007ffff2730000 - 0x00007ffff27cd000 	C:\Windows\system32\msvcrt.dll
0x00007ffff20c0000 - 0x00007ffff211b000 	C:\Windows\system32\sechost.dll
0x00007ffff4750000 - 0x00007ffff4876000 	C:\Windows\system32\RPCRT4.dll
0x00007ffff4600000 - 0x00007ffff474e000 	C:\Windows\system32\USER32.dll
0x00007ffff2cd0000 - 0x00007ffff2e55000 	C:\Windows\system32\GDI32.dll
0x00007fffe59d0000 - 0x00007fffe5c44000 	C:\Windows\WinSxS\amd64_microsoft.windows.common-controls_6595b64144ccf1df_6.0.10240.16384_none_f41f7b285750ef43\COMCTL32.dll
0x00007ffff49b0000 - 0x00007ffff49e6000 	C:\Windows\system32\IMM32.DLL
0x00007ffff2b50000 - 0x00007ffff2cac000 	C:\Windows\system32\MSCTF.dll
0x000000005e790000 - 0x000000005e862000 	E:\Android\AndroidStudio\jre\jre\bin\msvcr100.dll
0x000000005e980000 - 0x000000005f1b4000 	E:\Android\AndroidStudio\jre\jre\bin\server\jvm.dll
0x00007ffff2180000 - 0x00007ffff2188000 	C:\Windows\system32\PSAPI.DLL
0x00007fffee6a0000 - 0x00007fffee6aa000 	C:\Windows\SYSTEM32\VERSION.dll
0x00007fffef760000 - 0x00007fffef783000 	C:\Windows\SYSTEM32\WINMM.dll
0x00007fffefb00000 - 0x00007fffefb09000 	C:\Windows\SYSTEM32\WSOCK32.dll
0x00007ffff4880000 - 0x00007ffff48e9000 	C:\Windows\system32\WS2_32.dll
0x00007ffff2b40000 - 0x00007ffff2b48000 	C:\Windows\system32\NSI.dll
0x00007fffef620000 - 0x00007fffef64c000 	C:\Windows\SYSTEM32\WINMMBASE.dll
0x00007ffff1570000 - 0x00007ffff15b4000 	C:\Windows\system32\cfgmgr32.dll
0x00007fffefd40000 - 0x00007fffefd67000 	C:\Windows\SYSTEM32\DEVOBJ.dll
0x00007fffef210000 - 0x00007fffef21f000 	E:\Android\AndroidStudio\jre\jre\bin\verify.dll
0x00007fffedb50000 - 0x00007fffedb79000 	E:\Android\AndroidStudio\jre\jre\bin\java.dll
0x00007fffedb30000 - 0x00007fffedb46000 	E:\Android\AndroidStudio\jre\jre\bin\zip.dll
0x00007ffff2fb0000 - 0x00007ffff44d3000 	C:\Windows\system32\SHELL32.dll
0x00007ffff1850000 - 0x00007ffff1e79000 	C:\Windows\system32\windows.storage.dll
0x00007ffff2240000 - 0x00007ffff24bc000 	C:\Windows\system32\combase.dll
0x00007ffff2120000 - 0x00007ffff2171000 	C:\Windows\system32\shlwapi.dll
0x00007ffff14b0000 - 0x00007ffff14bf000 	C:\Windows\system32\kernel.appcore.dll
0x00007ffff1790000 - 0x00007ffff1843000 	C:\Windows\system32\shcore.dll
0x00007ffff1420000 - 0x00007ffff146a000 	C:\Windows\system32\powrprof.dll
0x00007ffff1470000 - 0x00007ffff1483000 	C:\Windows\system32\profapi.dll

VM Arguments:
jvm_args: -Djava.awt.headless=true -Xmx4g -Dfile.encoding=GBK -Duser.country=CN -Duser.language=zh -Duser.variant 
java_command: com.android.dx.command.Main --dex --force-jumbo --num-threads=4 --multi-dex --output E:\Android\AndroidProjects\shian_guwen\app\build\intermediates\transforms\dex\debug\folders\1000\5\slice_7 E:\Android\AndroidProjects\shian_guwen\app\build\intermediates\transforms\instantRunSlicer\debug\folders\1\5\slice_7
java_class_path (initial): E:\Android\AndroidSdk\build-tools\25.0.1\lib\dx.jar
Launcher Type: SUN_STANDARD

Environment Variables:
JAVA_HOME=C:\Program Files\Java\jdk1.7.0_71
CLASSPATH=C:\Program Files\Java\jdk1.7.0_71\lib
PATH=.;C:\Windows\system32;C:\Windows;C:\Windows\System32\Wbem;C:\Windows\System32\WindowsPowerShell\v1.0;C:\Program Files\Java\jdk1.7.0_71\bin
USERNAME=Administrator
OS=Windows_NT
PROCESSOR_IDENTIFIER=Intel64 Family 6 Model 158 Stepping 9, GenuineIntel



---------------  S Y S T E M  ---------------

OS: Windows 10.0 , 64 bit Build 10240 (10.0.10240.16384)

CPU:total 8 (4 cores per cpu, 2 threads per core) family 6 model 158 stepping 9, cmov, cx8, fxsr, mmx, sse, sse2, sse3, ssse3, sse4.1, sse4.2, popcnt, avx, avx2, aes, clmul, erms, rtm, 3dnowpref, lzcnt, ht, tsc, tscinvbit, bmi1, bmi2, adx

Memory: 4k page, physical 8250868k(925672k free), swap 10348020k(3808k free)

vm_info: OpenJDK 64-Bit Server VM (25.76-b03) for windows-amd64 JRE (1.8.0_76-release-b03), built on Jun 29 2016 19:09:20 by "ralucas" with MS VC++ 10.0 (VS2010)

time: Sun Mar 05 10:33:16 2017
elapsed time: 9 seconds (0d 0h 0m 9s)

