#
# There is insufficient memory for the Java Runtime Environment to continue.
# Native memory allocation (malloc) failed to allocate 1063696 bytes for Chunk::new
# Possible reasons:
#   The system is out of physical RAM or swap space
#   In 32 bit mode, the process size limit was hit
# Possible solutions:
#   Reduce memory load on the system
#   Increase physical memory or swap space
#   Check if swap backing store is full
#   Use 64 bit Java on a 64 bit OS
#   Decrease Java heap size (-Xmx/-Xms)
#   Decrease number of Java threads
#   Decrease Java thread stack sizes (-Xss)
#   Set larger code cache with -XX:ReservedCodeCacheSize=
# This output file may be truncated or incomplete.
#
#  Out of Memory Error (allocation.cpp:390), pid=14692, tid=0x0000000000003a64
#
# JRE version: OpenJDK Runtime Environment (8.0_76-b03) (build 1.8.0_76-release-b03)
# Java VM: OpenJDK 64-Bit Server VM (25.76-b03 mixed mode windows-amd64 compressed oops)
# Failed to write core dump. Minidumps are not enabled by default on client versions of Windows
#

---------------  T H R E A D  ---------------

Current thread (0x000000001e5a3000):  JavaThread "C2 CompilerThread0" daemon [_thread_in_native, id=14948, stack(0x000000001ec80000,0x000000001ed80000)]

Stack: [0x000000001ec80000,0x000000001ed80000]
[error occurred during error reporting (printing stack bounds), id 0xc0000005]

Native frames: (J=compiled Java code, j=interpreted, Vv=VM code, C=native code)


Current CompileTask:
C2:   6234 1630   !   4       com.android.dx.cf.code.RopperMachine::run (1550 bytes)


---------------  P R O C E S S  ---------------

Java Threads: ( => current thread )
  0x000000001e812000 JavaThread "pool-2-thread-4" [_thread_blocked, id=15208, stack(0x000000001f680000,0x000000001f780000)]
  0x000000001e80f000 JavaThread "pool-2-thread-3" [_thread_blocked, id=15284, stack(0x000000001f580000,0x000000001f680000)]
  0x000000001e724800 JavaThread "pool-2-thread-2" [_thread_blocked, id=13892, stack(0x000000001f480000,0x000000001f580000)]
  0x000000001e723800 JavaThread "pool-3-thread-1" [_thread_blocked, id=13756, stack(0x000000001f380000,0x000000001f480000)]
  0x000000001e722800 JavaThread "pool-2-thread-1" [_thread_blocked, id=14212, stack(0x000000001f280000,0x000000001f380000)]
  0x000000001e5bd000 JavaThread "Service Thread" daemon [_thread_blocked, id=2756, stack(0x000000001f080000,0x000000001f180000)]
  0x000000001e5ae800 JavaThread "C1 CompilerThread3" daemon [_thread_blocked, id=12972, stack(0x000000001ef80000,0x000000001f080000)]
  0x000000001e5a9800 JavaThread "C2 CompilerThread2" daemon [_thread_in_native, id=11852, stack(0x000000001ee80000,0x000000001ef80000)]
  0x000000001e5a6800 JavaThread "C2 CompilerThread1" daemon [_thread_in_native, id=14628, stack(0x000000001ed80000,0x000000001ee80000)]
=>0x000000001e5a3000 JavaThread "C2 CompilerThread0" daemon [_thread_in_native, id=14948, stack(0x000000001ec80000,0x000000001ed80000)]
  0x000000001e5a2000 JavaThread "Attach Listener" daemon [_thread_blocked, id=11828, stack(0x000000001eb80000,0x000000001ec80000)]
  0x000000001e5a1000 JavaThread "Signal Dispatcher" daemon [_thread_blocked, id=15060, stack(0x000000001ea80000,0x000000001eb80000)]
  0x000000001e540800 JavaThread "Finalizer" daemon [_thread_blocked, id=13620, stack(0x000000001e920000,0x000000001ea20000)]
  0x000000001c63b800 JavaThread "Reference Handler" daemon [_thread_blocked, id=11816, stack(0x000000001e420000,0x000000001e520000)]
  0x0000000002a20800 JavaThread "main" [_thread_blocked, id=14396, stack(0x00000000028b0000,0x00000000029b0000)]

Other Threads:
  0x000000001c637000 VMThread [stack: 0x000000001e320000,0x000000001e420000] [id=13008]
  0x000000001e5be000 WatcherThread [stack: 0x000000001f180000,0x000000001f280000] [id=15004]

VM state:at safepoint (normal execution)

VM Mutex/Monitor currently owned by a thread:  ([mutex/lock_event])
[0x0000000002a1c6f0] Threads_lock - owner thread: 0x000000001c637000
[0x0000000002a1bff0] Heap_lock - owner thread: 0x000000001e812000

Heap:
 PSYoungGen      total 70656K, used 65536K [0x000000076ab00000, 0x0000000773500000, 0x00000007c0000000)
  eden space 65536K, 100% used [0x000000076ab00000,0x000000076eb00000,0x000000076eb00000)
  from space 5120K, 0% used [0x000000076f000000,0x000000076f000000,0x000000076f500000)
  to   space 5120K, 20% used [0x000000076eb00000,0x000000076ec00000,0x000000076f000000)
 ParOldGen       total 86016K, used 48372K [0x00000006c0000000, 0x00000006c5400000, 0x000000076ab00000)
  object space 86016K, 56% used [0x00000006c0000000,0x00000006c2f3d270,0x00000006c5400000)
 Metaspace       used 5895K, capacity 7024K, committed 7296K, reserved 1056768K
  class space    used 561K, capacity 616K, committed 640K, reserved 1048576K

Card table byte_map: [0x0000000011ee0000,0x00000000126f0000] byte_map_base: 0x000000000e8e0000

Marking Bits: (ParMarkBitMap*) 0x000000005f139d00
 Begin Bits: [0x0000000013450000, 0x0000000017450000)
 End Bits:   [0x0000000017450000, 0x000000001b450000)

Polling page: 0x00000000024f0000

CodeCache: size=245760Kb used=7072Kb max_used=7072Kb free=238687Kb
 bounds [0x0000000002b20000, 0x0000000003210000, 0x0000000011b20000]
 total_blobs=1932 nmethods=1669 adapters=177
 compilation: enabled

Compilation events (10 events):
Event: 6.135 Thread 0x000000001e5ae800 1659   !   3       java.lang.ref.Finalizer::remove (94 bytes)
Event: 6.136 Thread 0x000000001e5ae800 nmethod 1659 0x00000000031f4810 code [0x00000000031f4980, 0x00000000031f4e90]
Event: 6.136 Thread 0x000000001e5ae800 1660       3       java.lang.System$2::invokeFinalize (5 bytes)
Event: 6.136 Thread 0x000000001e5ae800 nmethod 1660 0x00000000031f4fd0 code [0x00000000031f5140, 0x00000000031f5368]
Event: 6.136 Thread 0x000000001e5ae800 1661       3       java.lang.ref.Reference::clear (6 bytes)
Event: 6.136 Thread 0x000000001e5ae800 nmethod 1661 0x00000000031f5410 code [0x00000000031f5560, 0x00000000031f56d0]
Event: 6.136 Thread 0x000000001e5ae800 1650   !   3       java.lang.ref.ReferenceQueue::enqueue (119 bytes)
Event: 6.136 Thread 0x000000001e5ae800 nmethod 1650 0x00000000031f9910 code [0x00000000031f9aa0, 0x00000000031fa228]
Event: 6.137 Thread 0x000000001e5a6800 nmethod 1672 0x00000000031fa410 code [0x00000000031fa660, 0x00000000031fbbb0]
Event: 6.137 Thread 0x000000001e5a6800 1683       4       com.android.dx.dex.code.RopToDop::dopFor (792 bytes)

GC Heap History (10 events):
Event: 1.317 GC heap before
{Heap before GC invocations=1 (full 0):
 PSYoungGen      total 37888K, used 32768K [0x000000076ab00000, 0x000000076d500000, 0x00000007c0000000)
  eden space 32768K, 100% used [0x000000076ab00000,0x000000076cb00000,0x000000076cb00000)
  from space 5120K, 0% used [0x000000076d000000,0x000000076d000000,0x000000076d500000)
  to   space 5120K, 0% used [0x000000076cb00000,0x000000076cb00000,0x000000076d000000)
 ParOldGen       total 86016K, used 0K [0x00000006c0000000, 0x00000006c5400000, 0x000000076ab00000)
  object space 86016K, 0% used [0x00000006c0000000,0x00000006c0000000,0x00000006c5400000)
 Metaspace       used 5639K, capacity 6768K, committed 7040K, reserved 1056768K
  class space    used 555K, capacity 616K, committed 640K, reserved 1048576K
Event: 1.459 GC heap after
Heap after GC invocations=1 (full 0):
 PSYoungGen      total 37888K, used 5094K [0x000000076ab00000, 0x000000076f500000, 0x00000007c0000000)
  eden space 32768K, 0% used [0x000000076ab00000,0x000000076ab00000,0x000000076cb00000)
  from space 5120K, 99% used [0x000000076cb00000,0x000000076cff9a00,0x000000076d000000)
  to   space 5120K, 0% used [0x000000076f000000,0x000000076f000000,0x000000076f500000)
 ParOldGen       total 86016K, used 1273K [0x00000006c0000000, 0x00000006c5400000, 0x000000076ab00000)
  object space 86016K, 1% used [0x00000006c0000000,0x00000006c013e518,0x00000006c5400000)
 Metaspace       used 5639K, capacity 6768K, committed 7040K, reserved 1056768K
  class space    used 555K, capacity 616K, committed 640K, reserved 1048576K
}
Event: 1.934 GC heap before
{Heap before GC invocations=2 (full 0):
 PSYoungGen      total 37888K, used 37862K [0x000000076ab00000, 0x000000076f500000, 0x00000007c0000000)
  eden space 32768K, 100% used [0x000000076ab00000,0x000000076cb00000,0x000000076cb00000)
  from space 5120K, 99% used [0x000000076cb00000,0x000000076cff9a00,0x000000076d000000)
  to   space 5120K, 0% used [0x000000076f000000,0x000000076f000000,0x000000076f500000)
 ParOldGen       total 86016K, used 1273K [0x00000006c0000000, 0x00000006c5400000, 0x000000076ab00000)
  object space 86016K, 1% used [0x00000006c0000000,0x00000006c013e518,0x00000006c5400000)
 Metaspace       used 5708K, capacity 6832K, committed 7040K, reserved 1056768K
  class space    used 559K, capacity 616K, committed 640K, reserved 1048576K
Event: 2.157 GC heap after
Heap after GC invocations=2 (full 0):
 PSYoungGen      total 70656K, used 5117K [0x000000076ab00000, 0x000000076f500000, 0x00000007c0000000)
  eden space 65536K, 0% used [0x000000076ab00000,0x000000076ab00000,0x000000076eb00000)
  from space 5120K, 99% used [0x000000076f000000,0x000000076f4ff5b8,0x000000076f500000)
  to   space 5120K, 0% used [0x000000076eb00000,0x000000076eb00000,0x000000076f000000)
 ParOldGen       total 86016K, used 15209K [0x00000006c0000000, 0x00000006c5400000, 0x000000076ab00000)
  object space 86016K, 17% used [0x00000006c0000000,0x00000006c0eda498,0x00000006c5400000)
 Metaspace       used 5708K, capacity 6832K, committed 7040K, reserved 1056768K
  class space    used 559K, capacity 616K, committed 640K, reserved 1048576K
}
Event: 3.810 GC heap before
{Heap before GC invocations=3 (full 0):
 PSYoungGen      total 70656K, used 70653K [0x000000076ab00000, 0x000000076f500000, 0x00000007c0000000)
  eden space 65536K, 100% used [0x000000076ab00000,0x000000076eb00000,0x000000076eb00000)
  from space 5120K, 99% used [0x000000076f000000,0x000000076f4ff5b8,0x000000076f500000)
  to   space 5120K, 0% used [0x000000076eb00000,0x000000076eb00000,0x000000076f000000)
 ParOldGen       total 86016K, used 15209K [0x00000006c0000000, 0x00000006c5400000, 0x000000076ab00000)
  object space 86016K, 17% used [0x00000006c0000000,0x00000006c0eda498,0x00000006c5400000)
 Metaspace       used 5820K, capacity 6960K, committed 7040K, reserved 1056768K
  class space    used 561K, capacity 616K, committed 640K, reserved 1048576K
Event: 4.961 GC heap after
Heap after GC invocations=3 (full 0):
 PSYoungGen      total 70656K, used 5112K [0x000000076ab00000, 0x000000076f500000, 0x00000007c0000000)
  eden space 65536K, 0% used [0x000000076ab00000,0x000000076ab00000,0x000000076eb00000)
  from space 5120K, 99% used [0x000000076eb00000,0x000000076effe3a8,0x000000076f000000)
  to   space 5120K, 0% used [0x000000076f000000,0x000000076f000000,0x000000076f500000)
 ParOldGen       total 86016K, used 37775K [0x00000006c0000000, 0x00000006c5400000, 0x000000076ab00000)
  object space 86016K, 43% used [0x00000006c0000000,0x00000006c24e3ff0,0x00000006c5400000)
 Metaspace       used 5820K, capacity 6960K, committed 7040K, reserved 1056768K
  class space    used 561K, capacity 616K, committed 640K, reserved 1048576K
}
Event: 5.429 GC heap before
{Heap before GC invocations=4 (full 0):
 PSYoungGen      total 70656K, used 70648K [0x000000076ab00000, 0x000000076f500000, 0x00000007c0000000)
  eden space 65536K, 100% used [0x000000076ab00000,0x000000076eb00000,0x000000076eb00000)
  from space 5120K, 99% used [0x000000076eb00000,0x000000076effe3a8,0x000000076f000000)
  to   space 5120K, 0% used [0x000000076f000000,0x000000076f000000,0x000000076f500000)
 ParOldGen       total 86016K, used 37775K [0x00000006c0000000, 0x00000006c5400000, 0x000000076ab00000)
  object space 86016K, 43% used [0x00000006c0000000,0x00000006c24e3ff0,0x00000006c5400000)
 Metaspace       used 5883K, capacity 7024K, committed 7296K, reserved 1056768K
  class space    used 561K, capacity 616K, committed 640K, reserved 1048576K
Event: 5.514 GC heap after
Heap after GC invocations=4 (full 0):
 PSYoungGen      total 70656K, used 5116K [0x000000076ab00000, 0x0000000773500000, 0x00000007c0000000)
  eden space 65536K, 0% used [0x000000076ab00000,0x000000076ab00000,0x000000076eb00000)
  from space 5120K, 99% used [0x000000076f000000,0x000000076f4ff150,0x000000076f500000)
  to   space 5120K, 0% used [0x000000076eb00000,0x000000076eb00000,0x000000076f000000)
 ParOldGen       total 86016K, used 64487K [0x00000006c0000000, 0x00000006c5400000, 0x000000076ab00000)
  object space 86016K, 74% used [0x00000006c0000000,0x00000006c3ef9c90,0x00000006c5400000)
 Metaspace       used 5883K, capacity 7024K, committed 7296K, reserved 1056768K
  class space    used 561K, capacity 616K, committed 640K, reserved 1048576K
}
Event: 5.514 GC heap before
{Heap before GC invocations=5 (full 1):
 PSYoungGen      total 70656K, used 5116K [0x000000076ab00000, 0x0000000773500000, 0x00000007c0000000)
  eden space 65536K, 0% used [0x000000076ab00000,0x000000076ab00000,0x000000076eb00000)
  from space 5120K, 99% used [0x000000076f000000,0x000000076f4ff150,0x000000076f500000)
  to   space 5120K, 0% used [0x000000076eb00000,0x000000076eb00000,0x000000076f000000)
 ParOldGen       total 86016K, used 64487K [0x00000006c0000000, 0x00000006c5400000, 0x000000076ab00000)
  object space 86016K, 74% used [0x00000006c0000000,0x00000006c3ef9c90,0x00000006c5400000)
 Metaspace       used 5883K, capacity 7024K, committed 7296K, reserved 1056768K
  class space    used 561K, capacity 616K, committed 640K, reserved 1048576K
Event: 6.037 GC heap after
Heap after GC invocations=5 (full 1):
 PSYoungGen      total 70656K, used 0K [0x000000076ab00000, 0x0000000773500000, 0x00000007c0000000)
  eden space 65536K, 0% used [0x000000076ab00000,0x000000076ab00000,0x000000076eb00000)
  from space 5120K, 0% used [0x000000076f000000,0x000000076f000000,0x000000076f500000)
  to   space 5120K, 0% used [0x000000076eb00000,0x000000076eb00000,0x000000076f000000)
 ParOldGen       total 86016K, used 48372K [0x00000006c0000000, 0x00000006c5400000, 0x000000076ab00000)
  object space 86016K, 56% used [0x00000006c0000000,0x00000006c2f3d270,0x00000006c5400000)
 Metaspace       used 5883K, capacity 7024K, committed 7296K, reserved 1056768K
  class space    used 561K, capacity 616K, committed 640K, reserved 1048576K
}

Deoptimization events (10 events):
Event: 5.113 Thread 0x0000000002a20800 Uncommon trap: reason=bimorphic action=maybe_recompile pc=0x000000000300ac14 method=com.android.dx.rop.code.Rops.opMoveResultPseudo(Lcom/android/dx/rop/type/TypeBearer;)Lcom/android/dx/rop/code/Rop; @ 7
Event: 5.114 Thread 0x000000001e80f000 Uncommon trap: reason=unstable_if action=reinterpret pc=0x0000000002f573e4 method=com.android.dx.ssa.SsaRenamer$BlockRenamer.addMapping(ILcom/android/dx/rop/code/RegisterSpec;)V @ 120
Event: 5.139 Thread 0x000000001e80f000 Uncommon trap: reason=bimorphic action=maybe_recompile pc=0x0000000002efb48c method=com.android.dx.cf.code.BytecodeArray.parseInstruction(ILcom/android/dx/cf/code/BytecodeArray$Visitor;)I @ 923
Event: 5.139 Thread 0x000000001e80f000 Uncommon trap: reason=bimorphic action=maybe_recompile pc=0x0000000002efb40c method=com.android.dx.cf.code.BytecodeArray.parseInstruction(ILcom/android/dx/cf/code/BytecodeArray$Visitor;)I @ 907
Event: 5.139 Thread 0x000000001e80f000 Uncommon trap: reason=bimorphic action=maybe_recompile pc=0x0000000002efba34 method=com.android.dx.cf.code.BytecodeArray.parseInstruction(ILcom/android/dx/cf/code/BytecodeArray$Visitor;)I @ 1224
Event: 5.139 Thread 0x000000001e80f000 Uncommon trap: reason=bimorphic action=maybe_recompile pc=0x0000000002efb48c method=com.android.dx.cf.code.BytecodeArray.parseInstruction(ILcom/android/dx/cf/code/BytecodeArray$Visitor;)I @ 923
Event: 5.140 Thread 0x000000001e80f000 Uncommon trap: reason=bimorphic action=maybe_recompile pc=0x000000000300ac14 method=com.android.dx.rop.code.Rops.opMoveResultPseudo(Lcom/android/dx/rop/type/TypeBearer;)Lcom/android/dx/rop/code/Rop; @ 7
Event: 5.142 Thread 0x000000001e80f000 Uncommon trap: reason=bimorphic action=maybe_recompile pc=0x000000000300ac14 method=com.android.dx.rop.code.Rops.opMoveResultPseudo(Lcom/android/dx/rop/type/TypeBearer;)Lcom/android/dx/rop/code/Rop; @ 7
Event: 5.146 Thread 0x000000001e80f000 Uncommon trap: reason=bimorphic action=maybe_recompile pc=0x000000000300ac14 method=com.android.dx.rop.code.Rops.opMoveResultPseudo(Lcom/android/dx/rop/type/TypeBearer;)Lcom/android/dx/rop/code/Rop; @ 7
Event: 6.098 Thread 0x000000001e724800 Uncommon trap: reason=unstable_if action=reinterpret pc=0x0000000003146410 method=com.android.dx.ssa.back.IdenticalBlockCombiner.process()Lcom/android/dx/rop/code/RopMethod; @ 140

Internal exceptions (2 events):
Event: 0.043 Thread 0x0000000002a20800 Exception <a 'java/lang/NoSuchMethodError': Method sun.misc.Unsafe.defineClass(Ljava/lang/String;[BII)Ljava/lang/Class; name or signature does not match> (0x000000076ab07cc0) thrown at [C:\src\android\AOSP-openjdk\external\jetbrains\jdk\hotspot\src\share\viÒCp≈,¶?
Event: 0.043 Thread 0x0000000002a20800 Exception <a 'java/lang/NoSuchMethodError': Method sun.misc.Unsafe.prefetchRead(Ljava/lang/Object;J)V name or signature does not match> (0x000000076ab07fa8) thrown at [C:\src\android\AOSP-openjdk\external\jetbrains\jdk\hotspot\src\share\vm\prims\jni.cpp, l

Events (10 events):
Event: 6.111 Thread 0x0000000002a20800 DEOPT PACKING pc=0x0000000002f1011f sp=0x00000000029ad7c0
Event: 6.111 Thread 0x0000000002a20800 DEOPT UNPACKING pc=0x0000000002b675bf sp=0x00000000029ad5d0 mode 0
Event: 6.119 Thread 0x0000000002a20800 DEOPT PACKING pc=0x0000000002f888b5 sp=0x00000000029ad9e0
Event: 6.119 Thread 0x0000000002a20800 DEOPT UNPACKING pc=0x0000000002b675bf sp=0x00000000029ad7a8 mode 0
Event: 6.121 Thread 0x000000001e812000 DEOPT PACKING pc=0x0000000002f4e0d4 sp=0x000000001f77eab0
Event: 6.121 Thread 0x000000001e812000 DEOPT UNPACKING pc=0x0000000002b675bf sp=0x000000001f77e848 mode 0
Event: 6.122 Thread 0x000000001e724800 DEOPT PACKING pc=0x0000000002f86a32 sp=0x000000001f57ea60
Event: 6.122 Thread 0x000000001e724800 DEOPT UNPACKING pc=0x0000000002b675bf sp=0x000000001f57e878 mode 0
Event: 6.141 Thread 0x000000001e722800 DEOPT PACKING pc=0x0000000002e730fd sp=0x000000001f37e680
Event: 6.141 Thread 0x000000001e722800 DEOPT UNPACKING pc=0x0000000002b675bf sp=0x000000001f37e458 mode 0


Dynamic libraries:
0x00007ff6854e0000 - 0x00007ff685511000 	E:\Android\AndroidStudio\jre\bin\java.exe
0x00007ffff49f0000 - 0x00007ffff4bb2000 	C:\Windows\SYSTEM32\ntdll.dll
0x00007ffff4550000 - 0x00007ffff45fd000 	C:\Windows\system32\KERNEL32.DLL
0x00007ffff1ee0000 - 0x00007ffff20bd000 	C:\Windows\system32\KERNELBASE.dll
0x00007ffff2190000 - 0x00007ffff2236000 	C:\Windows\system32\ADVAPI32.dll
0x00007ffff2730000 - 0x00007ffff27cd000 	C:\Windows\system32\msvcrt.dll
0x00007ffff20c0000 - 0x00007ffff211b000 	C:\Windows\system32\sechost.dll
0x00007ffff4750000 - 0x00007ffff4876000 	C:\Windows\system32\RPCRT4.dll
0x00007ffff4600000 - 0x00007ffff474e000 	C:\Windows\system32\USER32.dll
0x00007ffff2cd0000 - 0x00007ffff2e55000 	C:\Windows\system32\GDI32.dll
0x00007fffe59d0000 - 0x00007fffe5c44000 	C:\Windows\WinSxS\amd64_microsoft.windows.common-controls_6595b64144ccf1df_6.0.10240.16384_none_f41f7b285750ef43\COMCTL32.dll
0x00007ffff49b0000 - 0x00007ffff49e6000 	C:\Windows\system32\IMM32.DLL
0x00007ffff2b50000 - 0x00007ffff2cac000 	C:\Windows\system32\MSCTF.dll
0x000000005e790000 - 0x000000005e862000 	E:\Android\AndroidStudio\jre\jre\bin\msvcr100.dll
0x000000005e980000 - 0x000000005f1b4000 	E:\Android\AndroidStudio\jre\jre\bin\server\jvm.dll
0x00007ffff2180000 - 0x00007ffff2188000 	C:\Windows\system32\PSAPI.DLL
0x00007fffefb00000 - 0x00007fffefb09000 	C:\Windows\SYSTEM32\WSOCK32.dll
0x00007ffff4880000 - 0x00007ffff48e9000 	C:\Windows\system32\WS2_32.dll
0x00007ffff2b40000 - 0x00007ffff2b48000 	C:\Windows\system32\NSI.dll
0x00007fffef760000 - 0x00007fffef783000 	C:\Windows\SYSTEM32\WINMM.dll
0x00007fffee6a0000 - 0x00007fffee6aa000 	C:\Windows\SYSTEM32\VERSION.dll
0x00007fffef620000 - 0x00007fffef64c000 	C:\Windows\SYSTEM32\WINMMBASE.dll
0x00007ffff1570000 - 0x00007ffff15b4000 	C:\Windows\system32\cfgmgr32.dll
0x00007fffefd40000 - 0x00007fffefd67000 	C:\Windows\SYSTEM32\DEVOBJ.dll
0x00007fffef210000 - 0x00007fffef21f000 	E:\Android\AndroidStudio\jre\jre\bin\verify.dll
0x00007fffedb50000 - 0x00007fffedb79000 	E:\Android\AndroidStudio\jre\jre\bin\java.dll
0x00007fffedb30000 - 0x00007fffedb46000 	E:\Android\AndroidStudio\jre\jre\bin\zip.dll
0x00007ffff2fb0000 - 0x00007ffff44d3000 	C:\Windows\system32\SHELL32.dll
0x00007ffff1850000 - 0x00007ffff1e79000 	C:\Windows\system32\windows.storage.dll
0x00007ffff2240000 - 0x00007ffff24bc000 	C:\Windows\system32\combase.dll
0x00007ffff2120000 - 0x00007ffff2171000 	C:\Windows\system32\shlwapi.dll
0x00007ffff14b0000 - 0x00007ffff14bf000 	C:\Windows\system32\kernel.appcore.dll
0x00007ffff1790000 - 0x00007ffff1843000 	C:\Windows\system32\shcore.dll
0x00007ffff1420000 - 0x00007ffff146a000 	C:\Windows\system32\powrprof.dll
0x00007ffff1470000 - 0x00007ffff1483000 	C:\Windows\system32\profapi.dll

VM Arguments:
jvm_args: -Djava.awt.headless=true -Xmx4g -Dfile.encoding=GBK -Duser.country=CN -Duser.language=zh -Duser.variant 
java_command: com.android.dx.command.Main --dex --force-jumbo --num-threads=4 --multi-dex --output E:\Android\AndroidProjects\shian_guwen\app\build\intermediates\transforms\dex\debug\folders\1000\5\slice_1 E:\Android\AndroidProjects\shian_guwen\app\build\intermediates\transforms\instantRunSlicer\debug\folders\1\5\slice_1
java_class_path (initial): E:\Android\AndroidSdk\build-tools\25.0.1\lib\dx.jar
Launcher Type: SUN_STANDARD

Environment Variables:
JAVA_HOME=C:\Program Files\Java\jdk1.7.0_71
CLASSPATH=C:\Program Files\Java\jdk1.7.0_71\lib
PATH=.;C:\Windows\system32;C:\Windows;C:\Windows\System32\Wbem;C:\Windows\System32\WindowsPowerShell\v1.0;C:\Program Files\Java\jdk1.7.0_71\bin
USERNAME=Administrator
OS=Windows_NT
PROCESSOR_IDENTIFIER=Intel64 Family 6 Model 158 Stepping 9, GenuineIntel



---------------  S Y S T E M  ---------------

OS: Windows 10.0 , 64 bit Build 10240 (10.0.10240.16384)

CPU:total 8 (4 cores per cpu, 2 threads per core) family 6 model 158 stepping 9, cmov, cx8, fxsr, mmx, sse, sse2, sse3, ssse3, sse4.1, sse4.2, popcnt, avx, avx2, aes, clmul, erms, rtm, 3dnowpref, lzcnt, ht, tsc, tscinvbit, bmi1, bmi2, adx

Memory: 4k page, physical 8250868k(928540k free), swap 10348020k(10448k free)

vm_info: OpenJDK 64-Bit Server VM (25.76-b03) for windows-amd64 JRE (1.8.0_76-release-b03), built on Jun 29 2016 19:09:20 by "ralucas" with MS VC++ 10.0 (VS2010)

time: Sun Mar 05 10:33:38 2017
elapsed time: 6 seconds (0d 0h 0m 6s)

