#
# There is insufficient memory for the Java Runtime Environment to continue.
# Native memory allocation (malloc) failed to allocate 858416 bytes for Chunk::new
# Possible reasons:
#   The system is out of physical RAM or swap space
#   In 32 bit mode, the process size limit was hit
# Possible solutions:
#   Reduce memory load on the system
#   Increase physical memory or swap space
#   Check if swap backing store is full
#   Use 64 bit Java on a 64 bit OS
#   Decrease Java heap size (-Xmx/-Xms)
#   Decrease number of Java threads
#   Decrease Java thread stack sizes (-Xss)
#   Set larger code cache with -XX:ReservedCodeCacheSize=
# This output file may be truncated or incomplete.
#
#  Out of Memory Error (allocation.cpp:390), pid=2944, tid=0x0000000000002650
#
# JRE version: OpenJDK Runtime Environment (8.0_76-b03) (build 1.8.0_76-release-b03)
# Java VM: OpenJDK 64-Bit Server VM (25.76-b03 mixed mode windows-amd64 compressed oops)
# Failed to write core dump. Minidumps are not enabled by default on client versions of Windows
#

---------------  T H R E A D  ---------------

Current thread (0x000000001cc89000):  JavaThread "C2 CompilerThread0" daemon [_thread_in_native, id=9808, stack(0x000000001f2a0000,0x000000001f3a0000)]

Stack: [0x000000001f2a0000,0x000000001f3a0000]
[error occurred during error reporting (printing stack bounds), id 0xc0000005]

Native frames: (J=compiled Java code, j=interpreted, Vv=VM code, C=native code)


Current CompileTask:
C2:   6240 2048   !   4       com.android.dx.cf.code.BytecodeArray::parseInstruction (2764 bytes)


---------------  P R O C E S S  ---------------

Java Threads: ( => current thread )
  0x000000001ed3e000 JavaThread "pool-2-thread-4" [_thread_in_Java, id=676, stack(0x000000001fca0000,0x000000001fda0000)]
  0x000000001ee33000 JavaThread "pool-2-thread-3" [_thread_in_Java, id=5900, stack(0x000000001fba0000,0x000000001fca0000)]
  0x000000001ed42800 JavaThread "pool-2-thread-2" [_thread_in_Java, id=6800, stack(0x000000001faa0000,0x000000001fba0000)]
  0x000000001ed36800 JavaThread "pool-3-thread-1" [_thread_blocked, id=9524, stack(0x000000001f9a0000,0x000000001faa0000)]
  0x000000001ed35800 JavaThread "pool-2-thread-1" [_thread_in_Java, id=5228, stack(0x000000001f8a0000,0x000000001f9a0000)]
  0x000000001ec60800 JavaThread "Service Thread" daemon [_thread_blocked, id=8548, stack(0x000000001f6a0000,0x000000001f7a0000)]
  0x000000001ebd3800 JavaThread "C1 CompilerThread3" daemon [_thread_blocked, id=8108, stack(0x000000001f5a0000,0x000000001f6a0000)]
  0x000000001ebd1000 JavaThread "C2 CompilerThread2" daemon [_thread_in_native, id=4744, stack(0x000000001f4a0000,0x000000001f5a0000)]
  0x000000001ebca000 JavaThread "C2 CompilerThread1" daemon [_thread_in_native, id=9548, stack(0x000000001f3a0000,0x000000001f4a0000)]
=>0x000000001cc89000 JavaThread "C2 CompilerThread0" daemon [_thread_in_native, id=9808, stack(0x000000001f2a0000,0x000000001f3a0000)]
  0x000000001eb7b000 JavaThread "Attach Listener" daemon [_thread_blocked, id=184, stack(0x000000001f1a0000,0x000000001f2a0000)]
  0x000000001ebc8800 JavaThread "Signal Dispatcher" daemon [_thread_blocked, id=9280, stack(0x000000001f0a0000,0x000000001f1a0000)]
  0x000000000315e000 JavaThread "Finalizer" daemon [_thread_blocked, id=8104, stack(0x000000001ef40000,0x000000001f040000)]
  0x000000001cc7b800 JavaThread "Reference Handler" daemon [_thread_blocked, id=2268, stack(0x000000001ea40000,0x000000001eb40000)]
  0x0000000003060800 JavaThread "main" [_thread_in_Java, id=7576, stack(0x0000000002f60000,0x0000000003060000)]

Other Threads:
  0x000000001cc77000 VMThread [stack: 0x000000001e940000,0x000000001ea40000] [id=4888]
  0x000000001ec61800 WatcherThread [stack: 0x000000001f7a0000,0x000000001f8a0000] [id=7376]

VM state:not at safepoint (normal execution)

VM Mutex/Monitor currently owned by a thread: None

Heap:
 PSYoungGen      total 136192K, used 105364K [0x000000076ab00000, 0x0000000781800000, 0x00000007c0000000)
  eden space 131072K, 80% used [0x000000076ab00000,0x00000007711e5398,0x0000000772b00000)
  from space 5120K, 0% used [0x0000000772b00000,0x0000000772b00000,0x0000000773000000)
  to   space 55808K, 0% used [0x000000077e180000,0x000000077e180000,0x0000000781800000)
 ParOldGen       total 187904K, used 85275K [0x00000006c0000000, 0x00000006cb780000, 0x000000076ab00000)
  object space 187904K, 45% used [0x00000006c0000000,0x00000006c5346fa8,0x00000006cb780000)
 Metaspace       used 6040K, capacity 7088K, committed 7296K, reserved 1056768K
  class space    used 564K, capacity 616K, committed 640K, reserved 1048576K

Card table byte_map: [0x0000000012520000,0x0000000012d30000] byte_map_base: 0x000000000ef20000

Marking Bits: (ParMarkBitMap*) 0x0000000068b59d00
 Begin Bits: [0x0000000013a90000, 0x0000000017a90000)
 End Bits:   [0x0000000017a90000, 0x000000001ba90000)

Polling page: 0x0000000002a30000

CodeCache: size=245760Kb used=9235Kb max_used=9243Kb free=236524Kb
 bounds [0x0000000003160000, 0x0000000003a80000, 0x0000000012160000]
 total_blobs=2201 nmethods=1937 adapters=177
 compilation: enabled

Compilation events (10 events):
Event: 5.774 Thread 0x000000001ebca000 nmethod 2044 0x0000000003a27550 code [0x0000000003a276a0, 0x0000000003a279b8]
Event: 5.775 Thread 0x000000001ebca000 2045   !   4       com.android.dx.cf.code.Ropper::processBlock (1101 bytes)
Event: 5.782 Thread 0x000000001ebd3800 2057       3       com.android.dx.ssa.back.FirstFitLocalCombiningAllocator::rangeContainsReserved (30 bytes)
Event: 5.783 Thread 0x000000001ebd3800 nmethod 2057 0x0000000003a26fd0 code [0x0000000003a27140, 0x0000000003a27408]
Event: 5.785 Thread 0x000000001ebd3800 2058       3       java.util.TreeMap::entrySet (27 bytes)
Event: 5.785 Thread 0x000000001ebd3800 nmethod 2058 0x0000000003a26910 code [0x0000000003a26a80, 0x0000000003a26e30]
Event: 5.785 Thread 0x000000001ebd3800 2059       3       java.util.TreeMap$EntrySet::iterator (19 bytes)
Event: 5.785 Thread 0x000000001ebd3800 nmethod 2059 0x0000000003a28850 code [0x0000000003a289e0, 0x0000000003a28ef0]
Event: 5.813 Thread 0x000000001cc89000 nmethod 2019% 0x0000000003a43c90 code [0x0000000003a44060, 0x0000000003a46388]
Event: 5.813 Thread 0x000000001cc89000 2048   !   4       com.android.dx.cf.code.BytecodeArray::parseInstruction (2764 bytes)

GC Heap History (10 events):
Event: 1.535 GC heap before
{Heap before GC invocations=2 (full 0):
 PSYoungGen      total 37888K, used 37887K [0x000000076ab00000, 0x000000076f500000, 0x00000007c0000000)
  eden space 32768K, 100% used [0x000000076ab00000,0x000000076cb00000,0x000000076cb00000)
  from space 5120K, 99% used [0x000000076cb00000,0x000000076cfffcf8,0x000000076d000000)
  to   space 5120K, 0% used [0x000000076f000000,0x000000076f000000,0x000000076f500000)
 ParOldGen       total 86016K, used 2136K [0x00000006c0000000, 0x00000006c5400000, 0x000000076ab00000)
  object space 86016K, 2% used [0x00000006c0000000,0x00000006c0216360,0x00000006c5400000)
 Metaspace       used 5771K, capacity 6896K, committed 7040K, reserved 1056768K
  class space    used 557K, capacity 616K, committed 640K, reserved 1048576K
Event: 1.618 GC heap after
Heap after GC invocations=2 (full 0):
 PSYoungGen      total 70656K, used 5095K [0x000000076ab00000, 0x000000076f500000, 0x00000007c0000000)
  eden space 65536K, 0% used [0x000000076ab00000,0x000000076ab00000,0x000000076eb00000)
  from space 5120K, 99% used [0x000000076f000000,0x000000076f4f9cf8,0x000000076f500000)
  to   space 5120K, 0% used [0x000000076eb00000,0x000000076eb00000,0x000000076f000000)
 ParOldGen       total 86016K, used 12433K [0x00000006c0000000, 0x00000006c5400000, 0x000000076ab00000)
  object space 86016K, 14% used [0x00000006c0000000,0x00000006c0c244c8,0x00000006c5400000)
 Metaspace       used 5771K, capacity 6896K, committed 7040K, reserved 1056768K
  class space    used 557K, capacity 616K, committed 640K, reserved 1048576K
}
Event: 2.504 GC heap before
{Heap before GC invocations=3 (full 0):
 PSYoungGen      total 70656K, used 70631K [0x000000076ab00000, 0x000000076f500000, 0x00000007c0000000)
  eden space 65536K, 100% used [0x000000076ab00000,0x000000076eb00000,0x000000076eb00000)
  from space 5120K, 99% used [0x000000076f000000,0x000000076f4f9cf8,0x000000076f500000)
  to   space 5120K, 0% used [0x000000076eb00000,0x000000076eb00000,0x000000076f000000)
 ParOldGen       total 86016K, used 12433K [0x00000006c0000000, 0x00000006c5400000, 0x000000076ab00000)
  object space 86016K, 14% used [0x00000006c0000000,0x00000006c0c244c8,0x00000006c5400000)
 Metaspace       used 5958K, capacity 7024K, committed 7296K, reserved 1056768K
  class space    used 563K, capacity 616K, committed 640K, reserved 1048576K
Event: 2.743 GC heap after
Heap after GC invocations=3 (full 0):
 PSYoungGen      total 70656K, used 5110K [0x000000076ab00000, 0x0000000773500000, 0x00000007c0000000)
  eden space 65536K, 0% used [0x000000076ab00000,0x000000076ab00000,0x000000076eb00000)
  from space 5120K, 99% used [0x000000076eb00000,0x000000076effdbf0,0x000000076f000000)
  to   space 5120K, 0% used [0x0000000773000000,0x0000000773000000,0x0000000773500000)
 ParOldGen       total 86016K, used 25653K [0x00000006c0000000, 0x00000006c5400000, 0x000000076ab00000)
  object space 86016K, 29% used [0x00000006c0000000,0x00000006c190d768,0x00000006c5400000)
 Metaspace       used 5958K, capacity 7024K, committed 7296K, reserved 1056768K
  class space    used 563K, capacity 616K, committed 640K, reserved 1048576K
}
Event: 3.216 GC heap before
{Heap before GC invocations=4 (full 0):
 PSYoungGen      total 70656K, used 70646K [0x000000076ab00000, 0x0000000773500000, 0x00000007c0000000)
  eden space 65536K, 100% used [0x000000076ab00000,0x000000076eb00000,0x000000076eb00000)
  from space 5120K, 99% used [0x000000076eb00000,0x000000076effdbf0,0x000000076f000000)
  to   space 5120K, 0% used [0x0000000773000000,0x0000000773000000,0x0000000773500000)
 ParOldGen       total 86016K, used 25653K [0x00000006c0000000, 0x00000006c5400000, 0x000000076ab00000)
  object space 86016K, 29% used [0x00000006c0000000,0x00000006c190d768,0x00000006c5400000)
 Metaspace       used 6021K, capacity 7088K, committed 7296K, reserved 1056768K
  class space    used 563K, capacity 616K, committed 640K, reserved 1048576K
Event: 3.315 GC heap after
Heap after GC invocations=4 (full 0):
 PSYoungGen      total 136192K, used 5117K [0x000000076ab00000, 0x0000000773500000, 0x00000007c0000000)
  eden space 131072K, 0% used [0x000000076ab00000,0x000000076ab00000,0x0000000772b00000)
  from space 5120K, 99% used [0x0000000773000000,0x00000007734ff518,0x0000000773500000)
  to   space 5120K, 0% used [0x0000000772b00000,0x0000000772b00000,0x0000000773000000)
 ParOldGen       total 86016K, used 42588K [0x00000006c0000000, 0x00000006c5400000, 0x000000076ab00000)
  object space 86016K, 49% used [0x00000006c0000000,0x00000006c29970e0,0x00000006c5400000)
 Metaspace       used 6021K, capacity 7088K, committed 7296K, reserved 1056768K
  class space    used 563K, capacity 616K, committed 640K, reserved 1048576K
}
Event: 4.048 GC heap before
{Heap before GC invocations=5 (full 0):
 PSYoungGen      total 136192K, used 136189K [0x000000076ab00000, 0x0000000773500000, 0x00000007c0000000)
  eden space 131072K, 100% used [0x000000076ab00000,0x0000000772b00000,0x0000000772b00000)
  from space 5120K, 99% used [0x0000000773000000,0x00000007734ff518,0x0000000773500000)
  to   space 5120K, 0% used [0x0000000772b00000,0x0000000772b00000,0x0000000773000000)
 ParOldGen       total 86016K, used 42588K [0x00000006c0000000, 0x00000006c5400000, 0x000000076ab00000)
  object space 86016K, 49% used [0x00000006c0000000,0x00000006c29970e0,0x00000006c5400000)
 Metaspace       used 6031K, capacity 7088K, committed 7296K, reserved 1056768K
  class space    used 564K, capacity 616K, committed 640K, reserved 1048576K
Event: 4.269 GC heap after
Heap after GC invocations=5 (full 0):
 PSYoungGen      total 136192K, used 5091K [0x000000076ab00000, 0x0000000781800000, 0x00000007c0000000)
  eden space 131072K, 0% used [0x000000076ab00000,0x000000076ab00000,0x0000000772b00000)
  from space 5120K, 99% used [0x0000000772b00000,0x0000000772ff8e20,0x0000000773000000)
  to   space 55808K, 0% used [0x000000077e180000,0x000000077e180000,0x0000000781800000)
 ParOldGen       total 101376K, used 98809K [0x00000006c0000000, 0x00000006c6300000, 0x000000076ab00000)
  object space 101376K, 97% used [0x00000006c0000000,0x00000006c607e700,0x00000006c6300000)
 Metaspace       used 6031K, capacity 7088K, committed 7296K, reserved 1056768K
  class space    used 564K, capacity 616K, committed 640K, reserved 1048576K
}
Event: 4.269 GC heap before
{Heap before GC invocations=6 (full 1):
 PSYoungGen      total 136192K, used 5091K [0x000000076ab00000, 0x0000000781800000, 0x00000007c0000000)
  eden space 131072K, 0% used [0x000000076ab00000,0x000000076ab00000,0x0000000772b00000)
  from space 5120K, 99% used [0x0000000772b00000,0x0000000772ff8e20,0x0000000773000000)
  to   space 55808K, 0% used [0x000000077e180000,0x000000077e180000,0x0000000781800000)
 ParOldGen       total 101376K, used 98809K [0x00000006c0000000, 0x00000006c6300000, 0x000000076ab00000)
  object space 101376K, 97% used [0x00000006c0000000,0x00000006c607e700,0x00000006c6300000)
 Metaspace       used 6031K, capacity 7088K, committed 7296K, reserved 1056768K
  class space    used 564K, capacity 616K, committed 640K, reserved 1048576K
Event: 5.722 GC heap after
Heap after GC invocations=6 (full 1):
 PSYoungGen      total 136192K, used 0K [0x000000076ab00000, 0x0000000781800000, 0x00000007c0000000)
  eden space 131072K, 0% used [0x000000076ab00000,0x000000076ab00000,0x0000000772b00000)
  from space 5120K, 0% used [0x0000000772b00000,0x0000000772b00000,0x0000000773000000)
  to   space 55808K, 0% used [0x000000077e180000,0x000000077e180000,0x0000000781800000)
 ParOldGen       total 187904K, used 85275K [0x00000006c0000000, 0x00000006cb780000, 0x000000076ab00000)
  object space 187904K, 45% used [0x00000006c0000000,0x00000006c5346fa8,0x00000006cb780000)
 Metaspace       used 6031K, capacity 7088K, committed 7296K, reserved 1056768K
  class space    used 564K, capacity 616K, committed 640K, reserved 1048576K
}

Deoptimization events (10 events):
Event: 2.137 Thread 0x000000001ed3e000 Uncommon trap: reason=null_check action=make_not_entrant pc=0x0000000003780aec method=com.android.dx.rop.type.Type.equals(Ljava/lang/Object;)Z @ 8
Event: 2.221 Thread 0x000000001ed42800 Uncommon trap: reason=unstable_if action=reinterpret pc=0x000000000364b420 method=com.android.dx.util.BitIntSet.has(I)Z @ 8
Event: 2.881 Thread 0x000000001ed3e000 Uncommon trap: reason=unstable_if action=reinterpret pc=0x00000000036504a8 method=com.android.dx.cf.code.Merger.isPossiblyAssignableFrom(Lcom/android/dx/rop/type/TypeBearer;Lcom/android/dx/rop/type/TypeBearer;)Z @ 131
Event: 2.882 Thread 0x000000001ed3e000 Uncommon trap: reason=bimorphic action=maybe_recompile pc=0x0000000003805a5c method=com.android.dx.ssa.SCCP.setLatticeValueTo(IILcom/android/dx/rop/cst/Constant;)Z @ 43
Event: 2.929 Thread 0x0000000003060800 Uncommon trap: reason=bimorphic action=maybe_recompile pc=0x0000000003805a5c method=com.android.dx.ssa.SCCP.setLatticeValueTo(IILcom/android/dx/rop/cst/Constant;)Z @ 43
Event: 2.929 Thread 0x0000000003060800 Uncommon trap: reason=bimorphic action=maybe_recompile pc=0x0000000003805a5c method=com.android.dx.ssa.SCCP.setLatticeValueTo(IILcom/android/dx/rop/cst/Constant;)Z @ 43
Event: 2.966 Thread 0x000000001ed35800 Uncommon trap: reason=unstable_if action=reinterpret pc=0x0000000003795534 method=com.android.dx.ssa.SCCP.simulateBranch(Lcom/android/dx/ssa/SsaInsn;)V @ 64
Event: 3.129 Thread 0x000000001ed42800 Uncommon trap: reason=bimorphic action=maybe_recompile pc=0x0000000003805a5c method=com.android.dx.ssa.SCCP.setLatticeValueTo(IILcom/android/dx/rop/cst/Constant;)Z @ 43
Event: 3.186 Thread 0x000000001ed42800 Uncommon trap: reason=unstable_if action=reinterpret pc=0x00000000038ac73c method=com.android.dx.cf.code.Ropper.isSynchronized()Z @ 12
Event: 3.187 Thread 0x000000001ed42800 Uncommon trap: reason=unstable_if action=reinterpret pc=0x0000000003886d50 method=com.android.dx.cf.code.Ropper.isSynchronized()Z @ 12

Internal exceptions (4 events):
Event: 0.024 Thread 0x0000000003060800 Exception <a 'java/lang/NoSuchMethodError': Method sun.misc.Unsafe.defineClass(Ljava/lang/String;[BII)Ljava/lang/Class; name or signature does not match> (0x000000076ab07cc0) thrown at [C:\src\android\AOSP-openjdk\external\jetbrains\jdk\hotspot\src\share\v&á\9H˜?
Event: 0.024 Thread 0x0000000003060800 Exception <a 'java/lang/NoSuchMethodError': Method sun.misc.Unsafe.prefetchRead(Ljava/lang/Object;J)V name or signature does not match> (0x000000076ab07fa8) thrown at [C:\src\android\AOSP-openjdk\external\jetbrains\jdk\hotspot\src\share\vm\prims\jni.cpp, l._1ÒNÚé?
Event: 0.808 Thread 0x000000001ed3e000 Implicit null exception at 0x000000000346c35b to 0x000000000346e335
Event: 2.137 Thread 0x000000001ed3e000 Implicit null exception at 0x00000000037809da to 0x0000000003780adf

Events (10 events):
Event: 5.778 Thread 0x000000001ed42800 DEOPT PACKING pc=0x00000000035ea67c sp=0x000000001fb9e9a0
Event: 5.778 Thread 0x000000001ed42800 DEOPT UNPACKING pc=0x00000000031a75bf sp=0x000000001fb9e788 mode 0
Event: 5.781 Thread 0x0000000003060800 DEOPT PACKING pc=0x000000000360352b sp=0x000000000305dc00
Event: 5.781 Thread 0x0000000003060800 DEOPT UNPACKING pc=0x00000000031a75bf sp=0x000000000305d980 mode 0
Event: 5.791 Thread 0x0000000003060800 DEOPT PACKING pc=0x000000000360352b sp=0x000000000305db50
Event: 5.791 Thread 0x0000000003060800 DEOPT UNPACKING pc=0x00000000031a75bf sp=0x000000000305d8d0 mode 0
Event: 5.792 Thread 0x000000001ed35800 DEOPT PACKING pc=0x000000000368746d sp=0x000000001f99ea60
Event: 5.792 Thread 0x000000001ed35800 DEOPT UNPACKING pc=0x00000000031a75bf sp=0x000000001f99e760 mode 0
Event: 5.801 Thread 0x000000001ee33000 DEOPT PACKING pc=0x000000000360352b sp=0x000000001fc9eaa0
Event: 5.801 Thread 0x000000001ee33000 DEOPT UNPACKING pc=0x00000000031a75bf sp=0x000000001fc9e820 mode 0


Dynamic libraries:
0x00007ff63a110000 - 0x00007ff63a141000 	E:\Android\AndroidStudio\jre\bin\java.exe
0x00007ffab3810000 - 0x00007ffab39d2000 	C:\Windows\SYSTEM32\ntdll.dll
0x00007ffab3620000 - 0x00007ffab36cd000 	C:\Windows\system32\KERNEL32.DLL
0x00007ffab0ca0000 - 0x00007ffab0e7d000 	C:\Windows\system32\KERNELBASE.dll
0x00007ffab31f0000 - 0x00007ffab3296000 	C:\Windows\system32\ADVAPI32.dll
0x00007ffab3020000 - 0x00007ffab30bd000 	C:\Windows\system32\msvcrt.dll
0x00007ffab3730000 - 0x00007ffab378b000 	C:\Windows\system32\sechost.dll
0x00007ffab30c0000 - 0x00007ffab31e6000 	C:\Windows\system32\RPCRT4.dll
0x00007ffab2680000 - 0x00007ffab27ce000 	C:\Windows\system32\USER32.dll
0x00007ffab2410000 - 0x00007ffab2595000 	C:\Windows\system32\GDI32.dll
0x00007ffaa4e30000 - 0x00007ffaa50a4000 	C:\Windows\WinSxS\amd64_microsoft.windows.common-controls_6595b64144ccf1df_6.0.10240.16384_none_f41f7b285750ef43\COMCTL32.dll
0x00007ffab2dd0000 - 0x00007ffab2e06000 	C:\Windows\system32\IMM32.DLL
0x00007ffab2ec0000 - 0x00007ffab301c000 	C:\Windows\system32\MSCTF.dll
0x00000000681e0000 - 0x00000000682b2000 	E:\Android\AndroidStudio\jre\jre\bin\msvcr100.dll
0x00000000683a0000 - 0x0000000068bd4000 	E:\Android\AndroidStudio\jre\jre\bin\server\jvm.dll
0x00007ffab3320000 - 0x00007ffab3328000 	C:\Windows\system32\PSAPI.DLL
0x00007ffaabd50000 - 0x00007ffaabd59000 	C:\Windows\SYSTEM32\WSOCK32.dll
0x00007ffaae4d0000 - 0x00007ffaae4f3000 	C:\Windows\SYSTEM32\WINMM.dll
0x00007ffab32b0000 - 0x00007ffab3319000 	C:\Windows\system32\WS2_32.dll
0x00007ffab32a0000 - 0x00007ffab32a8000 	C:\Windows\system32\NSI.dll
0x00007ffaa9a50000 - 0x00007ffaa9a5a000 	C:\Windows\SYSTEM32\VERSION.dll
0x00007ffaae440000 - 0x00007ffaae46c000 	C:\Windows\SYSTEM32\WINMMBASE.dll
0x00007ffab02e0000 - 0x00007ffab0324000 	C:\Windows\system32\cfgmgr32.dll
0x00007ffaaeaf0000 - 0x00007ffaaeb17000 	C:\Windows\SYSTEM32\DEVOBJ.dll
0x00007ffaabc50000 - 0x00007ffaabc5f000 	E:\Android\AndroidStudio\jre\jre\bin\verify.dll
0x00007ffaab7d0000 - 0x00007ffaab7f9000 	E:\Android\AndroidStudio\jre\jre\bin\java.dll
0x00007ffaab4b0000 - 0x00007ffaab4c6000 	E:\Android\AndroidStudio\jre\jre\bin\zip.dll
0x00007ffab0ee0000 - 0x00007ffab2403000 	C:\Windows\system32\SHELL32.dll
0x00007ffab05b0000 - 0x00007ffab0bd9000 	C:\Windows\system32\windows.storage.dll
0x00007ffab2830000 - 0x00007ffab2aac000 	C:\Windows\system32\combase.dll
0x00007ffab3330000 - 0x00007ffab3381000 	C:\Windows\system32\shlwapi.dll
0x00007ffab02d0000 - 0x00007ffab02df000 	C:\Windows\system32\kernel.appcore.dll
0x00007ffab0be0000 - 0x00007ffab0c93000 	C:\Windows\system32\shcore.dll
0x00007ffab0240000 - 0x00007ffab028a000 	C:\Windows\system32\powrprof.dll
0x00007ffab02b0000 - 0x00007ffab02c3000 	C:\Windows\system32\profapi.dll

VM Arguments:
jvm_args: -Djava.awt.headless=true -Xmx4g -Dfile.encoding=GBK -Duser.country=CN -Duser.language=zh -Duser.variant 
java_command: com.android.dx.command.Main --dex --force-jumbo --num-threads=4 --multi-dex --output E:\Android\AndroidProjects\shian_guwen\app\build\intermediates\transforms\dex\debug\folders\1000\5\slice_7 E:\Android\AndroidProjects\shian_guwen\app\build\intermediates\transforms\instantRunSlicer\debug\folders\1\5\slice_7
java_class_path (initial): E:\Android\AndroidSdk\build-tools\25.0.1\lib\dx.jar
Launcher Type: SUN_STANDARD

Environment Variables:
JAVA_HOME=C:\Program Files\Java\jdk1.7.0_71
CLASSPATH=C:\Program Files\Java\jdk1.7.0_71\lib
PATH=.;C:\Windows\system32;C:\Windows;C:\Windows\System32\Wbem;C:\Windows\System32\WindowsPowerShell\v1.0;C:\Program Files\Java\jdk1.7.0_71\bin
USERNAME=Administrator
OS=Windows_NT
PROCESSOR_IDENTIFIER=Intel64 Family 6 Model 158 Stepping 9, GenuineIntel



---------------  S Y S T E M  ---------------

OS: Windows 10.0 , 64 bit Build 10240 (10.0.10240.16384)

CPU:total 8 (4 cores per cpu, 2 threads per core) family 6 model 158 stepping 9, cmov, cx8, fxsr, mmx, sse, sse2, sse3, ssse3, sse4.1, sse4.2, popcnt, avx, avx2, aes, clmul, erms, rtm, 3dnowpref, lzcnt, ht, tsc, tscinvbit, bmi1, bmi2, adx

Memory: 4k page, physical 8250868k(981188k free), swap 10348020k(8696k free)

vm_info: OpenJDK 64-Bit Server VM (25.76-b03) for windows-amd64 JRE (1.8.0_76-release-b03), built on Jun 29 2016 19:09:20 by "ralucas" with MS VC++ 10.0 (VS2010)

time: Fri Mar 03 13:46:29 2017
elapsed time: 6 seconds (0d 0h 0m 6s)

