#
# There is insufficient memory for the Java Runtime Environment to continue.
# Native memory allocation (malloc) failed to allocate 139376 bytes for Chunk::new
# Possible reasons:
#   The system is out of physical RAM or swap space
#   In 32 bit mode, the process size limit was hit
# Possible solutions:
#   Reduce memory load on the system
#   Increase physical memory or swap space
#   Check if swap backing store is full
#   Use 64 bit Java on a 64 bit OS
#   Decrease Java heap size (-Xmx/-Xms)
#   Decrease number of Java threads
#   Decrease Java thread stack sizes (-Xss)
#   Set larger code cache with -XX:ReservedCodeCacheSize=
# This output file may be truncated or incomplete.
#
#  Out of Memory Error (allocation.cpp:390), pid=6312, tid=0x00000000000035b4
#
# JRE version: OpenJDK Runtime Environment (8.0_112-b06) (build 1.8.0_112-release-b06)
# Java VM: OpenJDK 64-Bit Server VM (25.112-b06 mixed mode windows-amd64 compressed oops)
# Failed to write core dump. Minidumps are not enabled by default on client versions of Windows
#

---------------  T H R E A D  ---------------

Current thread (0x000000001c20c000):  JavaThread "C2 CompilerThread1" daemon [_thread_in_native, id=13748, stack(0x000000001e950000,0x000000001ea50000)]

Stack: [0x000000001e950000,0x000000001ea50000]
[error occurred during error reporting (printing stack bounds), id 0xc0000005]

Native frames: (J=compiled Java code, j=interpreted, Vv=VM code, C=native code)


Current CompileTask:
C2:   8273 1771 %     4       com.android.dx.ssa.back.SsaToRop::removePhiFunctions @ 13 (83 bytes)


---------------  P R O C E S S  ---------------

Java Threads: ( => current thread )
  0x000000001e423000 JavaThread "pool-2-thread-4" [_thread_blocked, id=13664, stack(0x000000001f250000,0x000000001f350000)]
  0x000000001e416800 JavaThread "pool-2-thread-3" [_thread_blocked, id=13628, stack(0x000000001f150000,0x000000001f250000)]
  0x000000001e2f0000 JavaThread "pool-2-thread-2" [_thread_in_Java, id=13364, stack(0x000000001f050000,0x000000001f150000)]
  0x000000001e2e4800 JavaThread "pool-3-thread-1" [_thread_blocked, id=13452, stack(0x000000001ef50000,0x000000001f050000)]
  0x000000001e2e4000 JavaThread "pool-2-thread-1" [_thread_in_Java, id=13468, stack(0x000000001ee50000,0x000000001ef50000)]
  0x000000001e210800 JavaThread "Service Thread" daemon [_thread_blocked, id=10124, stack(0x000000001ec50000,0x000000001ed50000)]
  0x000000001e18d800 JavaThread "C1 CompilerThread3" daemon [_thread_blocked, id=8012, stack(0x000000001eb50000,0x000000001ec50000)]
  0x000000001e186800 JavaThread "C2 CompilerThread2" daemon [_thread_in_native, id=14056, stack(0x000000001ea50000,0x000000001eb50000)]
=>0x000000001c20c000 JavaThread "C2 CompilerThread1" daemon [_thread_in_native, id=13748, stack(0x000000001e950000,0x000000001ea50000)]
  0x000000001c208000 JavaThread "C2 CompilerThread0" daemon [_thread_in_native, id=12104, stack(0x000000001e850000,0x000000001e950000)]
  0x000000001e130000 JavaThread "Attach Listener" daemon [_thread_blocked, id=1364, stack(0x000000001e750000,0x000000001e850000)]
  0x000000001e180800 JavaThread "Signal Dispatcher" daemon [_thread_blocked, id=2376, stack(0x000000001e650000,0x000000001e750000)]
  0x000000001e110800 JavaThread "Finalizer" daemon [_thread_blocked, id=13436, stack(0x000000001e4f0000,0x000000001e5f0000)]
  0x00000000026d4000 JavaThread "Reference Handler" daemon [_thread_blocked, id=9488, stack(0x000000001dff0000,0x000000001e0f0000)]
  0x00000000025e0800 JavaThread "main" [_thread_in_native, id=14180, stack(0x00000000024e0000,0x00000000025e0000)]

Other Threads:
  0x000000001c1f7000 VMThread [stack: 0x000000001def0000,0x000000001dff0000] [id=9712]
  0x000000001e211800 WatcherThread [stack: 0x000000001ed50000,0x000000001ee50000] [id=13348]

VM state:not at safepoint (normal execution)

VM Mutex/Monitor currently owned by a thread: None

Heap:
 PSYoungGen      total 136192K, used 75041K [0x000000076ab00000, 0x0000000782400000, 0x00000007c0000000)
  eden space 131072K, 57% used [0x000000076ab00000,0x000000076f448610,0x0000000772b00000)
  from space 5120K, 0% used [0x0000000772b00000,0x0000000772b00000,0x0000000773000000)
  to   space 61952K, 0% used [0x000000077e780000,0x000000077e780000,0x0000000782400000)
 ParOldGen       total 176640K, used 70239K [0x00000006c0000000, 0x00000006cac80000, 0x000000076ab00000)
  object space 176640K, 39% used [0x00000006c0000000,0x00000006c4497ea0,0x00000006cac80000)
 Metaspace       used 6041K, capacity 7024K, committed 7296K, reserved 1056768K
  class space    used 580K, capacity 616K, committed 640K, reserved 1048576K

Card table byte_map: [0x0000000011aa0000,0x00000000122b0000] byte_map_base: 0x000000000e4a0000

Marking Bits: (ParMarkBitMap*) 0x00000000567c18f0
 Begin Bits: [0x0000000013010000, 0x0000000017010000)
 End Bits:   [0x0000000017010000, 0x000000001b010000)

Polling page: 0x0000000001fa0000

CodeCache: size=245760Kb used=8547Kb max_used=8563Kb free=237212Kb
 bounds [0x00000000026e0000, 0x0000000002f50000, 0x00000000116e0000]
 total_blobs=1970 nmethods=1707 adapters=177
 compilation: enabled

Compilation events (10 events):
Event: 8.138 Thread 0x000000001c208000 1767       4       com.android.dx.ssa.BasicRegisterMapper::oldToNew (22 bytes)
Event: 8.139 Thread 0x000000001e18d800 nmethod 1766 0x0000000002ed0fd0 code [0x0000000002ed1140, 0x0000000002ed1408]
Event: 8.139 Thread 0x000000001e18d800 1768       3       com.android.dx.ssa.back.FirstFitLocalCombiningAllocator::getLocalItemForReg (97 bytes)
Event: 8.139 Thread 0x000000001c208000 nmethod 1767 0x0000000002ef1b10 code [0x0000000002ef1c40, 0x0000000002ef1cf8]
Event: 8.139 Thread 0x000000001e18d800 nmethod 1768 0x0000000002f0cf10 code [0x0000000002f0d160, 0x0000000002f0e0d8]
Event: 8.139 Thread 0x000000001e18d800 1769       3       java.util.TreeMap::entrySet (27 bytes)
Event: 8.139 Thread 0x000000001e18d800 nmethod 1769 0x0000000002ed0910 code [0x0000000002ed0a80, 0x0000000002ed0e30]
Event: 8.145 Thread 0x000000001e186800 1770       4       java.util.ArrayList::<init> (61 bytes)
Event: 8.146 Thread 0x000000001e186800 nmethod 1770 0x0000000002ed6f50 code [0x0000000002ed70a0, 0x0000000002ed71f8]
Event: 8.152 Thread 0x000000001c20c000 1771 %     4       com.android.dx.ssa.back.SsaToRop::removePhiFunctions @ 13 (83 bytes)

GC Heap History (10 events):
Event: 2.770 GC heap before
{Heap before GC invocations=2 (full 0):
 PSYoungGen      total 37888K, used 37876K [0x000000076ab00000, 0x000000076f500000, 0x00000007c0000000)
  eden space 32768K, 100% used [0x000000076ab00000,0x000000076cb00000,0x000000076cb00000)
  from space 5120K, 99% used [0x000000076cb00000,0x000000076cffd060,0x000000076d000000)
  to   space 5120K, 0% used [0x000000076f000000,0x000000076f000000,0x000000076f500000)
 ParOldGen       total 86016K, used 1579K [0x00000006c0000000, 0x00000006c5400000, 0x000000076ab00000)
  object space 86016K, 1% used [0x00000006c0000000,0x00000006c018ac80,0x00000006c5400000)
 Metaspace       used 5887K, capacity 6896K, committed 7040K, reserved 1056768K
  class space    used 577K, capacity 616K, committed 640K, reserved 1048576K
Event: 2.804 GC heap after
Heap after GC invocations=2 (full 0):
 PSYoungGen      total 70656K, used 5117K [0x000000076ab00000, 0x000000076f500000, 0x00000007c0000000)
  eden space 65536K, 0% used [0x000000076ab00000,0x000000076ab00000,0x000000076eb00000)
  from space 5120K, 99% used [0x000000076f000000,0x000000076f4ff7d8,0x000000076f500000)
  to   space 5120K, 0% used [0x000000076eb00000,0x000000076eb00000,0x000000076f000000)
 ParOldGen       total 86016K, used 15950K [0x00000006c0000000, 0x00000006c5400000, 0x000000076ab00000)
  object space 86016K, 18% used [0x00000006c0000000,0x00000006c0f939a0,0x00000006c5400000)
 Metaspace       used 5887K, capacity 6896K, committed 7040K, reserved 1056768K
  class space    used 577K, capacity 616K, committed 640K, reserved 1048576K
}
Event: 4.252 GC heap before
{Heap before GC invocations=3 (full 0):
 PSYoungGen      total 70656K, used 70653K [0x000000076ab00000, 0x000000076f500000, 0x00000007c0000000)
  eden space 65536K, 100% used [0x000000076ab00000,0x000000076eb00000,0x000000076eb00000)
  from space 5120K, 99% used [0x000000076f000000,0x000000076f4ff7d8,0x000000076f500000)
  to   space 5120K, 0% used [0x000000076eb00000,0x000000076eb00000,0x000000076f000000)
 ParOldGen       total 86016K, used 15950K [0x00000006c0000000, 0x00000006c5400000, 0x000000076ab00000)
  object space 86016K, 18% used [0x00000006c0000000,0x00000006c0f939a0,0x00000006c5400000)
 Metaspace       used 5972K, capacity 6960K, committed 7040K, reserved 1056768K
  class space    used 580K, capacity 616K, committed 640K, reserved 1048576K
Event: 4.370 GC heap after
Heap after GC invocations=3 (full 0):
 PSYoungGen      total 70656K, used 5090K [0x000000076ab00000, 0x0000000773500000, 0x00000007c0000000)
  eden space 65536K, 0% used [0x000000076ab00000,0x000000076ab00000,0x000000076eb00000)
  from space 5120K, 99% used [0x000000076eb00000,0x000000076eff88f8,0x000000076f000000)
  to   space 5120K, 0% used [0x0000000773000000,0x0000000773000000,0x0000000773500000)
 ParOldGen       total 86016K, used 34319K [0x00000006c0000000, 0x00000006c5400000, 0x000000076ab00000)
  object space 86016K, 39% used [0x00000006c0000000,0x00000006c2183de0,0x00000006c5400000)
 Metaspace       used 5972K, capacity 6960K, committed 7040K, reserved 1056768K
  class space    used 580K, capacity 616K, committed 640K, reserved 1048576K
}
Event: 5.092 GC heap before
{Heap before GC invocations=4 (full 0):
 PSYoungGen      total 70656K, used 70626K [0x000000076ab00000, 0x0000000773500000, 0x00000007c0000000)
  eden space 65536K, 100% used [0x000000076ab00000,0x000000076eb00000,0x000000076eb00000)
  from space 5120K, 99% used [0x000000076eb00000,0x000000076eff88f8,0x000000076f000000)
  to   space 5120K, 0% used [0x0000000773000000,0x0000000773000000,0x0000000773500000)
 ParOldGen       total 86016K, used 34319K [0x00000006c0000000, 0x00000006c5400000, 0x000000076ab00000)
  object space 86016K, 39% used [0x00000006c0000000,0x00000006c2183de0,0x00000006c5400000)
 Metaspace       used 6008K, capacity 7024K, committed 7296K, reserved 1056768K
  class space    used 580K, capacity 616K, committed 640K, reserved 1048576K
Event: 5.206 GC heap after
Heap after GC invocations=4 (full 0):
 PSYoungGen      total 136192K, used 5102K [0x000000076ab00000, 0x0000000773500000, 0x00000007c0000000)
  eden space 131072K, 0% used [0x000000076ab00000,0x000000076ab00000,0x0000000772b00000)
  from space 5120K, 99% used [0x0000000773000000,0x00000007734fbae0,0x0000000773500000)
  to   space 5120K, 0% used [0x0000000772b00000,0x0000000772b00000,0x0000000773000000)
 ParOldGen       total 86016K, used 55030K [0x00000006c0000000, 0x00000006c5400000, 0x000000076ab00000)
  object space 86016K, 63% used [0x00000006c0000000,0x00000006c35bd980,0x00000006c5400000)
 Metaspace       used 6008K, capacity 7024K, committed 7296K, reserved 1056768K
  class space    used 580K, capacity 616K, committed 640K, reserved 1048576K
}
Event: 6.660 GC heap before
{Heap before GC invocations=5 (full 0):
 PSYoungGen      total 136192K, used 136174K [0x000000076ab00000, 0x0000000773500000, 0x00000007c0000000)
  eden space 131072K, 100% used [0x000000076ab00000,0x0000000772b00000,0x0000000772b00000)
  from space 5120K, 99% used [0x0000000773000000,0x00000007734fbae0,0x0000000773500000)
  to   space 5120K, 0% used [0x0000000772b00000,0x0000000772b00000,0x0000000773000000)
 ParOldGen       total 86016K, used 55030K [0x00000006c0000000, 0x00000006c5400000, 0x000000076ab00000)
  object space 86016K, 63% used [0x00000006c0000000,0x00000006c35bd980,0x00000006c5400000)
 Metaspace       used 6035K, capacity 7024K, committed 7296K, reserved 1056768K
  class space    used 580K, capacity 616K, committed 640K, reserved 1048576K
Event: 6.984 GC heap after
Heap after GC invocations=5 (full 0):
 PSYoungGen      total 136192K, used 5104K [0x000000076ab00000, 0x0000000782400000, 0x00000007c0000000)
  eden space 131072K, 0% used [0x000000076ab00000,0x000000076ab00000,0x0000000772b00000)
  from space 5120K, 99% used [0x0000000772b00000,0x0000000772ffc280,0x0000000773000000)
  to   space 61952K, 0% used [0x000000077e780000,0x000000077e780000,0x0000000782400000)
 ParOldGen       total 115200K, used 114152K [0x00000006c0000000, 0x00000006c7080000, 0x000000076ab00000)
  object space 115200K, 99% used [0x00000006c0000000,0x00000006c6f7a328,0x00000006c7080000)
 Metaspace       used 6035K, capacity 7024K, committed 7296K, reserved 1056768K
  class space    used 580K, capacity 616K, committed 640K, reserved 1048576K
}
Event: 6.984 GC heap before
{Heap before GC invocations=6 (full 1):
 PSYoungGen      total 136192K, used 5104K [0x000000076ab00000, 0x0000000782400000, 0x00000007c0000000)
  eden space 131072K, 0% used [0x000000076ab00000,0x000000076ab00000,0x0000000772b00000)
  from space 5120K, 99% used [0x0000000772b00000,0x0000000772ffc280,0x0000000773000000)
  to   space 61952K, 0% used [0x000000077e780000,0x000000077e780000,0x0000000782400000)
 ParOldGen       total 115200K, used 114152K [0x00000006c0000000, 0x00000006c7080000, 0x000000076ab00000)
  object space 115200K, 99% used [0x00000006c0000000,0x00000006c6f7a328,0x00000006c7080000)
 Metaspace       used 6035K, capacity 7024K, committed 7296K, reserved 1056768K
  class space    used 580K, capacity 616K, committed 640K, reserved 1048576K
Event: 7.823 GC heap after
Heap after GC invocations=6 (full 1):
 PSYoungGen      total 136192K, used 0K [0x000000076ab00000, 0x0000000782400000, 0x00000007c0000000)
  eden space 131072K, 0% used [0x000000076ab00000,0x000000076ab00000,0x0000000772b00000)
  from space 5120K, 0% used [0x0000000772b00000,0x0000000772b00000,0x0000000773000000)
  to   space 61952K, 0% used [0x000000077e780000,0x000000077e780000,0x0000000782400000)
 ParOldGen       total 176640K, used 70239K [0x00000006c0000000, 0x00000006cac80000, 0x000000076ab00000)
  object space 176640K, 39% used [0x00000006c0000000,0x00000006c4497ea0,0x00000006cac80000)
 Metaspace       used 6035K, capacity 7024K, committed 7296K, reserved 1056768K
  class space    used 580K, capacity 616K, committed 640K, reserved 1048576K
}

Deoptimization events (10 events):
Event: 3.899 Thread 0x000000001e416800 Uncommon trap: reason=class_check action=maybe_recompile pc=0x0000000002a95d18 method=com.android.dx.ssa.back.InterferenceGraph.add(II)V @ 19
Event: 3.899 Thread 0x000000001e416800 Uncommon trap: reason=unstable_if action=reinterpret pc=0x0000000002a9c68c method=com.android.dx.util.IntList.binarysearch(I)I @ 105
Event: 3.899 Thread 0x000000001e416800 Uncommon trap: reason=class_check action=maybe_recompile pc=0x0000000002a95d18 method=com.android.dx.ssa.back.InterferenceGraph.add(II)V @ 19
Event: 3.899 Thread 0x000000001e416800 Uncommon trap: reason=class_check action=maybe_recompile pc=0x0000000002a95d18 method=com.android.dx.ssa.back.InterferenceGraph.add(II)V @ 19
Event: 4.173 Thread 0x00000000025e0800 Uncommon trap: reason=unstable_if action=reinterpret pc=0x0000000002901618 method=java.lang.String.<init>([CII)V @ 18
Event: 4.180 Thread 0x000000001e416800 Uncommon trap: reason=unstable_if action=reinterpret pc=0x0000000002bb47e0 method=com.android.dx.util.BitIntSet.has(I)Z @ 8
Event: 4.185 Thread 0x000000001e2f0000 Uncommon trap: reason=unstable_if action=reinterpret pc=0x0000000002bf0000 method=com.android.dx.cf.code.BytecodeArray.parseInstruction(ILcom/android/dx/cf/code/BytecodeArray$Visitor;)I @ 1198
Event: 5.389 Thread 0x000000001e2f0000 Uncommon trap: reason=unstable_if action=reinterpret pc=0x0000000002dcca44 method=java.util.BitSet.clone()Ljava/lang/Object; @ 4
Event: 5.429 Thread 0x00000000025e0800 Uncommon trap: reason=unstable_if action=reinterpret pc=0x00000000028fe0fc method=java.lang.String.<init>([CII)V @ 18
Event: 5.723 Thread 0x000000001e416800 Uncommon trap: reason=unstable_if action=reinterpret pc=0x0000000002bcb210 method=com.android.dx.ssa.SsaRenamer$BlockRenamer.addMapping(ILcom/android/dx/rop/code/RegisterSpec;)V @ 120

Internal exceptions (8 events):
Event: 0.026 Thread 0x00000000025e0800 Exception <a 'java/lang/NoSuchMethodError': Method sun.misc.Unsafe.defineClass(Ljava/lang/String;[BII)Ljava/lang/Class; name or signature does not match> (0x000000076ab07c78) thrown at [C:\src\android\AOSP-openjdk\external\jetbrains\jdk\hotspot\src\share\v˜&³ù‹-›?
Event: 0.027 Thread 0x00000000025e0800 Exception <a 'java/lang/NoSuchMethodError': Method sun.misc.Unsafe.prefetchRead(Ljava/lang/Object;J)V name or signature does not match> (0x000000076ab07f60) thrown at [C:\src\android\AOSP-openjdk\external\jetbrains\jdk\hotspot\src\share\vm\prims\jni.cpp, ljŠ˜"­«ð?
Event: 1.042 Thread 0x000000001e2e4000 Implicit null exception at 0x0000000002a73fca to 0x0000000002a758bd
Event: 1.042 Thread 0x000000001e2e4000 Implicit null exception at 0x0000000002a2ac7b to 0x0000000002a2d3b5
Event: 1.851 Thread 0x000000001e416800 Implicit null exception at 0x0000000002ae67e2 to 0x0000000002ae68e2
Event: 1.986 Thread 0x000000001e416800 Exception <a 'java/lang/ArrayIndexOutOfBoundsException': 18> (0x000000076b614928) thrown at [C:\src\android\AOSP-openjdk\external\jetbrains\jdk\hotspot\src\share\vm\interpreter\interpreterRuntime.cpp, line 366]
Event: 1.986 Thread 0x000000001e416800 Exception <a 'java/lang/ArrayIndexOutOfBoundsException': 145> (0x000000076b6164a8) thrown at [C:\src\android\AOSP-openjdk\external\jetbrains\jdk\hotspot\src\share\vm\interpreter\interpreterRuntime.cpp, line 366]
Event: 1.990 Thread 0x000000001e416800 Exception <a 'java/lang/ArrayIndexOutOfBoundsException'> (0x000000076b617790) thrown at [C:\src\android\AOSP-openjdk\external\jetbrains\jdk\hotspot\src\share\vm\runtime\sharedRuntime.cpp, line 605]

Events (10 events):
Event: 8.044 Executing VM operation: RevokeBias
Event: 8.044 Executing VM operation: RevokeBias done
Event: 8.045 Executing VM operation: RevokeBias
Event: 8.045 Executing VM operation: RevokeBias done
Event: 8.045 Executing VM operation: RevokeBias
Event: 8.045 Executing VM operation: RevokeBias done
Event: 8.045 Executing VM operation: RevokeBias
Event: 8.045 Executing VM operation: RevokeBias done
Event: 8.045 Executing VM operation: RevokeBias
Event: 8.045 Executing VM operation: RevokeBias done


Dynamic libraries:
0x00007ff6d92f0000 - 0x00007ff6d9321000 	E:\Android\AndroidStudio\jre\bin\java.exe
0x00007ffb56b50000 - 0x00007ffb56d12000 	C:\Windows\SYSTEM32\ntdll.dll
0x00007ffb564e0000 - 0x00007ffb5658d000 	C:\Windows\system32\KERNEL32.DLL
0x00007ffb53f80000 - 0x00007ffb5415d000 	C:\Windows\system32\KERNELBASE.dll
0x00007ffb56750000 - 0x00007ffb567f6000 	C:\Windows\system32\ADVAPI32.dll
0x00007ffb569f0000 - 0x00007ffb56a8d000 	C:\Windows\system32\msvcrt.dll
0x00007ffb56990000 - 0x00007ffb569eb000 	C:\Windows\system32\sechost.dll
0x00007ffb56800000 - 0x00007ffb56926000 	C:\Windows\system32\RPCRT4.dll
0x00007ffb56330000 - 0x00007ffb5647e000 	C:\Windows\system32\USER32.dll
0x00007ffb561a0000 - 0x00007ffb56325000 	C:\Windows\system32\GDI32.dll
0x00007ffb47510000 - 0x00007ffb47784000 	C:\Windows\WinSxS\amd64_microsoft.windows.common-controls_6595b64144ccf1df_6.0.10240.16384_none_f41f7b285750ef43\COMCTL32.dll
0x00007ffb54240000 - 0x00007ffb54276000 	C:\Windows\system32\IMM32.DLL
0x00007ffb54280000 - 0x00007ffb543dc000 	C:\Windows\system32\MSCTF.dll
0x0000000058270000 - 0x0000000058342000 	E:\Android\AndroidStudio\jre\jre\bin\msvcr100.dll
0x0000000056000000 - 0x000000005683c000 	E:\Android\AndroidStudio\jre\jre\bin\server\jvm.dll
0x00007ffb543e0000 - 0x00007ffb543e8000 	C:\Windows\system32\PSAPI.DLL
0x00007ffb48330000 - 0x00007ffb48339000 	C:\Windows\SYSTEM32\WSOCK32.dll
0x00007ffb515e0000 - 0x00007ffb51603000 	C:\Windows\SYSTEM32\WINMM.dll
0x00007ffb50a90000 - 0x00007ffb50a9a000 	C:\Windows\SYSTEM32\VERSION.dll
0x00007ffb51580000 - 0x00007ffb515ac000 	C:\Windows\SYSTEM32\WINMMBASE.dll
0x00007ffb53620000 - 0x00007ffb53664000 	C:\Windows\system32\cfgmgr32.dll
0x00007ffb51ea0000 - 0x00007ffb51ec7000 	C:\Windows\SYSTEM32\DEVOBJ.dll
0x00007ffb55da0000 - 0x00007ffb55e09000 	C:\Windows\system32\WS2_32.dll
0x00007ffb55e10000 - 0x00007ffb55e18000 	C:\Windows\system32\NSI.dll
0x00007ffb507b0000 - 0x00007ffb507bf000 	E:\Android\AndroidStudio\jre\jre\bin\verify.dll
0x00007ffb50330000 - 0x00007ffb50359000 	E:\Android\AndroidStudio\jre\jre\bin\java.dll
0x00007ffb500b0000 - 0x00007ffb500c6000 	E:\Android\AndroidStudio\jre\jre\bin\zip.dll
0x00007ffb54870000 - 0x00007ffb55d93000 	C:\Windows\system32\SHELL32.dll
0x00007ffb53670000 - 0x00007ffb53c99000 	C:\Windows\system32\windows.storage.dll
0x00007ffb543f0000 - 0x00007ffb5466c000 	C:\Windows\system32\combase.dll
0x00007ffb56930000 - 0x00007ffb56981000 	C:\Windows\system32\shlwapi.dll
0x00007ffb535f0000 - 0x00007ffb535ff000 	C:\Windows\system32\kernel.appcore.dll
0x00007ffb54160000 - 0x00007ffb54213000 	C:\Windows\system32\shcore.dll
0x00007ffb53580000 - 0x00007ffb535ca000 	C:\Windows\system32\powrprof.dll
0x00007ffb535d0000 - 0x00007ffb535e3000 	C:\Windows\system32\profapi.dll

VM Arguments:
jvm_args: -Djava.awt.headless=true -Xmx4g -Dfile.encoding=GBK -Duser.country=CN -Duser.language=zh -Duser.variant 
java_command: com.android.dx.command.Main --dex --force-jumbo --num-threads=4 --multi-dex --output E:\Android\AndroidProjects\shian_guwen\app\build\intermediates\transforms\dex\debug\folders\1000\5\slice_5 E:\Android\AndroidProjects\shian_guwen\app\build\intermediates\transforms\instantRunSlicer\debug\folders\1\5\slice_5
java_class_path (initial): E:\Android\AndroidSdk\build-tools\25.0.2\lib\dx.jar
Launcher Type: SUN_STANDARD

Environment Variables:
JAVA_HOME=C:\Program Files\Java\jdk1.7.0_71
CLASSPATH=C:\Program Files\Java\jdk1.7.0_71\lib
PATH=.;C:\Windows\system32;C:\Windows;C:\Windows\System32\Wbem;C:\Windows\System32\WindowsPowerShell\v1.0;C:\Program Files\Java\jdk1.7.0_71\bin
USERNAME=zm
OS=Windows_NT
PROCESSOR_IDENTIFIER=Intel64 Family 6 Model 158 Stepping 9, GenuineIntel



---------------  S Y S T E M  ---------------

OS: Windows 10.0 , 64 bit Build 10240 (10.0.10240.16384)

CPU:total 8 (4 cores per cpu, 2 threads per core) family 6 model 158 stepping 9, cmov, cx8, fxsr, mmx, sse, sse2, sse3, ssse3, sse4.1, sse4.2, popcnt, avx, avx2, aes, clmul, erms, rtm, 3dnowpref, lzcnt, ht, tsc, tscinvbit, bmi1, bmi2, adx

Memory: 4k page, physical 8250868k(263536k free), swap 14394868k(2284k free)

vm_info: OpenJDK 64-Bit Server VM (25.112-b06) for windows-amd64 JRE (1.8.0_112-release-b06), built on Dec  8 2016 00:54:26 by "builder" with MS VC++ 10.0 (VS2010)

time: Fri May 19 16:11:10 2017
elapsed time: 8 seconds (0d 0h 0m 8s)

