#
# There is insufficient memory for the Java Runtime Environment to continue.
# Native memory allocation (malloc) failed to allocate 1092496 bytes for Chunk::new
# Possible reasons:
#   The system is out of physical RAM or swap space
#   In 32 bit mode, the process size limit was hit
# Possible solutions:
#   Reduce memory load on the system
#   Increase physical memory or swap space
#   Check if swap backing store is full
#   Use 64 bit Java on a 64 bit OS
#   Decrease Java heap size (-Xmx/-Xms)
#   Decrease number of Java threads
#   Decrease Java thread stack sizes (-Xss)
#   Set larger code cache with -XX:ReservedCodeCacheSize=
# This output file may be truncated or incomplete.
#
#  Out of Memory Error (allocation.cpp:390), pid=232, tid=0x0000000000003770
#
# JRE version: OpenJDK Runtime Environment (8.0_76-b03) (build 1.8.0_76-release-b03)
# Java VM: OpenJDK 64-Bit Server VM (25.76-b03 mixed mode windows-amd64 compressed oops)
# Failed to write core dump. Minidumps are not enabled by default on client versions of Windows
#

---------------  T H R E A D  ---------------

Current thread (0x000000001c02c800):  JavaThread "C2 CompilerThread1" daemon [_thread_in_native, id=14192, stack(0x000000001e740000,0x000000001e840000)]

Stack: [0x000000001e740000,0x000000001e840000]
[error occurred during error reporting (printing stack bounds), id 0xc0000005]

Native frames: (J=compiled Java code, j=interpreted, Vv=VM code, C=native code)


Current CompileTask:
C2:   9547 2078   !   4       com.android.dx.cf.code.Ropper::processBlock (1101 bytes)


---------------  P R O C E S S  ---------------

Java Threads: ( => current thread )
  0x000000001e20d000 JavaThread "pool-2-thread-4" [_thread_in_Java, id=13008, stack(0x000000001f040000,0x000000001f140000)]
  0x000000001e209000 JavaThread "pool-2-thread-3" [_thread_in_Java, id=14572, stack(0x000000001ef40000,0x000000001f040000)]
  0x000000001e1f0800 JavaThread "pool-2-thread-2" [_thread_in_Java, id=13792, stack(0x000000001ee40000,0x000000001ef40000)]
  0x000000001e1ec000 JavaThread "pool-3-thread-1" [_thread_blocked, id=14408, stack(0x000000001ed40000,0x000000001ee40000)]
  0x000000001e006800 JavaThread "Service Thread" daemon [_thread_blocked, id=14896, stack(0x000000001ea40000,0x000000001eb40000)]
  0x000000001df72000 JavaThread "C1 CompilerThread3" daemon [_thread_blocked, id=11660, stack(0x000000001e940000,0x000000001ea40000)]
  0x000000001df6f800 JavaThread "C2 CompilerThread2" daemon [_thread_in_native, id=14936, stack(0x000000001e840000,0x000000001e940000)]
=>0x000000001c02c800 JavaThread "C2 CompilerThread1" daemon [_thread_in_native, id=14192, stack(0x000000001e740000,0x000000001e840000)]
  0x000000001df68000 JavaThread "C2 CompilerThread0" daemon [_thread_in_native, id=14892, stack(0x000000001e640000,0x000000001e740000)]
  0x000000001df67000 JavaThread "Attach Listener" daemon [_thread_blocked, id=1236, stack(0x000000001e540000,0x000000001e640000)]
  0x000000001df66800 JavaThread "Signal Dispatcher" daemon [_thread_blocked, id=15064, stack(0x000000001e440000,0x000000001e540000)]
  0x0000000002468800 JavaThread "Finalizer" daemon [_thread_blocked, id=12972, stack(0x000000001e2e0000,0x000000001e3e0000)]
  0x0000000002465000 JavaThread "Reference Handler" daemon [_thread_blocked, id=14968, stack(0x000000001dde0000,0x000000001dee0000)]
  0x0000000002370800 JavaThread "main" [_thread_blocked, id=7328, stack(0x0000000001ef0000,0x0000000001ff0000)]

Other Threads:
  0x000000001c017800 VMThread [stack: 0x000000001dce0000,0x000000001dde0000] [id=9128]
  0x000000001e007800 WatcherThread [stack: 0x000000001eb40000,0x000000001ec40000] [id=14492]

VM state:not at safepoint (normal execution)

VM Mutex/Monitor currently owned by a thread: None

Heap:
 PSYoungGen      total 136192K, used 10603K [0x000000076ab00000, 0x0000000773500000, 0x00000007c0000000)
  eden space 131072K, 4% used [0x000000076ab00000,0x000000076b060d10,0x0000000772b00000)
  from space 5120K, 99% used [0x0000000773000000,0x00000007734fa080,0x0000000773500000)
  to   space 5120K, 0% used [0x0000000772b00000,0x0000000772b00000,0x0000000773000000)
 ParOldGen       total 205824K, used 124132K [0x00000006c0000000, 0x00000006cc900000, 0x000000076ab00000)
  object space 205824K, 60% used [0x00000006c0000000,0x00000006c79390f8,0x00000006cc900000)
 Metaspace       used 5935K, capacity 7024K, committed 7296K, reserved 1056768K
  class space    used 562K, capacity 616K, committed 640K, reserved 1048576K

Card table byte_map: [0x0000000011870000,0x0000000012080000] byte_map_base: 0x000000000e270000

Marking Bits: (ParMarkBitMap*) 0x000000005f139d00
 Begin Bits: [0x0000000012de0000, 0x0000000016de0000)
 End Bits:   [0x0000000016de0000, 0x000000001ade0000)

Polling page: 0x0000000000790000

CodeCache: size=245760Kb used=9913Kb max_used=9927Kb free=235846Kb
 bounds [0x00000000024b0000, 0x0000000002e70000, 0x00000000114b0000]
 total_blobs=2226 nmethods=1963 adapters=177
 compilation: enabled

Compilation events (10 events):
Event: 9.248 Thread 0x000000001df72000 2077       3       com.android.dx.rop.cst.CstInterfaceMethodRef::toMethodRef (31 bytes)
Event: 9.248 Thread 0x000000001df72000 nmethod 2077 0x0000000002e43c10 code [0x0000000002e43da0, 0x0000000002e44438]
Event: 9.259 Thread 0x000000001c02c800 nmethod 2059% 0x0000000002e4efd0 code [0x0000000002e4f1e0, 0x0000000002e50588]
Event: 9.259 Thread 0x000000001c02c800 2078   !   4       com.android.dx.cf.code.Ropper::processBlock (1101 bytes)
Event: 9.262 Thread 0x000000001df68000 nmethod 2052% 0x0000000002e5c2d0 code [0x0000000002e5c520, 0x0000000002e5d390]
Event: 9.262 Thread 0x000000001df68000 2069       4       com.android.dx.rop.type.Type::isIntlike (56 bytes)
Event: 9.262 Thread 0x000000001df68000 nmethod 2069 0x0000000002c56910 code [0x0000000002c56a40, 0x0000000002c56ab8]
Event: 9.334 Thread 0x000000001df6f800 nmethod 2073 0x0000000002e628d0 code [0x0000000002e62c00, 0x0000000002e653b0]
Event: 9.339 Thread 0x000000001df68000 2079       4       com.android.dx.ssa.SsaMethod::forEachBlockDepthFirstDom (128 bytes)
Event: 9.359 Thread 0x000000001df68000 nmethod 2079 0x0000000002e600d0 code [0x0000000002e602e0, 0x0000000002e61188]

GC Heap History (10 events):
Event: 4.725 GC heap after
Heap after GC invocations=3 (full 0):
 PSYoungGen      total 70656K, used 5090K [0x000000076ab00000, 0x0000000773500000, 0x00000007c0000000)
  eden space 65536K, 0% used [0x000000076ab00000,0x000000076ab00000,0x000000076eb00000)
  from space 5120K, 99% used [0x000000076eb00000,0x000000076eff8b50,0x000000076f000000)
  to   space 5120K, 0% used [0x0000000773000000,0x0000000773000000,0x0000000773500000)
 ParOldGen       total 86016K, used 36819K [0x00000006c0000000, 0x00000006c5400000, 0x000000076ab00000)
  object space 86016K, 42% used [0x00000006c0000000,0x00000006c23f4ed8,0x00000006c5400000)
 Metaspace       used 5784K, capacity 6960K, committed 7040K, reserved 1056768K
  class space    used 560K, capacity 616K, committed 640K, reserved 1048576K
}
Event: 5.629 GC heap before
{Heap before GC invocations=4 (full 0):
 PSYoungGen      total 70656K, used 70626K [0x000000076ab00000, 0x0000000773500000, 0x00000007c0000000)
  eden space 65536K, 100% used [0x000000076ab00000,0x000000076eb00000,0x000000076eb00000)
  from space 5120K, 99% used [0x000000076eb00000,0x000000076eff8b50,0x000000076f000000)
  to   space 5120K, 0% used [0x0000000773000000,0x0000000773000000,0x0000000773500000)
 ParOldGen       total 86016K, used 36819K [0x00000006c0000000, 0x00000006c5400000, 0x000000076ab00000)
  object space 86016K, 42% used [0x00000006c0000000,0x00000006c23f4ed8,0x00000006c5400000)
 Metaspace       used 5823K, capacity 6960K, committed 7040K, reserved 1056768K
  class space    used 560K, capacity 616K, committed 640K, reserved 1048576K
Event: 5.798 GC heap after
Heap after GC invocations=4 (full 0):
 PSYoungGen      total 136192K, used 5090K [0x000000076ab00000, 0x0000000773500000, 0x00000007c0000000)
  eden space 131072K, 0% used [0x000000076ab00000,0x000000076ab00000,0x0000000772b00000)
  from space 5120K, 99% used [0x0000000773000000,0x00000007734f8b50,0x0000000773500000)
  to   space 5120K, 0% used [0x0000000772b00000,0x0000000772b00000,0x0000000773000000)
 ParOldGen       total 86016K, used 58639K [0x00000006c0000000, 0x00000006c5400000, 0x000000076ab00000)
  object space 86016K, 68% used [0x00000006c0000000,0x00000006c3943e28,0x00000006c5400000)
 Metaspace       used 5823K, capacity 6960K, committed 7040K, reserved 1056768K
  class space    used 560K, capacity 616K, committed 640K, reserved 1048576K
}
Event: 5.798 GC heap before
{Heap before GC invocations=5 (full 1):
 PSYoungGen      total 136192K, used 5090K [0x000000076ab00000, 0x0000000773500000, 0x00000007c0000000)
  eden space 131072K, 0% used [0x000000076ab00000,0x000000076ab00000,0x0000000772b00000)
  from space 5120K, 99% used [0x0000000773000000,0x00000007734f8b50,0x0000000773500000)
  to   space 5120K, 0% used [0x0000000772b00000,0x0000000772b00000,0x0000000773000000)
 ParOldGen       total 86016K, used 58639K [0x00000006c0000000, 0x00000006c5400000, 0x000000076ab00000)
  object space 86016K, 68% used [0x00000006c0000000,0x00000006c3943e28,0x00000006c5400000)
 Metaspace       used 5823K, capacity 6960K, committed 7040K, reserved 1056768K
  class space    used 560K, capacity 616K, committed 640K, reserved 1048576K
Event: 6.622 GC heap after
Heap after GC invocations=5 (full 1):
 PSYoungGen      total 136192K, used 0K [0x000000076ab00000, 0x0000000773500000, 0x00000007c0000000)
  eden space 131072K, 0% used [0x000000076ab00000,0x000000076ab00000,0x0000000772b00000)
  from space 5120K, 0% used [0x0000000773000000,0x0000000773000000,0x0000000773500000)
  to   space 5120K, 0% used [0x0000000772b00000,0x0000000772b00000,0x0000000773000000)
 ParOldGen       total 115200K, used 38963K [0x00000006c0000000, 0x00000006c7080000, 0x000000076ab00000)
  object space 115200K, 33% used [0x00000006c0000000,0x00000006c260cc30,0x00000006c7080000)
 Metaspace       used 5823K, capacity 6960K, committed 7040K, reserved 1056768K
  class space    used 560K, capacity 616K, committed 640K, reserved 1048576K
}
Event: 7.935 GC heap before
{Heap before GC invocations=6 (full 1):
 PSYoungGen      total 136192K, used 131072K [0x000000076ab00000, 0x0000000773500000, 0x00000007c0000000)
  eden space 131072K, 100% used [0x000000076ab00000,0x0000000772b00000,0x0000000772b00000)
  from space 5120K, 0% used [0x0000000773000000,0x0000000773000000,0x0000000773500000)
  to   space 5120K, 0% used [0x0000000772b00000,0x0000000772b00000,0x0000000773000000)
 ParOldGen       total 115200K, used 38963K [0x00000006c0000000, 0x00000006c7080000, 0x000000076ab00000)
  object space 115200K, 33% used [0x00000006c0000000,0x00000006c260cc30,0x00000006c7080000)
 Metaspace       used 5848K, capacity 6960K, committed 7040K, reserved 1056768K
  class space    used 560K, capacity 616K, committed 640K, reserved 1048576K
Event: 8.230 GC heap after
Heap after GC invocations=6 (full 1):
 PSYoungGen      total 136192K, used 5096K [0x000000076ab00000, 0x0000000773500000, 0x00000007c0000000)
  eden space 131072K, 0% used [0x000000076ab00000,0x000000076ab00000,0x0000000772b00000)
  from space 5120K, 99% used [0x0000000772b00000,0x0000000772ffa030,0x0000000773000000)
  to   space 5120K, 0% used [0x0000000773000000,0x0000000773000000,0x0000000773500000)
 ParOldGen       total 115200K, used 95224K [0x00000006c0000000, 0x00000006c7080000, 0x000000076ab00000)
  object space 115200K, 82% used [0x00000006c0000000,0x00000006c5cfe010,0x00000006c7080000)
 Metaspace       used 5848K, capacity 6960K, committed 7040K, reserved 1056768K
  class space    used 560K, capacity 616K, committed 640K, reserved 1048576K
}
Event: 8.230 GC heap before
{Heap before GC invocations=7 (full 2):
 PSYoungGen      total 136192K, used 5096K [0x000000076ab00000, 0x0000000773500000, 0x00000007c0000000)
  eden space 131072K, 0% used [0x000000076ab00000,0x000000076ab00000,0x0000000772b00000)
  from space 5120K, 99% used [0x0000000772b00000,0x0000000772ffa030,0x0000000773000000)
  to   space 5120K, 0% used [0x0000000773000000,0x0000000773000000,0x0000000773500000)
 ParOldGen       total 115200K, used 95224K [0x00000006c0000000, 0x00000006c7080000, 0x000000076ab00000)
  object space 115200K, 82% used [0x00000006c0000000,0x00000006c5cfe010,0x00000006c7080000)
 Metaspace       used 5848K, capacity 6960K, committed 7040K, reserved 1056768K
  class space    used 560K, capacity 616K, committed 640K, reserved 1048576K
Event: 8.583 GC heap after
Heap after GC invocations=7 (full 2):
 PSYoungGen      total 136192K, used 0K [0x000000076ab00000, 0x0000000773500000, 0x00000007c0000000)
  eden space 131072K, 0% used [0x000000076ab00000,0x000000076ab00000,0x0000000772b00000)
  from space 5120K, 0% used [0x0000000772b00000,0x0000000772b00000,0x0000000773000000)
  to   space 5120K, 0% used [0x0000000773000000,0x0000000773000000,0x0000000773500000)
 ParOldGen       total 205824K, used 80531K [0x00000006c0000000, 0x00000006cc900000, 0x000000076ab00000)
  object space 205824K, 39% used [0x00000006c0000000,0x00000006c4ea4e98,0x00000006cc900000)
 Metaspace       used 5848K, capacity 6960K, committed 7040K, reserved 1056768K
  class space    used 560K, capacity 616K, committed 640K, reserved 1048576K
}
Event: 9.396 GC heap before
{Heap before GC invocations=8 (full 2):
 PSYoungGen      total 136192K, used 131072K [0x000000076ab00000, 0x0000000773500000, 0x00000007c0000000)
  eden space 131072K, 100% used [0x000000076ab00000,0x0000000772b00000,0x0000000772b00000)
  from space 5120K, 0% used [0x0000000772b00000,0x0000000772b00000,0x0000000773000000)
  to   space 5120K, 0% used [0x0000000773000000,0x0000000773000000,0x0000000773500000)
 ParOldGen       total 205824K, used 80531K [0x00000006c0000000, 0x00000006cc900000, 0x000000076ab00000)
  object space 205824K, 39% used [0x00000006c0000000,0x00000006c4ea4e98,0x00000006cc900000)
 Metaspace       used 5935K, capacity 7024K, committed 7296K, reserved 1056768K
  class space    used 562K, capacity 616K, committed 640K, reserved 1048576K

Deoptimization events (10 events):
Event: 9.184 Thread 0x000000001e20d000 Uncommon trap: reason=unstable_if action=reinterpret pc=0x0000000002d04384 method=com.android.dx.ssa.LiteralOpUpgrader$1.visitNonMoveInsn(Lcom/android/dx/ssa/NormalSsaInsn;)V @ 55
Event: 9.185 Thread 0x000000001e20d000 Uncommon trap: reason=unstable_if action=reinterpret pc=0x00000000028f115c method=com.android.dx.ssa.SsaMethod.updateOneDefinition(Lcom/android/dx/ssa/SsaInsn;Lcom/android/dx/rop/code/RegisterSpec;)V @ 4
Event: 9.185 Thread 0x000000001e20d000 Uncommon trap: reason=unstable_if action=reinterpret pc=0x0000000002da7400 method=com.android.dx.ssa.back.IdenticalBlockCombiner.process()Lcom/android/dx/rop/code/RopMethod; @ 207
Event: 9.185 Thread 0x000000001e20d000 Uncommon trap: reason=unstable_if action=reinterpret pc=0x0000000002bb6420 method=com.android.dx.ssa.back.IdenticalBlockCombiner.combineBlocks(ILcom/android/dx/util/IntList;)V @ 11
Event: 9.185 Thread 0x000000001e20d000 Uncommon trap: reason=unstable_if action=reinterpret pc=0x0000000002a1ecbc method=com.android.dx.rop.code.Insn.equalsHandleNulls(Ljava/lang/Object;Ljava/lang/Object;)Z @ 14
Event: 9.186 Thread 0x000000001e20d000 Uncommon trap: reason=unstable_if action=reinterpret pc=0x0000000002d95a34 method=com.android.dx.rop.code.LocalVariableExtractor.processBlock(I)V @ 195
Event: 9.186 Thread 0x000000001e20d000 Uncommon trap: reason=unstable_if action=reinterpret pc=0x0000000002dc0a84 method=com.android.dx.dex.code.RopTranslator.pickOrder()V @ 143
Event: 9.195 Thread 0x000000001e20d000 Uncommon trap: reason=unstable_if action=reinterpret pc=0x0000000002d8754c method=com.android.dx.util.MutabilityControl.isImmutable()Z @ 4
Event: 9.239 Thread 0x000000001e209000 Uncommon trap: reason=bimorphic action=maybe_recompile pc=0x00000000029e3f30 method=com.android.dx.ssa.SCCP.setLatticeValueTo(IILcom/android/dx/rop/cst/Constant;)Z @ 43
Event: 9.239 Thread 0x000000001e209000 Uncommon trap: reason=bimorphic action=maybe_recompile pc=0x00000000029e3f30 method=com.android.dx.ssa.SCCP.setLatticeValueTo(IILcom/android/dx/rop/cst/Constant;)Z @ 43

Internal exceptions (2 events):
Event: 0.024 Thread 0x0000000002370800 Exception <a 'java/lang/NoSuchMethodError': Method sun.misc.Unsafe.defineClass(Ljava/lang/String;[BII)Ljava/lang/Class; name or signature does not match> (0x000000076ab07cc0) thrown at [C:\src\android\AOSP-openjdk\external\jetbrains\jdk\hotspot\src\share\vWBð­]˜?
Event: 0.024 Thread 0x0000000002370800 Exception <a 'java/lang/NoSuchMethodError': Method sun.misc.Unsafe.prefetchRead(Ljava/lang/Object;J)V name or signature does not match> (0x000000076ab07fa8) thrown at [C:\src\android\AOSP-openjdk\external\jetbrains\jdk\hotspot\src\share\vm\prims\jni.cpp, l

Events (10 events):
Event: 9.239 Thread 0x000000001e209000 Uncommon trap: trap_request=0xffffffc6 fr.pc=0x00000000029e3f30
Event: 9.239 Thread 0x000000001e209000 DEOPT PACKING pc=0x00000000029e3f30 sp=0x000000001f03eba0
Event: 9.239 Thread 0x000000001e209000 DEOPT UNPACKING pc=0x00000000024f556a sp=0x000000001f03eae8 mode 2
Event: 9.246 loading class java/util/HashMap$KeySet
Event: 9.247 loading class java/util/HashMap$KeySet done
Event: 9.247 loading class java/util/HashMap$KeyIterator
Event: 9.247 loading class java/util/HashMap$KeyIterator done
Event: 9.339 Thread 0x000000001e1f0800 DEOPT PACKING pc=0x0000000002b2a485 sp=0x000000001ef3e630
Event: 9.339 Thread 0x000000001e1f0800 DEOPT UNPACKING pc=0x00000000024f75bf sp=0x000000001ef3e410 mode 0
Event: 9.376 Executing VM operation: ParallelGCFailedAllocation


Dynamic libraries:
0x00007ff6854e0000 - 0x00007ff685511000 	E:\Android\AndroidStudio\jre\bin\java.exe
0x00007ffff49f0000 - 0x00007ffff4bb2000 	C:\Windows\SYSTEM32\ntdll.dll
0x00007ffff4550000 - 0x00007ffff45fd000 	C:\Windows\system32\KERNEL32.DLL
0x00007ffff1ee0000 - 0x00007ffff20bd000 	C:\Windows\system32\KERNELBASE.dll
0x00007ffff2190000 - 0x00007ffff2236000 	C:\Windows\system32\ADVAPI32.dll
0x00007ffff2730000 - 0x00007ffff27cd000 	C:\Windows\system32\msvcrt.dll
0x00007ffff20c0000 - 0x00007ffff211b000 	C:\Windows\system32\sechost.dll
0x00007ffff4750000 - 0x00007ffff4876000 	C:\Windows\system32\RPCRT4.dll
0x00007ffff4600000 - 0x00007ffff474e000 	C:\Windows\system32\USER32.dll
0x00007ffff2cd0000 - 0x00007ffff2e55000 	C:\Windows\system32\GDI32.dll
0x00007fffe59d0000 - 0x00007fffe5c44000 	C:\Windows\WinSxS\amd64_microsoft.windows.common-controls_6595b64144ccf1df_6.0.10240.16384_none_f41f7b285750ef43\COMCTL32.dll
0x00007ffff49b0000 - 0x00007ffff49e6000 	C:\Windows\system32\IMM32.DLL
0x00007ffff2b50000 - 0x00007ffff2cac000 	C:\Windows\system32\MSCTF.dll
0x000000005e790000 - 0x000000005e862000 	E:\Android\AndroidStudio\jre\jre\bin\msvcr100.dll
0x000000005e980000 - 0x000000005f1b4000 	E:\Android\AndroidStudio\jre\jre\bin\server\jvm.dll
0x00007ffff2180000 - 0x00007ffff2188000 	C:\Windows\system32\PSAPI.DLL
0x00007fffee6a0000 - 0x00007fffee6aa000 	C:\Windows\SYSTEM32\VERSION.dll
0x00007fffef760000 - 0x00007fffef783000 	C:\Windows\SYSTEM32\WINMM.dll
0x00007fffefb00000 - 0x00007fffefb09000 	C:\Windows\SYSTEM32\WSOCK32.dll
0x00007ffff4880000 - 0x00007ffff48e9000 	C:\Windows\system32\WS2_32.dll
0x00007ffff2b40000 - 0x00007ffff2b48000 	C:\Windows\system32\NSI.dll
0x00007fffef620000 - 0x00007fffef64c000 	C:\Windows\SYSTEM32\WINMMBASE.dll
0x00007ffff1570000 - 0x00007ffff15b4000 	C:\Windows\system32\cfgmgr32.dll
0x00007fffefd40000 - 0x00007fffefd67000 	C:\Windows\SYSTEM32\DEVOBJ.dll
0x00007fffef210000 - 0x00007fffef21f000 	E:\Android\AndroidStudio\jre\jre\bin\verify.dll
0x00007fffedb50000 - 0x00007fffedb79000 	E:\Android\AndroidStudio\jre\jre\bin\java.dll
0x00007fffedb30000 - 0x00007fffedb46000 	E:\Android\AndroidStudio\jre\jre\bin\zip.dll
0x00007ffff2fb0000 - 0x00007ffff44d3000 	C:\Windows\system32\SHELL32.dll
0x00007ffff1850000 - 0x00007ffff1e79000 	C:\Windows\system32\windows.storage.dll
0x00007ffff2240000 - 0x00007ffff24bc000 	C:\Windows\system32\combase.dll
0x00007ffff2120000 - 0x00007ffff2171000 	C:\Windows\system32\shlwapi.dll
0x00007ffff14b0000 - 0x00007ffff14bf000 	C:\Windows\system32\kernel.appcore.dll
0x00007ffff1790000 - 0x00007ffff1843000 	C:\Windows\system32\shcore.dll
0x00007ffff1420000 - 0x00007ffff146a000 	C:\Windows\system32\powrprof.dll
0x00007ffff1470000 - 0x00007ffff1483000 	C:\Windows\system32\profapi.dll

VM Arguments:
jvm_args: -Djava.awt.headless=true -Xmx4g -Dfile.encoding=GBK -Duser.country=CN -Duser.language=zh -Duser.variant 
java_command: com.android.dx.command.Main --dex --force-jumbo --num-threads=4 --multi-dex --output E:\Android\AndroidProjects\shian_guwen\app\build\intermediates\transforms\dex\debug\folders\1000\5\slice_6 E:\Android\AndroidProjects\shian_guwen\app\build\intermediates\transforms\instantRunSlicer\debug\folders\1\5\slice_6
java_class_path (initial): E:\Android\AndroidSdk\build-tools\25.0.1\lib\dx.jar
Launcher Type: SUN_STANDARD

Environment Variables:
JAVA_HOME=C:\Program Files\Java\jdk1.7.0_71
CLASSPATH=C:\Program Files\Java\jdk1.7.0_71\lib
PATH=.;C:\Windows\system32;C:\Windows;C:\Windows\System32\Wbem;C:\Windows\System32\WindowsPowerShell\v1.0;C:\Program Files\Java\jdk1.7.0_71\bin
USERNAME=Administrator
OS=Windows_NT
PROCESSOR_IDENTIFIER=Intel64 Family 6 Model 158 Stepping 9, GenuineIntel



---------------  S Y S T E M  ---------------

OS: Windows 10.0 , 64 bit Build 10240 (10.0.10240.16384)

CPU:total 8 (4 cores per cpu, 2 threads per core) family 6 model 158 stepping 9, cmov, cx8, fxsr, mmx, sse, sse2, sse3, ssse3, sse4.1, sse4.2, popcnt, avx, avx2, aes, clmul, erms, rtm, 3dnowpref, lzcnt, ht, tsc, tscinvbit, bmi1, bmi2, adx

Memory: 4k page, physical 8250868k(926472k free), swap 10348020k(4712k free)

vm_info: OpenJDK 64-Bit Server VM (25.76-b03) for windows-amd64 JRE (1.8.0_76-release-b03), built on Jun 29 2016 19:09:20 by "ralucas" with MS VC++ 10.0 (VS2010)

time: Sun Mar 05 10:33:16 2017
elapsed time: 9 seconds (0d 0h 0m 9s)

