#
# There is insufficient memory for the Java Runtime Environment to continue.
# Native memory allocation (malloc) failed to allocate 1948592 bytes for Chunk::new
# Possible reasons:
#   The system is out of physical RAM or swap space
#   In 32 bit mode, the process size limit was hit
# Possible solutions:
#   Reduce memory load on the system
#   Increase physical memory or swap space
#   Check if swap backing store is full
#   Use 64 bit Java on a 64 bit OS
#   Decrease Java heap size (-Xmx/-Xms)
#   Decrease number of Java threads
#   Decrease Java thread stack sizes (-Xss)
#   Set larger code cache with -XX:ReservedCodeCacheSize=
# This output file may be truncated or incomplete.
#
#  Out of Memory Error (allocation.cpp:390), pid=1796, tid=0x000000000000145c
#
# JRE version: OpenJDK Runtime Environment (8.0_76-b03) (build 1.8.0_76-release-b03)
# Java VM: OpenJDK 64-Bit Server VM (25.76-b03 mixed mode windows-amd64 compressed oops)
# Failed to write core dump. Minidumps are not enabled by default on client versions of Windows
#

---------------  T H R E A D  ---------------

Current thread (0x000000001eedc800):  JavaThread "C2 CompilerThread2" daemon [_thread_in_native, id=5212, stack(0x000000001f7c0000,0x000000001f8c0000)]

Stack: [0x000000001f7c0000,0x000000001f8c0000]
[error occurred during error reporting (printing stack bounds), id 0xc0000005]

Native frames: (J=compiled Java code, j=interpreted, Vv=VM code, C=native code)


Current CompileTask:
C2:  13926 3176   !   4       com.android.dx.dex.cf.CfTranslator::processMethods (583 bytes)


---------------  P R O C E S S  ---------------

Java Threads: ( => current thread )
  0x000000001fe46000 JavaThread "pool-1-thread-2" [_thread_in_Java, id=10496, stack(0x0000000021390000,0x0000000021490000)]
  0x00000000237cb000 JavaThread "pool-1-thread-1" [_thread_in_Java, id=13532, stack(0x0000000022860000,0x0000000022960000)]
  0x000000001ef6c800 JavaThread "Service Thread" daemon [_thread_blocked, id=9044, stack(0x000000001f9c0000,0x000000001fac0000)]
  0x000000001eee3800 JavaThread "C1 CompilerThread3" daemon [_thread_in_native, id=9208, stack(0x000000001f8c0000,0x000000001f9c0000)]
=>0x000000001eedc800 JavaThread "C2 CompilerThread2" daemon [_thread_in_native, id=5212, stack(0x000000001f7c0000,0x000000001f8c0000)]
  0x000000001cf8c800 JavaThread "C2 CompilerThread1" daemon [_thread_in_native, id=13596, stack(0x000000001f6c0000,0x000000001f7c0000)]
  0x000000001eed8000 JavaThread "C2 CompilerThread0" daemon [_thread_in_native, id=8440, stack(0x000000001f5c0000,0x000000001f6c0000)]
  0x000000001eed7000 JavaThread "Attach Listener" daemon [_thread_blocked, id=12084, stack(0x000000001f4c0000,0x000000001f5c0000)]
  0x000000001eed6800 JavaThread "Signal Dispatcher" daemon [_thread_blocked, id=5656, stack(0x000000001f3c0000,0x000000001f4c0000)]
  0x0000000003408800 JavaThread "Finalizer" daemon [_thread_blocked, id=13400, stack(0x000000001f250000,0x000000001f350000)]
  0x000000001cf7b800 JavaThread "Reference Handler" daemon [_thread_blocked, id=13984, stack(0x000000001ed50000,0x000000001ee50000)]
  0x0000000003312800 JavaThread "main" [_thread_blocked, id=9380, stack(0x0000000003210000,0x0000000003310000)]

Other Threads:
  0x000000001cf77000 VMThread [stack: 0x000000001ec50000,0x000000001ed50000] [id=6204]
  0x000000001ef75800 WatcherThread [stack: 0x000000001fac0000,0x000000001fbc0000] [id=12764]

VM state:not at safepoint (normal execution)

VM Mutex/Monitor currently owned by a thread: None

Heap:
 PSYoungGen      total 954880K, used 359216K [0x000000076ab00000, 0x00000007ba800000, 0x00000007c0000000)
  eden space 675840K, 11% used [0x000000076ab00000,0x000000076f94d218,0x0000000793f00000)
  from space 279040K, 99% used [0x00000007a9780000,0x00000007ba7fedf0,0x00000007ba800000)
  to   space 257024K, 0% used [0x0000000793f00000,0x0000000793f00000,0x00000007a3a00000)
 ParOldGen       total 832000K, used 566579K [0x00000006c0000000, 0x00000006f2c80000, 0x000000076ab00000)
  object space 832000K, 68% used [0x00000006c0000000,0x00000006e294ceb8,0x00000006f2c80000)
 Metaspace       used 6967K, capacity 7576K, committed 7936K, reserved 1056768K
  class space    used 622K, capacity 656K, committed 768K, reserved 1048576K

Card table byte_map: [0x00000000127d0000,0x0000000012fe0000] byte_map_base: 0x000000000f1d0000

Marking Bits: (ParMarkBitMap*) 0x0000000068b59d00
 Begin Bits: [0x0000000013d40000, 0x0000000017d40000)
 End Bits:   [0x0000000017d40000, 0x000000001bd40000)

Polling page: 0x0000000002e10000

CodeCache: size=245760Kb used=11523Kb max_used=15508Kb free=234236Kb
 bounds [0x0000000003410000, 0x0000000004350000, 0x0000000012410000]
 total_blobs=2901 nmethods=2629 adapters=185
 compilation: enabled

Compilation events (10 events):
Event: 13.889 Thread 0x000000001eee3800 nmethod 3332 0x00000000037e7a10 code [0x00000000037e7bc0, 0x00000000037e82f8]
Event: 13.889 Thread 0x000000001eee3800 3333       3       com.android.dx.rop.code.RegisterSpecSet::findMatchingLocal (49 bytes)
Event: 13.889 Thread 0x000000001eee3800 nmethod 3333 0x00000000037ecc90 code [0x00000000037ece20, 0x00000000037ed1e8]
Event: 13.890 Thread 0x000000001eee3800 3335       3       com.android.dx.dex.code.form.Form21c::isCompatible (150 bytes)
Event: 13.890 Thread 0x000000001eee3800 nmethod 3335 0x000000000373d550 code [0x000000000373d7a0, 0x000000000373ed98]
Event: 13.890 Thread 0x000000001eee3800 3336       2       java.util.ComparableTimSort::countRunAndMakeAscending (123 bytes)
Event: 13.891 Thread 0x000000001eee3800 nmethod 3336 0x00000000038ac590 code [0x00000000038ac760, 0x00000000038acde8]
Event: 13.891 Thread 0x000000001eee3800 3337       3       com.android.dx.dex.code.LocalList$MakeState::startLocal (266 bytes)
Event: 13.893 Thread 0x000000001eee3800 nmethod 3337 0x00000000037bd350 code [0x00000000037bd7c0, 0x00000000037c0218]
Event: 13.893 Thread 0x000000001eee3800 3340       3       com.android.dx.dex.code.form.Form11x::isCompatible (40 bytes)

GC Heap History (10 events):
Event: 8.902 GC heap before
{Heap before GC invocations=18 (full 3):
 PSYoungGen      total 769024K, used 709795K [0x000000076ab00000, 0x00000007a8700000, 0x00000007c0000000)
  eden space 590336K, 100% used [0x000000076ab00000,0x000000078eb80000,0x000000078eb80000)
  from space 178688K, 66% used [0x000000079ab80000,0x00000007a2028fa8,0x00000007a5a00000)
  to   space 196608K, 0% used [0x000000078eb80000,0x000000078eb80000,0x000000079ab80000)
 ParOldGen       total 549888K, used 346103K [0x00000006c0000000, 0x00000006e1900000, 0x000000076ab00000)
  object space 549888K, 62% used [0x00000006c0000000,0x00000006d51fddb8,0x00000006e1900000)
 Metaspace       used 6675K, capacity 7284K, committed 7552K, reserved 1056768K
  class space    used 604K, capacity 620K, committed 640K, reserved 1048576K
Event: 9.051 GC heap after
Heap after GC invocations=18 (full 3):
 PSYoungGen      total 786944K, used 196592K [0x000000076ab00000, 0x00000007b1f00000, 0x00000007c0000000)
  eden space 590336K, 0% used [0x000000076ab00000,0x000000076ab00000,0x000000078eb80000)
  from space 196608K, 99% used [0x000000078eb80000,0x000000079ab7c140,0x000000079ab80000)
  to   space 234496K, 0% used [0x00000007a3a00000,0x00000007a3a00000,0x00000007b1f00000)
 ParOldGen       total 549888K, used 356227K [0x00000006c0000000, 0x00000006e1900000, 0x000000076ab00000)
  object space 549888K, 64% used [0x00000006c0000000,0x00000006d5be0ec0,0x00000006e1900000)
 Metaspace       used 6675K, capacity 7284K, committed 7552K, reserved 1056768K
  class space    used 604K, capacity 620K, committed 640K, reserved 1048576K
}
Event: 9.663 GC heap before
{Heap before GC invocations=19 (full 3):
 PSYoungGen      total 786944K, used 786928K [0x000000076ab00000, 0x00000007b1f00000, 0x00000007c0000000)
  eden space 590336K, 100% used [0x000000076ab00000,0x000000078eb80000,0x000000078eb80000)
  from space 196608K, 99% used [0x000000078eb80000,0x000000079ab7c140,0x000000079ab80000)
  to   space 234496K, 0% used [0x00000007a3a00000,0x00000007a3a00000,0x00000007b1f00000)
 ParOldGen       total 549888K, used 356227K [0x00000006c0000000, 0x00000006e1900000, 0x000000076ab00000)
  object space 549888K, 64% used [0x00000006c0000000,0x00000006d5be0ec0,0x00000006e1900000)
 Metaspace       used 6679K, capacity 7284K, committed 7552K, reserved 1056768K
  class space    used 604K, capacity 620K, committed 640K, reserved 1048576K
Event: 9.864 GC heap after
Heap after GC invocations=19 (full 3):
 PSYoungGen      total 910336K, used 186380K [0x000000076ab00000, 0x00000007b5e80000, 0x00000007c0000000)
  eden space 675840K, 0% used [0x000000076ab00000,0x000000076ab00000,0x0000000793f00000)
  from space 234496K, 79% used [0x00000007a3a00000,0x00000007af0030e0,0x00000007b1f00000)
  to   space 257024K, 0% used [0x0000000793f00000,0x0000000793f00000,0x00000007a3a00000)
 ParOldGen       total 549888K, used 468086K [0x00000006c0000000, 0x00000006e1900000, 0x000000076ab00000)
  object space 549888K, 85% used [0x00000006c0000000,0x00000006dc91db00,0x00000006e1900000)
 Metaspace       used 6679K, capacity 7284K, committed 7552K, reserved 1056768K
  class space    used 604K, capacity 620K, committed 640K, reserved 1048576K
}
Event: 9.864 GC heap before
{Heap before GC invocations=20 (full 4):
 PSYoungGen      total 910336K, used 186380K [0x000000076ab00000, 0x00000007b5e80000, 0x00000007c0000000)
  eden space 675840K, 0% used [0x000000076ab00000,0x000000076ab00000,0x0000000793f00000)
  from space 234496K, 79% used [0x00000007a3a00000,0x00000007af0030e0,0x00000007b1f00000)
  to   space 257024K, 0% used [0x0000000793f00000,0x0000000793f00000,0x00000007a3a00000)
 ParOldGen       total 549888K, used 468086K [0x00000006c0000000, 0x00000006e1900000, 0x000000076ab00000)
  object space 549888K, 85% used [0x00000006c0000000,0x00000006dc91db00,0x00000006e1900000)
 Metaspace       used 6679K, capacity 7284K, committed 7552K, reserved 1056768K
  class space    used 604K, capacity 620K, committed 640K, reserved 1048576K
Event: 11.701 GC heap after
Heap after GC invocations=20 (full 4):
 PSYoungGen      total 910336K, used 96651K [0x000000076ab00000, 0x00000007b5e80000, 0x00000007c0000000)
  eden space 675840K, 0% used [0x000000076ab00000,0x000000076ab00000,0x0000000793f00000)
  from space 234496K, 41% used [0x00000007a3a00000,0x00000007a9862eb0,0x00000007b1f00000)
  to   space 257024K, 0% used [0x0000000793f00000,0x0000000793f00000,0x00000007a3a00000)
 ParOldGen       total 832000K, used 549883K [0x00000006c0000000, 0x00000006f2c80000, 0x000000076ab00000)
  object space 832000K, 66% used [0x00000006c0000000,0x00000006e18feed0,0x00000006f2c80000)
 Metaspace       used 6679K, capacity 7284K, committed 7552K, reserved 1056768K
  class space    used 604K, capacity 620K, committed 640K, reserved 1048576K
}
Event: 12.511 GC heap before
{Heap before GC invocations=21 (full 4):
 PSYoungGen      total 910336K, used 772491K [0x000000076ab00000, 0x00000007b5e80000, 0x00000007c0000000)
  eden space 675840K, 100% used [0x000000076ab00000,0x0000000793f00000,0x0000000793f00000)
  from space 234496K, 41% used [0x00000007a3a00000,0x00000007a9862eb0,0x00000007b1f00000)
  to   space 257024K, 0% used [0x0000000793f00000,0x0000000793f00000,0x00000007a3a00000)
 ParOldGen       total 832000K, used 549883K [0x00000006c0000000, 0x00000006f2c80000, 0x000000076ab00000)
  object space 832000K, 66% used [0x00000006c0000000,0x00000006e18feed0,0x00000006f2c80000)
 Metaspace       used 6679K, capacity 7284K, committed 7552K, reserved 1056768K
  class space    used 604K, capacity 620K, committed 640K, reserved 1048576K
Event: 12.660 GC heap after
Heap after GC invocations=21 (full 4):
 PSYoungGen      total 932864K, used 198385K [0x000000076ab00000, 0x00000007ba800000, 0x00000007c0000000)
  eden space 675840K, 0% used [0x000000076ab00000,0x000000076ab00000,0x0000000793f00000)
  from space 257024K, 77% used [0x0000000793f00000,0x00000007a00bc4f0,0x00000007a3a00000)
  to   space 279040K, 0% used [0x00000007a9780000,0x00000007a9780000,0x00000007ba800000)
 ParOldGen       total 832000K, used 549883K [0x00000006c0000000, 0x00000006f2c80000, 0x000000076ab00000)
  object space 832000K, 66% used [0x00000006c0000000,0x00000006e18feed0,0x00000006f2c80000)
 Metaspace       used 6679K, capacity 7284K, committed 7552K, reserved 1056768K
  class space    used 604K, capacity 620K, committed 640K, reserved 1048576K
}
Event: 13.524 GC heap before
{Heap before GC invocations=22 (full 4):
 PSYoungGen      total 932864K, used 874225K [0x000000076ab00000, 0x00000007ba800000, 0x00000007c0000000)
  eden space 675840K, 100% used [0x000000076ab00000,0x0000000793f00000,0x0000000793f00000)
  from space 257024K, 77% used [0x0000000793f00000,0x00000007a00bc4f0,0x00000007a3a00000)
  to   space 279040K, 0% used [0x00000007a9780000,0x00000007a9780000,0x00000007ba800000)
 ParOldGen       total 832000K, used 549883K [0x00000006c0000000, 0x00000006f2c80000, 0x000000076ab00000)
  object space 832000K, 66% used [0x00000006c0000000,0x00000006e18feed0,0x00000006f2c80000)
 Metaspace       used 6786K, capacity 7384K, committed 7680K, reserved 1056768K
  class space    used 610K, capacity 656K, committed 768K, reserved 1048576K
Event: 13.669 GC heap after
Heap after GC invocations=22 (full 4):
 PSYoungGen      total 954880K, used 279035K [0x000000076ab00000, 0x00000007ba800000, 0x00000007c0000000)
  eden space 675840K, 0% used [0x000000076ab00000,0x000000076ab00000,0x0000000793f00000)
  from space 279040K, 99% used [0x00000007a9780000,0x00000007ba7fedf0,0x00000007ba800000)
  to   space 257024K, 0% used [0x0000000793f00000,0x0000000793f00000,0x00000007a3a00000)
 ParOldGen       total 832000K, used 566579K [0x00000006c0000000, 0x00000006f2c80000, 0x000000076ab00000)
  object space 832000K, 68% used [0x00000006c0000000,0x00000006e294ceb8,0x00000006f2c80000)
 Metaspace       used 6786K, capacity 7384K, committed 7680K, reserved 1056768K
  class space    used 610K, capacity 656K, committed 768K, reserved 1048576K
}

Deoptimization events (10 events):
Event: 13.873 Thread 0x000000001fe46000 Uncommon trap: reason=speculate_class_check action=maybe_recompile pc=0x00000000037b1cf0 method=com.android.dx.util.FixedSizeList.equals(Ljava/lang/Object;)Z @ 25
Event: 13.873 Thread 0x000000001fe46000 Uncommon trap: reason=class_check action=maybe_recompile pc=0x000000000379b2a4 method=java.util.Arrays.equals([Ljava/lang/Object;[Ljava/lang/Object;)Z @ 62
Event: 13.873 Thread 0x000000001fe46000 Uncommon trap: reason=speculate_class_check action=maybe_recompile pc=0x00000000037b1cf0 method=com.android.dx.util.FixedSizeList.equals(Ljava/lang/Object;)Z @ 25
Event: 13.873 Thread 0x000000001fe46000 Uncommon trap: reason=class_check action=maybe_recompile pc=0x000000000379b2a4 method=java.util.Arrays.equals([Ljava/lang/Object;[Ljava/lang/Object;)Z @ 62
Event: 13.873 Thread 0x000000001fe46000 Uncommon trap: reason=speculate_class_check action=maybe_recompile pc=0x00000000037b1cf0 method=com.android.dx.util.FixedSizeList.equals(Ljava/lang/Object;)Z @ 25
Event: 13.873 Thread 0x000000001fe46000 Uncommon trap: reason=class_check action=maybe_recompile pc=0x000000000379b2a4 method=java.util.Arrays.equals([Ljava/lang/Object;[Ljava/lang/Object;)Z @ 62
Event: 13.873 Thread 0x000000001fe46000 Uncommon trap: reason=speculate_class_check action=maybe_recompile pc=0x00000000037b1cf0 method=com.android.dx.util.FixedSizeList.equals(Ljava/lang/Object;)Z @ 25
Event: 13.873 Thread 0x000000001fe46000 Uncommon trap: reason=unstable_if action=reinterpret pc=0x000000000379b27c method=java.util.Arrays.equals([Ljava/lang/Object;[Ljava/lang/Object;)Z @ 23
Event: 13.880 Thread 0x000000001fe46000 Uncommon trap: reason=unstable_if action=reinterpret pc=0x0000000003caa834 method=java.util.TreeMap.put(Ljava/lang/Object;Ljava/lang/Object;)Ljava/lang/Object; @ 163
Event: 13.881 Thread 0x000000001fe46000 Uncommon trap: reason=predicate action=maybe_recompile pc=0x0000000003a965ac method=java.util.ComparableTimSort.binarySort([Ljava/lang/Object;III)V @ 37

Internal exceptions (10 events):
Event: 0.381 Thread 0x000000001fea6000 Implicit null exception at 0x000000000376542e to 0x0000000003767ae1
Event: 0.386 Thread 0x000000001fea6000 Implicit null exception at 0x00000000036cbae2 to 0x00000000036cbbe2
Event: 0.723 Thread 0x00000000202c2800 Exception <a 'java/lang/ArrayIndexOutOfBoundsException': 18> (0x000000076f6fd558) thrown at [C:\src\android\AOSP-openjdk\external\jetbrains\jdk\hotspot\src\share\vm\interpreter\interpreterRuntime.cpp, line 366]
Event: 0.723 Thread 0x00000000202c2800 Exception <a 'java/lang/ArrayIndexOutOfBoundsException': 145> (0x000000076f6ff0d8) thrown at [C:\src\android\AOSP-openjdk\external\jetbrains\jdk\hotspot\src\share\vm\interpreter\interpreterRuntime.cpp, line 366]
Event: 0.723 Thread 0x00000000202c2800 Exception <a 'java/lang/ArrayIndexOutOfBoundsException'> (0x000000076f7003c0) thrown at [C:\src\android\AOSP-openjdk\external\jetbrains\jdk\hotspot\src\share\vm\runtime\sharedRuntime.cpp, line 605]
Event: 1.974 Thread 0x0000000003312800 Implicit null exception at 0x0000000003589958 to 0x000000000358a2d1
Event: 2.438 Thread 0x000000001fea6000 Implicit null exception at 0x00000000039a4bd9 to 0x00000000039a66a9
Event: 5.931 Thread 0x00000000202c2800 Implicit null exception at 0x0000000004024680 to 0x00000000040253ad
Event: 9.598 Thread 0x00000000202c2800 Implicit null exception at 0x0000000004170a4c to 0x0000000004170b52
Event: 12.069 Thread 0x000000001fe46000 Implicit null exception at 0x0000000003aa8208 to 0x0000000003aaa021

Events (10 events):
Event: 13.873 loading class com/android/dx/dex/code/CatchTable$Entry
Event: 13.873 loading class com/android/dx/dex/code/CatchTable$Entry done
Event: 13.873 loading class com/android/dx/util/ByteArrayAnnotatedOutput
Event: 13.873 loading class com/android/dx/util/ByteArrayAnnotatedOutput done
Event: 13.880 Thread 0x000000001fe46000 Uncommon trap: trap_request=0xffffff65 fr.pc=0x0000000003caa834
Event: 13.880 Thread 0x000000001fe46000 DEOPT PACKING pc=0x0000000003caa834 sp=0x000000002148e930
Event: 13.880 Thread 0x000000001fe46000 DEOPT UNPACKING pc=0x000000000345556a sp=0x000000002148e910 mode 2
Event: 13.881 Thread 0x000000001fe46000 Uncommon trap: trap_request=0xffffff86 fr.pc=0x0000000003a965ac
Event: 13.881 Thread 0x000000001fe46000 DEOPT PACKING pc=0x0000000003a965ac sp=0x000000002148e610
Event: 13.881 Thread 0x000000001fe46000 DEOPT UNPACKING pc=0x000000000345556a sp=0x000000002148e5f0 mode 2


Dynamic libraries:
0x00007ff63a110000 - 0x00007ff63a141000 	E:\Android\AndroidStudio\jre\bin\java.exe
0x00007ffab3810000 - 0x00007ffab39d2000 	C:\Windows\SYSTEM32\ntdll.dll
0x00007ffab3620000 - 0x00007ffab36cd000 	C:\Windows\system32\KERNEL32.DLL
0x00007ffab0ca0000 - 0x00007ffab0e7d000 	C:\Windows\system32\KERNELBASE.dll
0x00007ffab31f0000 - 0x00007ffab3296000 	C:\Windows\system32\ADVAPI32.dll
0x00007ffab3020000 - 0x00007ffab30bd000 	C:\Windows\system32\msvcrt.dll
0x00007ffab3730000 - 0x00007ffab378b000 	C:\Windows\system32\sechost.dll
0x00007ffab30c0000 - 0x00007ffab31e6000 	C:\Windows\system32\RPCRT4.dll
0x00007ffab2680000 - 0x00007ffab27ce000 	C:\Windows\system32\USER32.dll
0x00007ffab2410000 - 0x00007ffab2595000 	C:\Windows\system32\GDI32.dll
0x00007ffaa4e30000 - 0x00007ffaa50a4000 	C:\Windows\WinSxS\amd64_microsoft.windows.common-controls_6595b64144ccf1df_6.0.10240.16384_none_f41f7b285750ef43\COMCTL32.dll
0x00007ffab2dd0000 - 0x00007ffab2e06000 	C:\Windows\system32\IMM32.DLL
0x00007ffab2ec0000 - 0x00007ffab301c000 	C:\Windows\system32\MSCTF.dll
0x00000000681e0000 - 0x00000000682b2000 	E:\Android\AndroidStudio\jre\jre\bin\msvcr100.dll
0x00000000683a0000 - 0x0000000068bd4000 	E:\Android\AndroidStudio\jre\jre\bin\server\jvm.dll
0x00007ffab3320000 - 0x00007ffab3328000 	C:\Windows\system32\PSAPI.DLL
0x00007ffaabe60000 - 0x00007ffaabe69000 	C:\Windows\SYSTEM32\WSOCK32.dll
0x00007ffaa9a50000 - 0x00007ffaa9a5a000 	C:\Windows\SYSTEM32\VERSION.dll
0x00007ffaae4d0000 - 0x00007ffaae4f3000 	C:\Windows\SYSTEM32\WINMM.dll
0x00007ffab32b0000 - 0x00007ffab3319000 	C:\Windows\system32\WS2_32.dll
0x00007ffab32a0000 - 0x00007ffab32a8000 	C:\Windows\system32\NSI.dll
0x00000000031a0000 - 0x00000000031cc000 	C:\Windows\SYSTEM32\WINMMBASE.dll
0x00007ffab02e0000 - 0x00007ffab0324000 	C:\Windows\system32\cfgmgr32.dll
0x00007ffaaeaf0000 - 0x00007ffaaeb17000 	C:\Windows\SYSTEM32\DEVOBJ.dll
0x00007ffaabe50000 - 0x00007ffaabe5f000 	E:\Android\AndroidStudio\jre\jre\bin\verify.dll
0x00007ffaabe20000 - 0x00007ffaabe49000 	E:\Android\AndroidStudio\jre\jre\bin\java.dll
0x00007ffaabe00000 - 0x00007ffaabe16000 	E:\Android\AndroidStudio\jre\jre\bin\zip.dll
0x00007ffab0ee0000 - 0x00007ffab2403000 	C:\Windows\system32\SHELL32.dll
0x00007ffab05b0000 - 0x00007ffab0bd9000 	C:\Windows\system32\windows.storage.dll
0x00007ffab2830000 - 0x00007ffab2aac000 	C:\Windows\system32\combase.dll
0x00007ffab3330000 - 0x00007ffab3381000 	C:\Windows\system32\shlwapi.dll
0x00007ffab02d0000 - 0x00007ffab02df000 	C:\Windows\system32\kernel.appcore.dll
0x00007ffab0be0000 - 0x00007ffab0c93000 	C:\Windows\system32\shcore.dll
0x00007ffab0240000 - 0x00007ffab028a000 	C:\Windows\system32\powrprof.dll
0x00007ffab02b0000 - 0x00007ffab02c3000 	C:\Windows\system32\profapi.dll

VM Arguments:
jvm_args: -Djava.awt.headless=true -Xmx4g -Dfile.encoding=GBK -Duser.country=CN -Duser.language=zh -Duser.variant 
java_command: com.android.dx.command.Main --dex --num-threads=4 --multi-dex --main-dex-list E:\Android\AndroidProjects\shian_guwen\app\build\intermediates\multi-dex\debug\maindexlist.txt --output E:\Android\AndroidProjects\shian_guwen\app\build\intermediates\transforms\dex\debug\folders\1000\1f\main E:\Android\AndroidProjects\shian_guwen\app\build\intermediates\transforms\jarMerging\debug\jars\1\1f\combined.jar
java_class_path (initial): E:\Android\AndroidSdk\build-tools\25.0.1\lib\dx.jar
Launcher Type: SUN_STANDARD

Environment Variables:
JAVA_HOME=C:\Program Files\Java\jdk1.7.0_71
CLASSPATH=C:\Program Files\Java\jdk1.7.0_71\lib
PATH=.;C:\Windows\system32;C:\Windows;C:\Windows\System32\Wbem;C:\Windows\System32\WindowsPowerShell\v1.0;C:\Program Files\Java\jdk1.7.0_71\bin
USERNAME=Administrator
OS=Windows_NT
PROCESSOR_IDENTIFIER=Intel64 Family 6 Model 158 Stepping 9, GenuineIntel



---------------  S Y S T E M  ---------------

OS: Windows 10.0 , 64 bit Build 10240 (10.0.10240.16384)

CPU:total 8 (4 cores per cpu, 2 threads per core) family 6 model 158 stepping 9, cmov, cx8, fxsr, mmx, sse, sse2, sse3, ssse3, sse4.1, sse4.2, popcnt, avx, avx2, aes, clmul, erms, rtm, 3dnowpref, lzcnt, ht, tsc, tscinvbit, bmi1, bmi2, adx

Memory: 4k page, physical 8250868k(909588k free), swap 10348000k(6504k free)

vm_info: OpenJDK 64-Bit Server VM (25.76-b03) for windows-amd64 JRE (1.8.0_76-release-b03), built on Jun 29 2016 19:09:20 by "ralucas" with MS VC++ 10.0 (VS2010)

time: Fri Mar 03 19:00:23 2017
elapsed time: 13 seconds (0d 0h 0m 13s)

