#
# There is insufficient memory for the Java Runtime Environment to continue.
# Native memory allocation (malloc) failed to allocate 32744 bytes for ChunkPool::allocate
# Possible reasons:
#   The system is out of physical RAM or swap space
#   In 32 bit mode, the process size limit was hit
# Possible solutions:
#   Reduce memory load on the system
#   Increase physical memory or swap space
#   Check if swap backing store is full
#   Use 64 bit Java on a 64 bit OS
#   Decrease Java heap size (-Xmx/-Xms)
#   Decrease number of Java threads
#   Decrease Java thread stack sizes (-Xss)
#   Set larger code cache with -XX:ReservedCodeCacheSize=
# This output file may be truncated or incomplete.
#
#  Out of Memory Error (allocation.cpp:273), pid=12424, tid=0x0000000000001e00
#
# JRE version: OpenJDK Runtime Environment (8.0_76-b03) (build 1.8.0_76-release-b03)
# Java VM: OpenJDK 64-Bit Server VM (25.76-b03 mixed mode windows-amd64 compressed oops)
# Failed to write core dump. Minidumps are not enabled by default on client versions of Windows
#

---------------  T H R E A D  ---------------

Current thread (0x000000001e497000):  JavaThread "C2 CompilerThread1" daemon [_thread_in_native, id=7680, stack(0x000000001ec10000,0x000000001ed10000)]

Stack: [0x000000001ec10000,0x000000001ed10000]
[error occurred during error reporting (printing stack bounds), id 0xc0000005]

Native frames: (J=compiled Java code, j=interpreted, Vv=VM code, C=native code)


Current CompileTask:
C2:  12463 2876       4       com.android.dx.util.Hex::u2 (44 bytes)


---------------  P R O C E S S  ---------------

Java Threads: ( => current thread )
  0x000000001f467800 JavaThread "pool-2-thread-4" [_thread_blocked, id=13016, stack(0x0000000020ce0000,0x0000000020de0000)]
  0x000000001f8f1000 JavaThread "pool-2-thread-3" [_thread_in_Java, id=9080, stack(0x0000000020be0000,0x0000000020ce0000)]
  0x000000001f8f0800 JavaThread "pool-2-thread-2" [_thread_in_Java, id=10828, stack(0x0000000020ae0000,0x0000000020be0000)]
  0x000000001f8b1000 JavaThread "pool-3-thread-1" [_thread_blocked, id=13104, stack(0x00000000209e0000,0x0000000020ae0000)]
  0x000000001f63d800 JavaThread "pool-2-thread-1" [_thread_blocked, id=6916, stack(0x00000000208e0000,0x00000000209e0000)]
  0x000000001e52a000 JavaThread "Service Thread" daemon [_thread_blocked, id=14216, stack(0x000000001ef10000,0x000000001f010000)]
  0x000000001e4a4000 JavaThread "C1 CompilerThread3" daemon [_thread_in_native, id=8708, stack(0x000000001ee10000,0x000000001ef10000)]
  0x000000001e49a000 JavaThread "C2 CompilerThread2" daemon [_thread_in_native, id=10936, stack(0x000000001ed10000,0x000000001ee10000)]
=>0x000000001e497000 JavaThread "C2 CompilerThread1" daemon [_thread_in_native, id=7680, stack(0x000000001ec10000,0x000000001ed10000)]
  0x000000001e493800 JavaThread "C2 CompilerThread0" daemon [_thread_in_vm, id=14040, stack(0x000000001eb10000,0x000000001ec10000)]
  0x000000001e492800 JavaThread "Attach Listener" daemon [_thread_blocked, id=13932, stack(0x000000001ea10000,0x000000001eb10000)]
  0x000000001e446800 JavaThread "Signal Dispatcher" daemon [_thread_blocked, id=11936, stack(0x000000001e910000,0x000000001ea10000)]
  0x000000000296e000 JavaThread "Finalizer" daemon [_thread_blocked, id=13380, stack(0x000000001e810000,0x000000001e910000)]
  0x0000000002965000 JavaThread "Reference Handler" daemon [_thread_blocked, id=8876, stack(0x000000001e310000,0x000000001e410000)]
  0x0000000002872800 JavaThread "main" [_thread_blocked, id=7800, stack(0x0000000002390000,0x0000000002490000)]

Other Threads:
  0x000000001c547800 VMThread [stack: 0x000000001e210000,0x000000001e310000] [id=12540]
  0x000000001e53a800 WatcherThread [stack: 0x000000001f010000,0x000000001f110000] [id=14088]

VM state:not at safepoint (normal execution)

VM Mutex/Monitor currently owned by a thread: None

Heap:
 PSYoungGen      total 940544K, used 213490K [0x000000076ab00000, 0x00000007b6180000, 0x00000007c0000000)
  eden space 681984K, 2% used [0x000000076ab00000,0x000000076bac85e0,0x0000000794500000)
  from space 258560K, 76% used [0x0000000794500000,0x00000007a05b4538,0x00000007a4180000)
  to   space 236544K, 0% used [0x00000007a4180000,0x00000007a4180000,0x00000007b2880000)
 ParOldGen       total 836608K, used 553445K [0x00000006c0000000, 0x00000006f3100000, 0x000000076ab00000)
  object space 836608K, 66% used [0x00000006c0000000,0x00000006e1c79740,0x00000006f3100000)
 Metaspace       used 6676K, capacity 7284K, committed 7552K, reserved 1056768K
  class space    used 604K, capacity 620K, committed 640K, reserved 1048576K

Card table byte_map: [0x0000000011df0000,0x0000000012600000] byte_map_base: 0x000000000e7f0000

Marking Bits: (ParMarkBitMap*) 0x0000000068b59d00
 Begin Bits: [0x0000000013360000, 0x0000000017360000)
 End Bits:   [0x0000000017360000, 0x000000001b360000)

Polling page: 0x0000000000c50000

CodeCache: size=245760Kb used=14517Kb max_used=14552Kb free=231242Kb
 bounds [0x0000000002a30000, 0x0000000003890000, 0x0000000011a30000]
 total_blobs=3089 nmethods=2817 adapters=185
 compilation: enabled

Compilation events (10 events):
Event: 12.238 Thread 0x000000001e4a4000 2917 %     3       com.android.dx.ssa.back.FirstFitLocalCombiningAllocator::ssaSetToSpecs @ 24 (57 bytes)
Event: 12.239 Thread 0x000000001e4a4000 nmethod 2917% 0x000000000385d610 code [0x000000000385d8c0, 0x000000000385ecb8]
Event: 12.241 Thread 0x000000001e4a4000 2918       3       com.android.dx.ssa.back.FirstFitLocalCombiningAllocator::ssaSetToSpecs (57 bytes)
Event: 12.242 Thread 0x000000001e4a4000 nmethod 2918 0x0000000003865f10 code [0x00000000038661c0, 0x0000000003867478]
Event: 12.273 Thread 0x000000001e497000 nmethod 2874 0x0000000002b6fb90 code [0x0000000002b6fd20, 0x0000000002b707e8]
Event: 12.273 Thread 0x000000001e497000 2916       4       com.android.dx.ssa.InterferenceRegisterMapper::areAnyPinned (81 bytes)
Event: 12.456 Thread 0x000000001e497000 nmethod 2916 0x00000000037fd090 code [0x00000000037fd200, 0x00000000037fd698]
Event: 12.456 Thread 0x000000001e497000 2829       4       sun.nio.cs.UTF_8$Encoder::encode (359 bytes)
Event: 12.459 Thread 0x000000001e497000 nmethod 2829 0x0000000002b65610 code [0x0000000002b65760, 0x0000000002b659b8]
Event: 12.459 Thread 0x000000001e497000 2876       4       com.android.dx.util.Hex::u2 (44 bytes)

GC Heap History (10 events):
Event: 6.820 GC heap before
{Heap before GC invocations=17 (full 3):
 PSYoungGen      total 770560K, used 145989K [0x000000076ab00000, 0x00000007a8200000, 0x00000007c0000000)
  eden space 589824K, 0% used [0x000000076ab00000,0x000000076ab00000,0x000000078eb00000)
  from space 180736K, 80% used [0x000000079ae00000,0x00000007a3c91440,0x00000007a5e80000)
  to   space 199680K, 0% used [0x000000078eb00000,0x000000078eb00000,0x000000079ae00000)
 ParOldGen       total 349696K, used 337005K [0x00000006c0000000, 0x00000006d5580000, 0x000000076ab00000)
  object space 349696K, 96% used [0x00000006c0000000,0x00000006d491b570,0x00000006d5580000)
 Metaspace       used 6669K, capacity 7284K, committed 7552K, reserved 1056768K
  class space    used 603K, capacity 620K, committed 640K, reserved 1048576K
Event: 8.176 GC heap after
Heap after GC invocations=17 (full 3):
 PSYoungGen      total 770560K, used 120574K [0x000000076ab00000, 0x00000007a8200000, 0x00000007c0000000)
  eden space 589824K, 0% used [0x000000076ab00000,0x000000076ab00000,0x000000078eb00000)
  from space 180736K, 66% used [0x000000079ae00000,0x00000007a23bf928,0x00000007a5e80000)
  to   space 199680K, 0% used [0x000000078eb00000,0x000000078eb00000,0x000000079ae00000)
 ParOldGen       total 553472K, used 349635K [0x00000006c0000000, 0x00000006e1c80000, 0x000000076ab00000)
  object space 553472K, 63% used [0x00000006c0000000,0x00000006d5570c30,0x00000006e1c80000)
 Metaspace       used 6669K, capacity 7284K, committed 7552K, reserved 1056768K
  class space    used 603K, capacity 620K, committed 640K, reserved 1048576K
}
Event: 8.805 GC heap before
{Heap before GC invocations=18 (full 3):
 PSYoungGen      total 770560K, used 710398K [0x000000076ab00000, 0x00000007a8200000, 0x00000007c0000000)
  eden space 589824K, 100% used [0x000000076ab00000,0x000000078eb00000,0x000000078eb00000)
  from space 180736K, 66% used [0x000000079ae00000,0x00000007a23bf928,0x00000007a5e80000)
  to   space 199680K, 0% used [0x000000078eb00000,0x000000078eb00000,0x000000079ae00000)
 ParOldGen       total 553472K, used 349635K [0x00000006c0000000, 0x00000006e1c80000, 0x000000076ab00000)
  object space 553472K, 63% used [0x00000006c0000000,0x00000006d5570c30,0x00000006e1c80000)
 Metaspace       used 6669K, capacity 7284K, committed 7552K, reserved 1056768K
  class space    used 603K, capacity 620K, committed 640K, reserved 1048576K
Event: 8.952 GC heap after
Heap after GC invocations=18 (full 3):
 PSYoungGen      total 789504K, used 199667K [0x000000076ab00000, 0x00000007b2880000, 0x00000007c0000000)
  eden space 589824K, 0% used [0x000000076ab00000,0x000000076ab00000,0x000000078eb00000)
  from space 199680K, 99% used [0x000000078eb00000,0x000000079adfcce0,0x000000079ae00000)
  to   space 236544K, 0% used [0x00000007a4180000,0x00000007a4180000,0x00000007b2880000)
 ParOldGen       total 553472K, used 355532K [0x00000006c0000000, 0x00000006e1c80000, 0x000000076ab00000)
  object space 553472K, 64% used [0x00000006c0000000,0x00000006d5b333c0,0x00000006e1c80000)
 Metaspace       used 6669K, capacity 7284K, committed 7552K, reserved 1056768K
  class space    used 603K, capacity 620K, committed 640K, reserved 1048576K
}
Event: 9.680 GC heap before
{Heap before GC invocations=19 (full 3):
 PSYoungGen      total 789504K, used 789491K [0x000000076ab00000, 0x00000007b2880000, 0x00000007c0000000)
  eden space 589824K, 100% used [0x000000076ab00000,0x000000078eb00000,0x000000078eb00000)
  from space 199680K, 99% used [0x000000078eb00000,0x000000079adfcce0,0x000000079ae00000)
  to   space 236544K, 0% used [0x00000007a4180000,0x00000007a4180000,0x00000007b2880000)
 ParOldGen       total 553472K, used 355532K [0x00000006c0000000, 0x00000006e1c80000, 0x000000076ab00000)
  object space 553472K, 64% used [0x00000006c0000000,0x00000006d5b333c0,0x00000006e1c80000)
 Metaspace       used 6674K, capacity 7284K, committed 7552K, reserved 1056768K
  class space    used 604K, capacity 620K, committed 640K, reserved 1048576K
Event: 9.866 GC heap after
Heap after GC invocations=19 (full 3):
 PSYoungGen      total 918528K, used 186091K [0x000000076ab00000, 0x00000007b6180000, 0x00000007c0000000)
  eden space 681984K, 0% used [0x000000076ab00000,0x000000076ab00000,0x0000000794500000)
  from space 236544K, 78% used [0x00000007a4180000,0x00000007af73ac90,0x00000007b2880000)
  to   space 258560K, 0% used [0x0000000794500000,0x0000000794500000,0x00000007a4180000)
 ParOldGen       total 553472K, used 469644K [0x00000006c0000000, 0x00000006e1c80000, 0x000000076ab00000)
  object space 553472K, 84% used [0x00000006c0000000,0x00000006dcaa3280,0x00000006e1c80000)
 Metaspace       used 6674K, capacity 7284K, committed 7552K, reserved 1056768K
  class space    used 604K, capacity 620K, committed 640K, reserved 1048576K
}
Event: 9.866 GC heap before
{Heap before GC invocations=20 (full 4):
 PSYoungGen      total 918528K, used 186091K [0x000000076ab00000, 0x00000007b6180000, 0x00000007c0000000)
  eden space 681984K, 0% used [0x000000076ab00000,0x000000076ab00000,0x0000000794500000)
  from space 236544K, 78% used [0x00000007a4180000,0x00000007af73ac90,0x00000007b2880000)
  to   space 258560K, 0% used [0x0000000794500000,0x0000000794500000,0x00000007a4180000)
 ParOldGen       total 553472K, used 469644K [0x00000006c0000000, 0x00000006e1c80000, 0x000000076ab00000)
  object space 553472K, 84% used [0x00000006c0000000,0x00000006dcaa3280,0x00000006e1c80000)
 Metaspace       used 6674K, capacity 7284K, committed 7552K, reserved 1056768K
  class space    used 604K, capacity 620K, committed 640K, reserved 1048576K
Event: 11.449 GC heap after
Heap after GC invocations=20 (full 4):
 PSYoungGen      total 918528K, used 94303K [0x000000076ab00000, 0x00000007b6180000, 0x00000007c0000000)
  eden space 681984K, 0% used [0x000000076ab00000,0x000000076ab00000,0x0000000794500000)
  from space 236544K, 39% used [0x00000007a4180000,0x00000007a9d97c90,0x00000007b2880000)
  to   space 258560K, 0% used [0x0000000794500000,0x0000000794500000,0x00000007a4180000)
 ParOldGen       total 836608K, used 553445K [0x00000006c0000000, 0x00000006f3100000, 0x000000076ab00000)
  object space 836608K, 66% used [0x00000006c0000000,0x00000006e1c79740,0x00000006f3100000)
 Metaspace       used 6674K, capacity 7284K, committed 7552K, reserved 1056768K
  class space    used 604K, capacity 620K, committed 640K, reserved 1048576K
}
Event: 12.276 GC heap before
{Heap before GC invocations=21 (full 4):
 PSYoungGen      total 918528K, used 776287K [0x000000076ab00000, 0x00000007b6180000, 0x00000007c0000000)
  eden space 681984K, 100% used [0x000000076ab00000,0x0000000794500000,0x0000000794500000)
  from space 236544K, 39% used [0x00000007a4180000,0x00000007a9d97c90,0x00000007b2880000)
  to   space 258560K, 0% used [0x0000000794500000,0x0000000794500000,0x00000007a4180000)
 ParOldGen       total 836608K, used 553445K [0x00000006c0000000, 0x00000006f3100000, 0x000000076ab00000)
  object space 836608K, 66% used [0x00000006c0000000,0x00000006e1c79740,0x00000006f3100000)
 Metaspace       used 6676K, capacity 7284K, committed 7552K, reserved 1056768K
  class space    used 604K, capacity 620K, committed 640K, reserved 1048576K
Event: 12.454 GC heap after
Heap after GC invocations=21 (full 4):
 PSYoungGen      total 940544K, used 197329K [0x000000076ab00000, 0x00000007b6180000, 0x00000007c0000000)
  eden space 681984K, 0% used [0x000000076ab00000,0x000000076ab00000,0x0000000794500000)
  from space 258560K, 76% used [0x0000000794500000,0x00000007a05b4538,0x00000007a4180000)
  to   space 236544K, 0% used [0x00000007a4180000,0x00000007a4180000,0x00000007b2880000)
 ParOldGen       total 836608K, used 553445K [0x00000006c0000000, 0x00000006f3100000, 0x000000076ab00000)
  object space 836608K, 66% used [0x00000006c0000000,0x00000006e1c79740,0x00000006f3100000)
 Metaspace       used 6676K, capacity 7284K, committed 7552K, reserved 1056768K
  class space    used 604K, capacity 620K, committed 640K, reserved 1048576K
}

Deoptimization events (10 events):
Event: 8.667 Thread 0x000000001f467800 Uncommon trap: reason=bimorphic action=maybe_recompile pc=0x00000000036c18d8 method=com.android.dx.cf.code.BytecodeArray.parseInstruction(ILcom/android/dx/cf/code/BytecodeArray$Visitor;)I @ 1417
Event: 8.667 Thread 0x000000001f467800 Uncommon trap: reason=bimorphic action=maybe_recompile pc=0x00000000036c18d8 method=com.android.dx.cf.code.BytecodeArray.parseInstruction(ILcom/android/dx/cf/code/BytecodeArray$Visitor;)I @ 1417
Event: 9.421 Thread 0x000000001f8f1000 Uncommon trap: reason=bimorphic action=maybe_recompile pc=0x000000000375dc74 method=com.android.dx.cf.code.BytecodeArray.parseInstruction(ILcom/android/dx/cf/code/BytecodeArray$Visitor;)I @ 1387
Event: 9.421 Thread 0x000000001f8f1000 Uncommon trap: reason=bimorphic action=maybe_recompile pc=0x000000000375dc74 method=com.android.dx.cf.code.BytecodeArray.parseInstruction(ILcom/android/dx/cf/code/BytecodeArray$Visitor;)I @ 1387
Event: 9.496 Thread 0x0000000002872800 Uncommon trap: reason=unstable_if action=reinterpret pc=0x00000000035f3ac8 method=com.android.dx.ssa.SsaMethod.deleteInsns(Ljava/util/Set;)V @ 130
Event: 9.609 Thread 0x000000001f8f1000 Uncommon trap: reason=null_check action=make_not_entrant pc=0x0000000003744ce0 method=com.android.dx.rop.cst.CstString.equals(Ljava/lang/Object;)Z @ 1
Event: 11.461 Thread 0x000000001f63d800 Uncommon trap: reason=unstable_if action=reinterpret pc=0x00000000032f54a8 method=com.android.dx.ssa.PhiInsn.getSources()Lcom/android/dx/rop/code/RegisterSpecList; @ 19
Event: 11.461 Thread 0x000000001f63d800 Uncommon trap: reason=unstable_if action=reinterpret pc=0x00000000032715b4 method=com.android.dx.ssa.PhiInsn.getSources()Lcom/android/dx/rop/code/RegisterSpecList; @ 19
Event: 11.605 Thread 0x000000001f8f0800 Uncommon trap: reason=unstable_if action=reinterpret pc=0x00000000037f94b4 method=com.android.dx.ssa.back.FirstFitLocalCombiningAllocator.tryMapReg(Lcom/android/dx/rop/code/RegisterSpec;II)Z @ 19
Event: 11.737 Thread 0x000000001f63d800 Uncommon trap: reason=unstable_if action=reinterpret pc=0x00000000030b2868 method=com.android.dx.rop.code.LocalItem.compareHandlesNulls(Lcom/android/dx/rop/cst/CstString;Lcom/android/dx/rop/cst/CstString;)I @ 14

Internal exceptions (10 events):
Event: 0.381 Thread 0x000000001f467800 Implicit null exception at 0x0000000002d65c8e to 0x0000000002d68429
Event: 0.390 Thread 0x000000001f467800 Implicit null exception at 0x0000000002d15562 to 0x0000000002d15662
Event: 0.769 Thread 0x000000001f8f1000 Exception <a 'java/lang/ArrayIndexOutOfBoundsException': 18> (0x000000076ed43c00) thrown at [C:\src\android\AOSP-openjdk\external\jetbrains\jdk\hotspot\src\share\vm\interpreter\interpreterRuntime.cpp, line 366]
Event: 0.770 Thread 0x000000001f8f1000 Exception <a 'java/lang/ArrayIndexOutOfBoundsException': 145> (0x000000076ed45780) thrown at [C:\src\android\AOSP-openjdk\external\jetbrains\jdk\hotspot\src\share\vm\interpreter\interpreterRuntime.cpp, line 366]
Event: 0.772 Thread 0x000000001f8f1000 Exception <a 'java/lang/ArrayIndexOutOfBoundsException'> (0x000000076ed46a68) thrown at [C:\src\android\AOSP-openjdk\external\jetbrains\jdk\hotspot\src\share\vm\runtime\sharedRuntime.cpp, line 605]
Event: 2.065 Thread 0x0000000002872800 Implicit null exception at 0x0000000002b9db58 to 0x0000000002b9e4d1
Event: 2.458 Thread 0x000000001f63d800 Implicit null exception at 0x0000000002fae0d7 to 0x0000000002faf481
Event: 5.883 Thread 0x000000001f8f0800 Implicit null exception at 0x00000000035bbb27 to 0x00000000035bcbc1
Event: 9.609 Thread 0x000000001f8f1000 Implicit null exception at 0x0000000003744bcc to 0x0000000003744cd2
Event: 11.737 Thread 0x000000001f63d800 Implicit null exception at 0x00000000030b0a08 to 0x00000000030b2821

Events (10 events):
Event: 12.268 Thread 0x000000001f8f0800 DEOPT PACKING pc=0x0000000002e14b32 sp=0x0000000020bde6c0
Event: 12.268 Thread 0x000000001f8f0800 DEOPT UNPACKING pc=0x0000000002a775bf sp=0x0000000020bde4a0 mode 0
Event: 12.275 Executing VM operation: ParallelGCFailedAllocation
Event: 12.454 Executing VM operation: ParallelGCFailedAllocation done
Event: 12.456 Thread 0x0000000002872800 DEOPT PACKING pc=0x0000000003144824 sp=0x000000000248e510
Event: 12.456 Thread 0x0000000002872800 DEOPT UNPACKING pc=0x0000000002a775bf sp=0x000000000248e2f0 mode 0
Event: 12.456 Thread 0x000000001e497000 flushing nmethod 0x0000000002b82dd0
Event: 12.456 Thread 0x000000001e497000 flushing nmethod 0x0000000002ba4ad0
Event: 12.456 Thread 0x000000001e497000 flushing nmethod 0x0000000002bada10
Event: 12.459 Thread 0x000000001e497000 flushing nmethod 0x0000000002bba690


Dynamic libraries:
0x00007ff63a110000 - 0x00007ff63a141000 	E:\Android\AndroidStudio\jre\bin\java.exe
0x00007ffab3810000 - 0x00007ffab39d2000 	C:\Windows\SYSTEM32\ntdll.dll
0x00007ffab3620000 - 0x00007ffab36cd000 	C:\Windows\system32\KERNEL32.DLL
0x00007ffab0ca0000 - 0x00007ffab0e7d000 	C:\Windows\system32\KERNELBASE.dll
0x00007ffab31f0000 - 0x00007ffab3296000 	C:\Windows\system32\ADVAPI32.dll
0x00007ffab3020000 - 0x00007ffab30bd000 	C:\Windows\system32\msvcrt.dll
0x00007ffab3730000 - 0x00007ffab378b000 	C:\Windows\system32\sechost.dll
0x00007ffab30c0000 - 0x00007ffab31e6000 	C:\Windows\system32\RPCRT4.dll
0x00007ffab2680000 - 0x00007ffab27ce000 	C:\Windows\system32\USER32.dll
0x00007ffab2410000 - 0x00007ffab2595000 	C:\Windows\system32\GDI32.dll
0x00007ffaa4e30000 - 0x00007ffaa50a4000 	C:\Windows\WinSxS\amd64_microsoft.windows.common-controls_6595b64144ccf1df_6.0.10240.16384_none_f41f7b285750ef43\COMCTL32.dll
0x00007ffab2dd0000 - 0x00007ffab2e06000 	C:\Windows\system32\IMM32.DLL
0x00007ffab2ec0000 - 0x00007ffab301c000 	C:\Windows\system32\MSCTF.dll
0x00000000681e0000 - 0x00000000682b2000 	E:\Android\AndroidStudio\jre\jre\bin\msvcr100.dll
0x00000000683a0000 - 0x0000000068bd4000 	E:\Android\AndroidStudio\jre\jre\bin\server\jvm.dll
0x00007ffab3320000 - 0x00007ffab3328000 	C:\Windows\system32\PSAPI.DLL
0x00007ffaae4d0000 - 0x00007ffaae4f3000 	C:\Windows\SYSTEM32\WINMM.dll
0x00007ffaabe60000 - 0x00007ffaabe69000 	C:\Windows\SYSTEM32\WSOCK32.dll
0x00007ffaa9a50000 - 0x00007ffaa9a5a000 	C:\Windows\SYSTEM32\VERSION.dll
0x0000000000be0000 - 0x0000000000c0c000 	C:\Windows\SYSTEM32\WINMMBASE.dll
0x00007ffab32b0000 - 0x00007ffab3319000 	C:\Windows\system32\WS2_32.dll
0x00007ffab32a0000 - 0x00007ffab32a8000 	C:\Windows\system32\NSI.dll
0x00007ffab02e0000 - 0x00007ffab0324000 	C:\Windows\system32\cfgmgr32.dll
0x00007ffaaeaf0000 - 0x00007ffaaeb17000 	C:\Windows\SYSTEM32\DEVOBJ.dll
0x00007ffaabe50000 - 0x00007ffaabe5f000 	E:\Android\AndroidStudio\jre\jre\bin\verify.dll
0x00007ffaabe20000 - 0x00007ffaabe49000 	E:\Android\AndroidStudio\jre\jre\bin\java.dll
0x00007ffaabe00000 - 0x00007ffaabe16000 	E:\Android\AndroidStudio\jre\jre\bin\zip.dll
0x00007ffab0ee0000 - 0x00007ffab2403000 	C:\Windows\system32\SHELL32.dll
0x00007ffab05b0000 - 0x00007ffab0bd9000 	C:\Windows\system32\windows.storage.dll
0x00007ffab2830000 - 0x00007ffab2aac000 	C:\Windows\system32\combase.dll
0x00007ffab3330000 - 0x00007ffab3381000 	C:\Windows\system32\shlwapi.dll
0x00007ffab02d0000 - 0x00007ffab02df000 	C:\Windows\system32\kernel.appcore.dll
0x00007ffab0be0000 - 0x00007ffab0c93000 	C:\Windows\system32\shcore.dll
0x00007ffab0240000 - 0x00007ffab028a000 	C:\Windows\system32\powrprof.dll
0x00007ffab02b0000 - 0x00007ffab02c3000 	C:\Windows\system32\profapi.dll

VM Arguments:
jvm_args: -Djava.awt.headless=true -Xmx4g -Dfile.encoding=GBK -Duser.country=CN -Duser.language=zh -Duser.variant 
java_command: com.android.dx.command.Main --dex --num-threads=4 --multi-dex --main-dex-list E:\Android\AndroidProjects\shian_guwen\app\build\intermediates\multi-dex\debug\maindexlist.txt --output E:\Android\AndroidProjects\shian_guwen\app\build\intermediates\transforms\dex\debug\folders\1000\1f\main E:\Android\AndroidProjects\shian_guwen\app\build\intermediates\transforms\jarMerging\debug\jars\1\1f\combined.jar
java_class_path (initial): E:\Android\AndroidSdk\build-tools\25.0.1\lib\dx.jar
Launcher Type: SUN_STANDARD

Environment Variables:
JAVA_HOME=C:\Program Files\Java\jdk1.7.0_71
CLASSPATH=C:\Program Files\Java\jdk1.7.0_71\lib
PATH=.;C:\Windows\system32;C:\Windows;C:\Windows\System32\Wbem;C:\Windows\System32\WindowsPowerShell\v1.0;C:\Program Files\Java\jdk1.7.0_71\bin
USERNAME=Administrator
OS=Windows_NT
PROCESSOR_IDENTIFIER=Intel64 Family 6 Model 158 Stepping 9, GenuineIntel



---------------  S Y S T E M  ---------------

OS: Windows 10.0 , 64 bit Build 10240 (10.0.10240.16384)

CPU:total 8 (4 cores per cpu, 2 threads per core) family 6 model 158 stepping 9, cmov, cx8, fxsr, mmx, sse, sse2, sse3, ssse3, sse4.1, sse4.2, popcnt, avx, avx2, aes, clmul, erms, rtm, 3dnowpref, lzcnt, ht, tsc, tscinvbit, bmi1, bmi2, adx

Memory: 4k page, physical 8250868k(1186248k free), swap 10348000k(5160k free)

vm_info: OpenJDK 64-Bit Server VM (25.76-b03) for windows-amd64 JRE (1.8.0_76-release-b03), built on Jun 29 2016 19:09:20 by "ralucas" with MS VC++ 10.0 (VS2010)

time: Fri Mar 03 19:03:58 2017
elapsed time: 12 seconds (0d 0h 0m 12s)

