#
# There is insufficient memory for the Java Runtime Environment to continue.
# Native memory allocation (malloc) failed to allocate 1244656 bytes for Chunk::new
# Possible reasons:
#   The system is out of physical RAM or swap space
#   In 32 bit mode, the process size limit was hit
# Possible solutions:
#   Reduce memory load on the system
#   Increase physical memory or swap space
#   Check if swap backing store is full
#   Use 64 bit Java on a 64 bit OS
#   Decrease Java heap size (-Xmx/-Xms)
#   Decrease number of Java threads
#   Decrease Java thread stack sizes (-Xss)
#   Set larger code cache with -XX:ReservedCodeCacheSize=
# This output file may be truncated or incomplete.
#
#  Out of Memory Error (allocation.cpp:390), pid=10804, tid=0x00000000000032e4
#
# JRE version: OpenJDK Runtime Environment (8.0_112-b06) (build 1.8.0_112-release-b06)
# Java VM: OpenJDK 64-Bit Server VM (25.112-b06 mixed mode windows-amd64 compressed oops)
# Failed to write core dump. Minidumps are not enabled by default on client versions of Windows
#

---------------  T H R E A D  ---------------

Current thread (0x000000001e91b800):  JavaThread "C2 CompilerThread0" daemon [_thread_in_native, id=13028, stack(0x000000001efe0000,0x000000001f0e0000)]

Stack: [0x000000001efe0000,0x000000001f0e0000]
[error occurred during error reporting (printing stack bounds), id 0xc0000005]

Native frames: (J=compiled Java code, j=interpreted, Vv=VM code, C=native code)


Current CompileTask:
C2:  15512 2806   !   4       com.android.dx.cf.code.RopperMachine::run (1550 bytes)


---------------  P R O C E S S  ---------------

Java Threads: ( => current thread )
  0x000000001f5ee000 JavaThread "pool-2-thread-4" [_thread_blocked, id=13852, stack(0x00000000211b0000,0x00000000212b0000)]
  0x000000001f655000 JavaThread "pool-2-thread-3" [_thread_blocked, id=1784, stack(0x00000000210b0000,0x00000000211b0000)]
  0x000000001f9c6000 JavaThread "pool-2-thread-2" [_thread_blocked, id=5840, stack(0x0000000020fb0000,0x00000000210b0000)]
  0x000000001f9c5800 JavaThread "pool-3-thread-1" [_thread_blocked, id=12524, stack(0x0000000020eb0000,0x0000000020fb0000)]
  0x000000001fede800 JavaThread "pool-2-thread-1" [_thread_blocked, id=12452, stack(0x0000000020db0000,0x0000000020eb0000)]
  0x000000001ea02000 JavaThread "Service Thread" daemon [_thread_blocked, id=6012, stack(0x000000001f3e0000,0x000000001f4e0000)]
  0x000000001e978800 JavaThread "C1 CompilerThread3" daemon [_thread_blocked, id=3384, stack(0x000000001f2e0000,0x000000001f3e0000)]
  0x000000001ca1e800 JavaThread "C2 CompilerThread2" daemon [_thread_in_native, id=1596, stack(0x000000001f1e0000,0x000000001f2e0000)]
  0x000000001ca1c800 JavaThread "C2 CompilerThread1" daemon [_thread_in_native, id=8048, stack(0x000000001f0e0000,0x000000001f1e0000)]
=>0x000000001e91b800 JavaThread "C2 CompilerThread0" daemon [_thread_in_native, id=13028, stack(0x000000001efe0000,0x000000001f0e0000)]
  0x000000001e919800 JavaThread "Attach Listener" daemon [_thread_blocked, id=12404, stack(0x000000001eee0000,0x000000001efe0000)]
  0x000000001e970000 JavaThread "Signal Dispatcher" daemon [_thread_blocked, id=12908, stack(0x000000001ede0000,0x000000001eee0000)]
  0x0000000002e28800 JavaThread "Finalizer" daemon [_thread_blocked, id=15316, stack(0x000000001ece0000,0x000000001ede0000)]
  0x000000001ca0b800 JavaThread "Reference Handler" daemon [_thread_blocked, id=9320, stack(0x000000001e7e0000,0x000000001e8e0000)]
  0x0000000002d32800 JavaThread "main" [_thread_in_native, id=14724, stack(0x0000000002890000,0x0000000002990000)]

Other Threads:
  0x000000001ca06800 VMThread [stack: 0x000000001e6e0000,0x000000001e7e0000] [id=15100]
  0x000000001ea03000 WatcherThread [stack: 0x000000001f4e0000,0x000000001f5e0000] [id=14796]

VM state:not at safepoint (normal execution)

VM Mutex/Monitor currently owned by a thread: None

Heap:
 PSYoungGen      total 595456K, used 355195K [0x000000076ab00000, 0x0000000797b00000, 0x00000007c0000000)
  eden space 475648K, 74% used [0x000000076ab00000,0x00000007805def00,0x0000000787b80000)
  from space 119808K, 0% used [0x0000000787b80000,0x0000000787b80000,0x000000078f080000)
  to   space 99328K, 0% used [0x000000078f080000,0x000000078f080000,0x0000000795180000)
 ParOldGen       total 336896K, used 336881K [0x00000006c0000000, 0x00000006d4900000, 0x000000076ab00000)
  object space 336896K, 99% used [0x00000006c0000000,0x00000006d48fc4d8,0x00000006d4900000)
 Metaspace       used 6492K, capacity 7280K, committed 7552K, reserved 1056768K
  class space    used 590K, capacity 616K, committed 640K, reserved 1048576K

Card table byte_map: [0x00000000122b0000,0x0000000012ac0000] byte_map_base: 0x000000000ecb0000

Marking Bits: (ParMarkBitMap*) 0x0000000063a118f0
 Begin Bits: [0x0000000013820000, 0x0000000017820000)
 End Bits:   [0x0000000017820000, 0x000000001b820000)

Polling page: 0x0000000002990000

CodeCache: size=245760Kb used=13692Kb max_used=13707Kb free=232067Kb
 bounds [0x0000000002ef0000, 0x0000000003c60000, 0x0000000011ef0000]
 total_blobs=2984 nmethods=2719 adapters=178
 compilation: enabled

Compilation events (10 events):
Event: 15.109 Thread 0x000000001ca1e800 nmethod 2613 0x0000000003c448d0 code [0x0000000003c44a20, 0x0000000003c44b18]
Event: 15.109 Thread 0x000000001ca1e800 2617       4       com.android.dx.ssa.SsaRenamer$BlockRenamer::visitPhiInsn (6 bytes)
Event: 15.110 Thread 0x000000001ca1e800 nmethod 2617 0x0000000003b03b10 code [0x0000000003b03c60, 0x0000000003b03ce8]
Event: 15.110 Thread 0x000000001ca1e800 2469       4       com.android.dx.util.ByteArray::getInt (47 bytes)
Event: 15.111 Thread 0x000000001ca1e800 nmethod 2469 0x0000000003c44450 code [0x0000000003c445a0, 0x0000000003c44738]
Event: 15.111 Thread 0x000000001ca1e800 2634       4       com.android.dx.cf.code.BaseMachine::popArgs (72 bytes)
Event: 15.116 Thread 0x000000001ca1e800 nmethod 2634 0x0000000003c43810 code [0x0000000003c43980, 0x0000000003c43e48]
Event: 15.116 Thread 0x000000001ca1e800 2624       4       com.android.dx.rop.code.Insn::contentEquals (84 bytes)
Event: 15.128 Thread 0x000000001ca1e800 nmethod 2624 0x0000000003c5be50 code [0x0000000003c5c000, 0x0000000003c5cda8]
Event: 15.128 Thread 0x000000001ca1e800 2822       4       com.android.dx.ssa.back.FirstFitLocalCombiningAllocator::handleCheckCastResults (413 bytes)

GC Heap History (10 events):
Event: 8.046 GC heap before
{Heap before GC invocations=16 (full 2):
 PSYoungGen      total 530944K, used 490868K [0x000000076ab00000, 0x0000000795180000, 0x00000007c0000000)
  eden space 433664K, 100% used [0x000000076ab00000,0x0000000785280000,0x0000000785280000)
  from space 97280K, 58% used [0x0000000785280000,0x0000000788a5d060,0x000000078b180000)
  to   space 99328K, 0% used [0x000000078f080000,0x000000078f080000,0x0000000795180000)
 ParOldGen       total 302592K, used 227131K [0x00000006c0000000, 0x00000006d2780000, 0x000000076ab00000)
  object space 302592K, 75% used [0x00000006c0000000,0x00000006cddcefa0,0x00000006d2780000)
 Metaspace       used 6465K, capacity 7280K, committed 7552K, reserved 1056768K
  class space    used 589K, capacity 616K, committed 640K, reserved 1048576K
Event: 8.113 GC heap after
Heap after GC invocations=16 (full 2):
 PSYoungGen      total 574976K, used 99301K [0x000000076ab00000, 0x0000000797b00000, 0x00000007c0000000)
  eden space 475648K, 0% used [0x000000076ab00000,0x000000076ab00000,0x0000000787b80000)
  from space 99328K, 99% used [0x000000078f080000,0x00000007951796c0,0x0000000795180000)
  to   space 119808K, 0% used [0x0000000787b80000,0x0000000787b80000,0x000000078f080000)
 ParOldGen       total 302592K, used 236866K [0x00000006c0000000, 0x00000006d2780000, 0x000000076ab00000)
  object space 302592K, 78% used [0x00000006c0000000,0x00000006ce750be8,0x00000006d2780000)
 Metaspace       used 6465K, capacity 7280K, committed 7552K, reserved 1056768K
  class space    used 589K, capacity 616K, committed 640K, reserved 1048576K
}
Event: 8.760 GC heap before
{Heap before GC invocations=17 (full 2):
 PSYoungGen      total 574976K, used 574949K [0x000000076ab00000, 0x0000000797b00000, 0x00000007c0000000)
  eden space 475648K, 100% used [0x000000076ab00000,0x0000000787b80000,0x0000000787b80000)
  from space 99328K, 99% used [0x000000078f080000,0x00000007951796c0,0x0000000795180000)
  to   space 119808K, 0% used [0x0000000787b80000,0x0000000787b80000,0x000000078f080000)
 ParOldGen       total 302592K, used 236866K [0x00000006c0000000, 0x00000006d2780000, 0x000000076ab00000)
  object space 302592K, 78% used [0x00000006c0000000,0x00000006ce750be8,0x00000006d2780000)
 Metaspace       used 6485K, capacity 7280K, committed 7552K, reserved 1056768K
  class space    used 589K, capacity 616K, committed 640K, reserved 1048576K
Event: 9.499 GC heap after
Heap after GC invocations=17 (full 2):
 PSYoungGen      total 595456K, used 73134K [0x000000076ab00000, 0x0000000797b00000, 0x00000007c0000000)
  eden space 475648K, 0% used [0x000000076ab00000,0x000000076ab00000,0x0000000787b80000)
  from space 119808K, 61% used [0x0000000787b80000,0x000000078c2ebb58,0x000000078f080000)
  to   space 99328K, 0% used [0x000000078f080000,0x000000078f080000,0x0000000795180000)
 ParOldGen       total 336896K, used 336602K [0x00000006c0000000, 0x00000006d4900000, 0x000000076ab00000)
  object space 336896K, 99% used [0x00000006c0000000,0x00000006d48b6888,0x00000006d4900000)
 Metaspace       used 6485K, capacity 7280K, committed 7552K, reserved 1056768K
  class space    used 589K, capacity 616K, committed 640K, reserved 1048576K
}
Event: 9.499 GC heap before
{Heap before GC invocations=18 (full 3):
 PSYoungGen      total 595456K, used 73134K [0x000000076ab00000, 0x0000000797b00000, 0x00000007c0000000)
  eden space 475648K, 0% used [0x000000076ab00000,0x000000076ab00000,0x0000000787b80000)
  from space 119808K, 61% used [0x0000000787b80000,0x000000078c2ebb58,0x000000078f080000)
  to   space 99328K, 0% used [0x000000078f080000,0x000000078f080000,0x0000000795180000)
 ParOldGen       total 336896K, used 336602K [0x00000006c0000000, 0x00000006d4900000, 0x000000076ab00000)
  object space 336896K, 99% used [0x00000006c0000000,0x00000006d48b6888,0x00000006d4900000)
 Metaspace       used 6485K, capacity 7280K, committed 7552K, reserved 1056768K
  class space    used 589K, capacity 616K, committed 640K, reserved 1048576K
Event: 10.857 GC heap after
Heap after GC invocations=18 (full 3):
 PSYoungGen      total 595456K, used 65496K [0x000000076ab00000, 0x0000000797b00000, 0x00000007c0000000)
  eden space 475648K, 0% used [0x000000076ab00000,0x000000076ab00000,0x0000000787b80000)
  from space 119808K, 54% used [0x0000000787b80000,0x000000078bb762d0,0x000000078f080000)
  to   space 99328K, 0% used [0x000000078f080000,0x000000078f080000,0x0000000795180000)
 ParOldGen       total 336896K, used 336809K [0x00000006c0000000, 0x00000006d4900000, 0x000000076ab00000)
  object space 336896K, 99% used [0x00000006c0000000,0x00000006d48ea708,0x00000006d4900000)
 Metaspace       used 6485K, capacity 7280K, committed 7552K, reserved 1056768K
  class space    used 589K, capacity 616K, committed 640K, reserved 1048576K
}
Event: 11.591 GC heap before
{Heap before GC invocations=19 (full 4):
 PSYoungGen      total 595456K, used 541144K [0x000000076ab00000, 0x0000000797b00000, 0x00000007c0000000)
  eden space 475648K, 100% used [0x000000076ab00000,0x0000000787b80000,0x0000000787b80000)
  from space 119808K, 54% used [0x0000000787b80000,0x000000078bb762d0,0x000000078f080000)
  to   space 99328K, 0% used [0x000000078f080000,0x000000078f080000,0x0000000795180000)
 ParOldGen       total 336896K, used 336809K [0x00000006c0000000, 0x00000006d4900000, 0x000000076ab00000)
  object space 336896K, 99% used [0x00000006c0000000,0x00000006d48ea708,0x00000006d4900000)
 Metaspace       used 6492K, capacity 7280K, committed 7552K, reserved 1056768K
  class space    used 590K, capacity 616K, committed 640K, reserved 1048576K
Event: 13.531 GC heap after
Heap after GC invocations=19 (full 4):
 PSYoungGen      total 595456K, used 135991K [0x000000076ab00000, 0x0000000797b00000, 0x00000007c0000000)
  eden space 475648K, 28% used [0x000000076ab00000,0x0000000772fcdfc0,0x0000000787b80000)
  from space 119808K, 0% used [0x0000000787b80000,0x0000000787b80000,0x000000078f080000)
  to   space 99328K, 0% used [0x000000078f080000,0x000000078f080000,0x0000000795180000)
 ParOldGen       total 336896K, used 336890K [0x00000006c0000000, 0x00000006d4900000, 0x000000076ab00000)
  object space 336896K, 99% used [0x00000006c0000000,0x00000006d48febf8,0x00000006d4900000)
 Metaspace       used 6492K, capacity 7280K, committed 7552K, reserved 1056768K
  class space    used 590K, capacity 616K, committed 640K, reserved 1048576K
}
Event: 13.913 GC heap before
{Heap before GC invocations=20 (full 5):
 PSYoungGen      total 595456K, used 475648K [0x000000076ab00000, 0x0000000797b00000, 0x00000007c0000000)
  eden space 475648K, 100% used [0x000000076ab00000,0x0000000787b80000,0x0000000787b80000)
  from space 119808K, 0% used [0x0000000787b80000,0x0000000787b80000,0x000000078f080000)
  to   space 99328K, 0% used [0x000000078f080000,0x000000078f080000,0x0000000795180000)
 ParOldGen       total 336896K, used 336890K [0x00000006c0000000, 0x00000006d4900000, 0x000000076ab00000)
  object space 336896K, 99% used [0x00000006c0000000,0x00000006d48febf8,0x00000006d4900000)
 Metaspace       used 6492K, capacity 7280K, committed 7552K, reserved 1056768K
  class space    used 590K, capacity 616K, committed 640K, reserved 1048576K
Event: 15.018 GC heap after
Heap after GC invocations=20 (full 5):
 PSYoungGen      total 595456K, used 180012K [0x000000076ab00000, 0x0000000797b00000, 0x00000007c0000000)
  eden space 475648K, 37% used [0x000000076ab00000,0x0000000775acb048,0x0000000787b80000)
  from space 119808K, 0% used [0x0000000787b80000,0x0000000787b80000,0x000000078f080000)
  to   space 99328K, 0% used [0x000000078f080000,0x000000078f080000,0x0000000795180000)
 ParOldGen       total 336896K, used 336881K [0x00000006c0000000, 0x00000006d4900000, 0x000000076ab00000)
  object space 336896K, 99% used [0x00000006c0000000,0x00000006d48fc4d8,0x00000006d4900000)
 Metaspace       used 6492K, capacity 7280K, committed 7552K, reserved 1056768K
  class space    used 590K, capacity 616K, committed 640K, reserved 1048576K
}

Deoptimization events (10 events):
Event: 8.164 Thread 0x000000001f5ee000 Uncommon trap: reason=unstable_if action=reinterpret pc=0x0000000003867d78 method=com.android.dx.cf.code.RopperMachine.run(Lcom/android/dx/cf/code/Frame;II)V @ 356
Event: 8.750 Thread 0x000000001f5ee000 Uncommon trap: reason=unstable_if action=reinterpret pc=0x00000000039d9490 method=com.android.dx.rop.code.LocalVariableExtractor.processBlock(I)V @ 208
Event: 11.264 Thread 0x000000001f655000 Uncommon trap: reason=unstable_if action=reinterpret pc=0x00000000033266a8 method=java.util.HashMap.putVal(ILjava/lang/Object;Ljava/lang/Object;ZZ)Ljava/lang/Object; @ 109
Event: 11.266 Thread 0x000000001fede800 Uncommon trap: reason=unstable_if action=reinterpret pc=0x00000000039387ec method=com.android.dx.rop.code.LocalItem.compareHandlesNulls(Lcom/android/dx/rop/cst/CstString;Lcom/android/dx/rop/cst/CstString;)I @ 8
Event: 11.455 Thread 0x000000001fede800 Uncommon trap: reason=bimorphic action=maybe_recompile pc=0x0000000003a98be0 method=com.android.dx.cf.code.BytecodeArray.parseInstruction(ILcom/android/dx/cf/code/BytecodeArray$Visitor;)I @ 1067
Event: 11.455 Thread 0x000000001fede800 Uncommon trap: reason=bimorphic action=maybe_recompile pc=0x0000000003a98be0 method=com.android.dx.cf.code.BytecodeArray.parseInstruction(ILcom/android/dx/cf/code/BytecodeArray$Visitor;)I @ 1067
Event: 11.572 Thread 0x000000001f9c6000 Uncommon trap: reason=unstable_if action=reinterpret pc=0x0000000003b2ad38 method=com.android.dx.ssa.SsaRenamer$BlockRenamer.visitMoveInsn(Lcom/android/dx/ssa/NormalSsaInsn;)V @ 94
Event: 11.576 Thread 0x000000001f5ee000 Uncommon trap: reason=unstable_if action=reinterpret pc=0x0000000003b43508 method=com.android.dx.cf.code.Ropper.processBlock(Lcom/android/dx/cf/code/ByteBlock;Lcom/android/dx/cf/code/Frame;[I)V @ 791
Event: 11.587 Thread 0x000000001fede800 Uncommon trap: reason=unstable_if action=reinterpret pc=0x0000000003ab1d50 method=java.lang.Integer.valueOf(I)Ljava/lang/Integer; @ 10
Event: 15.044 Thread 0x0000000002d32800 Uncommon trap: reason=bimorphic action=maybe_recompile pc=0x00000000039c8ab0 method=com.android.dx.ssa.back.FirstFitLocalCombiningAllocator.findNextUnreservedRopReg(IILcom/android/dx/ssa/back/FirstFitLocalCombiningAllocator$Alignment;)I @ 60

Internal exceptions (10 events):
Event: 0.018 Thread 0x0000000002d32800 Exception <a 'java/lang/NoSuchMethodError': Method sun.misc.Unsafe.prefetchRead(Ljava/lang/Object;J)V name or signature does not match> (0x000000076ab07f60) thrown at [C:\src\android\AOSP-openjdk\external\jetbrains\jdk\hotspot\src\share\vm\prims\jni.cpp, lu˜oîN±Ø?
Event: 0.386 Thread 0x0000000002d32800 Implicit null exception at 0x0000000003050378 to 0x0000000003050991
Event: 1.745 Thread 0x000000001fede800 Exception <a 'java/lang/ArrayIndexOutOfBoundsException': 18> (0x000000076c838ac8) thrown at [C:\src\android\AOSP-openjdk\external\jetbrains\jdk\hotspot\src\share\vm\interpreter\interpreterRuntime.cpp, line 366]
Event: 1.746 Thread 0x000000001fede800 Exception <a 'java/lang/ArrayIndexOutOfBoundsException': 145> (0x000000076c83a648) thrown at [C:\src\android\AOSP-openjdk\external\jetbrains\jdk\hotspot\src\share\vm\interpreter\interpreterRuntime.cpp, line 366]
Event: 1.749 Thread 0x000000001fede800 Exception <a 'java/lang/ArrayIndexOutOfBoundsException'> (0x000000076c83b930) thrown at [C:\src\android\AOSP-openjdk\external\jetbrains\jdk\hotspot\src\share\vm\runtime\sharedRuntime.cpp, line 605]
Event: 1.755 Thread 0x000000001f9c6000 Implicit null exception at 0x000000000322ea0e to 0x00000000032311a5
Event: 1.995 Thread 0x000000001f9c6000 Implicit null exception at 0x00000000031e3fa2 to 0x00000000031e40a2
Event: 3.609 Thread 0x0000000002d32800 Implicit null exception at 0x000000000305f318 to 0x000000000305fca9
Event: 11.266 Thread 0x000000001fede800 Implicit null exception at 0x00000000039374b1 to 0x00000000039387c5
Event: 11.572 Thread 0x000000001f9c6000 Implicit null exception at 0x0000000003b28486 to 0x0000000003b2ace9

Events (10 events):
Event: 13.602 Thread 0x000000001f655000 DEOPT UNPACKING pc=0x0000000002f375bf sp=0x00000000211ae728 mode 0
Event: 13.609 Thread 0x000000001f655000 DEOPT PACKING pc=0x00000000031bae5d sp=0x00000000211ae9e0
Event: 13.609 Thread 0x000000001f655000 DEOPT UNPACKING pc=0x0000000002f375bf sp=0x00000000211ae728 mode 0
Event: 13.652 Thread 0x000000001f5ee000 DEOPT PACKING pc=0x00000000031bae5d sp=0x00000000212ae790
Event: 13.652 Thread 0x000000001f5ee000 DEOPT UNPACKING pc=0x0000000002f375bf sp=0x00000000212ae4d8 mode 0
Event: 13.913 Executing VM operation: ParallelGCFailedAllocation
Event: 15.018 Executing VM operation: ParallelGCFailedAllocation done
Event: 15.044 Thread 0x0000000002d32800 Uncommon trap: trap_request=0xffffffc6 fr.pc=0x00000000039c8ab0
Event: 15.044 Thread 0x0000000002d32800 DEOPT PACKING pc=0x00000000039c8ab0 sp=0x000000000298e280
Event: 15.044 Thread 0x0000000002d32800 DEOPT UNPACKING pc=0x0000000002f3556a sp=0x000000000298e1e0 mode 2


Dynamic libraries:
0x00007ff684e90000 - 0x00007ff684ec1000 	E:\Android\AndroidStudio\jre\bin\java.exe
0x00007ffe45480000 - 0x00007ffe45642000 	C:\Windows\SYSTEM32\ntdll.dll
0x00007ffe452a0000 - 0x00007ffe4534d000 	C:\Windows\system32\KERNEL32.DLL
0x00007ffe42970000 - 0x00007ffe42b4d000 	C:\Windows\system32\KERNELBASE.dll
0x00007ffe44f10000 - 0x00007ffe44fb6000 	C:\Windows\system32\ADVAPI32.dll
0x00007ffe44e70000 - 0x00007ffe44f0d000 	C:\Windows\system32\msvcrt.dll
0x00007ffe44fc0000 - 0x00007ffe4501b000 	C:\Windows\system32\sechost.dll
0x00007ffe44280000 - 0x00007ffe443a6000 	C:\Windows\system32\RPCRT4.dll
0x00007ffe45080000 - 0x00007ffe451ce000 	C:\Windows\system32\USER32.dll
0x00007ffe42b50000 - 0x00007ffe42cd5000 	C:\Windows\system32\GDI32.dll
0x00007ffe358c0000 - 0x00007ffe35b34000 	C:\Windows\WinSxS\amd64_microsoft.windows.common-controls_6595b64144ccf1df_6.0.10240.16384_none_f41f7b285750ef43\COMCTL32.dll
0x00007ffe44950000 - 0x00007ffe44986000 	C:\Windows\system32\IMM32.DLL
0x00007ffe44a90000 - 0x00007ffe44bec000 	C:\Windows\system32\MSCTF.dll
0x0000000063090000 - 0x0000000063162000 	E:\Android\AndroidStudio\jre\jre\bin\msvcr100.dll
0x0000000063250000 - 0x0000000063a8c000 	E:\Android\AndroidStudio\jre\jre\bin\server\jvm.dll
0x00007ffe45290000 - 0x00007ffe45298000 	C:\Windows\system32\PSAPI.DLL
0x00007ffe40040000 - 0x00007ffe40063000 	C:\Windows\SYSTEM32\WINMM.dll
0x00007ffe3fe60000 - 0x00007ffe3fe69000 	C:\Windows\SYSTEM32\WSOCK32.dll
0x00007ffe3ed70000 - 0x00007ffe3ed7a000 	C:\Windows\SYSTEM32\VERSION.dll
0x00007ffe42ce0000 - 0x00007ffe42d49000 	C:\Windows\system32\WS2_32.dll
0x00007ffe3ffe0000 - 0x00007ffe4000c000 	C:\Windows\SYSTEM32\WINMMBASE.dll
0x00007ffe44890000 - 0x00007ffe44898000 	C:\Windows\system32\NSI.dll
0x00007ffe42630000 - 0x00007ffe42674000 	C:\Windows\system32\cfgmgr32.dll
0x00007ffe407d0000 - 0x00007ffe407f7000 	C:\Windows\SYSTEM32\DEVOBJ.dll
0x00007ffe3f900000 - 0x00007ffe3f90f000 	E:\Android\AndroidStudio\jre\jre\bin\verify.dll
0x00007ffe3e3f0000 - 0x00007ffe3e419000 	E:\Android\AndroidStudio\jre\jre\bin\java.dll
0x00007ffe3e3d0000 - 0x00007ffe3e3e6000 	E:\Android\AndroidStudio\jre\jre\bin\zip.dll
0x00007ffe42d50000 - 0x00007ffe44273000 	C:\Windows\system32\SHELL32.dll
0x00007ffe42000000 - 0x00007ffe42629000 	C:\Windows\system32\windows.storage.dll
0x00007ffe44bf0000 - 0x00007ffe44e6c000 	C:\Windows\system32\combase.dll
0x00007ffe45020000 - 0x00007ffe45071000 	C:\Windows\system32\shlwapi.dll
0x00007ffe41f40000 - 0x00007ffe41f4f000 	C:\Windows\system32\kernel.appcore.dll
0x00007ffe426e0000 - 0x00007ffe42793000 	C:\Windows\system32\shcore.dll
0x00007ffe41ed0000 - 0x00007ffe41f1a000 	C:\Windows\system32\powrprof.dll
0x00007ffe41eb0000 - 0x00007ffe41ec3000 	C:\Windows\system32\profapi.dll

VM Arguments:
jvm_args: -Djava.awt.headless=true -Xmx4g -Dfile.encoding=GBK -Duser.country=CN -Duser.language=zh -Duser.variant 
java_command: com.android.dx.command.Main --dex --num-threads=4 --multi-dex --main-dex-list E:\Android\AndroidProjects\shian_guwen\app\build\intermediates\multi-dex\release\maindexlist.txt --output E:\Android\AndroidProjects\shian_guwen\app\build\intermediates\transforms\dex\release\folders\1000\1f\main E:\Android\AndroidProjects\shian_guwen\app\build\intermediates\transforms\jarMerging\release\jars\1\1f\combined.jar
java_class_path (initial): E:\Android\AndroidSdk\build-tools\25.0.2\lib\dx.jar
Launcher Type: SUN_STANDARD

Environment Variables:
JAVA_HOME=C:\Program Files\Java\jdk1.7.0_71
CLASSPATH=C:\Program Files\Java\jdk1.7.0_71\lib
PATH=.;C:\Windows\system32;C:\Windows;C:\Windows\System32\Wbem;C:\Windows\System32\WindowsPowerShell\v1.0;C:\Program Files\Java\jdk1.7.0_71\bin
USERNAME=zm
OS=Windows_NT
PROCESSOR_IDENTIFIER=Intel64 Family 6 Model 158 Stepping 9, GenuineIntel



---------------  S Y S T E M  ---------------

OS: Windows 10.0 , 64 bit Build 10240 (10.0.10240.16384)

CPU:total 8 (4 cores per cpu, 2 threads per core) family 6 model 158 stepping 9, cmov, cx8, fxsr, mmx, sse, sse2, sse3, ssse3, sse4.1, sse4.2, popcnt, avx, avx2, aes, clmul, erms, rtm, 3dnowpref, lzcnt, ht, tsc, tscinvbit, bmi1, bmi2, adx

Memory: 4k page, physical 8250868k(364220k free), swap 14394868k(1932k free)

vm_info: OpenJDK 64-Bit Server VM (25.112-b06) for windows-amd64 JRE (1.8.0_112-release-b06), built on Dec  8 2016 00:54:26 by "builder" with MS VC++ 10.0 (VS2010)

time: Thu May 18 16:16:55 2017
elapsed time: 15 seconds (0d 0h 0m 15s)

