#
# There is insufficient memory for the Java Runtime Environment to continue.
# Native memory allocation (malloc) failed to allocate 290576 bytes for Chunk::new
# Possible reasons:
#   The system is out of physical RAM or swap space
#   In 32 bit mode, the process size limit was hit
# Possible solutions:
#   Reduce memory load on the system
#   Increase physical memory or swap space
#   Check if swap backing store is full
#   Use 64 bit Java on a 64 bit OS
#   Decrease Java heap size (-Xmx/-Xms)
#   Decrease number of Java threads
#   Decrease Java thread stack sizes (-Xss)
#   Set larger code cache with -XX:ReservedCodeCacheSize=
# This output file may be truncated or incomplete.
#
#  Out of Memory Error (allocation.cpp:390), pid=8556, tid=0x0000000000002508
#
# JRE version: OpenJDK Runtime Environment (8.0_76-b03) (build 1.8.0_76-release-b03)
# Java VM: OpenJDK 64-Bit Server VM (25.76-b03 mixed mode windows-amd64 compressed oops)
# Failed to write core dump. Minidumps are not enabled by default on client versions of Windows
#

---------------  T H R E A D  ---------------

Current thread (0x000000001e2f8000):  JavaThread "C2 CompilerThread1" daemon [_thread_in_native, id=9480, stack(0x000000001ea70000,0x000000001eb70000)]

Stack: [0x000000001ea70000,0x000000001eb70000]
[error occurred during error reporting (printing stack bounds), id 0xc0000005]

Native frames: (J=compiled Java code, j=interpreted, Vv=VM code, C=native code)


Current CompileTask:
C2:   6231 1769   !   4       com.android.dx.rop.type.Type::intern (319 bytes)


---------------  P R O C E S S  ---------------

Java Threads: ( => current thread )
  0x000000001e66e000 JavaThread "pool-2-thread-4" [_thread_blocked, id=5720, stack(0x000000001fb70000,0x000000001fc70000)]
  0x000000001f2f4800 JavaThread "pool-2-thread-3" [_thread_blocked, id=6764, stack(0x000000001fa70000,0x000000001fb70000)]
  0x000000001e46f000 JavaThread "pool-2-thread-2" [_thread_blocked, id=7900, stack(0x000000001f170000,0x000000001f270000)]
  0x000000001e46c000 JavaThread "pool-3-thread-1" [_thread_blocked, id=7952, stack(0x000000001f070000,0x000000001f170000)]
  0x000000001e473800 JavaThread "pool-2-thread-1" [_thread_blocked, id=8736, stack(0x000000001ef70000,0x000000001f070000)]
  0x000000001e388000 JavaThread "Service Thread" daemon [_thread_blocked, id=7420, stack(0x000000001ed70000,0x000000001ee70000)]
  0x000000001e303000 JavaThread "C1 CompilerThread3" daemon [_thread_blocked, id=9088, stack(0x000000001ec70000,0x000000001ed70000)]
  0x000000001e300000 JavaThread "C2 CompilerThread2" daemon [_thread_in_native, id=3676, stack(0x000000001eb70000,0x000000001ec70000)]
=>0x000000001e2f8000 JavaThread "C2 CompilerThread1" daemon [_thread_in_native, id=9480, stack(0x000000001ea70000,0x000000001eb70000)]
  0x000000001e2f2000 JavaThread "C2 CompilerThread0" daemon [_thread_blocked, id=8396, stack(0x000000001e970000,0x000000001ea70000)]
  0x000000001e2f0000 JavaThread "Attach Listener" daemon [_thread_blocked, id=7964, stack(0x000000001e870000,0x000000001e970000)]
  0x000000001e2a5800 JavaThread "Signal Dispatcher" daemon [_thread_blocked, id=9408, stack(0x000000001e770000,0x000000001e870000)]
  0x000000001e290800 JavaThread "Finalizer" daemon [_thread_blocked, id=1924, stack(0x000000001e670000,0x000000001e770000)]
  0x000000001c38b800 JavaThread "Reference Handler" daemon [_thread_blocked, id=840, stack(0x000000001e170000,0x000000001e270000)]
  0x0000000002770800 JavaThread "main" [_thread_in_native, id=9744, stack(0x0000000002670000,0x0000000002770000)]

Other Threads:
  0x000000001c387000 VMThread [stack: 0x000000001e070000,0x000000001e170000] [id=4000]
  0x000000001e388800 WatcherThread [stack: 0x000000001ee70000,0x000000001ef70000] [id=6192]

VM state:at safepoint (normal execution)

VM Mutex/Monitor currently owned by a thread:  ([mutex/lock_event])
[0x000000000226c2f0] Threads_lock - owner thread: 0x000000001c387000
[0x000000000226c070] Heap_lock - owner thread: 0x000000001e66e000

Heap:
 PSYoungGen      total 96768K, used 96754K [0x000000076ab00000, 0x0000000773500000, 0x00000007c0000000)
  eden space 91648K, 100% used [0x000000076ab00000,0x0000000770480000,0x0000000770480000)
  from space 5120K, 99% used [0x0000000772b00000,0x0000000772ffc968,0x0000000773000000)
  to   space 5120K, 98% used [0x0000000773000000,0x00000007734e8e08,0x0000000773500000)
 ParOldGen       total 139776K, used 95703K [0x00000006c0000000, 0x00000006c8880000, 0x000000076ab00000)
  object space 139776K, 68% used [0x00000006c0000000,0x00000006c5d75d78,0x00000006c8880000)
 Metaspace       used 5996K, capacity 7088K, committed 7296K, reserved 1056768K
  class space    used 561K, capacity 616K, committed 640K, reserved 1048576K

Card table byte_map: [0x0000000011c30000,0x0000000012440000] byte_map_base: 0x000000000e630000

Marking Bits: (ParMarkBitMap*) 0x0000000068b59d00
 Begin Bits: [0x00000000131a0000, 0x00000000171a0000)
 End Bits:   [0x00000000171a0000, 0x000000001b1a0000)

Polling page: 0x0000000000a30000

CodeCache: size=245760Kb used=8444Kb max_used=8457Kb free=237315Kb
 bounds [0x0000000002870000, 0x00000000030c0000, 0x0000000011870000]
 total_blobs=2079 nmethods=1816 adapters=177
 compilation: enabled

Compilation events (10 events):
Event: 6.126 Thread 0x000000001e303000 1779       3       com.android.dx.rop.code.Rops::opIfEq (17 bytes)
Event: 6.126 Thread 0x000000001e303000 nmethod 1779 0x000000000306fe50 code [0x000000000306ffc0, 0x0000000003070148]
Event: 6.126 Thread 0x000000001e303000 1782       3       java.util.Collections$UnmodifiableList::get (11 bytes)
Event: 6.126 Thread 0x000000001e303000 nmethod 1782 0x000000000306fa10 code [0x000000000306fb80, 0x000000000306fda8]
Event: 6.127 Thread 0x000000001e303000 1790       3       com.android.dx.dex.file.DexFile::internIfAppropriate (128 bytes)
Event: 6.128 Thread 0x000000001e303000 nmethod 1790 0x000000000307ebd0 code [0x000000000307ee60, 0x00000000030803f8]
Event: 6.128 Thread 0x000000001e303000 1791       3       com.android.dx.rop.cst.CstArray$List::set (7 bytes)
Event: 6.128 Thread 0x000000001e303000 nmethod 1791 0x0000000003080950 code [0x0000000003080b20, 0x0000000003081328]
Event: 6.128 Thread 0x000000001e303000 1792       3       java.util.concurrent.locks.AbstractQueuedSynchronizer::setState (6 bytes)
Event: 6.128 Thread 0x000000001e303000 nmethod 1792 0x00000000030818d0 code [0x0000000003081a20, 0x0000000003081b70]

GC Heap History (10 events):
Event: 2.467 GC heap before
{Heap before GC invocations=2 (full 0):
 PSYoungGen      total 37888K, used 37877K [0x000000076ab00000, 0x000000076f500000, 0x00000007c0000000)
  eden space 32768K, 100% used [0x000000076ab00000,0x000000076cb00000,0x000000076cb00000)
  from space 5120K, 99% used [0x000000076cb00000,0x000000076cffd420,0x000000076d000000)
  to   space 5120K, 0% used [0x000000076f000000,0x000000076f000000,0x000000076f500000)
 ParOldGen       total 86016K, used 3072K [0x00000006c0000000, 0x00000006c5400000, 0x000000076ab00000)
  object space 86016K, 3% used [0x00000006c0000000,0x00000006c0300110,0x00000006c5400000)
 Metaspace       used 5764K, capacity 6896K, committed 7040K, reserved 1056768K
  class space    used 560K, capacity 616K, committed 640K, reserved 1048576K
Event: 2.627 GC heap after
Heap after GC invocations=2 (full 0):
 PSYoungGen      total 70656K, used 5113K [0x000000076ab00000, 0x000000076f500000, 0x00000007c0000000)
  eden space 65536K, 0% used [0x000000076ab00000,0x000000076ab00000,0x000000076eb00000)
  from space 5120K, 99% used [0x000000076f000000,0x000000076f4fe640,0x000000076f500000)
  to   space 5120K, 0% used [0x000000076eb00000,0x000000076eb00000,0x000000076f000000)
 ParOldGen       total 86016K, used 19997K [0x00000006c0000000, 0x00000006c5400000, 0x000000076ab00000)
  object space 86016K, 23% used [0x00000006c0000000,0x00000006c1387558,0x00000006c5400000)
 Metaspace       used 5764K, capacity 6896K, committed 7040K, reserved 1056768K
  class space    used 560K, capacity 616K, committed 640K, reserved 1048576K
}
Event: 3.125 GC heap before
{Heap before GC invocations=3 (full 0):
 PSYoungGen      total 70656K, used 70649K [0x000000076ab00000, 0x000000076f500000, 0x00000007c0000000)
  eden space 65536K, 100% used [0x000000076ab00000,0x000000076eb00000,0x000000076eb00000)
  from space 5120K, 99% used [0x000000076f000000,0x000000076f4fe640,0x000000076f500000)
  to   space 5120K, 0% used [0x000000076eb00000,0x000000076eb00000,0x000000076f000000)
 ParOldGen       total 86016K, used 19997K [0x00000006c0000000, 0x00000006c5400000, 0x000000076ab00000)
  object space 86016K, 23% used [0x00000006c0000000,0x00000006c1387558,0x00000006c5400000)
 Metaspace       used 5806K, capacity 6960K, committed 7040K, reserved 1056768K
  class space    used 561K, capacity 616K, committed 640K, reserved 1048576K
Event: 3.245 GC heap after
Heap after GC invocations=3 (full 0):
 PSYoungGen      total 70656K, used 5110K [0x000000076ab00000, 0x0000000773500000, 0x00000007c0000000)
  eden space 65536K, 0% used [0x000000076ab00000,0x000000076ab00000,0x000000076eb00000)
  from space 5120K, 99% used [0x000000076eb00000,0x000000076effdb70,0x000000076f000000)
  to   space 5120K, 0% used [0x0000000773000000,0x0000000773000000,0x0000000773500000)
 ParOldGen       total 86016K, used 51230K [0x00000006c0000000, 0x00000006c5400000, 0x000000076ab00000)
  object space 86016K, 59% used [0x00000006c0000000,0x00000006c3207938,0x00000006c5400000)
 Metaspace       used 5806K, capacity 6960K, committed 7040K, reserved 1056768K
  class space    used 561K, capacity 616K, committed 640K, reserved 1048576K
}
Event: 3.245 GC heap before
{Heap before GC invocations=4 (full 1):
 PSYoungGen      total 70656K, used 5110K [0x000000076ab00000, 0x0000000773500000, 0x00000007c0000000)
  eden space 65536K, 0% used [0x000000076ab00000,0x000000076ab00000,0x000000076eb00000)
  from space 5120K, 99% used [0x000000076eb00000,0x000000076effdb70,0x000000076f000000)
  to   space 5120K, 0% used [0x0000000773000000,0x0000000773000000,0x0000000773500000)
 ParOldGen       total 86016K, used 51230K [0x00000006c0000000, 0x00000006c5400000, 0x000000076ab00000)
  object space 86016K, 59% used [0x00000006c0000000,0x00000006c3207938,0x00000006c5400000)
 Metaspace       used 5806K, capacity 6960K, committed 7040K, reserved 1056768K
  class space    used 561K, capacity 616K, committed 640K, reserved 1048576K
Event: 4.369 GC heap after
Heap after GC invocations=4 (full 1):
 PSYoungGen      total 70656K, used 0K [0x000000076ab00000, 0x0000000773500000, 0x00000007c0000000)
  eden space 65536K, 0% used [0x000000076ab00000,0x000000076ab00000,0x000000076eb00000)
  from space 5120K, 0% used [0x000000076eb00000,0x000000076eb00000,0x000000076f000000)
  to   space 5120K, 0% used [0x0000000773000000,0x0000000773000000,0x0000000773500000)
 ParOldGen       total 139776K, used 50026K [0x00000006c0000000, 0x00000006c8880000, 0x000000076ab00000)
  object space 139776K, 35% used [0x00000006c0000000,0x00000006c30daa58,0x00000006c8880000)
 Metaspace       used 5806K, capacity 6960K, committed 7040K, reserved 1056768K
  class space    used 561K, capacity 616K, committed 640K, reserved 1048576K
}
Event: 5.127 GC heap before
{Heap before GC invocations=5 (full 1):
 PSYoungGen      total 70656K, used 65536K [0x000000076ab00000, 0x0000000773500000, 0x00000007c0000000)
  eden space 65536K, 100% used [0x000000076ab00000,0x000000076eb00000,0x000000076eb00000)
  from space 5120K, 0% used [0x000000076eb00000,0x000000076eb00000,0x000000076f000000)
  to   space 5120K, 0% used [0x0000000773000000,0x0000000773000000,0x0000000773500000)
 ParOldGen       total 139776K, used 50026K [0x00000006c0000000, 0x00000006c8880000, 0x000000076ab00000)
  object space 139776K, 35% used [0x00000006c0000000,0x00000006c30daa58,0x00000006c8880000)
 Metaspace       used 5923K, capacity 7024K, committed 7296K, reserved 1056768K
  class space    used 561K, capacity 616K, committed 640K, reserved 1048576K
Event: 5.248 GC heap after
Heap after GC invocations=5 (full 1):
 PSYoungGen      total 96768K, used 5091K [0x000000076ab00000, 0x0000000773500000, 0x00000007c0000000)
  eden space 91648K, 0% used [0x000000076ab00000,0x000000076ab00000,0x0000000770480000)
  from space 5120K, 99% used [0x0000000773000000,0x00000007734f8f80,0x0000000773500000)
  to   space 5120K, 0% used [0x0000000772b00000,0x0000000772b00000,0x0000000773000000)
 ParOldGen       total 139776K, used 62548K [0x00000006c0000000, 0x00000006c8880000, 0x000000076ab00000)
  object space 139776K, 44% used [0x00000006c0000000,0x00000006c3d153c0,0x00000006c8880000)
 Metaspace       used 5923K, capacity 7024K, committed 7296K, reserved 1056768K
  class space    used 561K, capacity 616K, committed 640K, reserved 1048576K
}
Event: 5.708 GC heap before
{Heap before GC invocations=6 (full 1):
 PSYoungGen      total 96768K, used 96739K [0x000000076ab00000, 0x0000000773500000, 0x00000007c0000000)
  eden space 91648K, 100% used [0x000000076ab00000,0x0000000770480000,0x0000000770480000)
  from space 5120K, 99% used [0x0000000773000000,0x00000007734f8f80,0x0000000773500000)
  to   space 5120K, 0% used [0x0000000772b00000,0x0000000772b00000,0x0000000773000000)
 ParOldGen       total 139776K, used 62548K [0x00000006c0000000, 0x00000006c8880000, 0x000000076ab00000)
  object space 139776K, 44% used [0x00000006c0000000,0x00000006c3d153c0,0x00000006c8880000)
 Metaspace       used 5932K, capacity 7024K, committed 7296K, reserved 1056768K
  class space    used 561K, capacity 616K, committed 640K, reserved 1048576K
Event: 5.787 GC heap after
Heap after GC invocations=6 (full 1):
 PSYoungGen      total 96768K, used 5106K [0x000000076ab00000, 0x0000000773500000, 0x00000007c0000000)
  eden space 91648K, 0% used [0x000000076ab00000,0x000000076ab00000,0x0000000770480000)
  from space 5120K, 99% used [0x0000000772b00000,0x0000000772ffc968,0x0000000773000000)
  to   space 5120K, 0% used [0x0000000773000000,0x0000000773000000,0x0000000773500000)
 ParOldGen       total 139776K, used 95703K [0x00000006c0000000, 0x00000006c8880000, 0x000000076ab00000)
  object space 139776K, 68% used [0x00000006c0000000,0x00000006c5d75d78,0x00000006c8880000)
 Metaspace       used 5932K, capacity 7024K, committed 7296K, reserved 1056768K
  class space    used 561K, capacity 616K, committed 640K, reserved 1048576K
}

Deoptimization events (10 events):
Event: 5.087 Thread 0x000000001e473800 Uncommon trap: reason=bimorphic action=maybe_recompile pc=0x0000000002d081e4 method=com.android.dx.cf.code.BytecodeArray.parseInstruction(ILcom/android/dx/cf/code/BytecodeArray$Visitor;)I @ 923
Event: 5.087 Thread 0x000000001e473800 Uncommon trap: reason=bimorphic action=maybe_recompile pc=0x0000000002d08264 method=com.android.dx.cf.code.BytecodeArray.parseInstruction(ILcom/android/dx/cf/code/BytecodeArray$Visitor;)I @ 939
Event: 5.088 Thread 0x000000001e473800 Uncommon trap: reason=class_check action=maybe_recompile pc=0x0000000002f64c98 method=com.android.dx.cf.code.RopperMachine.run(Lcom/android/dx/cf/code/Frame;II)V @ 310
Event: 5.088 Thread 0x000000001e473800 Uncommon trap: reason=class_check action=maybe_recompile pc=0x0000000002f64c98 method=com.android.dx.cf.code.RopperMachine.run(Lcom/android/dx/cf/code/Frame;II)V @ 310
Event: 5.382 Thread 0x000000001e46f000 Uncommon trap: reason=bimorphic action=maybe_recompile pc=0x0000000002e9727c method=com.android.dx.rop.code.InsnList.contentEquals(Lcom/android/dx/rop/code/InsnList;)Z @ 38
Event: 5.382 Thread 0x000000001e46f000 Uncommon trap: reason=bimorphic action=maybe_recompile pc=0x0000000002e9727c method=com.android.dx.rop.code.InsnList.contentEquals(Lcom/android/dx/rop/code/InsnList;)Z @ 38
Event: 5.387 Thread 0x000000001e46f000 Uncommon trap: reason=class_check action=maybe_recompile pc=0x0000000002c6f0cc method=java.util.HashMap.putVal(ILjava/lang/Object;Ljava/lang/Object;ZZ)Ljava/lang/Object; @ 203
Event: 5.387 Thread 0x000000001e46f000 Uncommon trap: reason=bimorphic action=maybe_recompile pc=0x0000000002aa8d54 method=java.util.HashMap.getNode(ILjava/lang/Object;)Ljava/util/HashMap$Node; @ 126
Event: 5.387 Thread 0x000000001e46f000 Uncommon trap: reason=bimorphic action=maybe_recompile pc=0x0000000002b01f98 method=java.util.HashMap.getNode(ILjava/lang/Object;)Ljava/util/HashMap$Node; @ 126
Event: 5.390 Thread 0x000000001e46f000 Uncommon trap: reason=bimorphic action=maybe_recompile pc=0x0000000002f65d68 method=com.android.dx.cf.code.RopperMachine.run(Lcom/android/dx/cf/code/Frame;II)V @ 988

Internal exceptions (3 events):
Event: 0.029 Thread 0x0000000002770800 Exception <a 'java/lang/NoSuchMethodError': Method sun.misc.Unsafe.defineClass(Ljava/lang/String;[BII)Ljava/lang/Class; name or signature does not match> (0x000000076ab07cc0) thrown at [C:\src\android\AOSP-openjdk\external\jetbrains\jdk\hotspot\src\share\v#hÆå†ž?
Event: 0.029 Thread 0x0000000002770800 Exception <a 'java/lang/NoSuchMethodError': Method sun.misc.Unsafe.prefetchRead(Ljava/lang/Object;J)V name or signature does not match> (0x000000076ab07fa8) thrown at [C:\src\android\AOSP-openjdk\external\jetbrains\jdk\hotspot\src\share\vm\prims\jni.cpp, lLc¶Ãô‡ð?
Event: 1.033 Thread 0x000000001e46f000 Implicit null exception at 0x0000000002bb84b6 to 0x0000000002bbad05

Events (10 events):
Event: 5.996 Thread 0x000000001f2f4800 DEOPT PACKING pc=0x0000000002deacf1 sp=0x000000001fb6ea90
Event: 5.996 Thread 0x000000001f2f4800 DEOPT UNPACKING pc=0x00000000028b75bf sp=0x000000001fb6e820 mode 0
Event: 6.046 Thread 0x000000001e46f000 DEOPT PACKING pc=0x0000000002e19596 sp=0x000000001f26e790
Event: 6.046 Thread 0x000000001e46f000 DEOPT UNPACKING pc=0x00000000028b75bf sp=0x000000001f26e4c0 mode 0
Event: 6.048 Thread 0x000000001e46f000 DEOPT PACKING pc=0x0000000002ce0fa4 sp=0x000000001f26e810
Event: 6.048 Thread 0x000000001e46f000 DEOPT UNPACKING pc=0x00000000028b75bf sp=0x000000001f26e530 mode 0
Event: 6.057 Thread 0x000000001e66e000 DEOPT PACKING pc=0x0000000002cebbdf sp=0x000000001fc6ea80
Event: 6.057 Thread 0x000000001e66e000 DEOPT UNPACKING pc=0x00000000028b75bf sp=0x000000001fc6e830 mode 0
Event: 6.070 Thread 0x000000001e66e000 DEOPT PACKING pc=0x0000000002d20331 sp=0x000000001fc6eba0
Event: 6.070 Thread 0x000000001e66e000 DEOPT UNPACKING pc=0x00000000028b75bf sp=0x000000001fc6e948 mode 0


Dynamic libraries:
0x00007ff63a110000 - 0x00007ff63a141000 	E:\Android\AndroidStudio\jre\bin\java.exe
0x00007ffab3810000 - 0x00007ffab39d2000 	C:\Windows\SYSTEM32\ntdll.dll
0x00007ffab3620000 - 0x00007ffab36cd000 	C:\Windows\system32\KERNEL32.DLL
0x00007ffab0ca0000 - 0x00007ffab0e7d000 	C:\Windows\system32\KERNELBASE.dll
0x00007ffab31f0000 - 0x00007ffab3296000 	C:\Windows\system32\ADVAPI32.dll
0x00007ffab3020000 - 0x00007ffab30bd000 	C:\Windows\system32\msvcrt.dll
0x00007ffab3730000 - 0x00007ffab378b000 	C:\Windows\system32\sechost.dll
0x00007ffab30c0000 - 0x00007ffab31e6000 	C:\Windows\system32\RPCRT4.dll
0x00007ffab2680000 - 0x00007ffab27ce000 	C:\Windows\system32\USER32.dll
0x00007ffab2410000 - 0x00007ffab2595000 	C:\Windows\system32\GDI32.dll
0x00007ffaa4e30000 - 0x00007ffaa50a4000 	C:\Windows\WinSxS\amd64_microsoft.windows.common-controls_6595b64144ccf1df_6.0.10240.16384_none_f41f7b285750ef43\COMCTL32.dll
0x00007ffab2dd0000 - 0x00007ffab2e06000 	C:\Windows\system32\IMM32.DLL
0x00007ffab2ec0000 - 0x00007ffab301c000 	C:\Windows\system32\MSCTF.dll
0x00000000681e0000 - 0x00000000682b2000 	E:\Android\AndroidStudio\jre\jre\bin\msvcr100.dll
0x00000000683a0000 - 0x0000000068bd4000 	E:\Android\AndroidStudio\jre\jre\bin\server\jvm.dll
0x00007ffab3320000 - 0x00007ffab3328000 	C:\Windows\system32\PSAPI.DLL
0x00007ffaabd50000 - 0x00007ffaabd59000 	C:\Windows\SYSTEM32\WSOCK32.dll
0x00007ffab32b0000 - 0x00007ffab3319000 	C:\Windows\system32\WS2_32.dll
0x00007ffab32a0000 - 0x00007ffab32a8000 	C:\Windows\system32\NSI.dll
0x00007ffaae4d0000 - 0x00007ffaae4f3000 	C:\Windows\SYSTEM32\WINMM.dll
0x00007ffaa9a50000 - 0x00007ffaa9a5a000 	C:\Windows\SYSTEM32\VERSION.dll
0x00007ffaae440000 - 0x00007ffaae46c000 	C:\Windows\SYSTEM32\WINMMBASE.dll
0x00007ffab02e0000 - 0x00007ffab0324000 	C:\Windows\system32\cfgmgr32.dll
0x00007ffaaeaf0000 - 0x00007ffaaeb17000 	C:\Windows\SYSTEM32\DEVOBJ.dll
0x00007ffaabc50000 - 0x00007ffaabc5f000 	E:\Android\AndroidStudio\jre\jre\bin\verify.dll
0x00007ffaab7d0000 - 0x00007ffaab7f9000 	E:\Android\AndroidStudio\jre\jre\bin\java.dll
0x00007ffaab4b0000 - 0x00007ffaab4c6000 	E:\Android\AndroidStudio\jre\jre\bin\zip.dll
0x00007ffab0ee0000 - 0x00007ffab2403000 	C:\Windows\system32\SHELL32.dll
0x00007ffab05b0000 - 0x00007ffab0bd9000 	C:\Windows\system32\windows.storage.dll
0x00007ffab2830000 - 0x00007ffab2aac000 	C:\Windows\system32\combase.dll
0x00007ffab3330000 - 0x00007ffab3381000 	C:\Windows\system32\shlwapi.dll
0x00007ffab02d0000 - 0x00007ffab02df000 	C:\Windows\system32\kernel.appcore.dll
0x00007ffab0be0000 - 0x00007ffab0c93000 	C:\Windows\system32\shcore.dll
0x00007ffab0240000 - 0x00007ffab028a000 	C:\Windows\system32\powrprof.dll
0x00007ffab02b0000 - 0x00007ffab02c3000 	C:\Windows\system32\profapi.dll

VM Arguments:
jvm_args: -Djava.awt.headless=true -Xmx4g -Dfile.encoding=GBK -Duser.country=CN -Duser.language=zh -Duser.variant 
java_command: com.android.dx.command.Main --dex --force-jumbo --num-threads=4 --multi-dex --output E:\Android\AndroidProjects\shian_guwen\app\build\intermediates\transforms\dex\debug\folders\1000\5\slice_9 E:\Android\AndroidProjects\shian_guwen\app\build\intermediates\transforms\instantRunSlicer\debug\folders\1\5\slice_9
java_class_path (initial): E:\Android\AndroidSdk\build-tools\25.0.1\lib\dx.jar
Launcher Type: SUN_STANDARD

Environment Variables:
JAVA_HOME=C:\Program Files\Java\jdk1.7.0_71
CLASSPATH=C:\Program Files\Java\jdk1.7.0_71\lib
PATH=.;C:\Windows\system32;C:\Windows;C:\Windows\System32\Wbem;C:\Windows\System32\WindowsPowerShell\v1.0;C:\Program Files\Java\jdk1.7.0_71\bin
USERNAME=Administrator
OS=Windows_NT
PROCESSOR_IDENTIFIER=Intel64 Family 6 Model 158 Stepping 9, GenuineIntel



---------------  S Y S T E M  ---------------

OS: Windows 10.0 , 64 bit Build 10240 (10.0.10240.16384)

CPU:total 8 (4 cores per cpu, 2 threads per core) family 6 model 158 stepping 9, cmov, cx8, fxsr, mmx, sse, sse2, sse3, ssse3, sse4.1, sse4.2, popcnt, avx, avx2, aes, clmul, erms, rtm, 3dnowpref, lzcnt, ht, tsc, tscinvbit, bmi1, bmi2, adx

Memory: 4k page, physical 8250868k(981188k free), swap 10348020k(8696k free)

vm_info: OpenJDK 64-Bit Server VM (25.76-b03) for windows-amd64 JRE (1.8.0_76-release-b03), built on Jun 29 2016 19:09:20 by "ralucas" with MS VC++ 10.0 (VS2010)

time: Fri Mar 03 13:46:29 2017
elapsed time: 6 seconds (0d 0h 0m 6s)

