#
# There is insufficient memory for the Java Runtime Environment to continue.
# Native memory allocation (malloc) failed to allocate 426512 bytes for Chunk::new
# Possible reasons:
#   The system is out of physical RAM or swap space
#   In 32 bit mode, the process size limit was hit
# Possible solutions:
#   Reduce memory load on the system
#   Increase physical memory or swap space
#   Check if swap backing store is full
#   Use 64 bit Java on a 64 bit OS
#   Decrease Java heap size (-Xmx/-Xms)
#   Decrease number of Java threads
#   Decrease Java thread stack sizes (-Xss)
#   Set larger code cache with -XX:ReservedCodeCacheSize=
# This output file may be truncated or incomplete.
#
#  Out of Memory Error (allocation.cpp:390), pid=15320, tid=0x00000000000038f0
#
# JRE version: OpenJDK Runtime Environment (8.0_76-b03) (build 1.8.0_76-release-b03)
# Java VM: OpenJDK 64-Bit Server VM (25.76-b03 mixed mode windows-amd64 compressed oops)
# Failed to write core dump. Minidumps are not enabled by default on client versions of Windows
#

---------------  T H R E A D  ---------------

Current thread (0x000000001e507800):  JavaThread "C2 CompilerThread1" daemon [_thread_in_native, id=14576, stack(0x000000001ece0000,0x000000001ede0000)]

Stack: [0x000000001ece0000,0x000000001ede0000]
[error occurred during error reporting (printing stack bounds), id 0xc0000005]

Native frames: (J=compiled Java code, j=interpreted, Vv=VM code, C=native code)


Current CompileTask:
C2:   9465 1851   !   4       com.android.dx.rop.type.Prototype::intern (233 bytes)


---------------  P R O C E S S  ---------------

Java Threads: ( => current thread )
  0x000000001e771800 JavaThread "pool-2-thread-4" [_thread_in_vm, id=15312, stack(0x000000001f5e0000,0x000000001f6e0000)]
  0x000000001e76f800 JavaThread "pool-2-thread-3" [_thread_in_Java, id=14280, stack(0x000000001f4e0000,0x000000001f5e0000)]
  0x000000001e76c000 JavaThread "pool-2-thread-2" [_thread_in_Java, id=9388, stack(0x000000001f3e0000,0x000000001f4e0000)]
  0x000000001e677800 JavaThread "pool-3-thread-1" [_thread_blocked, id=15328, stack(0x000000001f2e0000,0x000000001f3e0000)]
  0x000000001e677000 JavaThread "pool-2-thread-1" [_thread_in_Java, id=10224, stack(0x000000001f1e0000,0x000000001f2e0000)]
  0x000000001e552800 JavaThread "Service Thread" daemon [_thread_blocked, id=10516, stack(0x000000001efe0000,0x000000001f0e0000)]
  0x000000001e516800 JavaThread "C1 CompilerThread3" daemon [_thread_blocked, id=14964, stack(0x000000001eee0000,0x000000001efe0000)]
  0x000000001e50a000 JavaThread "C2 CompilerThread2" daemon [_thread_in_native, id=10172, stack(0x000000001ede0000,0x000000001eee0000)]
=>0x000000001e507800 JavaThread "C2 CompilerThread1" daemon [_thread_in_native, id=14576, stack(0x000000001ece0000,0x000000001ede0000)]
  0x000000001e504000 JavaThread "C2 CompilerThread0" daemon [_thread_in_native, id=11632, stack(0x000000001ebe0000,0x000000001ece0000)]
  0x000000001e502000 JavaThread "Attach Listener" daemon [_thread_blocked, id=13568, stack(0x000000001eae0000,0x000000001ebe0000)]
  0x000000001e501000 JavaThread "Signal Dispatcher" daemon [_thread_blocked, id=14956, stack(0x000000001e9e0000,0x000000001eae0000)]
  0x0000000002a4e000 JavaThread "Finalizer" daemon [_thread_blocked, id=5160, stack(0x000000001e880000,0x000000001e980000)]
  0x0000000002a44800 JavaThread "Reference Handler" daemon [_thread_blocked, id=14832, stack(0x000000001e380000,0x000000001e480000)]
  0x0000000002950800 JavaThread "main" [_thread_in_Java, id=14864, stack(0x0000000002850000,0x0000000002950000)]

Other Threads:
  0x000000001c5b7000 VMThread [stack: 0x000000001e280000,0x000000001e380000] [id=13572]
  0x000000001e553800 WatcherThread [stack: 0x000000001f0e0000,0x000000001f1e0000] [id=15296]

VM state:not at safepoint (normal execution)

VM Mutex/Monitor currently owned by a thread: None

Heap:
 PSYoungGen      total 136192K, used 131072K [0x000000076ab00000, 0x0000000773500000, 0x00000007c0000000)
  eden space 131072K, 100% used [0x000000076ab00000,0x0000000772b00000,0x0000000772b00000)
  from space 5120K, 0% used [0x0000000773000000,0x0000000773000000,0x0000000773500000)
  to   space 5120K, 0% used [0x0000000772b00000,0x0000000772b00000,0x0000000773000000)
 ParOldGen       total 107520K, used 40461K [0x00000006c0000000, 0x00000006c6900000, 0x000000076ab00000)
  object space 107520K, 37% used [0x00000006c0000000,0x00000006c27834a0,0x00000006c6900000)
 Metaspace       used 5948K, capacity 7024K, committed 7296K, reserved 1056768K
  class space    used 561K, capacity 616K, committed 640K, reserved 1048576K

Card table byte_map: [0x0000000011e10000,0x0000000012620000] byte_map_base: 0x000000000e810000

Marking Bits: (ParMarkBitMap*) 0x000000005f139d00
 Begin Bits: [0x0000000013380000, 0x0000000017380000)
 End Bits:   [0x0000000017380000, 0x000000001b380000)

Polling page: 0x0000000000e90000

CodeCache: size=245760Kb used=8914Kb max_used=8914Kb free=236845Kb
 bounds [0x0000000002a50000, 0x0000000003310000, 0x0000000011a50000]
 total_blobs=2100 nmethods=1836 adapters=177
 compilation: enabled

Compilation events (10 events):
Event: 9.343 Thread 0x000000001e516800 1861  s    3       com.android.dx.dex.file.TypeIdsSection::intern (60 bytes)
Event: 9.344 Thread 0x000000001e516800 nmethod 1861 0x0000000003305ad0 code [0x0000000003305d00, 0x00000000033069e8]
Event: 9.345 Thread 0x000000001e516800 1863       3       com.android.dx.ssa.back.FirstFitLocalCombiningAllocator::findRopRegForLocal (74 bytes)
Event: 9.345 Thread 0x000000001e516800 nmethod 1863 0x0000000003304f90 code [0x0000000003305160, 0x0000000003305848]
Event: 9.345 Thread 0x000000001e516800 1864       3       com.android.dx.ssa.back.FirstFitLocalCombiningAllocator::canMapRegs (60 bytes)
Event: 9.346 Thread 0x000000001e516800 nmethod 1864 0x0000000003303450 code [0x00000000033036c0, 0x00000000033046c8]
Event: 9.349 Thread 0x000000001e516800 1865       1       com.android.dx.cf.code.SwitchList::size (5 bytes)
Event: 9.349 Thread 0x000000001e516800 nmethod 1865 0x00000000032fa210 code [0x00000000032fa360, 0x00000000032fa470]
Event: 9.354 Thread 0x000000001e516800 1868       3       com.android.dx.cf.code.BasicBlocker::visitSwitch (64 bytes)
Event: 9.355 Thread 0x000000001e516800 nmethod 1868 0x0000000003309b10 code [0x0000000003309d60, 0x000000000330acd8]

GC Heap History (10 events):
Event: 3.240 GC heap before
{Heap before GC invocations=1 (full 0):
 PSYoungGen      total 37888K, used 32768K [0x000000076ab00000, 0x000000076d500000, 0x00000007c0000000)
  eden space 32768K, 100% used [0x000000076ab00000,0x000000076cb00000,0x000000076cb00000)
  from space 5120K, 0% used [0x000000076d000000,0x000000076d000000,0x000000076d500000)
  to   space 5120K, 0% used [0x000000076cb00000,0x000000076cb00000,0x000000076d000000)
 ParOldGen       total 86016K, used 0K [0x00000006c0000000, 0x00000006c5400000, 0x000000076ab00000)
  object space 86016K, 0% used [0x00000006c0000000,0x00000006c0000000,0x00000006c5400000)
 Metaspace       used 5624K, capacity 6768K, committed 7040K, reserved 1056768K
  class space    used 554K, capacity 616K, committed 640K, reserved 1048576K
Event: 3.502 GC heap after
Heap after GC invocations=1 (full 0):
 PSYoungGen      total 37888K, used 5093K [0x000000076ab00000, 0x000000076f500000, 0x00000007c0000000)
  eden space 32768K, 0% used [0x000000076ab00000,0x000000076ab00000,0x000000076cb00000)
  from space 5120K, 99% used [0x000000076cb00000,0x000000076cff9670,0x000000076d000000)
  to   space 5120K, 0% used [0x000000076f000000,0x000000076f000000,0x000000076f500000)
 ParOldGen       total 86016K, used 6273K [0x00000006c0000000, 0x00000006c5400000, 0x000000076ab00000)
  object space 86016K, 7% used [0x00000006c0000000,0x00000006c0620480,0x00000006c5400000)
 Metaspace       used 5624K, capacity 6768K, committed 7040K, reserved 1056768K
  class space    used 554K, capacity 616K, committed 640K, reserved 1048576K
}
Event: 4.555 GC heap before
{Heap before GC invocations=2 (full 0):
 PSYoungGen      total 37888K, used 37861K [0x000000076ab00000, 0x000000076f500000, 0x00000007c0000000)
  eden space 32768K, 100% used [0x000000076ab00000,0x000000076cb00000,0x000000076cb00000)
  from space 5120K, 99% used [0x000000076cb00000,0x000000076cff9670,0x000000076d000000)
  to   space 5120K, 0% used [0x000000076f000000,0x000000076f000000,0x000000076f500000)
 ParOldGen       total 86016K, used 6273K [0x00000006c0000000, 0x00000006c5400000, 0x000000076ab00000)
  object space 86016K, 7% used [0x00000006c0000000,0x00000006c0620480,0x00000006c5400000)
 Metaspace       used 5691K, capacity 6832K, committed 7040K, reserved 1056768K
  class space    used 555K, capacity 616K, committed 640K, reserved 1048576K
Event: 4.598 GC heap after
Heap after GC invocations=2 (full 0):
 PSYoungGen      total 70656K, used 5094K [0x000000076ab00000, 0x000000076f500000, 0x00000007c0000000)
  eden space 65536K, 0% used [0x000000076ab00000,0x000000076ab00000,0x000000076eb00000)
  from space 5120K, 99% used [0x000000076f000000,0x000000076f4f9ae0,0x000000076f500000)
  to   space 5120K, 0% used [0x000000076eb00000,0x000000076eb00000,0x000000076f000000)
 ParOldGen       total 86016K, used 19730K [0x00000006c0000000, 0x00000006c5400000, 0x000000076ab00000)
  object space 86016K, 22% used [0x00000006c0000000,0x00000006c1344ab8,0x00000006c5400000)
 Metaspace       used 5691K, capacity 6832K, committed 7040K, reserved 1056768K
  class space    used 555K, capacity 616K, committed 640K, reserved 1048576K
}
Event: 6.606 GC heap before
{Heap before GC invocations=3 (full 0):
 PSYoungGen      total 70656K, used 70630K [0x000000076ab00000, 0x000000076f500000, 0x00000007c0000000)
  eden space 65536K, 100% used [0x000000076ab00000,0x000000076eb00000,0x000000076eb00000)
  from space 5120K, 99% used [0x000000076f000000,0x000000076f4f9ae0,0x000000076f500000)
  to   space 5120K, 0% used [0x000000076eb00000,0x000000076eb00000,0x000000076f000000)
 ParOldGen       total 86016K, used 19730K [0x00000006c0000000, 0x00000006c5400000, 0x000000076ab00000)
  object space 86016K, 22% used [0x00000006c0000000,0x00000006c1344ab8,0x00000006c5400000)
 Metaspace       used 5839K, capacity 6960K, committed 7040K, reserved 1056768K
  class space    used 561K, capacity 616K, committed 640K, reserved 1048576K
Event: 7.344 GC heap after
Heap after GC invocations=3 (full 0):
 PSYoungGen      total 70656K, used 5105K [0x000000076ab00000, 0x0000000773500000, 0x00000007c0000000)
  eden space 65536K, 0% used [0x000000076ab00000,0x000000076ab00000,0x000000076eb00000)
  from space 5120K, 99% used [0x000000076eb00000,0x000000076effc450,0x000000076f000000)
  to   space 5120K, 0% used [0x0000000773000000,0x0000000773000000,0x0000000773500000)
 ParOldGen       total 86016K, used 36186K [0x00000006c0000000, 0x00000006c5400000, 0x000000076ab00000)
  object space 86016K, 42% used [0x00000006c0000000,0x00000006c2356bb8,0x00000006c5400000)
 Metaspace       used 5839K, capacity 6960K, committed 7040K, reserved 1056768K
  class space    used 561K, capacity 616K, committed 640K, reserved 1048576K
}
Event: 8.035 GC heap before
{Heap before GC invocations=4 (full 0):
 PSYoungGen      total 70656K, used 70641K [0x000000076ab00000, 0x0000000773500000, 0x00000007c0000000)
  eden space 65536K, 100% used [0x000000076ab00000,0x000000076eb00000,0x000000076eb00000)
  from space 5120K, 99% used [0x000000076eb00000,0x000000076effc450,0x000000076f000000)
  to   space 5120K, 0% used [0x0000000773000000,0x0000000773000000,0x0000000773500000)
 ParOldGen       total 86016K, used 36186K [0x00000006c0000000, 0x00000006c5400000, 0x000000076ab00000)
  object space 86016K, 42% used [0x00000006c0000000,0x00000006c2356bb8,0x00000006c5400000)
 Metaspace       used 5910K, capacity 7024K, committed 7296K, reserved 1056768K
  class space    used 561K, capacity 616K, committed 640K, reserved 1048576K
Event: 8.267 GC heap after
Heap after GC invocations=4 (full 0):
 PSYoungGen      total 136192K, used 5093K [0x000000076ab00000, 0x0000000773500000, 0x00000007c0000000)
  eden space 131072K, 0% used [0x000000076ab00000,0x000000076ab00000,0x0000000772b00000)
  from space 5120K, 99% used [0x0000000773000000,0x00000007734f9428,0x0000000773500000)
  to   space 5120K, 0% used [0x0000000772b00000,0x0000000772b00000,0x0000000773000000)
 ParOldGen       total 86016K, used 60499K [0x00000006c0000000, 0x00000006c5400000, 0x000000076ab00000)
  object space 86016K, 70% used [0x00000006c0000000,0x00000006c3b14c88,0x00000006c5400000)
 Metaspace       used 5910K, capacity 7024K, committed 7296K, reserved 1056768K
  class space    used 561K, capacity 616K, committed 640K, reserved 1048576K
}
Event: 8.267 GC heap before
{Heap before GC invocations=5 (full 1):
 PSYoungGen      total 136192K, used 5093K [0x000000076ab00000, 0x0000000773500000, 0x00000007c0000000)
  eden space 131072K, 0% used [0x000000076ab00000,0x000000076ab00000,0x0000000772b00000)
  from space 5120K, 99% used [0x0000000773000000,0x00000007734f9428,0x0000000773500000)
  to   space 5120K, 0% used [0x0000000772b00000,0x0000000772b00000,0x0000000773000000)
 ParOldGen       total 86016K, used 60499K [0x00000006c0000000, 0x00000006c5400000, 0x000000076ab00000)
  object space 86016K, 70% used [0x00000006c0000000,0x00000006c3b14c88,0x00000006c5400000)
 Metaspace       used 5910K, capacity 7024K, committed 7296K, reserved 1056768K
  class space    used 561K, capacity 616K, committed 640K, reserved 1048576K
Event: 8.561 GC heap after
Heap after GC invocations=5 (full 1):
 PSYoungGen      total 136192K, used 0K [0x000000076ab00000, 0x0000000773500000, 0x00000007c0000000)
  eden space 131072K, 0% used [0x000000076ab00000,0x000000076ab00000,0x0000000772b00000)
  from space 5120K, 0% used [0x0000000773000000,0x0000000773000000,0x0000000773500000)
  to   space 5120K, 0% used [0x0000000772b00000,0x0000000772b00000,0x0000000773000000)
 ParOldGen       total 107520K, used 40461K [0x00000006c0000000, 0x00000006c6900000, 0x000000076ab00000)
  object space 107520K, 37% used [0x00000006c0000000,0x00000006c27834a0,0x00000006c6900000)
 Metaspace       used 5910K, capacity 7024K, committed 7296K, reserved 1056768K
  class space    used 561K, capacity 616K, committed 640K, reserved 1048576K
}

Deoptimization events (10 events):
Event: 9.060 Thread 0x000000001e76f800 Uncommon trap: reason=class_check action=maybe_recompile pc=0x000000000325ea34 method=com.android.dx.ssa.SsaConverter.placePhiFunctions(Lcom/android/dx/ssa/SsaMethod;Lcom/android/dx/ssa/LocalVariableInfo;I)V @ 257
Event: 9.243 Thread 0x000000001e677000 Uncommon trap: reason=class_check action=maybe_recompile pc=0x00000000031199b0 method=com.android.dx.ssa.back.InterferenceGraph.mergeInterferenceSet(ILcom/android/dx/util/IntSet;)V @ 20
Event: 9.243 Thread 0x000000001e677000 Uncommon trap: reason=class_check action=maybe_recompile pc=0x0000000003165758 method=com.android.dx.util.BitIntSet.merge(Lcom/android/dx/util/IntSet;)V @ 1
Event: 9.244 Thread 0x000000001e677000 Uncommon trap: reason=class_check action=maybe_recompile pc=0x00000000031199b0 method=com.android.dx.ssa.back.InterferenceGraph.mergeInterferenceSet(ILcom/android/dx/util/IntSet;)V @ 20
Event: 9.244 Thread 0x000000001e677000 Uncommon trap: reason=class_check action=maybe_recompile pc=0x0000000003165758 method=com.android.dx.util.BitIntSet.merge(Lcom/android/dx/util/IntSet;)V @ 1
Event: 9.244 Thread 0x000000001e677000 Uncommon trap: reason=class_check action=maybe_recompile pc=0x00000000031199b0 method=com.android.dx.ssa.back.InterferenceGraph.mergeInterferenceSet(ILcom/android/dx/util/IntSet;)V @ 20
Event: 9.244 Thread 0x000000001e677000 Uncommon trap: reason=class_check action=maybe_recompile pc=0x0000000003165758 method=com.android.dx.util.BitIntSet.merge(Lcom/android/dx/util/IntSet;)V @ 1
Event: 9.244 Thread 0x000000001e677000 Uncommon trap: reason=class_check action=maybe_recompile pc=0x00000000031199b0 method=com.android.dx.ssa.back.InterferenceGraph.mergeInterferenceSet(ILcom/android/dx/util/IntSet;)V @ 20
Event: 9.245 Thread 0x000000001e677000 Uncommon trap: reason=class_check action=maybe_recompile pc=0x0000000003165758 method=com.android.dx.util.BitIntSet.merge(Lcom/android/dx/util/IntSet;)V @ 1
Event: 9.251 Thread 0x000000001e677000 Uncommon trap: reason=class_check action=maybe_recompile pc=0x0000000002fae16c method=com.android.dx.ssa.back.InterferenceGraph.mergeInterferenceSet(ILcom/android/dx/util/IntSet;)V @ 20

Internal exceptions (5 events):
Event: 0.022 Thread 0x0000000002950800 Exception <a 'java/lang/NoSuchMethodError': Method sun.misc.Unsafe.defineClass(Ljava/lang/String;[BII)Ljava/lang/Class; name or signature does not match> (0x000000076ab07cc0) thrown at [C:\src\android\AOSP-openjdk\external\jetbrains\jdk\hotspot\src\share\vöŒ[RÄñ?
Event: 0.022 Thread 0x0000000002950800 Exception <a 'java/lang/NoSuchMethodError': Method sun.misc.Unsafe.prefetchRead(Ljava/lang/Object;J)V name or signature does not match> (0x000000076ab07fa8) thrown at [C:\src\android\AOSP-openjdk\external\jetbrains\jdk\hotspot\src\share\vm\prims\jni.cpp, lå‰Í0m@
Event: 2.928 Thread 0x0000000002950800 Implicit null exception at 0x0000000002d56ca2 to 0x0000000002d56db1
Event: 6.380 Thread 0x000000001e771800 Implicit null exception at 0x0000000002e87c59 to 0x0000000002e884bd
Event: 7.563 Thread 0x000000001e771800 Implicit null exception at 0x0000000002dc136d to 0x0000000002dc29d1

Events (10 events):
Event: 9.244 Thread 0x000000001e677000 DEOPT UNPACKING pc=0x0000000002a9556a sp=0x000000001f2de6c0 mode 2
Event: 9.244 Thread 0x000000001e677000 Uncommon trap: trap_request=0xffffffde fr.pc=0x00000000031199b0
Event: 9.244 Thread 0x000000001e677000 DEOPT PACKING pc=0x00000000031199b0 sp=0x000000001f2de6d0
Event: 9.244 Thread 0x000000001e677000 DEOPT UNPACKING pc=0x0000000002a9556a sp=0x000000001f2de670 mode 2
Event: 9.245 Thread 0x000000001e677000 Uncommon trap: trap_request=0xffffffde fr.pc=0x0000000003165758
Event: 9.245 Thread 0x000000001e677000 DEOPT PACKING pc=0x0000000003165758 sp=0x000000001f2de630
Event: 9.245 Thread 0x000000001e677000 DEOPT UNPACKING pc=0x0000000002a9556a sp=0x000000001f2de5f0 mode 2
Event: 9.251 Thread 0x000000001e677000 Uncommon trap: trap_request=0xffffffde fr.pc=0x0000000002fae16c
Event: 9.251 Thread 0x000000001e677000 DEOPT PACKING pc=0x0000000002fae16c sp=0x000000001f2de6f0
Event: 9.251 Thread 0x000000001e677000 DEOPT UNPACKING pc=0x0000000002a9556a sp=0x000000001f2de578 mode 2


Dynamic libraries:
0x00007ff6854e0000 - 0x00007ff685511000 	E:\Android\AndroidStudio\jre\bin\java.exe
0x00007ffff49f0000 - 0x00007ffff4bb2000 	C:\Windows\SYSTEM32\ntdll.dll
0x00007ffff4550000 - 0x00007ffff45fd000 	C:\Windows\system32\KERNEL32.DLL
0x00007ffff1ee0000 - 0x00007ffff20bd000 	C:\Windows\system32\KERNELBASE.dll
0x00007ffff2190000 - 0x00007ffff2236000 	C:\Windows\system32\ADVAPI32.dll
0x00007ffff2730000 - 0x00007ffff27cd000 	C:\Windows\system32\msvcrt.dll
0x00007ffff20c0000 - 0x00007ffff211b000 	C:\Windows\system32\sechost.dll
0x00007ffff4750000 - 0x00007ffff4876000 	C:\Windows\system32\RPCRT4.dll
0x00007ffff4600000 - 0x00007ffff474e000 	C:\Windows\system32\USER32.dll
0x00007ffff2cd0000 - 0x00007ffff2e55000 	C:\Windows\system32\GDI32.dll
0x00007fffe59d0000 - 0x00007fffe5c44000 	C:\Windows\WinSxS\amd64_microsoft.windows.common-controls_6595b64144ccf1df_6.0.10240.16384_none_f41f7b285750ef43\COMCTL32.dll
0x00007ffff49b0000 - 0x00007ffff49e6000 	C:\Windows\system32\IMM32.DLL
0x00007ffff2b50000 - 0x00007ffff2cac000 	C:\Windows\system32\MSCTF.dll
0x000000005e790000 - 0x000000005e862000 	E:\Android\AndroidStudio\jre\jre\bin\msvcr100.dll
0x000000005e980000 - 0x000000005f1b4000 	E:\Android\AndroidStudio\jre\jre\bin\server\jvm.dll
0x00007ffff2180000 - 0x00007ffff2188000 	C:\Windows\system32\PSAPI.DLL
0x00007fffee6a0000 - 0x00007fffee6aa000 	C:\Windows\SYSTEM32\VERSION.dll
0x00007fffef760000 - 0x00007fffef783000 	C:\Windows\SYSTEM32\WINMM.dll
0x00007fffefb00000 - 0x00007fffefb09000 	C:\Windows\SYSTEM32\WSOCK32.dll
0x00007ffff4880000 - 0x00007ffff48e9000 	C:\Windows\system32\WS2_32.dll
0x00007ffff2b40000 - 0x00007ffff2b48000 	C:\Windows\system32\NSI.dll
0x00007fffef620000 - 0x00007fffef64c000 	C:\Windows\SYSTEM32\WINMMBASE.dll
0x00007ffff1570000 - 0x00007ffff15b4000 	C:\Windows\system32\cfgmgr32.dll
0x00007fffefd40000 - 0x00007fffefd67000 	C:\Windows\SYSTEM32\DEVOBJ.dll
0x00007fffef210000 - 0x00007fffef21f000 	E:\Android\AndroidStudio\jre\jre\bin\verify.dll
0x00007fffedb50000 - 0x00007fffedb79000 	E:\Android\AndroidStudio\jre\jre\bin\java.dll
0x00007fffedb30000 - 0x00007fffedb46000 	E:\Android\AndroidStudio\jre\jre\bin\zip.dll
0x00007ffff2fb0000 - 0x00007ffff44d3000 	C:\Windows\system32\SHELL32.dll
0x00007ffff1850000 - 0x00007ffff1e79000 	C:\Windows\system32\windows.storage.dll
0x00007ffff2240000 - 0x00007ffff24bc000 	C:\Windows\system32\combase.dll
0x00007ffff2120000 - 0x00007ffff2171000 	C:\Windows\system32\shlwapi.dll
0x00007ffff14b0000 - 0x00007ffff14bf000 	C:\Windows\system32\kernel.appcore.dll
0x00007ffff1790000 - 0x00007ffff1843000 	C:\Windows\system32\shcore.dll
0x00007ffff1420000 - 0x00007ffff146a000 	C:\Windows\system32\powrprof.dll
0x00007ffff1470000 - 0x00007ffff1483000 	C:\Windows\system32\profapi.dll

VM Arguments:
jvm_args: -Djava.awt.headless=true -Xmx4g -Dfile.encoding=GBK -Duser.country=CN -Duser.language=zh -Duser.variant 
java_command: com.android.dx.command.Main --dex --force-jumbo --num-threads=4 --multi-dex --output E:\Android\AndroidProjects\shian_guwen\app\build\intermediates\transforms\dex\debug\folders\1000\5\slice_8 E:\Android\AndroidProjects\shian_guwen\app\build\intermediates\transforms\instantRunSlicer\debug\folders\1\5\slice_8
java_class_path (initial): E:\Android\AndroidSdk\build-tools\25.0.1\lib\dx.jar
Launcher Type: SUN_STANDARD

Environment Variables:
JAVA_HOME=C:\Program Files\Java\jdk1.7.0_71
CLASSPATH=C:\Program Files\Java\jdk1.7.0_71\lib
PATH=.;C:\Windows\system32;C:\Windows;C:\Windows\System32\Wbem;C:\Windows\System32\WindowsPowerShell\v1.0;C:\Program Files\Java\jdk1.7.0_71\bin
USERNAME=Administrator
OS=Windows_NT
PROCESSOR_IDENTIFIER=Intel64 Family 6 Model 158 Stepping 9, GenuineIntel



---------------  S Y S T E M  ---------------

OS: Windows 10.0 , 64 bit Build 10240 (10.0.10240.16384)

CPU:total 8 (4 cores per cpu, 2 threads per core) family 6 model 158 stepping 9, cmov, cx8, fxsr, mmx, sse, sse2, sse3, ssse3, sse4.1, sse4.2, popcnt, avx, avx2, aes, clmul, erms, rtm, 3dnowpref, lzcnt, ht, tsc, tscinvbit, bmi1, bmi2, adx

Memory: 4k page, physical 8250868k(937592k free), swap 10348020k(4628k free)

vm_info: OpenJDK 64-Bit Server VM (25.76-b03) for windows-amd64 JRE (1.8.0_76-release-b03), built on Jun 29 2016 19:09:20 by "ralucas" with MS VC++ 10.0 (VS2010)

time: Sun Mar 05 10:33:16 2017
elapsed time: 9 seconds (0d 0h 0m 9s)

