#
# There is insufficient memory for the Java Runtime Environment to continue.
# Native memory allocation (malloc) failed to allocate 1518256 bytes for Chunk::new
# Possible reasons:
#   The system is out of physical RAM or swap space
#   In 32 bit mode, the process size limit was hit
# Possible solutions:
#   Reduce memory load on the system
#   Increase physical memory or swap space
#   Check if swap backing store is full
#   Use 64 bit Java on a 64 bit OS
#   Decrease Java heap size (-Xmx/-Xms)
#   Decrease number of Java threads
#   Decrease Java thread stack sizes (-Xss)
#   Set larger code cache with -XX:ReservedCodeCacheSize=
# This output file may be truncated or incomplete.
#
#  Out of Memory Error (allocation.cpp:390), pid=10808, tid=0x0000000000002bc0
#
# JRE version: OpenJDK Runtime Environment (8.0_76-b03) (build 1.8.0_76-release-b03)
# Java VM: OpenJDK 64-Bit Server VM (25.76-b03 mixed mode windows-amd64 compressed oops)
# Failed to write core dump. Minidumps are not enabled by default on client versions of Windows
#

---------------  T H R E A D  ---------------

Current thread (0x000000001edfa000):  JavaThread "C2 CompilerThread2" daemon [_thread_in_native, id=11200, stack(0x000000001f670000,0x000000001f770000)]

Stack: [0x000000001f670000,0x000000001f770000]
[error occurred during error reporting (printing stack bounds), id 0xc0000005]

Native frames: (J=compiled Java code, j=interpreted, Vv=VM code, C=native code)


Current CompileTask:
C2:  17573 3733       4       com.android.dx.dex.code.DalvCode::finishProcessingIfNecessary (69 bytes)


---------------  P R O C E S S  ---------------

Java Threads: ( => current thread )
  0x000000002011f000 JavaThread "pool-1-thread-1" [_thread_in_Java, id=12340, stack(0x00000000236e0000,0x00000000237e0000)]
  0x000000001ee8d800 JavaThread "Service Thread" daemon [_thread_blocked, id=9244, stack(0x000000001f870000,0x000000001f970000)]
  0x000000001ee01000 JavaThread "C1 CompilerThread3" daemon [_thread_blocked, id=13240, stack(0x000000001f770000,0x000000001f870000)]
=>0x000000001edfa000 JavaThread "C2 CompilerThread2" daemon [_thread_in_native, id=11200, stack(0x000000001f670000,0x000000001f770000)]
  0x000000001ce9d000 JavaThread "C2 CompilerThread1" daemon [_thread_in_native, id=11204, stack(0x000000001f570000,0x000000001f670000)]
  0x000000001edf8800 JavaThread "C2 CompilerThread0" daemon [_thread_in_native, id=2388, stack(0x000000001f470000,0x000000001f570000)]
  0x000000001edf7000 JavaThread "Attach Listener" daemon [_thread_blocked, id=12792, stack(0x000000001f370000,0x000000001f470000)]
  0x000000001edf6800 JavaThread "Signal Dispatcher" daemon [_thread_blocked, id=13048, stack(0x000000001f270000,0x000000001f370000)]
  0x000000001ed90800 JavaThread "Finalizer" daemon [_thread_blocked, id=12492, stack(0x000000001f170000,0x000000001f270000)]
  0x0000000003365000 JavaThread "Reference Handler" daemon [_thread_blocked, id=9784, stack(0x000000001ec70000,0x000000001ed70000)]
  0x0000000003272800 JavaThread "main" [_thread_blocked, id=12892, stack(0x0000000003170000,0x0000000003270000)]

Other Threads:
  0x000000001ce87000 VMThread [stack: 0x000000001eb70000,0x000000001ec70000] [id=12296]
  0x000000001ee0d800 WatcherThread [stack: 0x000000001f970000,0x000000001fa70000] [id=13032]

VM state:not at safepoint (normal execution)

VM Mutex/Monitor currently owned by a thread: None

Heap:
 PSYoungGen      total 883712K, used 586537K [0x000000076ab00000, 0x00000007b6300000, 0x00000007c0000000)
  eden space 604160K, 97% used [0x000000076ab00000,0x000000078e7ca560,0x000000078f900000)
  from space 279552K, 0% used [0x000000078f900000,0x000000078f900000,0x00000007a0a00000)
  to   space 219648K, 0% used [0x00000007a0a00000,0x00000007a0a00000,0x00000007ae080000)
 ParOldGen       total 571904K, used 571896K [0x00000006c0000000, 0x00000006e2e80000, 0x000000076ab00000)
  object space 571904K, 99% used [0x00000006c0000000,0x00000006e2e7e290,0x00000006e2e80000)
 Metaspace       used 7440K, capacity 7800K, committed 7936K, reserved 1056768K
  class space    used 654K, capacity 688K, committed 768K, reserved 1048576K

Card table byte_map: [0x0000000012730000,0x0000000012f40000] byte_map_base: 0x000000000f130000

Marking Bits: (ParMarkBitMap*) 0x0000000053809d00
 Begin Bits: [0x0000000013ca0000, 0x0000000017ca0000)
 End Bits:   [0x0000000017ca0000, 0x000000001bca0000)

Polling page: 0x00000000014a0000

CodeCache: size=245760Kb used=13315Kb max_used=16119Kb free=232444Kb
 bounds [0x0000000003370000, 0x0000000004340000, 0x0000000012370000]
 total_blobs=3318 nmethods=3039 adapters=192
 compilation: enabled

Compilation events (10 events):
Event: 17.332 Thread 0x000000001ee01000 3835       3       com.android.dx.dex.file.ValueEncoder::addContents (75 bytes)
Event: 17.333 Thread 0x000000001ee01000 nmethod 3835 0x00000000041bef10 code [0x00000000041bf100, 0x00000000041bfd18]
Event: 17.351 Thread 0x000000001ee01000 3837 %     3       com.android.dx.dex.file.MemberIdsSection::orderItems @ 38 (69 bytes)
Event: 17.352 Thread 0x000000001ee01000 nmethod 3837% 0x00000000036756d0 code [0x0000000003675900, 0x00000000036763c8]
Event: 17.352 Thread 0x000000001ee01000 3838       3       com.android.dx.dex.file.MemberIdsSection::orderItems (69 bytes)
Event: 17.352 Thread 0x000000001ee01000 nmethod 3838 0x000000000376d510 code [0x000000000376d740, 0x000000000376e1c8]
Event: 17.448 Thread 0x000000001ee01000 3842 %     3       com.android.dx.dex.file.UniformItemSection::prepare0 @ 19 (47 bytes)
Event: 17.448 Thread 0x000000001ee01000 nmethod 3842% 0x0000000003674a90 code [0x0000000003674c60, 0x00000000036754b8]
Event: 17.450 Thread 0x000000001ee01000 3843       3       com.android.dx.dex.file.UniformItemSection::prepare0 (47 bytes)
Event: 17.451 Thread 0x000000001ee01000 nmethod 3843 0x000000000376c910 code [0x000000000376cae0, 0x000000000376d2d8]

GC Heap History (10 events):
Event: 8.006 GC heap before
{Heap before GC invocations=18 (full 3):
 PSYoungGen      total 735744K, used 666734K [0x000000076ab00000, 0x00000007a5c80000, 0x00000007c0000000)
  eden space 563712K, 100% used [0x000000076ab00000,0x000000078d180000,0x000000078d180000)
  from space 172032K, 59% used [0x0000000798a80000,0x000000079ef1bb80,0x00000007a3280000)
  to   space 189440K, 0% used [0x000000078d180000,0x000000078d180000,0x0000000798a80000)
 ParOldGen       total 571904K, used 360253K [0x00000006c0000000, 0x00000006e2e80000, 0x000000076ab00000)
  object space 571904K, 62% used [0x00000006c0000000,0x00000006d5fcf630,0x00000006e2e80000)
 Metaspace       used 6680K, capacity 7284K, committed 7552K, reserved 1056768K
  class space    used 603K, capacity 620K, committed 640K, reserved 1048576K
Event: 8.120 GC heap after
Heap after GC invocations=18 (full 3):
 PSYoungGen      total 753152K, used 182290K [0x000000076ab00000, 0x00000007ae080000, 0x00000007c0000000)
  eden space 563712K, 0% used [0x000000076ab00000,0x000000076ab00000,0x000000078d180000)
  from space 189440K, 96% used [0x000000078d180000,0x00000007983849a8,0x0000000798a80000)
  to   space 219648K, 0% used [0x00000007a0a00000,0x00000007a0a00000,0x00000007ae080000)
 ParOldGen       total 571904K, used 360253K [0x00000006c0000000, 0x00000006e2e80000, 0x000000076ab00000)
  object space 571904K, 62% used [0x00000006c0000000,0x00000006d5fcf630,0x00000006e2e80000)
 Metaspace       used 6680K, capacity 7284K, committed 7552K, reserved 1056768K
  class space    used 603K, capacity 620K, committed 640K, reserved 1048576K
}
Event: 8.731 GC heap before
{Heap before GC invocations=19 (full 3):
 PSYoungGen      total 753152K, used 746002K [0x000000076ab00000, 0x00000007ae080000, 0x00000007c0000000)
  eden space 563712K, 100% used [0x000000076ab00000,0x000000078d180000,0x000000078d180000)
  from space 189440K, 96% used [0x000000078d180000,0x00000007983849a8,0x0000000798a80000)
  to   space 219648K, 0% used [0x00000007a0a00000,0x00000007a0a00000,0x00000007ae080000)
 ParOldGen       total 571904K, used 360253K [0x00000006c0000000, 0x00000006e2e80000, 0x000000076ab00000)
  object space 571904K, 62% used [0x00000006c0000000,0x00000006d5fcf630,0x00000006e2e80000)
 Metaspace       used 6684K, capacity 7284K, committed 7552K, reserved 1056768K
  class space    used 603K, capacity 620K, committed 640K, reserved 1048576K
Event: 8.878 GC heap after
Heap after GC invocations=19 (full 3):
 PSYoungGen      total 823808K, used 219616K [0x000000076ab00000, 0x00000007b6300000, 0x00000007c0000000)
  eden space 604160K, 0% used [0x000000076ab00000,0x000000076ab00000,0x000000078f900000)
  from space 219648K, 99% used [0x00000007a0a00000,0x00000007ae078300,0x00000007ae080000)
  to   space 279552K, 0% used [0x000000078f900000,0x000000078f900000,0x00000007a0a00000)
 ParOldGen       total 571904K, used 421224K [0x00000006c0000000, 0x00000006e2e80000, 0x000000076ab00000)
  object space 571904K, 73% used [0x00000006c0000000,0x00000006d9b5a368,0x00000006e2e80000)
 Metaspace       used 6684K, capacity 7284K, committed 7552K, reserved 1056768K
  class space    used 603K, capacity 620K, committed 640K, reserved 1048576K
}
Event: 9.489 GC heap before
{Heap before GC invocations=20 (full 3):
 PSYoungGen      total 823808K, used 823776K [0x000000076ab00000, 0x00000007b6300000, 0x00000007c0000000)
  eden space 604160K, 100% used [0x000000076ab00000,0x000000078f900000,0x000000078f900000)
  from space 219648K, 99% used [0x00000007a0a00000,0x00000007ae078300,0x00000007ae080000)
  to   space 279552K, 0% used [0x000000078f900000,0x000000078f900000,0x00000007a0a00000)
 ParOldGen       total 571904K, used 421224K [0x00000006c0000000, 0x00000006e2e80000, 0x000000076ab00000)
  object space 571904K, 73% used [0x00000006c0000000,0x00000006d9b5a368,0x00000006e2e80000)
 Metaspace       used 6684K, capacity 7284K, committed 7552K, reserved 1056768K
  class space    used 603K, capacity 620K, committed 640K, reserved 1048576K
Event: 9.632 GC heap after
Heap after GC invocations=20 (full 3):
 PSYoungGen      total 883712K, used 224479K [0x000000076ab00000, 0x00000007b6300000, 0x00000007c0000000)
  eden space 604160K, 0% used [0x000000076ab00000,0x000000076ab00000,0x000000078f900000)
  from space 279552K, 80% used [0x000000078f900000,0x000000079d437f58,0x00000007a0a00000)
  to   space 219648K, 0% used [0x00000007a0a00000,0x00000007a0a00000,0x00000007ae080000)
 ParOldGen       total 571904K, used 508950K [0x00000006c0000000, 0x00000006e2e80000, 0x000000076ab00000)
  object space 571904K, 88% used [0x00000006c0000000,0x00000006df105800,0x00000006e2e80000)
 Metaspace       used 6684K, capacity 7284K, committed 7552K, reserved 1056768K
  class space    used 603K, capacity 620K, committed 640K, reserved 1048576K
}
Event: 9.632 GC heap before
{Heap before GC invocations=21 (full 4):
 PSYoungGen      total 883712K, used 224479K [0x000000076ab00000, 0x00000007b6300000, 0x00000007c0000000)
  eden space 604160K, 0% used [0x000000076ab00000,0x000000076ab00000,0x000000078f900000)
  from space 279552K, 80% used [0x000000078f900000,0x000000079d437f58,0x00000007a0a00000)
  to   space 219648K, 0% used [0x00000007a0a00000,0x00000007a0a00000,0x00000007ae080000)
 ParOldGen       total 571904K, used 508950K [0x00000006c0000000, 0x00000006e2e80000, 0x000000076ab00000)
  object space 571904K, 88% used [0x00000006c0000000,0x00000006df105800,0x00000006e2e80000)
 Metaspace       used 6684K, capacity 7284K, committed 7552K, reserved 1056768K
  class space    used 603K, capacity 620K, committed 640K, reserved 1048576K
Event: 11.476 GC heap after
Heap after GC invocations=21 (full 4):
 PSYoungGen      total 883712K, used 151855K [0x000000076ab00000, 0x00000007b6300000, 0x00000007c0000000)
  eden space 604160K, 0% used [0x000000076ab00000,0x000000076ab00000,0x000000078f900000)
  from space 279552K, 54% used [0x000000078f900000,0x0000000798d4bc60,0x00000007a0a00000)
  to   space 219648K, 0% used [0x00000007a0a00000,0x00000007a0a00000,0x00000007ae080000)
 ParOldGen       total 571904K, used 571665K [0x00000006c0000000, 0x00000006e2e80000, 0x000000076ab00000)
  object space 571904K, 99% used [0x00000006c0000000,0x00000006e2e44730,0x00000006e2e80000)
 Metaspace       used 6684K, capacity 7284K, committed 7552K, reserved 1056768K
  class space    used 603K, capacity 620K, committed 640K, reserved 1048576K
}
Event: 12.141 GC heap before
{Heap before GC invocations=22 (full 5):
 PSYoungGen      total 883712K, used 756015K [0x000000076ab00000, 0x00000007b6300000, 0x00000007c0000000)
  eden space 604160K, 100% used [0x000000076ab00000,0x000000078f900000,0x000000078f900000)
  from space 279552K, 54% used [0x000000078f900000,0x0000000798d4bc60,0x00000007a0a00000)
  to   space 219648K, 0% used [0x00000007a0a00000,0x00000007a0a00000,0x00000007ae080000)
 ParOldGen       total 571904K, used 571665K [0x00000006c0000000, 0x00000006e2e80000, 0x000000076ab00000)
  object space 571904K, 99% used [0x00000006c0000000,0x00000006e2e44730,0x00000006e2e80000)
 Metaspace       used 6755K, capacity 7352K, committed 7552K, reserved 1056768K
  class space    used 608K, capacity 624K, committed 640K, reserved 1048576K
Event: 16.363 GC heap after
Heap after GC invocations=22 (full 5):
 PSYoungGen      total 883712K, used 239827K [0x000000076ab00000, 0x00000007b6300000, 0x00000007c0000000)
  eden space 604160K, 39% used [0x000000076ab00000,0x0000000779534cd0,0x000000078f900000)
  from space 279552K, 0% used [0x000000078f900000,0x000000078f900000,0x00000007a0a00000)
  to   space 219648K, 0% used [0x00000007a0a00000,0x00000007a0a00000,0x00000007ae080000)
 ParOldGen       total 571904K, used 571896K [0x00000006c0000000, 0x00000006e2e80000, 0x000000076ab00000)
  object space 571904K, 99% used [0x00000006c0000000,0x00000006e2e7e290,0x00000006e2e80000)
 Metaspace       used 6755K, capacity 7352K, committed 7552K, reserved 1056768K
  class space    used 608K, capacity 624K, committed 640K, reserved 1048576K
}

Deoptimization events (10 events):
Event: 17.190 Thread 0x0000000020120800 Uncommon trap: reason=bimorphic action=maybe_recompile pc=0x0000000003e2f8e0 method=java.util.ArrayList.indexOf(Ljava/lang/Object;)I @ 51
Event: 17.190 Thread 0x0000000020120800 Uncommon trap: reason=bimorphic action=maybe_recompile pc=0x0000000003e2f8e0 method=java.util.ArrayList.indexOf(Ljava/lang/Object;)I @ 51
Event: 17.190 Thread 0x0000000020120800 Uncommon trap: reason=bimorphic action=maybe_recompile pc=0x0000000003e2f8e0 method=java.util.ArrayList.indexOf(Ljava/lang/Object;)I @ 51
Event: 17.190 Thread 0x0000000020120800 Uncommon trap: reason=bimorphic action=maybe_recompile pc=0x0000000003e2f8e0 method=java.util.ArrayList.indexOf(Ljava/lang/Object;)I @ 51
Event: 17.190 Thread 0x0000000020120800 Uncommon trap: reason=unstable_if action=reinterpret pc=0x00000000036146ec method=java.util.Arrays.copyOf([Ljava/lang/Object;ILjava/lang/Class;)[Ljava/lang/Object; @ 3
Event: 17.191 Thread 0x0000000020120800 Uncommon trap: reason=class_check action=maybe_recompile pc=0x0000000003ce6168 method=java.util.HashMap.putVal(ILjava/lang/Object;Ljava/lang/Object;ZZ)Ljava/lang/Object; @ 56
Event: 17.191 Thread 0x0000000020120800 Uncommon trap: reason=class_check action=maybe_recompile pc=0x0000000003ce620c method=java.util.HashMap.putVal(ILjava/lang/Object;Ljava/lang/Object;ZZ)Ljava/lang/Object; @ 152
Event: 17.191 Thread 0x0000000020120800 Uncommon trap: reason=class_check action=maybe_recompile pc=0x0000000003ce6168 method=java.util.HashMap.putVal(ILjava/lang/Object;Ljava/lang/Object;ZZ)Ljava/lang/Object; @ 56
Event: 17.191 Thread 0x0000000020120800 Uncommon trap: reason=class_check action=maybe_recompile pc=0x0000000003ce6168 method=java.util.HashMap.putVal(ILjava/lang/Object;Ljava/lang/Object;ZZ)Ljava/lang/Object; @ 56
Event: 17.332 Thread 0x000000002011f000 Uncommon trap: reason=unstable_if action=reinterpret pc=0x000000000422a208 method=com.android.dx.dex.file.ValueEncoder.addContents(Lcom/android/dx/dex/file/DexFile;Lcom/android/dx/rop/cst/Constant;)V @ 4

Internal exceptions (10 events):
Event: 0.015 Thread 0x0000000003272800 Exception <a 'java/lang/NoSuchMethodError': Method sun.misc.Unsafe.defineClass(Ljava/lang/String;[BII)Ljava/lang/Class; name or signature does not match> (0x000000076ab07cc0) thrown at [C:\src\android\AOSP-openjdk\external\jetbrains\jdk\hotspot\src\share\vh¿ìòíŽ?
Event: 0.015 Thread 0x0000000003272800 Exception <a 'java/lang/NoSuchMethodError': Method sun.misc.Unsafe.prefetchRead(Ljava/lang/Object;J)V name or signature does not match> (0x000000076ab07fa8) thrown at [C:\src\android\AOSP-openjdk\external\jetbrains\jdk\hotspot\src\share\vm\prims\jni.cpp, lXB“¦ ×?
Event: 0.369 Thread 0x0000000020121000 Implicit null exception at 0x00000000036c270e to 0x00000000036c4e99
Event: 0.375 Thread 0x0000000020121000 Implicit null exception at 0x00000000036980e2 to 0x00000000036981e2
Event: 0.560 Thread 0x0000000020121000 Exception <a 'java/lang/ArrayIndexOutOfBoundsException': 18> (0x000000076b735800) thrown at [C:\src\android\AOSP-openjdk\external\jetbrains\jdk\hotspot\src\share\vm\interpreter\interpreterRuntime.cpp, line 366]
Event: 0.560 Thread 0x0000000020121000 Exception <a 'java/lang/ArrayIndexOutOfBoundsException': 145> (0x000000076b737380) thrown at [C:\src\android\AOSP-openjdk\external\jetbrains\jdk\hotspot\src\share\vm\interpreter\interpreterRuntime.cpp, line 366]
Event: 0.561 Thread 0x0000000020121000 Exception <a 'java/lang/ArrayIndexOutOfBoundsException': 40> (0x000000076b738668) thrown at [C:\src\android\AOSP-openjdk\external\jetbrains\jdk\hotspot\src\share\vm\interpreter\interpreterRuntime.cpp, line 366]
Event: 1.825 Thread 0x0000000003272800 Implicit null exception at 0x00000000034dfdd8 to 0x00000000034e0751
Event: 2.264 Thread 0x0000000020121000 Implicit null exception at 0x00000000038f17b4 to 0x00000000038f3631
Event: 9.260 Thread 0x000000001f07e000 Implicit null exception at 0x00000000039d6eca to 0x00000000039d8ad9

Events (10 events):
Event: 17.197 Thread 0x0000000020120800 DEOPT PACKING pc=0x00000000036829e9 sp=0x000000002133ea60
Event: 17.197 Thread 0x0000000020120800 DEOPT UNPACKING pc=0x00000000033b75bf sp=0x000000002133e778 mode 0
Event: 17.208 loading class java/util/zip/Adler32
Event: 17.208 loading class java/util/zip/Adler32 done
Event: 17.208 Executing VM operation: RevokeBias
Event: 17.208 Executing VM operation: RevokeBias done
Event: 17.208 Thread 0x0000000020120800 Thread exited: 0x0000000020120800
Event: 17.332 Thread 0x000000002011f000 Uncommon trap: trap_request=0xffffff65 fr.pc=0x000000000422a208
Event: 17.332 Thread 0x000000002011f000 DEOPT PACKING pc=0x000000000422a208 sp=0x00000000237dea60
Event: 17.332 Thread 0x000000002011f000 DEOPT UNPACKING pc=0x00000000033b556a sp=0x00000000237dea50 mode 2


Dynamic libraries:
0x00007ff6cb310000 - 0x00007ff6cb341000 	E:\Android\AndroidStudio\jre\bin\java.exe
0x00007ffe26830000 - 0x00007ffe269f2000 	C:\Windows\SYSTEM32\ntdll.dll
0x00007ffe24600000 - 0x00007ffe246ad000 	C:\Windows\system32\KERNEL32.DLL
0x00007ffe23d20000 - 0x00007ffe23efd000 	C:\Windows\system32\KERNELBASE.dll
0x00007ffe26650000 - 0x00007ffe266f6000 	C:\Windows\system32\ADVAPI32.dll
0x00007ffe265b0000 - 0x00007ffe2664d000 	C:\Windows\system32\msvcrt.dll
0x00007ffe25f30000 - 0x00007ffe25f8b000 	C:\Windows\system32\sechost.dll
0x00007ffe26700000 - 0x00007ffe26826000 	C:\Windows\system32\RPCRT4.dll
0x00007ffe246b0000 - 0x00007ffe247fe000 	C:\Windows\system32\USER32.dll
0x00007ffe26150000 - 0x00007ffe262d5000 	C:\Windows\system32\GDI32.dll
0x00007ffe18300000 - 0x00007ffe18574000 	C:\Windows\WinSxS\amd64_microsoft.windows.common-controls_6595b64144ccf1df_6.0.10240.16384_none_f41f7b285750ef43\COMCTL32.dll
0x00007ffe26570000 - 0x00007ffe265a6000 	C:\Windows\system32\IMM32.DLL
0x00007ffe24800000 - 0x00007ffe2495c000 	C:\Windows\system32\MSCTF.dll
0x0000000052e90000 - 0x0000000052f62000 	E:\Android\AndroidStudio\jre\jre\bin\msvcr100.dll
0x0000000053050000 - 0x0000000053884000 	E:\Android\AndroidStudio\jre\jre\bin\server\jvm.dll
0x00007ffe25ff0000 - 0x00007ffe25ff8000 	C:\Windows\system32\PSAPI.DLL
0x00007ffe1f090000 - 0x00007ffe1f099000 	C:\Windows\SYSTEM32\WSOCK32.dll
0x00007ffe21390000 - 0x00007ffe213b3000 	C:\Windows\SYSTEM32\WINMM.dll
0x00007ffe1b5b0000 - 0x00007ffe1b5ba000 	C:\Windows\SYSTEM32\VERSION.dll
0x00007ffe24960000 - 0x00007ffe249c9000 	C:\Windows\system32\WS2_32.dll
0x00007ffe25f00000 - 0x00007ffe25f08000 	C:\Windows\system32\NSI.dll
0x00007ffe21330000 - 0x00007ffe2135c000 	C:\Windows\SYSTEM32\WINMMBASE.dll
0x00007ffe23cd0000 - 0x00007ffe23d14000 	C:\Windows\system32\cfgmgr32.dll
0x00007ffe21ae0000 - 0x00007ffe21b07000 	C:\Windows\SYSTEM32\DEVOBJ.dll
0x00007ffe1f080000 - 0x00007ffe1f08f000 	E:\Android\AndroidStudio\jre\jre\bin\verify.dll
0x00007ffe1f050000 - 0x00007ffe1f079000 	E:\Android\AndroidStudio\jre\jre\bin\java.dll
0x00007ffe1f030000 - 0x00007ffe1f046000 	E:\Android\AndroidStudio\jre\jre\bin\zip.dll
0x00007ffe249d0000 - 0x00007ffe25ef3000 	C:\Windows\system32\SHELL32.dll
0x00007ffe23300000 - 0x00007ffe23929000 	C:\Windows\system32\windows.storage.dll
0x00007ffe24190000 - 0x00007ffe2440c000 	C:\Windows\system32\combase.dll
0x00007ffe26510000 - 0x00007ffe26561000 	C:\Windows\system32\shlwapi.dll
0x00007ffe232d0000 - 0x00007ffe232df000 	C:\Windows\system32\kernel.appcore.dll
0x00007ffe23a40000 - 0x00007ffe23af3000 	C:\Windows\system32\shcore.dll
0x00007ffe23280000 - 0x00007ffe232ca000 	C:\Windows\system32\powrprof.dll
0x00007ffe23260000 - 0x00007ffe23273000 	C:\Windows\system32\profapi.dll

VM Arguments:
jvm_args: -Djava.awt.headless=true -Xmx4g -Dfile.encoding=GBK -Duser.country=CN -Duser.language=zh -Duser.variant 
java_command: com.android.dx.command.Main --dex --num-threads=4 --multi-dex --main-dex-list E:\Android\AndroidProjects\shian_guwen\app\build\intermediates\multi-dex\debug\maindexlist.txt --output E:\Android\AndroidProjects\shian_guwen\app\build\intermediates\transforms\dex\debug\folders\1000\1f\main E:\Android\AndroidProjects\shian_guwen\app\build\intermediates\transforms\jarMerging\debug\jars\1\1f\combined.jar
java_class_path (initial): E:\Android\AndroidSdk\build-tools\25.0.1\lib\dx.jar
Launcher Type: SUN_STANDARD

Environment Variables:
JAVA_HOME=C:\Program Files\Java\jdk1.7.0_71
CLASSPATH=C:\Program Files\Java\jdk1.7.0_71\lib
PATH=.;C:\Windows\system32;C:\Windows;C:\Windows\System32\Wbem;C:\Windows\System32\WindowsPowerShell\v1.0;C:\Program Files\Java\jdk1.7.0_71\bin
USERNAME=Administrator
OS=Windows_NT
PROCESSOR_IDENTIFIER=Intel64 Family 6 Model 158 Stepping 9, GenuineIntel



---------------  S Y S T E M  ---------------

OS: Windows 10.0 , 64 bit Build 10240 (10.0.10240.16384)

CPU:total 8 (4 cores per cpu, 2 threads per core) family 6 model 158 stepping 9, cmov, cx8, fxsr, mmx, sse, sse2, sse3, ssse3, sse4.1, sse4.2, popcnt, avx, avx2, aes, clmul, erms, rtm, 3dnowpref, lzcnt, ht, tsc, tscinvbit, bmi1, bmi2, adx

Memory: 4k page, physical 8250868k(1352188k free), swap 10348020k(13228k free)

vm_info: OpenJDK 64-Bit Server VM (25.76-b03) for windows-amd64 JRE (1.8.0_76-release-b03), built on Jun 29 2016 19:09:20 by "ralucas" with MS VC++ 10.0 (VS2010)

time: Sat Mar 04 16:18:29 2017
elapsed time: 17 seconds (0d 0h 0m 17s)

