#
# There is insufficient memory for the Java Runtime Environment to continue.
# Native memory allocation (malloc) failed to allocate 32784 bytes for Chunk::new
# Possible reasons:
#   The system is out of physical RAM or swap space
#   In 32 bit mode, the process size limit was hit
# Possible solutions:
#   Reduce memory load on the system
#   Increase physical memory or swap space
#   Check if swap backing store is full
#   Use 64 bit Java on a 64 bit OS
#   Decrease Java heap size (-Xmx/-Xms)
#   Decrease number of Java threads
#   Decrease Java thread stack sizes (-Xss)
#   Set larger code cache with -XX:ReservedCodeCacheSize=
# This output file may be truncated or incomplete.
#
#  Out of Memory Error (allocation.cpp:390), pid=13476, tid=0x0000000000003648
#
# JRE version: OpenJDK Runtime Environment (8.0_112-b06) (build 1.8.0_112-release-b06)
# Java VM: OpenJDK 64-Bit Server VM (25.112-b06 mixed mode windows-amd64 compressed oops)
# Failed to write core dump. Minidumps are not enabled by default on client versions of Windows
#

---------------  T H R E A D  ---------------

Current thread (0x000000001c94d800):  JavaThread "C2 CompilerThread1" daemon [_thread_in_native, id=13896, stack(0x000000001f080000,0x000000001f180000)]

Stack: [0x000000001f080000,0x000000001f180000]
[error occurred during error reporting (printing stack bounds), id 0xc0000005]

Native frames: (J=compiled Java code, j=interpreted, Vv=VM code, C=native code)


Current CompileTask:
C2:   8288 1954       4       com.android.dx.cf.code.BasicBlocker::visitNoArgs (298 bytes)


---------------  P R O C E S S  ---------------

Java Threads: ( => current thread )
  0x000000001eb48800 JavaThread "pool-2-thread-4" [_thread_in_Java, id=11308, stack(0x000000001f980000,0x000000001fa80000)]
  0x000000001eb45000 JavaThread "pool-2-thread-3" [_thread_blocked, id=9164, stack(0x000000001f880000,0x000000001f980000)]
  0x000000001eb40000 JavaThread "pool-2-thread-2" [_thread_blocked, id=14072, stack(0x000000001f780000,0x000000001f880000)]
  0x000000001ea18000 JavaThread "pool-3-thread-1" [_thread_blocked, id=13236, stack(0x000000001f680000,0x000000001f780000)]
  0x000000001ea1f800 JavaThread "pool-2-thread-1" [_thread_in_Java, id=2976, stack(0x000000001f580000,0x000000001f680000)]
  0x000000001e93d000 JavaThread "Service Thread" daemon [_thread_blocked, id=13860, stack(0x000000001f380000,0x000000001f480000)]
  0x000000001e8c0000 JavaThread "C1 CompilerThread3" daemon [_thread_blocked, id=13360, stack(0x000000001f280000,0x000000001f380000)]
  0x000000001e8b2000 JavaThread "C2 CompilerThread2" daemon [_thread_in_native, id=11284, stack(0x000000001f180000,0x000000001f280000)]
=>0x000000001c94d800 JavaThread "C2 CompilerThread1" daemon [_thread_in_native, id=13896, stack(0x000000001f080000,0x000000001f180000)]
  0x000000001c949800 JavaThread "C2 CompilerThread0" daemon [_thread_in_native, id=7456, stack(0x000000001ef80000,0x000000001f080000)]
  0x000000001e862000 JavaThread "Attach Listener" daemon [_thread_blocked, id=1220, stack(0x000000001ee80000,0x000000001ef80000)]
  0x000000001e8b0800 JavaThread "Signal Dispatcher" daemon [_thread_blocked, id=10524, stack(0x000000001ed80000,0x000000001ee80000)]
  0x000000001e840800 JavaThread "Finalizer" daemon [_thread_blocked, id=13964, stack(0x000000001ec20000,0x000000001ed20000)]
  0x0000000002e14000 JavaThread "Reference Handler" daemon [_thread_blocked, id=5380, stack(0x000000001e720000,0x000000001e820000)]
  0x0000000002d20800 JavaThread "main" [_thread_in_native, id=5300, stack(0x0000000002c20000,0x0000000002d20000)]

Other Threads:
  0x000000001c937000 VMThread [stack: 0x000000001e620000,0x000000001e720000] [id=3616]
  0x000000001e946000 WatcherThread [stack: 0x000000001f480000,0x000000001f580000] [id=10340]

VM state:not at safepoint (normal execution)

VM Mutex/Monitor currently owned by a thread: None

Heap:
 PSYoungGen      total 136192K, used 87149K [0x000000076ab00000, 0x0000000781500000, 0x00000007c0000000)
  eden space 131072K, 66% used [0x000000076ab00000,0x000000077001b758,0x0000000772b00000)
  from space 5120K, 0% used [0x0000000772b00000,0x0000000772b00000,0x0000000773000000)
  to   space 54272K, 0% used [0x000000077e000000,0x000000077e000000,0x0000000781500000)
 ParOldGen       total 179200K, used 86466K [0x00000006c0000000, 0x00000006caf00000, 0x000000076ab00000)
  object space 179200K, 48% used [0x00000006c0000000,0x00000006c5470930,0x00000006caf00000)
 Metaspace       used 5938K, capacity 7024K, committed 7296K, reserved 1056768K
  class space    used 560K, capacity 616K, committed 640K, reserved 1048576K

Card table byte_map: [0x00000000121e0000,0x00000000129f0000] byte_map_base: 0x000000000ebe0000

Marking Bits: (ParMarkBitMap*) 0x00000000567c18f0
 Begin Bits: [0x0000000013750000, 0x0000000017750000)
 End Bits:   [0x0000000017750000, 0x000000001b750000)

Polling page: 0x0000000000f70000

CodeCache: size=245760Kb used=6970Kb max_used=9672Kb free=238789Kb
 bounds [0x0000000002e20000, 0x00000000037b0000, 0x0000000011e20000]
 total_blobs=1732 nmethods=1469 adapters=177
 compilation: enabled

Compilation events (10 events):
Event: 8.123 Thread 0x000000001e8c0000 1988       3       com.android.dx.cf.code.Simulator$SimVisitor::visitLocal (329 bytes)
Event: 8.125 Thread 0x000000001e8c0000 nmethod 1988 0x000000000307f390 code [0x000000000307f7c0, 0x00000000030824b8]
Event: 8.125 Thread 0x000000001e8c0000 1983       2       com.android.dx.cf.code.BaseMachine::localArg (29 bytes)
Event: 8.126 Thread 0x000000001e8c0000 nmethod 1983 0x0000000002fc3550 code [0x0000000002fc36c0, 0x0000000002fc3958]
Event: 8.126 Thread 0x000000001e8c0000 1986       2       com.android.dx.cf.code.BaseMachine::localInfo (6 bytes)
Event: 8.126 Thread 0x000000001e8c0000 nmethod 1986 0x000000000300f1d0 code [0x000000000300f320, 0x000000000300f470]
Event: 8.126 Thread 0x000000001e8c0000 1989       3       com.android.dx.cf.code.LocalVariableList$Item::getType (11 bytes)
Event: 8.126 Thread 0x000000001e8c0000 nmethod 1989 0x00000000030a5590 code [0x00000000030a5700, 0x00000000030a5928]
Event: 8.126 Thread 0x000000001e8c0000 1987       1       com.android.dx.cf.code.ByteCatchList$Item::getHandlerPc (5 bytes)
Event: 8.126 Thread 0x000000001e8c0000 nmethod 1987 0x0000000003084b50 code [0x0000000003084ca0, 0x0000000003084db0]

GC Heap History (10 events):
Event: 2.649 GC heap before
{Heap before GC invocations=2 (full 0):
 PSYoungGen      total 37888K, used 37864K [0x000000076ab00000, 0x000000076f500000, 0x00000007c0000000)
  eden space 32768K, 100% used [0x000000076ab00000,0x000000076cb00000,0x000000076cb00000)
  from space 5120K, 99% used [0x000000076cb00000,0x000000076cffa040,0x000000076d000000)
  to   space 5120K, 0% used [0x000000076f000000,0x000000076f000000,0x000000076f500000)
 ParOldGen       total 86016K, used 4288K [0x00000006c0000000, 0x00000006c5400000, 0x000000076ab00000)
  object space 86016K, 4% used [0x00000006c0000000,0x00000006c0430078,0x00000006c5400000)
 Metaspace       used 5700K, capacity 6832K, committed 7040K, reserved 1056768K
  class space    used 557K, capacity 616K, committed 640K, reserved 1048576K
Event: 2.818 GC heap after
Heap after GC invocations=2 (full 0):
 PSYoungGen      total 70656K, used 5113K [0x000000076ab00000, 0x000000076f500000, 0x00000007c0000000)
  eden space 65536K, 0% used [0x000000076ab00000,0x000000076ab00000,0x000000076eb00000)
  from space 5120K, 99% used [0x000000076f000000,0x000000076f4fe6d8,0x000000076f500000)
  to   space 5120K, 0% used [0x000000076eb00000,0x000000076eb00000,0x000000076f000000)
 ParOldGen       total 86016K, used 15697K [0x00000006c0000000, 0x00000006c5400000, 0x000000076ab00000)
  object space 86016K, 18% used [0x00000006c0000000,0x00000006c0f54540,0x00000006c5400000)
 Metaspace       used 5700K, capacity 6832K, committed 7040K, reserved 1056768K
  class space    used 557K, capacity 616K, committed 640K, reserved 1048576K
}
Event: 4.267 GC heap before
{Heap before GC invocations=3 (full 0):
 PSYoungGen      total 70656K, used 70649K [0x000000076ab00000, 0x000000076f500000, 0x00000007c0000000)
  eden space 65536K, 100% used [0x000000076ab00000,0x000000076eb00000,0x000000076eb00000)
  from space 5120K, 99% used [0x000000076f000000,0x000000076f4fe6d8,0x000000076f500000)
  to   space 5120K, 0% used [0x000000076eb00000,0x000000076eb00000,0x000000076f000000)
 ParOldGen       total 86016K, used 15697K [0x00000006c0000000, 0x00000006c5400000, 0x000000076ab00000)
  object space 86016K, 18% used [0x00000006c0000000,0x00000006c0f54540,0x00000006c5400000)
 Metaspace       used 5840K, capacity 6960K, committed 7040K, reserved 1056768K
  class space    used 557K, capacity 616K, committed 640K, reserved 1048576K
Event: 4.382 GC heap after
Heap after GC invocations=3 (full 0):
 PSYoungGen      total 70656K, used 5114K [0x000000076ab00000, 0x0000000773500000, 0x00000007c0000000)
  eden space 65536K, 0% used [0x000000076ab00000,0x000000076ab00000,0x000000076eb00000)
  from space 5120K, 99% used [0x000000076eb00000,0x000000076effe8a0,0x000000076f000000)
  to   space 5120K, 0% used [0x0000000773000000,0x0000000773000000,0x0000000773500000)
 ParOldGen       total 86016K, used 27807K [0x00000006c0000000, 0x00000006c5400000, 0x000000076ab00000)
  object space 86016K, 32% used [0x00000006c0000000,0x00000006c1b27fd8,0x00000006c5400000)
 Metaspace       used 5840K, capacity 6960K, committed 7040K, reserved 1056768K
  class space    used 557K, capacity 616K, committed 640K, reserved 1048576K
}
Event: 5.722 GC heap before
{Heap before GC invocations=4 (full 0):
 PSYoungGen      total 70656K, used 70650K [0x000000076ab00000, 0x0000000773500000, 0x00000007c0000000)
  eden space 65536K, 100% used [0x000000076ab00000,0x000000076eb00000,0x000000076eb00000)
  from space 5120K, 99% used [0x000000076eb00000,0x000000076effe8a0,0x000000076f000000)
  to   space 5120K, 0% used [0x0000000773000000,0x0000000773000000,0x0000000773500000)
 ParOldGen       total 86016K, used 27807K [0x00000006c0000000, 0x00000006c5400000, 0x000000076ab00000)
  object space 86016K, 32% used [0x00000006c0000000,0x00000006c1b27fd8,0x00000006c5400000)
 Metaspace       used 5915K, capacity 7024K, committed 7296K, reserved 1056768K
  class space    used 560K, capacity 616K, committed 640K, reserved 1048576K
Event: 6.208 GC heap after
Heap after GC invocations=4 (full 0):
 PSYoungGen      total 136192K, used 5098K [0x000000076ab00000, 0x0000000773500000, 0x00000007c0000000)
  eden space 131072K, 0% used [0x000000076ab00000,0x000000076ab00000,0x0000000772b00000)
  from space 5120K, 99% used [0x0000000773000000,0x00000007734fa920,0x0000000773500000)
  to   space 5120K, 0% used [0x0000000772b00000,0x0000000772b00000,0x0000000773000000)
 ParOldGen       total 86016K, used 45508K [0x00000006c0000000, 0x00000006c5400000, 0x000000076ab00000)
  object space 86016K, 52% used [0x00000006c0000000,0x00000006c2c71010,0x00000006c5400000)
 Metaspace       used 5915K, capacity 7024K, committed 7296K, reserved 1056768K
  class space    used 560K, capacity 616K, committed 640K, reserved 1048576K
}
Event: 7.067 GC heap before
{Heap before GC invocations=5 (full 0):
 PSYoungGen      total 136192K, used 136170K [0x000000076ab00000, 0x0000000773500000, 0x00000007c0000000)
  eden space 131072K, 100% used [0x000000076ab00000,0x0000000772b00000,0x0000000772b00000)
  from space 5120K, 99% used [0x0000000773000000,0x00000007734fa920,0x0000000773500000)
  to   space 5120K, 0% used [0x0000000772b00000,0x0000000772b00000,0x0000000773000000)
 ParOldGen       total 86016K, used 45508K [0x00000006c0000000, 0x00000006c5400000, 0x000000076ab00000)
  object space 86016K, 52% used [0x00000006c0000000,0x00000006c2c71010,0x00000006c5400000)
 Metaspace       used 5934K, capacity 7024K, committed 7296K, reserved 1056768K
  class space    used 560K, capacity 616K, committed 640K, reserved 1048576K
Event: 7.200 GC heap after
Heap after GC invocations=5 (full 0):
 PSYoungGen      total 136192K, used 5112K [0x000000076ab00000, 0x0000000781500000, 0x00000007c0000000)
  eden space 131072K, 0% used [0x000000076ab00000,0x000000076ab00000,0x0000000772b00000)
  from space 5120K, 99% used [0x0000000772b00000,0x0000000772ffe230,0x0000000773000000)
  to   space 54272K, 0% used [0x000000077e000000,0x000000077e000000,0x0000000781500000)
 ParOldGen       total 101888K, used 100501K [0x00000006c0000000, 0x00000006c6380000, 0x000000076ab00000)
  object space 101888K, 98% used [0x00000006c0000000,0x00000006c6225540,0x00000006c6380000)
 Metaspace       used 5934K, capacity 7024K, committed 7296K, reserved 1056768K
  class space    used 560K, capacity 616K, committed 640K, reserved 1048576K
}
Event: 7.200 GC heap before
{Heap before GC invocations=6 (full 1):
 PSYoungGen      total 136192K, used 5112K [0x000000076ab00000, 0x0000000781500000, 0x00000007c0000000)
  eden space 131072K, 0% used [0x000000076ab00000,0x000000076ab00000,0x0000000772b00000)
  from space 5120K, 99% used [0x0000000772b00000,0x0000000772ffe230,0x0000000773000000)
  to   space 54272K, 0% used [0x000000077e000000,0x000000077e000000,0x0000000781500000)
 ParOldGen       total 101888K, used 100501K [0x00000006c0000000, 0x00000006c6380000, 0x000000076ab00000)
  object space 101888K, 98% used [0x00000006c0000000,0x00000006c6225540,0x00000006c6380000)
 Metaspace       used 5934K, capacity 7024K, committed 7296K, reserved 1056768K
  class space    used 560K, capacity 616K, committed 640K, reserved 1048576K
Event: 7.835 GC heap after
Heap after GC invocations=6 (full 1):
 PSYoungGen      total 136192K, used 0K [0x000000076ab00000, 0x0000000781500000, 0x00000007c0000000)
  eden space 131072K, 0% used [0x000000076ab00000,0x000000076ab00000,0x0000000772b00000)
  from space 5120K, 0% used [0x0000000772b00000,0x0000000772b00000,0x0000000773000000)
  to   space 54272K, 0% used [0x000000077e000000,0x000000077e000000,0x0000000781500000)
 ParOldGen       total 179200K, used 86466K [0x00000006c0000000, 0x00000006caf00000, 0x000000076ab00000)
  object space 179200K, 48% used [0x00000006c0000000,0x00000006c5470930,0x00000006caf00000)
 Metaspace       used 5934K, capacity 7024K, committed 7296K, reserved 1056768K
  class space    used 560K, capacity 616K, committed 640K, reserved 1048576K
}

Deoptimization events (10 events):
Event: 8.113 Thread 0x000000001eb48800 Uncommon trap: reason=unstable_if action=reinterpret pc=0x00000000032b684c method=java.util.BitSet.clone()Ljava/lang/Object; @ 4
Event: 8.114 Thread 0x000000001eb48800 Uncommon trap: reason=class_check action=maybe_recompile pc=0x0000000003310c18 method=com.android.dx.ssa.SCCP.setLatticeValueTo(IILcom/android/dx/rop/cst/Constant;)Z @ 43
Event: 8.115 Thread 0x000000001eb48800 Uncommon trap: reason=unstable_if action=reinterpret pc=0x000000000337d2b0 method=java.util.BitSet.clone()Ljava/lang/Object; @ 4
Event: 8.117 Thread 0x000000001eb48800 Uncommon trap: reason=bimorphic action=maybe_recompile pc=0x0000000003222518 method=java.util.HashMap.getNode(ILjava/lang/Object;)Ljava/util/HashMap$Node; @ 126
Event: 8.117 Thread 0x000000001eb48800 Uncommon trap: reason=class_check action=maybe_recompile pc=0x00000000032a2a60 method=java.util.HashMap.putVal(ILjava/lang/Object;Ljava/lang/Object;ZZ)Ljava/lang/Object; @ 203
Event: 8.117 Thread 0x000000001eb48800 Uncommon trap: reason=bimorphic action=maybe_recompile pc=0x0000000003222518 method=java.util.HashMap.getNode(ILjava/lang/Object;)Ljava/util/HashMap$Node; @ 126
Event: 8.117 Thread 0x000000001eb48800 Uncommon trap: reason=class_check action=maybe_recompile pc=0x00000000032a2a60 method=java.util.HashMap.putVal(ILjava/lang/Object;Ljava/lang/Object;ZZ)Ljava/lang/Object; @ 203
Event: 8.117 Thread 0x000000001eb48800 Uncommon trap: reason=class_check action=maybe_recompile pc=0x00000000032a2a60 method=java.util.HashMap.putVal(ILjava/lang/Object;Ljava/lang/Object;ZZ)Ljava/lang/Object; @ 203
Event: 8.120 Thread 0x000000001eb48800 Uncommon trap: reason=bimorphic action=maybe_recompile pc=0x00000000036a6a64 method=com.android.dx.cf.code.RopperMachine.run(Lcom/android/dx/cf/code/Frame;II)V @ 978
Event: 8.120 Thread 0x000000001eb48800 Uncommon trap: reason=class_check action=maybe_recompile pc=0x0000000003306d98 method=com.android.dx.ssa.SCCP.simulatePhi(Lcom/android/dx/ssa/PhiInsn;)V @ 124

Internal exceptions (4 events):
Event: 0.031 Thread 0x0000000002d20800 Exception <a 'java/lang/NoSuchMethodError': Method sun.misc.Unsafe.defineClass(Ljava/lang/String;[BII)Ljava/lang/Class; name or signature does not match> (0x000000076ab07c78) thrown at [C:\src\android\AOSP-openjdk\external\jetbrains\jdk\hotspot\src\share\v€YÉ‘§%†?
Event: 0.032 Thread 0x0000000002d20800 Exception <a 'java/lang/NoSuchMethodError': Method sun.misc.Unsafe.prefetchRead(Ljava/lang/Object;J)V name or signature does not match> (0x000000076ab07f60) thrown at [C:\src\android\AOSP-openjdk\external\jetbrains\jdk\hotspot\src\share\vm\prims\jni.cpp, ló‰gG·@
Event: 5.220 Thread 0x000000001ea1f800 Implicit null exception at 0x000000000333bcff to 0x000000000333ca8d
Event: 5.220 Thread 0x000000001ea1f800 Implicit null exception at 0x0000000003338b73 to 0x00000000033396d1

Events (10 events):
Event: 8.117 Thread 0x000000001eb48800 DEOPT UNPACKING pc=0x0000000002e6556a sp=0x000000001fa7e808 mode 2
Event: 8.117 Thread 0x000000001eb48800 Uncommon trap: trap_request=0xffffffde fr.pc=0x00000000032a2a60
Event: 8.117 Thread 0x000000001eb48800 DEOPT PACKING pc=0x00000000032a2a60 sp=0x000000001fa7e890
Event: 8.117 Thread 0x000000001eb48800 DEOPT UNPACKING pc=0x0000000002e6556a sp=0x000000001fa7e808 mode 2
Event: 8.120 Thread 0x000000001eb48800 Uncommon trap: trap_request=0xffffffc6 fr.pc=0x00000000036a6a64
Event: 8.120 Thread 0x000000001eb48800 DEOPT PACKING pc=0x00000000036a6a64 sp=0x000000001fa7e840
Event: 8.120 Thread 0x000000001eb48800 DEOPT UNPACKING pc=0x0000000002e6556a sp=0x000000001fa7e7e8 mode 2
Event: 8.120 Thread 0x000000001eb48800 Uncommon trap: trap_request=0xffffffde fr.pc=0x0000000003306d98
Event: 8.120 Thread 0x000000001eb48800 DEOPT PACKING pc=0x0000000003306d98 sp=0x000000001fa7ea00
Event: 8.121 Thread 0x000000001eb48800 DEOPT UNPACKING pc=0x0000000002e6556a sp=0x000000001fa7e968 mode 2


Dynamic libraries:
0x00007ff6d92f0000 - 0x00007ff6d9321000 	E:\Android\AndroidStudio\jre\bin\java.exe
0x00007ffb56b50000 - 0x00007ffb56d12000 	C:\Windows\SYSTEM32\ntdll.dll
0x00007ffb564e0000 - 0x00007ffb5658d000 	C:\Windows\system32\KERNEL32.DLL
0x00007ffb53f80000 - 0x00007ffb5415d000 	C:\Windows\system32\KERNELBASE.dll
0x00007ffb56750000 - 0x00007ffb567f6000 	C:\Windows\system32\ADVAPI32.dll
0x00007ffb569f0000 - 0x00007ffb56a8d000 	C:\Windows\system32\msvcrt.dll
0x00007ffb56990000 - 0x00007ffb569eb000 	C:\Windows\system32\sechost.dll
0x00007ffb56800000 - 0x00007ffb56926000 	C:\Windows\system32\RPCRT4.dll
0x00007ffb56330000 - 0x00007ffb5647e000 	C:\Windows\system32\USER32.dll
0x00007ffb561a0000 - 0x00007ffb56325000 	C:\Windows\system32\GDI32.dll
0x00007ffb47510000 - 0x00007ffb47784000 	C:\Windows\WinSxS\amd64_microsoft.windows.common-controls_6595b64144ccf1df_6.0.10240.16384_none_f41f7b285750ef43\COMCTL32.dll
0x00007ffb54240000 - 0x00007ffb54276000 	C:\Windows\system32\IMM32.DLL
0x00007ffb54280000 - 0x00007ffb543dc000 	C:\Windows\system32\MSCTF.dll
0x0000000058270000 - 0x0000000058342000 	E:\Android\AndroidStudio\jre\jre\bin\msvcr100.dll
0x0000000056000000 - 0x000000005683c000 	E:\Android\AndroidStudio\jre\jre\bin\server\jvm.dll
0x00007ffb543e0000 - 0x00007ffb543e8000 	C:\Windows\system32\PSAPI.DLL
0x00007ffb48330000 - 0x00007ffb48339000 	C:\Windows\SYSTEM32\WSOCK32.dll
0x00007ffb515e0000 - 0x00007ffb51603000 	C:\Windows\SYSTEM32\WINMM.dll
0x00007ffb50a90000 - 0x00007ffb50a9a000 	C:\Windows\SYSTEM32\VERSION.dll
0x00007ffb55da0000 - 0x00007ffb55e09000 	C:\Windows\system32\WS2_32.dll
0x00007ffb55e10000 - 0x00007ffb55e18000 	C:\Windows\system32\NSI.dll
0x00000000026c0000 - 0x00000000026ec000 	C:\Windows\SYSTEM32\WINMMBASE.dll
0x00007ffb53620000 - 0x00007ffb53664000 	C:\Windows\system32\cfgmgr32.dll
0x00007ffb51ea0000 - 0x00007ffb51ec7000 	C:\Windows\SYSTEM32\DEVOBJ.dll
0x00007ffb507b0000 - 0x00007ffb507bf000 	E:\Android\AndroidStudio\jre\jre\bin\verify.dll
0x00007ffb50330000 - 0x00007ffb50359000 	E:\Android\AndroidStudio\jre\jre\bin\java.dll
0x00007ffb500b0000 - 0x00007ffb500c6000 	E:\Android\AndroidStudio\jre\jre\bin\zip.dll
0x00007ffb54870000 - 0x00007ffb55d93000 	C:\Windows\system32\SHELL32.dll
0x00007ffb53670000 - 0x00007ffb53c99000 	C:\Windows\system32\windows.storage.dll
0x00007ffb543f0000 - 0x00007ffb5466c000 	C:\Windows\system32\combase.dll
0x00007ffb56930000 - 0x00007ffb56981000 	C:\Windows\system32\shlwapi.dll
0x00007ffb535f0000 - 0x00007ffb535ff000 	C:\Windows\system32\kernel.appcore.dll
0x00007ffb54160000 - 0x00007ffb54213000 	C:\Windows\system32\shcore.dll
0x00007ffb53580000 - 0x00007ffb535ca000 	C:\Windows\system32\powrprof.dll
0x00007ffb535d0000 - 0x00007ffb535e3000 	C:\Windows\system32\profapi.dll

VM Arguments:
jvm_args: -Djava.awt.headless=true -Xmx4g -Dfile.encoding=GBK -Duser.country=CN -Duser.language=zh -Duser.variant 
java_command: com.android.dx.command.Main --dex --force-jumbo --num-threads=4 --multi-dex --output E:\Android\AndroidProjects\shian_guwen\app\build\intermediates\transforms\dex\debug\folders\1000\5\slice_0 E:\Android\AndroidProjects\shian_guwen\app\build\intermediates\transforms\instantRunSlicer\debug\folders\1\5\slice_0
java_class_path (initial): E:\Android\AndroidSdk\build-tools\25.0.2\lib\dx.jar
Launcher Type: SUN_STANDARD

Environment Variables:
JAVA_HOME=C:\Program Files\Java\jdk1.7.0_71
CLASSPATH=C:\Program Files\Java\jdk1.7.0_71\lib
PATH=.;C:\Windows\system32;C:\Windows;C:\Windows\System32\Wbem;C:\Windows\System32\WindowsPowerShell\v1.0;C:\Program Files\Java\jdk1.7.0_71\bin
USERNAME=zm
OS=Windows_NT
PROCESSOR_IDENTIFIER=Intel64 Family 6 Model 158 Stepping 9, GenuineIntel



---------------  S Y S T E M  ---------------

OS: Windows 10.0 , 64 bit Build 10240 (10.0.10240.16384)

CPU:total 8 (4 cores per cpu, 2 threads per core) family 6 model 158 stepping 9, cmov, cx8, fxsr, mmx, sse, sse2, sse3, ssse3, sse4.1, sse4.2, popcnt, avx, avx2, aes, clmul, erms, rtm, 3dnowpref, lzcnt, ht, tsc, tscinvbit, bmi1, bmi2, adx

Memory: 4k page, physical 8250868k(263536k free), swap 14394868k(2284k free)

vm_info: OpenJDK 64-Bit Server VM (25.112-b06) for windows-amd64 JRE (1.8.0_112-release-b06), built on Dec  8 2016 00:54:26 by "builder" with MS VC++ 10.0 (VS2010)

time: Fri May 19 16:11:10 2017
elapsed time: 8 seconds (0d 0h 0m 8s)

