#
# There is insufficient memory for the Java Runtime Environment to continue.
# Native memory allocation (malloc) failed to allocate 65552 bytes for Chunk::new
# Possible reasons:
#   The system is out of physical RAM or swap space
#   In 32 bit mode, the process size limit was hit
# Possible solutions:
#   Reduce memory load on the system
#   Increase physical memory or swap space
#   Check if swap backing store is full
#   Use 64 bit Java on a 64 bit OS
#   Decrease Java heap size (-Xmx/-Xms)
#   Decrease number of Java threads
#   Decrease Java thread stack sizes (-Xss)
#   Set larger code cache with -XX:ReservedCodeCacheSize=
# This output file may be truncated or incomplete.
#
#  Out of Memory Error (allocation.cpp:390), pid=14284, tid=0x0000000000002c24
#
# JRE version: OpenJDK Runtime Environment (8.0_112-b06) (build 1.8.0_112-release-b06)
# Java VM: OpenJDK 64-Bit Server VM (25.112-b06 mixed mode windows-amd64 compressed oops)
# Failed to write core dump. Minidumps are not enabled by default on client versions of Windows
#

---------------  T H R E A D  ---------------

Current thread (0x000000001e4ec000):  JavaThread "C2 CompilerThread2" daemon [_thread_in_native, id=11300, stack(0x000000001edb0000,0x000000001eeb0000)]

Stack: [0x000000001edb0000,0x000000001eeb0000]
[error occurred during error reporting (printing stack bounds), id 0xc0000005]

Native frames: (J=compiled Java code, j=interpreted, Vv=VM code, C=native code)


Current CompileTask:
C2:   8287 1926   !   4       com.android.dx.rop.type.Prototype::intern (233 bytes)


---------------  P R O C E S S  ---------------

Java Threads: ( => current thread )
  0x000000001e766000 JavaThread "pool-2-thread-4" [_thread_in_Java, id=1156, stack(0x000000001f5b0000,0x000000001f6b0000)]
  0x000000001e764000 JavaThread "pool-2-thread-3" [_thread_blocked, id=5968, stack(0x000000001f4b0000,0x000000001f5b0000)]
  0x000000001e761000 JavaThread "pool-2-thread-2" [_thread_in_Java, id=1268, stack(0x000000001f3b0000,0x000000001f4b0000)]
  0x000000001e646800 JavaThread "pool-3-thread-1" [_thread_blocked, id=10064, stack(0x000000001f2b0000,0x000000001f3b0000)]
  0x000000001e64d000 JavaThread "pool-2-thread-1" [_thread_in_Java, id=13808, stack(0x000000001f1b0000,0x000000001f2b0000)]
  0x000000001e562800 JavaThread "Service Thread" daemon [_thread_blocked, id=13744, stack(0x000000001efb0000,0x000000001f0b0000)]
  0x000000001e4ee800 JavaThread "C1 CompilerThread3" daemon [_thread_blocked, id=10956, stack(0x000000001eeb0000,0x000000001efb0000)]
=>0x000000001e4ec000 JavaThread "C2 CompilerThread2" daemon [_thread_in_native, id=11300, stack(0x000000001edb0000,0x000000001eeb0000)]
  0x000000001c58d000 JavaThread "C2 CompilerThread1" daemon [_thread_in_native, id=13920, stack(0x000000001ecb0000,0x000000001edb0000)]
  0x000000001e48c000 JavaThread "C2 CompilerThread0" daemon [_thread_in_native, id=9600, stack(0x000000001ebb0000,0x000000001ecb0000)]
  0x000000001e48a000 JavaThread "Attach Listener" daemon [_thread_blocked, id=10148, stack(0x000000001eab0000,0x000000001ebb0000)]
  0x000000001e475800 JavaThread "Signal Dispatcher" daemon [_thread_blocked, id=11596, stack(0x000000001e9b0000,0x000000001eab0000)]
  0x0000000002a58800 JavaThread "Finalizer" daemon [_thread_blocked, id=13388, stack(0x000000001e850000,0x000000001e950000)]
  0x0000000002a55000 JavaThread "Reference Handler" daemon [_thread_blocked, id=11348, stack(0x000000001e350000,0x000000001e450000)]
  0x0000000002960800 JavaThread "main" [_thread_in_native, id=12852, stack(0x0000000002860000,0x0000000002960000)]

Other Threads:
  0x000000001c577800 VMThread [stack: 0x000000001e250000,0x000000001e350000] [id=6788]
  0x000000001e583800 WatcherThread [stack: 0x000000001f0b0000,0x000000001f1b0000] [id=13488]

VM state:not at safepoint (normal execution)

VM Mutex/Monitor currently owned by a thread: None

Heap:
 PSYoungGen      total 152576K, used 135124K [0x000000076ab00000, 0x0000000779780000, 0x00000007c0000000)
  eden space 110592K, 89% used [0x000000076ab00000,0x0000000770ba6cf0,0x0000000771700000)
  from space 41984K, 86% used [0x0000000774400000,0x000000077674e6d8,0x0000000776d00000)
  to   space 46080K, 0% used [0x0000000771700000,0x0000000771700000,0x0000000774400000)
 ParOldGen       total 152576K, used 91902K [0x00000006c0000000, 0x00000006c9500000, 0x000000076ab00000)
  object space 152576K, 60% used [0x00000006c0000000,0x00000006c59bfaf8,0x00000006c9500000)
 Metaspace       used 6009K, capacity 7088K, committed 7296K, reserved 1056768K
  class space    used 562K, capacity 616K, committed 640K, reserved 1048576K

Card table byte_map: [0x0000000011e20000,0x0000000012630000] byte_map_base: 0x000000000e820000

Marking Bits: (ParMarkBitMap*) 0x00000000567c18f0
 Begin Bits: [0x0000000013390000, 0x0000000017390000)
 End Bits:   [0x0000000017390000, 0x000000001b390000)

Polling page: 0x0000000002420000

CodeCache: size=245760Kb used=9090Kb max_used=9090Kb free=236670Kb
 bounds [0x0000000002a60000, 0x0000000003350000, 0x0000000011a60000]
 total_blobs=2115 nmethods=1852 adapters=177
 compilation: enabled

Compilation events (10 events):
Event: 8.045 Thread 0x000000001e4ee800 1960       3       java.util.concurrent.ThreadPoolExecutor::isRunning (10 bytes)
Event: 8.045 Thread 0x000000001e4ee800 nmethod 1960 0x0000000003343d50 code [0x0000000003343ea0, 0x0000000003344030]
Event: 8.048 Thread 0x000000001e4ee800 1961       1       com.android.dx.dex.file.DexFile::getStringIds (5 bytes)
Event: 8.048 Thread 0x000000001e4ee800 nmethod 1961 0x0000000003344090 code [0x00000000033441e0, 0x00000000033442f0]
Event: 8.056 Thread 0x000000001e4ee800 1963       3       com.android.dx.rop.type.StdTypeList::getWordCount (33 bytes)
Event: 8.056 Thread 0x000000001e4ee800 nmethod 1963 0x0000000003344350 code [0x00000000033444e0, 0x0000000003344b38]
Event: 8.057 Thread 0x000000001e4ee800 1964       3       com.android.dx.ssa.Dominators$DfsWalker::<init> (6 bytes)
Event: 8.057 Thread 0x000000001e4ee800 nmethod 1964 0x0000000003344d50 code [0x0000000003344ec0, 0x00000000033450f0]
Event: 8.057 Thread 0x000000001e4ee800 1965       3       com.android.dx.ssa.Dominators$DfsWalker::<init> (15 bytes)
Event: 8.057 Thread 0x000000001e4ee800 nmethod 1965 0x00000000033451d0 code [0x0000000003345320, 0x00000000033454f0]

GC Heap History (10 events):
Event: 2.648 GC heap before
{Heap before GC invocations=3 (full 0):
 PSYoungGen      total 70656K, used 70632K [0x000000076ab00000, 0x000000076f500000, 0x00000007c0000000)
  eden space 65536K, 100% used [0x000000076ab00000,0x000000076eb00000,0x000000076eb00000)
  from space 5120K, 99% used [0x000000076f000000,0x000000076f4fa260,0x000000076f500000)
  to   space 5120K, 0% used [0x000000076eb00000,0x000000076eb00000,0x000000076f000000)
 ParOldGen       total 86016K, used 20716K [0x00000006c0000000, 0x00000006c5400000, 0x000000076ab00000)
  object space 86016K, 24% used [0x00000006c0000000,0x00000006c143b118,0x00000006c5400000)
 Metaspace       used 5793K, capacity 6960K, committed 7040K, reserved 1056768K
  class space    used 562K, capacity 616K, committed 640K, reserved 1048576K
Event: 2.816 GC heap after
Heap after GC invocations=3 (full 0):
 PSYoungGen      total 70656K, used 5112K [0x000000076ab00000, 0x0000000773500000, 0x00000007c0000000)
  eden space 65536K, 0% used [0x000000076ab00000,0x000000076ab00000,0x000000076eb00000)
  from space 5120K, 99% used [0x000000076eb00000,0x000000076effe270,0x000000076f000000)
  to   space 5120K, 0% used [0x0000000773000000,0x0000000773000000,0x0000000773500000)
 ParOldGen       total 86016K, used 55589K [0x00000006c0000000, 0x00000006c5400000, 0x000000076ab00000)
  object space 86016K, 64% used [0x00000006c0000000,0x00000006c36494e0,0x00000006c5400000)
 Metaspace       used 5793K, capacity 6960K, committed 7040K, reserved 1056768K
  class space    used 562K, capacity 616K, committed 640K, reserved 1048576K
}
Event: 2.816 GC heap before
{Heap before GC invocations=4 (full 1):
 PSYoungGen      total 70656K, used 5112K [0x000000076ab00000, 0x0000000773500000, 0x00000007c0000000)
  eden space 65536K, 0% used [0x000000076ab00000,0x000000076ab00000,0x000000076eb00000)
  from space 5120K, 99% used [0x000000076eb00000,0x000000076effe270,0x000000076f000000)
  to   space 5120K, 0% used [0x0000000773000000,0x0000000773000000,0x0000000773500000)
 ParOldGen       total 86016K, used 55589K [0x00000006c0000000, 0x00000006c5400000, 0x000000076ab00000)
  object space 86016K, 64% used [0x00000006c0000000,0x00000006c36494e0,0x00000006c5400000)
 Metaspace       used 5793K, capacity 6960K, committed 7040K, reserved 1056768K
  class space    used 562K, capacity 616K, committed 640K, reserved 1048576K
Event: 4.695 GC heap after
Heap after GC invocations=4 (full 1):
 PSYoungGen      total 70656K, used 0K [0x000000076ab00000, 0x0000000773500000, 0x00000007c0000000)
  eden space 65536K, 0% used [0x000000076ab00000,0x000000076ab00000,0x000000076eb00000)
  from space 5120K, 0% used [0x000000076eb00000,0x000000076eb00000,0x000000076f000000)
  to   space 5120K, 0% used [0x0000000773000000,0x0000000773000000,0x0000000773500000)
 ParOldGen       total 152576K, used 55794K [0x00000006c0000000, 0x00000006c9500000, 0x000000076ab00000)
  object space 152576K, 36% used [0x00000006c0000000,0x00000006c367c958,0x00000006c9500000)
 Metaspace       used 5793K, capacity 6960K, committed 7040K, reserved 1056768K
  class space    used 562K, capacity 616K, committed 640K, reserved 1048576K
}
Event: 5.347 GC heap before
{Heap before GC invocations=5 (full 1):
 PSYoungGen      total 70656K, used 65536K [0x000000076ab00000, 0x0000000773500000, 0x00000007c0000000)
  eden space 65536K, 100% used [0x000000076ab00000,0x000000076eb00000,0x000000076eb00000)
  from space 5120K, 0% used [0x000000076eb00000,0x000000076eb00000,0x000000076f000000)
  to   space 5120K, 0% used [0x0000000773000000,0x0000000773000000,0x0000000773500000)
 ParOldGen       total 152576K, used 55794K [0x00000006c0000000, 0x00000006c9500000, 0x000000076ab00000)
  object space 152576K, 36% used [0x00000006c0000000,0x00000006c367c958,0x00000006c9500000)
 Metaspace       used 5850K, capacity 6960K, committed 7040K, reserved 1056768K
  class space    used 562K, capacity 616K, committed 640K, reserved 1048576K
Event: 5.798 GC heap after
Heap after GC invocations=5 (full 1):
 PSYoungGen      total 89600K, used 5107K [0x000000076ab00000, 0x0000000773500000, 0x00000007c0000000)
  eden space 84480K, 0% used [0x000000076ab00000,0x000000076ab00000,0x000000076fd80000)
  from space 5120K, 99% used [0x0000000773000000,0x00000007734fcd30,0x0000000773500000)
  to   space 5120K, 0% used [0x0000000772b00000,0x0000000772b00000,0x0000000773000000)
 ParOldGen       total 152576K, used 69007K [0x00000006c0000000, 0x00000006c9500000, 0x000000076ab00000)
  object space 152576K, 45% used [0x00000006c0000000,0x00000006c4363e90,0x00000006c9500000)
 Metaspace       used 5850K, capacity 6960K, committed 7040K, reserved 1056768K
  class space    used 562K, capacity 616K, committed 640K, reserved 1048576K
}
Event: 6.399 GC heap before
{Heap before GC invocations=6 (full 1):
 PSYoungGen      total 89600K, used 89587K [0x000000076ab00000, 0x0000000773500000, 0x00000007c0000000)
  eden space 84480K, 100% used [0x000000076ab00000,0x000000076fd80000,0x000000076fd80000)
  from space 5120K, 99% used [0x0000000773000000,0x00000007734fcd30,0x0000000773500000)
  to   space 5120K, 0% used [0x0000000772b00000,0x0000000772b00000,0x0000000773000000)
 ParOldGen       total 152576K, used 69007K [0x00000006c0000000, 0x00000006c9500000, 0x000000076ab00000)
  object space 152576K, 45% used [0x00000006c0000000,0x00000006c4363e90,0x00000006c9500000)
 Metaspace       used 5896K, capacity 7024K, committed 7296K, reserved 1056768K
  class space    used 562K, capacity 616K, committed 640K, reserved 1048576K
Event: 6.796 GC heap after
Heap after GC invocations=6 (full 1):
 PSYoungGen      total 119808K, used 5110K [0x000000076ab00000, 0x0000000776d00000, 0x00000007c0000000)
  eden space 114688K, 0% used [0x000000076ab00000,0x000000076ab00000,0x0000000771b00000)
  from space 5120K, 99% used [0x0000000772b00000,0x0000000772ffd9f0,0x0000000773000000)
  to   space 41984K, 0% used [0x0000000774400000,0x0000000774400000,0x0000000776d00000)
 ParOldGen       total 152576K, used 91894K [0x00000006c0000000, 0x00000006c9500000, 0x000000076ab00000)
  object space 152576K, 60% used [0x00000006c0000000,0x00000006c59bdaf8,0x00000006c9500000)
 Metaspace       used 5896K, capacity 7024K, committed 7296K, reserved 1056768K
  class space    used 562K, capacity 616K, committed 640K, reserved 1048576K
}
Event: 7.364 GC heap before
{Heap before GC invocations=7 (full 1):
 PSYoungGen      total 119808K, used 119798K [0x000000076ab00000, 0x0000000776d00000, 0x00000007c0000000)
  eden space 114688K, 100% used [0x000000076ab00000,0x0000000771b00000,0x0000000771b00000)
  from space 5120K, 99% used [0x0000000772b00000,0x0000000772ffd9f0,0x0000000773000000)
  to   space 41984K, 0% used [0x0000000774400000,0x0000000774400000,0x0000000776d00000)
 ParOldGen       total 152576K, used 91894K [0x00000006c0000000, 0x00000006c9500000, 0x000000076ab00000)
  object space 152576K, 60% used [0x00000006c0000000,0x00000006c59bdaf8,0x00000006c9500000)
 Metaspace       used 5977K, capacity 7088K, committed 7296K, reserved 1056768K
  class space    used 562K, capacity 616K, committed 640K, reserved 1048576K
Event: 7.392 GC heap after
Heap after GC invocations=7 (full 1):
 PSYoungGen      total 152576K, used 36153K [0x000000076ab00000, 0x0000000779780000, 0x00000007c0000000)
  eden space 110592K, 0% used [0x000000076ab00000,0x000000076ab00000,0x0000000771700000)
  from space 41984K, 86% used [0x0000000774400000,0x000000077674e6d8,0x0000000776d00000)
  to   space 46080K, 0% used [0x0000000771700000,0x0000000771700000,0x0000000774400000)
 ParOldGen       total 152576K, used 91902K [0x00000006c0000000, 0x00000006c9500000, 0x000000076ab00000)
  object space 152576K, 60% used [0x00000006c0000000,0x00000006c59bfaf8,0x00000006c9500000)
 Metaspace       used 5977K, capacity 7088K, committed 7296K, reserved 1056768K
  class space    used 562K, capacity 616K, committed 640K, reserved 1048576K
}

Deoptimization events (10 events):
Event: 7.052 Thread 0x000000001e64d000 Uncommon trap: reason=bimorphic action=maybe_recompile pc=0x00000000031f204c method=com.android.dx.cf.code.Merger.mergeType(Lcom/android/dx/rop/type/TypeBearer;Lcom/android/dx/rop/type/TypeBearer;)Lcom/android/dx/rop/type/TypeBearer; @ 6
Event: 7.052 Thread 0x000000001e64d000 Uncommon trap: reason=bimorphic action=maybe_recompile pc=0x00000000031f204c method=com.android.dx.cf.code.Merger.mergeType(Lcom/android/dx/rop/type/TypeBearer;Lcom/android/dx/rop/type/TypeBearer;)Lcom/android/dx/rop/type/TypeBearer; @ 6
Event: 7.053 Thread 0x000000001e64d000 Uncommon trap: reason=bimorphic action=maybe_recompile pc=0x00000000031f204c method=com.android.dx.cf.code.Merger.mergeType(Lcom/android/dx/rop/type/TypeBearer;Lcom/android/dx/rop/type/TypeBearer;)Lcom/android/dx/rop/type/TypeBearer; @ 6
Event: 7.055 Thread 0x000000001e64d000 Uncommon trap: reason=unstable_if action=reinterpret pc=0x000000000320dd9c method=com.android.dx.rop.code.RegisterSpecSet.localItemToSpec(Lcom/android/dx/rop/code/LocalItem;)Lcom/android/dx/rop/code/RegisterSpec; @ 35
Event: 7.059 Thread 0x000000001e64d000 Uncommon trap: reason=unstable_if action=reinterpret pc=0x00000000030b09a0 method=com.android.dx.ssa.SsaRenamer$BlockRenamer.addMapping(ILcom/android/dx/rop/code/RegisterSpec;)V @ 120
Event: 7.059 Thread 0x000000001e64d000 Uncommon trap: reason=unstable_if action=reinterpret pc=0x0000000002fef9a0 method=com.android.dx.ssa.SsaRenamer$BlockRenamer.addMapping(ILcom/android/dx/rop/code/RegisterSpec;)V @ 120
Event: 7.065 Thread 0x000000001e64d000 Uncommon trap: reason=unstable_if action=reinterpret pc=0x0000000002da878c method=com.android.dx.ssa.SsaRenamer$BlockRenamer.addMapping(ILcom/android/dx/rop/code/RegisterSpec;)V @ 120
Event: 7.080 Thread 0x000000001e64d000 Uncommon trap: reason=unstable_if action=reinterpret pc=0x00000000030293f8 method=com.android.dx.cf.code.BytecodeArray.parseInstruction(ILcom/android/dx/cf/code/BytecodeArray$Visitor;)I @ 1261
Event: 7.993 Thread 0x000000001e766000 Uncommon trap: reason=bimorphic action=maybe_recompile pc=0x0000000002ff6870 method=com.android.dx.cf.code.ExecutionStack.peekType(I)Lcom/android/dx/rop/type/Type; @ 5
Event: 8.052 Thread 0x000000001e761000 Uncommon trap: reason=bimorphic action=maybe_recompile pc=0x0000000003184004 method=com.android.dx.rop.code.Rops.opMoveResultPseudo(Lcom/android/dx/rop/type/TypeBearer;)Lcom/android/dx/rop/code/Rop; @ 7

Internal exceptions (4 events):
Event: 0.031 Thread 0x0000000002960800 Exception <a 'java/lang/NoSuchMethodError': Method sun.misc.Unsafe.defineClass(Ljava/lang/String;[BII)Ljava/lang/Class; name or signature does not match> (0x000000076ab07c78) thrown at [C:\src\android\AOSP-openjdk\external\jetbrains\jdk\hotspot\src\share\v]á´¥ëjŸ?
Event: 0.031 Thread 0x0000000002960800 Exception <a 'java/lang/NoSuchMethodError': Method sun.misc.Unsafe.prefetchRead(Ljava/lang/Object;J)V name or signature does not match> (0x000000076ab07f60) thrown at [C:\src\android\AOSP-openjdk\external\jetbrains\jdk\hotspot\src\share\vm\prims\jni.cpp, l®×­¶Bò@
Event: 6.237 Thread 0x000000001e766000 Implicit null exception at 0x0000000002dca5da to 0x0000000002dccbf1
Event: 6.237 Thread 0x000000001e766000 Implicit null exception at 0x0000000002d72796 to 0x0000000002d74e71

Events (10 events):
Event: 7.936 Thread 0x000000001e64d000 DEOPT PACKING pc=0x0000000002f8b74c sp=0x000000001f2ae8f0
Event: 7.936 Thread 0x000000001e64d000 DEOPT UNPACKING pc=0x0000000002aa75bf sp=0x000000001f2ae6b0 mode 0
Event: 7.993 Thread 0x000000001e766000 Uncommon trap: trap_request=0xffffffc6 fr.pc=0x0000000002ff6870
Event: 7.993 Thread 0x000000001e766000 DEOPT PACKING pc=0x0000000002ff6870 sp=0x000000001f6ae5b0
Event: 7.993 Thread 0x000000001e766000 DEOPT UNPACKING pc=0x0000000002aa556a sp=0x000000001f6ae508 mode 2
Event: 8.052 Thread 0x000000001e761000 Uncommon trap: trap_request=0xffffffc6 fr.pc=0x0000000003184004
Event: 8.052 Thread 0x000000001e761000 DEOPT PACKING pc=0x0000000003184004 sp=0x000000001f4ae870
Event: 8.052 Thread 0x000000001e761000 DEOPT UNPACKING pc=0x0000000002aa556a sp=0x000000001f4ae798 mode 2
Event: 8.096 Thread 0x000000001e64d000 DEOPT PACKING pc=0x0000000002f91745 sp=0x000000001f2ae9d0
Event: 8.096 Thread 0x000000001e64d000 DEOPT UNPACKING pc=0x0000000002aa75bf sp=0x000000001f2ae738 mode 0


Dynamic libraries:
0x00007ff6d92f0000 - 0x00007ff6d9321000 	E:\Android\AndroidStudio\jre\bin\java.exe
0x00007ffb56b50000 - 0x00007ffb56d12000 	C:\Windows\SYSTEM32\ntdll.dll
0x00007ffb564e0000 - 0x00007ffb5658d000 	C:\Windows\system32\KERNEL32.DLL
0x00007ffb53f80000 - 0x00007ffb5415d000 	C:\Windows\system32\KERNELBASE.dll
0x00007ffb56750000 - 0x00007ffb567f6000 	C:\Windows\system32\ADVAPI32.dll
0x00007ffb569f0000 - 0x00007ffb56a8d000 	C:\Windows\system32\msvcrt.dll
0x00007ffb56990000 - 0x00007ffb569eb000 	C:\Windows\system32\sechost.dll
0x00007ffb56800000 - 0x00007ffb56926000 	C:\Windows\system32\RPCRT4.dll
0x00007ffb56330000 - 0x00007ffb5647e000 	C:\Windows\system32\USER32.dll
0x00007ffb561a0000 - 0x00007ffb56325000 	C:\Windows\system32\GDI32.dll
0x00007ffb47510000 - 0x00007ffb47784000 	C:\Windows\WinSxS\amd64_microsoft.windows.common-controls_6595b64144ccf1df_6.0.10240.16384_none_f41f7b285750ef43\COMCTL32.dll
0x00007ffb54240000 - 0x00007ffb54276000 	C:\Windows\system32\IMM32.DLL
0x00007ffb54280000 - 0x00007ffb543dc000 	C:\Windows\system32\MSCTF.dll
0x0000000058270000 - 0x0000000058342000 	E:\Android\AndroidStudio\jre\jre\bin\msvcr100.dll
0x0000000056000000 - 0x000000005683c000 	E:\Android\AndroidStudio\jre\jre\bin\server\jvm.dll
0x00007ffb543e0000 - 0x00007ffb543e8000 	C:\Windows\system32\PSAPI.DLL
0x00007ffb48330000 - 0x00007ffb48339000 	C:\Windows\SYSTEM32\WSOCK32.dll
0x00007ffb55da0000 - 0x00007ffb55e09000 	C:\Windows\system32\WS2_32.dll
0x00007ffb55e10000 - 0x00007ffb55e18000 	C:\Windows\system32\NSI.dll
0x00007ffb515e0000 - 0x00007ffb51603000 	C:\Windows\SYSTEM32\WINMM.dll
0x00007ffb50a90000 - 0x00007ffb50a9a000 	C:\Windows\SYSTEM32\VERSION.dll
0x00007ffb51580000 - 0x00007ffb515ac000 	C:\Windows\SYSTEM32\WINMMBASE.dll
0x00007ffb53620000 - 0x00007ffb53664000 	C:\Windows\system32\cfgmgr32.dll
0x00007ffb51ea0000 - 0x00007ffb51ec7000 	C:\Windows\SYSTEM32\DEVOBJ.dll
0x00007ffb507b0000 - 0x00007ffb507bf000 	E:\Android\AndroidStudio\jre\jre\bin\verify.dll
0x00007ffb50330000 - 0x00007ffb50359000 	E:\Android\AndroidStudio\jre\jre\bin\java.dll
0x00007ffb500b0000 - 0x00007ffb500c6000 	E:\Android\AndroidStudio\jre\jre\bin\zip.dll
0x00007ffb54870000 - 0x00007ffb55d93000 	C:\Windows\system32\SHELL32.dll
0x00007ffb53670000 - 0x00007ffb53c99000 	C:\Windows\system32\windows.storage.dll
0x00007ffb543f0000 - 0x00007ffb5466c000 	C:\Windows\system32\combase.dll
0x00007ffb56930000 - 0x00007ffb56981000 	C:\Windows\system32\shlwapi.dll
0x00007ffb535f0000 - 0x00007ffb535ff000 	C:\Windows\system32\kernel.appcore.dll
0x00007ffb54160000 - 0x00007ffb54213000 	C:\Windows\system32\shcore.dll
0x00007ffb53580000 - 0x00007ffb535ca000 	C:\Windows\system32\powrprof.dll
0x00007ffb535d0000 - 0x00007ffb535e3000 	C:\Windows\system32\profapi.dll

VM Arguments:
jvm_args: -Djava.awt.headless=true -Xmx4g -Dfile.encoding=GBK -Duser.country=CN -Duser.language=zh -Duser.variant 
java_command: com.android.dx.command.Main --dex --force-jumbo --num-threads=4 --multi-dex --output E:\Android\AndroidProjects\shian_guwen\app\build\intermediates\transforms\dex\debug\folders\1000\5\slice_6 E:\Android\AndroidProjects\shian_guwen\app\build\intermediates\transforms\instantRunSlicer\debug\folders\1\5\slice_6
java_class_path (initial): E:\Android\AndroidSdk\build-tools\25.0.2\lib\dx.jar
Launcher Type: SUN_STANDARD

Environment Variables:
JAVA_HOME=C:\Program Files\Java\jdk1.7.0_71
CLASSPATH=C:\Program Files\Java\jdk1.7.0_71\lib
PATH=.;C:\Windows\system32;C:\Windows;C:\Windows\System32\Wbem;C:\Windows\System32\WindowsPowerShell\v1.0;C:\Program Files\Java\jdk1.7.0_71\bin
USERNAME=zm
OS=Windows_NT
PROCESSOR_IDENTIFIER=Intel64 Family 6 Model 158 Stepping 9, GenuineIntel



---------------  S Y S T E M  ---------------

OS: Windows 10.0 , 64 bit Build 10240 (10.0.10240.16384)

CPU:total 8 (4 cores per cpu, 2 threads per core) family 6 model 158 stepping 9, cmov, cx8, fxsr, mmx, sse, sse2, sse3, ssse3, sse4.1, sse4.2, popcnt, avx, avx2, aes, clmul, erms, rtm, 3dnowpref, lzcnt, ht, tsc, tscinvbit, bmi1, bmi2, adx

Memory: 4k page, physical 8250868k(263536k free), swap 14394868k(2284k free)

vm_info: OpenJDK 64-Bit Server VM (25.112-b06) for windows-amd64 JRE (1.8.0_112-release-b06), built on Dec  8 2016 00:54:26 by "builder" with MS VC++ 10.0 (VS2010)

time: Fri May 19 16:11:10 2017
elapsed time: 8 seconds (0d 0h 0m 8s)

