#
# There is insufficient memory for the Java Runtime Environment to continue.
# Native memory allocation (malloc) failed to allocate 363536 bytes for Chunk::new
# Possible reasons:
#   The system is out of physical RAM or swap space
#   In 32 bit mode, the process size limit was hit
# Possible solutions:
#   Reduce memory load on the system
#   Increase physical memory or swap space
#   Check if swap backing store is full
#   Use 64 bit Java on a 64 bit OS
#   Decrease Java heap size (-Xmx/-Xms)
#   Decrease number of Java threads
#   Decrease Java thread stack sizes (-Xss)
#   Set larger code cache with -XX:ReservedCodeCacheSize=
# This output file may be truncated or incomplete.
#
#  Out of Memory Error (allocation.cpp:390), pid=15008, tid=0x0000000000003bf0
#
# JRE version: OpenJDK Runtime Environment (8.0_112-b06) (build 1.8.0_112-release-b06)
# Java VM: OpenJDK 64-Bit Server VM (25.112-b06 mixed mode windows-amd64 compressed oops)
# Failed to write core dump. Minidumps are not enabled by default on client versions of Windows
#

---------------  T H R E A D  ---------------

Current thread (0x000000001ce8e800):  JavaThread "C2 CompilerThread0" daemon [_thread_in_native, id=15344, stack(0x000000001f4c0000,0x000000001f5c0000)]

Stack: [0x000000001f4c0000,0x000000001f5c0000]
[error occurred during error reporting (printing stack bounds), id 0xc0000005]

Native frames: (J=compiled Java code, j=interpreted, Vv=VM code, C=native code)


Current CompileTask:
C2:   9642 2354   !   4       com.android.dx.rop.type.Prototype::intern (233 bytes)


---------------  P R O C E S S  ---------------

Java Threads: ( => current thread )
  0x000000001f0b4000 JavaThread "pool-2-thread-4" [_thread_in_Java, id=14376, stack(0x000000001fec0000,0x000000001ffc0000)]
  0x000000001f0b5000 JavaThread "pool-2-thread-3" [_thread_in_Java, id=14396, stack(0x000000001fdc0000,0x000000001fec0000)]
  0x000000001ef80000 JavaThread "pool-2-thread-2" [_thread_blocked, id=14388, stack(0x000000001fcc0000,0x000000001fdc0000)]
  0x000000001ef7a000 JavaThread "pool-3-thread-1" [_thread_blocked, id=14392, stack(0x000000001fbc0000,0x000000001fcc0000)]
  0x000000001ef79000 JavaThread "pool-2-thread-1" [_thread_in_Java, id=14412, stack(0x000000001fac0000,0x000000001fbc0000)]
  0x000000001ee81800 JavaThread "Service Thread" daemon [_thread_blocked, id=10732, stack(0x000000001f8c0000,0x000000001f9c0000)]
  0x000000001edfc800 JavaThread "C1 CompilerThread3" daemon [_thread_blocked, id=14352, stack(0x000000001f7c0000,0x000000001f8c0000)]
  0x000000001edf9800 JavaThread "C2 CompilerThread2" daemon [_thread_blocked, id=14484, stack(0x000000001f6c0000,0x000000001f7c0000)]
  0x000000001edf1000 JavaThread "C2 CompilerThread1" daemon [_thread_blocked, id=15348, stack(0x000000001f5c0000,0x000000001f6c0000)]
=>0x000000001ce8e800 JavaThread "C2 CompilerThread0" daemon [_thread_in_native, id=15344, stack(0x000000001f4c0000,0x000000001f5c0000)]
  0x000000001ed99000 JavaThread "Attach Listener" daemon [_thread_blocked, id=15340, stack(0x000000001f3c0000,0x000000001f4c0000)]
  0x000000001edf0000 JavaThread "Signal Dispatcher" daemon [_thread_blocked, id=15336, stack(0x000000001f2c0000,0x000000001f3c0000)]
  0x000000000335d800 JavaThread "Finalizer" daemon [_thread_blocked, id=1732, stack(0x000000001f160000,0x000000001f260000)]
  0x0000000003355000 JavaThread "Reference Handler" daemon [_thread_blocked, id=14604, stack(0x000000001ec60000,0x000000001ed60000)]
  0x0000000003260800 JavaThread "main" [_thread_in_native, id=12300, stack(0x0000000003110000,0x0000000003210000)]

Other Threads:
  0x000000001ce77000 VMThread [stack: 0x000000001eb60000,0x000000001ec60000] [id=14648]
  0x000000001ee82000 WatcherThread [stack: 0x000000001f9c0000,0x000000001fac0000] [id=13540]

VM state:not at safepoint (normal execution)

VM Mutex/Monitor currently owned by a thread: None

Heap:
 PSYoungGen      total 248832K, used 22448K [0x000000076ab00000, 0x0000000782d80000, 0x00000007c0000000)
  eden space 193536K, 11% used [0x000000076ab00000,0x000000076c0ec210,0x0000000776800000)
  from space 55296K, 0% used [0x000000077f780000,0x000000077f780000,0x0000000782d80000)
  to   space 40960K, 0% used [0x0000000776800000,0x0000000776800000,0x0000000779000000)
 ParOldGen       total 107008K, used 101676K [0x00000006c0000000, 0x00000006c6880000, 0x000000076ab00000)
  object space 107008K, 95% used [0x00000006c0000000,0x00000006c634b070,0x00000006c6880000)
 Metaspace       used 6091K, capacity 7152K, committed 7296K, reserved 1056768K
  class space    used 567K, capacity 616K, committed 640K, reserved 1048576K

Card table byte_map: [0x0000000012720000,0x0000000012f30000] byte_map_base: 0x000000000f120000

Marking Bits: (ParMarkBitMap*) 0x00000000567c18f0
 Begin Bits: [0x0000000013c90000, 0x0000000017c90000)
 End Bits:   [0x0000000017c90000, 0x000000001bc90000)

Polling page: 0x0000000002d40000

CodeCache: size=245760Kb used=9187Kb max_used=11194Kb free=236572Kb
 bounds [0x0000000003360000, 0x0000000003e80000, 0x0000000012360000]
 total_blobs=2062 nmethods=1799 adapters=177
 compilation: enabled

Compilation events (10 events):
Event: 9.628 Thread 0x000000001ce8e800 2354   !   4       com.android.dx.rop.type.Prototype::intern (233 bytes)
Event: 9.629 Thread 0x000000001edfc800 nmethod 2353 0x0000000003702f90 code [0x0000000003703940, 0x000000000370a108]
Event: 9.630 Thread 0x000000001edf1000 2355       4       com.android.dx.rop.code.Rops::opConst (85 bytes)
Event: 9.631 Thread 0x000000001edf1000 nmethod 2355 0x0000000003576cd0 code [0x0000000003576e20, 0x0000000003576f28]
Event: 9.637 Thread 0x000000001edfc800 2356       3       com.android.dx.ssa.back.FirstFitLocalCombiningAllocator::handleNormalUnassociated (99 bytes)
Event: 9.638 Thread 0x000000001edf9800 2358       4       java.lang.StringBuilder::<init> (7 bytes)
Event: 9.638 Thread 0x000000001edfc800 nmethod 2356 0x0000000003557d50 code [0x0000000003558000, 0x00000000035593d8]
Event: 9.638 Thread 0x000000001edfc800 2357   !   3       com.android.dx.cf.code.OneLocalsArray::set (106 bytes)
Event: 9.639 Thread 0x000000001edf9800 nmethod 2358 0x0000000003578cd0 code [0x0000000003578e20, 0x0000000003578f18]
Event: 9.639 Thread 0x000000001edfc800 nmethod 2357 0x00000000038f0690 code [0x00000000038f08e0, 0x00000000038f1738]

GC Heap History (10 events):
Event: 4.607 GC heap before
{Heap before GC invocations=6 (full 1):
 PSYoungGen      total 136192K, used 131072K [0x000000076ab00000, 0x0000000773500000, 0x00000007c0000000)
  eden space 131072K, 100% used [0x000000076ab00000,0x0000000772b00000,0x0000000772b00000)
  from space 5120K, 0% used [0x0000000773000000,0x0000000773000000,0x0000000773500000)
  to   space 5120K, 0% used [0x0000000772b00000,0x0000000772b00000,0x0000000773000000)
 ParOldGen       total 107008K, used 26654K [0x00000006c0000000, 0x00000006c6880000, 0x000000076ab00000)
  object space 107008K, 24% used [0x00000006c0000000,0x00000006c1a07998,0x00000006c6880000)
 Metaspace       used 5931K, capacity 7024K, committed 7296K, reserved 1056768K
  class space    used 562K, capacity 616K, committed 640K, reserved 1048576K
Event: 4.881 GC heap after
Heap after GC invocations=6 (full 1):
 PSYoungGen      total 136192K, used 5111K [0x000000076ab00000, 0x000000077b900000, 0x00000007c0000000)
  eden space 131072K, 0% used [0x000000076ab00000,0x000000076ab00000,0x0000000772b00000)
  from space 5120K, 99% used [0x0000000772b00000,0x0000000772ffdc78,0x0000000773000000)
  to   space 41472K, 0% used [0x0000000779080000,0x0000000779080000,0x000000077b900000)
 ParOldGen       total 107008K, used 55407K [0x00000006c0000000, 0x00000006c6880000, 0x000000076ab00000)
  object space 107008K, 51% used [0x00000006c0000000,0x00000006c361bcc0,0x00000006c6880000)
 Metaspace       used 5931K, capacity 7024K, committed 7296K, reserved 1056768K
  class space    used 562K, capacity 616K, committed 640K, reserved 1048576K
}
Event: 5.393 GC heap before
{Heap before GC invocations=7 (full 1):
 PSYoungGen      total 136192K, used 136183K [0x000000076ab00000, 0x000000077b900000, 0x00000007c0000000)
  eden space 131072K, 100% used [0x000000076ab00000,0x0000000772b00000,0x0000000772b00000)
  from space 5120K, 99% used [0x0000000772b00000,0x0000000772ffdc78,0x0000000773000000)
  to   space 41472K, 0% used [0x0000000779080000,0x0000000779080000,0x000000077b900000)
 ParOldGen       total 107008K, used 55407K [0x00000006c0000000, 0x00000006c6880000, 0x000000076ab00000)
  object space 107008K, 51% used [0x00000006c0000000,0x00000006c361bcc0,0x00000006c6880000)
 Metaspace       used 5997K, capacity 7088K, committed 7296K, reserved 1056768K
  class space    used 562K, capacity 616K, committed 640K, reserved 1048576K
Event: 5.453 GC heap after
Heap after GC invocations=7 (full 1):
 PSYoungGen      total 233984K, used 27827K [0x000000076ab00000, 0x000000077b800000, 0x00000007c0000000)
  eden space 193536K, 0% used [0x000000076ab00000,0x000000076ab00000,0x0000000776800000)
  from space 40448K, 68% used [0x0000000779080000,0x000000077abacee0,0x000000077b800000)
  to   space 40960K, 0% used [0x0000000776800000,0x0000000776800000,0x0000000779000000)
 ParOldGen       total 107008K, used 55415K [0x00000006c0000000, 0x00000006c6880000, 0x000000076ab00000)
  object space 107008K, 51% used [0x00000006c0000000,0x00000006c361dcc0,0x00000006c6880000)
 Metaspace       used 5997K, capacity 7088K, committed 7296K, reserved 1056768K
  class space    used 562K, capacity 616K, committed 640K, reserved 1048576K
}
Event: 6.932 GC heap before
{Heap before GC invocations=8 (full 1):
 PSYoungGen      total 233984K, used 221363K [0x000000076ab00000, 0x000000077b800000, 0x00000007c0000000)
  eden space 193536K, 100% used [0x000000076ab00000,0x0000000776800000,0x0000000776800000)
  from space 40448K, 68% used [0x0000000779080000,0x000000077abacee0,0x000000077b800000)
  to   space 40960K, 0% used [0x0000000776800000,0x0000000776800000,0x0000000779000000)
 ParOldGen       total 107008K, used 55415K [0x00000006c0000000, 0x00000006c6880000, 0x000000076ab00000)
  object space 107008K, 51% used [0x00000006c0000000,0x00000006c361dcc0,0x00000006c6880000)
 Metaspace       used 6077K, capacity 7152K, committed 7296K, reserved 1056768K
  class space    used 567K, capacity 616K, committed 640K, reserved 1048576K
Event: 7.098 GC heap after
Heap after GC invocations=8 (full 1):
 PSYoungGen      total 234496K, used 40928K [0x000000076ab00000, 0x0000000782d80000, 0x00000007c0000000)
  eden space 193536K, 0% used [0x000000076ab00000,0x000000076ab00000,0x0000000776800000)
  from space 40960K, 99% used [0x0000000776800000,0x0000000778ff8330,0x0000000779000000)
  to   space 55296K, 0% used [0x000000077f780000,0x000000077f780000,0x0000000782d80000)
 ParOldGen       total 107008K, used 71731K [0x00000006c0000000, 0x00000006c6880000, 0x000000076ab00000)
  object space 107008K, 67% used [0x00000006c0000000,0x00000006c460cf58,0x00000006c6880000)
 Metaspace       used 6077K, capacity 7152K, committed 7296K, reserved 1056768K
  class space    used 567K, capacity 616K, committed 640K, reserved 1048576K
}
Event: 7.789 GC heap before
{Heap before GC invocations=9 (full 1):
 PSYoungGen      total 234496K, used 234464K [0x000000076ab00000, 0x0000000782d80000, 0x00000007c0000000)
  eden space 193536K, 100% used [0x000000076ab00000,0x0000000776800000,0x0000000776800000)
  from space 40960K, 99% used [0x0000000776800000,0x0000000778ff8330,0x0000000779000000)
  to   space 55296K, 0% used [0x000000077f780000,0x000000077f780000,0x0000000782d80000)
 ParOldGen       total 107008K, used 71731K [0x00000006c0000000, 0x00000006c6880000, 0x000000076ab00000)
  object space 107008K, 67% used [0x00000006c0000000,0x00000006c460cf58,0x00000006c6880000)
 Metaspace       used 6091K, capacity 7152K, committed 7296K, reserved 1056768K
  class space    used 567K, capacity 616K, committed 640K, reserved 1048576K
Event: 8.143 GC heap after
Heap after GC invocations=9 (full 1):
 PSYoungGen      total 248832K, used 55292K [0x000000076ab00000, 0x0000000782d80000, 0x00000007c0000000)
  eden space 193536K, 0% used [0x000000076ab00000,0x000000076ab00000,0x0000000776800000)
  from space 55296K, 99% used [0x000000077f780000,0x0000000782d7f280,0x0000000782d80000)
  to   space 40960K, 0% used [0x0000000776800000,0x0000000776800000,0x0000000779000000)
 ParOldGen       total 107008K, used 79191K [0x00000006c0000000, 0x00000006c6880000, 0x000000076ab00000)
  object space 107008K, 74% used [0x00000006c0000000,0x00000006c4d55ed0,0x00000006c6880000)
 Metaspace       used 6091K, capacity 7152K, committed 7296K, reserved 1056768K
  class space    used 567K, capacity 616K, committed 640K, reserved 1048576K
}
Event: 8.143 GC heap before
{Heap before GC invocations=10 (full 2):
 PSYoungGen      total 248832K, used 55292K [0x000000076ab00000, 0x0000000782d80000, 0x00000007c0000000)
  eden space 193536K, 0% used [0x000000076ab00000,0x000000076ab00000,0x0000000776800000)
  from space 55296K, 99% used [0x000000077f780000,0x0000000782d7f280,0x0000000782d80000)
  to   space 40960K, 0% used [0x0000000776800000,0x0000000776800000,0x0000000779000000)
 ParOldGen       total 107008K, used 79191K [0x00000006c0000000, 0x00000006c6880000, 0x000000076ab00000)
  object space 107008K, 74% used [0x00000006c0000000,0x00000006c4d55ed0,0x00000006c6880000)
 Metaspace       used 6091K, capacity 7152K, committed 7296K, reserved 1056768K
  class space    used 567K, capacity 616K, committed 640K, reserved 1048576K
Event: 9.593 GC heap after
Heap after GC invocations=10 (full 2):
 PSYoungGen      total 248832K, used 0K [0x000000076ab00000, 0x0000000782d80000, 0x00000007c0000000)
  eden space 193536K, 0% used [0x000000076ab00000,0x000000076ab00000,0x0000000776800000)
  from space 55296K, 0% used [0x000000077f780000,0x000000077f780000,0x0000000782d80000)
  to   space 40960K, 0% used [0x0000000776800000,0x0000000776800000,0x0000000779000000)
 ParOldGen       total 107008K, used 101676K [0x00000006c0000000, 0x00000006c6880000, 0x000000076ab00000)
  object space 107008K, 95% used [0x00000006c0000000,0x00000006c634b070,0x00000006c6880000)
 Metaspace       used 6091K, capacity 7152K, committed 7296K, reserved 1056768K
  class space    used 567K, capacity 616K, committed 640K, reserved 1048576K
}

Deoptimization events (10 events):
Event: 5.801 Thread 0x0000000003260800 Uncommon trap: reason=unstable_if action=reinterpret pc=0x0000000003b1dedc method=com.android.dx.util.LabeledList.set(ILcom/android/dx/util/LabeledItem;)V @ 16
Event: 5.801 Thread 0x0000000003260800 Uncommon trap: reason=unstable_if action=reinterpret pc=0x000000000378b6c0 method=com.android.dx.util.LabeledList.set(ILcom/android/dx/util/LabeledItem;)V @ 16
Event: 5.801 Thread 0x0000000003260800 Uncommon trap: reason=unstable_if action=reinterpret pc=0x0000000003a1a65c method=com.android.dx.rop.code.BasicBlock.hasExceptionHandlers()Z @ 17
Event: 5.801 Thread 0x0000000003260800 Uncommon trap: reason=unstable_if action=reinterpret pc=0x0000000003b732a8 method=com.android.dx.dex.code.RopTranslator.pickOrder()V @ 143
Event: 6.611 Thread 0x000000001f0b5000 Uncommon trap: reason=class_check action=maybe_recompile pc=0x0000000003ad88b4 method=com.android.dx.ssa.SCCP.replaceConstants()V @ 81
Event: 6.702 Thread 0x000000001f0b4000 Uncommon trap: reason=class_check action=maybe_recompile pc=0x0000000003cc8e38 method=com.android.dx.rop.cst.CstKnownNull.equals(Ljava/lang/Object;)Z @ 1
Event: 6.702 Thread 0x000000001f0b4000 Uncommon trap: reason=class_check action=maybe_recompile pc=0x0000000003ad88b4 method=com.android.dx.ssa.SCCP.replaceConstants()V @ 81
Event: 7.596 Thread 0x000000001ef79000 Uncommon trap: reason=class_check action=maybe_recompile pc=0x0000000003924500 method=com.android.dx.ssa.PhiTypeResolver.run()V @ 132
Event: 7.786 Thread 0x0000000003260800 Uncommon trap: reason=unloaded action=reinterpret pc=0x0000000003cff8f4 method=com.android.dx.cf.cst.ConstantPoolParser.parse0(ILjava/util/BitSet;)Lcom/android/dx/rop/cst/Constant; @ 220
Event: 9.630 Thread 0x000000001f0b5000 Uncommon trap: reason=unstable_if action=reinterpret pc=0x000000000358c618 method=com.android.dx.ssa.back.FirstFitLocalCombiningAllocator.findNextUnreservedRopReg(IILcom/android/dx/ssa/back/FirstFitLocalCombiningAllocator$Alignment;)I @ 32

Internal exceptions (5 events):
Event: 0.023 Thread 0x0000000003260800 Exception <a 'java/lang/NoSuchMethodError': Method sun.misc.Unsafe.defineClass(Ljava/lang/String;[BII)Ljava/lang/Class; name or signature does not match> (0x000000076ab07c78) thrown at [C:\src\android\AOSP-openjdk\external\jetbrains\jdk\hotspot\src\share\vµF’ð1—?
Event: 0.023 Thread 0x0000000003260800 Exception <a 'java/lang/NoSuchMethodError': Method sun.misc.Unsafe.prefetchRead(Ljava/lang/Object;J)V name or signature does not match> (0x000000076ab07f60) thrown at [C:\src\android\AOSP-openjdk\external\jetbrains\jdk\hotspot\src\share\vm\prims\jni.cpp, lZVJæ},ç?
Event: 0.724 Thread 0x000000001ef79000 Implicit null exception at 0x0000000003669fa2 to 0x000000000366a0b1
Event: 1.894 Thread 0x0000000003260800 Implicit null exception at 0x00000000037ad4ab to 0x00000000037aed85
Event: 1.894 Thread 0x0000000003260800 Implicit null exception at 0x0000000003780907 to 0x0000000003781f55

Events (10 events):
Event: 9.594 Executing VM operation: RevokeBias done
Event: 9.594 Executing VM operation: BulkRevokeBias
Event: 9.594 Executing VM operation: BulkRevokeBias done
Event: 9.629 Thread 0x000000001edfc800 flushing nmethod 0x0000000003484a10
Event: 9.630 Thread 0x000000001f0b5000 Uncommon trap: trap_request=0xffffff65 fr.pc=0x000000000358c618
Event: 9.630 Thread 0x000000001f0b5000 DEOPT PACKING pc=0x000000000358c618 sp=0x000000001febe450
Event: 9.631 Thread 0x000000001f0b5000 DEOPT UNPACKING pc=0x00000000033a556a sp=0x000000001febe330 mode 2
Event: 9.631 Thread 0x000000001edf1000 flushing nmethod 0x00000000034cfc90
Event: 9.639 Thread 0x000000001edfc800 flushing nmethod 0x0000000003586590
Event: 9.639 Thread 0x000000001edfc800 flushing nmethod 0x00000000035c87d0


Dynamic libraries:
0x00007ff6d92f0000 - 0x00007ff6d9321000 	E:\Android\AndroidStudio\jre\bin\java.exe
0x00007ffb56b50000 - 0x00007ffb56d12000 	C:\Windows\SYSTEM32\ntdll.dll
0x00007ffb564e0000 - 0x00007ffb5658d000 	C:\Windows\system32\KERNEL32.DLL
0x00007ffb53f80000 - 0x00007ffb5415d000 	C:\Windows\system32\KERNELBASE.dll
0x00007ffb56750000 - 0x00007ffb567f6000 	C:\Windows\system32\ADVAPI32.dll
0x00007ffb569f0000 - 0x00007ffb56a8d000 	C:\Windows\system32\msvcrt.dll
0x00007ffb56990000 - 0x00007ffb569eb000 	C:\Windows\system32\sechost.dll
0x00007ffb56800000 - 0x00007ffb56926000 	C:\Windows\system32\RPCRT4.dll
0x00007ffb56330000 - 0x00007ffb5647e000 	C:\Windows\system32\USER32.dll
0x00007ffb561a0000 - 0x00007ffb56325000 	C:\Windows\system32\GDI32.dll
0x00007ffb47510000 - 0x00007ffb47784000 	C:\Windows\WinSxS\amd64_microsoft.windows.common-controls_6595b64144ccf1df_6.0.10240.16384_none_f41f7b285750ef43\COMCTL32.dll
0x00007ffb54240000 - 0x00007ffb54276000 	C:\Windows\system32\IMM32.DLL
0x00007ffb54280000 - 0x00007ffb543dc000 	C:\Windows\system32\MSCTF.dll
0x0000000058270000 - 0x0000000058342000 	E:\Android\AndroidStudio\jre\jre\bin\msvcr100.dll
0x0000000056000000 - 0x000000005683c000 	E:\Android\AndroidStudio\jre\jre\bin\server\jvm.dll
0x00007ffb543e0000 - 0x00007ffb543e8000 	C:\Windows\system32\PSAPI.DLL
0x00007ffb48330000 - 0x00007ffb48339000 	C:\Windows\SYSTEM32\WSOCK32.dll
0x00007ffb50a90000 - 0x00007ffb50a9a000 	C:\Windows\SYSTEM32\VERSION.dll
0x00007ffb515e0000 - 0x00007ffb51603000 	C:\Windows\SYSTEM32\WINMM.dll
0x00007ffb55da0000 - 0x00007ffb55e09000 	C:\Windows\system32\WS2_32.dll
0x00007ffb55e10000 - 0x00007ffb55e18000 	C:\Windows\system32\NSI.dll
0x00007ffb51580000 - 0x00007ffb515ac000 	C:\Windows\SYSTEM32\WINMMBASE.dll
0x00007ffb53620000 - 0x00007ffb53664000 	C:\Windows\system32\cfgmgr32.dll
0x00007ffb51ea0000 - 0x00007ffb51ec7000 	C:\Windows\SYSTEM32\DEVOBJ.dll
0x00007ffb507b0000 - 0x00007ffb507bf000 	E:\Android\AndroidStudio\jre\jre\bin\verify.dll
0x00007ffb50330000 - 0x00007ffb50359000 	E:\Android\AndroidStudio\jre\jre\bin\java.dll
0x00007ffb500b0000 - 0x00007ffb500c6000 	E:\Android\AndroidStudio\jre\jre\bin\zip.dll
0x00007ffb54870000 - 0x00007ffb55d93000 	C:\Windows\system32\SHELL32.dll
0x00007ffb53670000 - 0x00007ffb53c99000 	C:\Windows\system32\windows.storage.dll
0x00007ffb543f0000 - 0x00007ffb5466c000 	C:\Windows\system32\combase.dll
0x00007ffb56930000 - 0x00007ffb56981000 	C:\Windows\system32\shlwapi.dll
0x00007ffb535f0000 - 0x00007ffb535ff000 	C:\Windows\system32\kernel.appcore.dll
0x00007ffb54160000 - 0x00007ffb54213000 	C:\Windows\system32\shcore.dll
0x00007ffb53580000 - 0x00007ffb535ca000 	C:\Windows\system32\powrprof.dll
0x00007ffb535d0000 - 0x00007ffb535e3000 	C:\Windows\system32\profapi.dll

VM Arguments:
jvm_args: -Djava.awt.headless=true -Xmx4g -Dfile.encoding=GBK -Duser.country=CN -Duser.language=zh -Duser.variant 
java_command: com.android.dx.command.Main --dex --force-jumbo --num-threads=4 --multi-dex --output E:\Android\AndroidProjects\shian_guwen\app\build\intermediates\transforms\dex\debug\folders\1000\5\slice_8 E:\Android\AndroidProjects\shian_guwen\app\build\intermediates\transforms\instantRunSlicer\debug\folders\1\5\slice_8
java_class_path (initial): E:\Android\AndroidSdk\build-tools\25.0.2\lib\dx.jar
Launcher Type: SUN_STANDARD

Environment Variables:
JAVA_HOME=C:\Program Files\Java\jdk1.7.0_71
CLASSPATH=C:\Program Files\Java\jdk1.7.0_71\lib
PATH=.;C:\Windows\system32;C:\Windows;C:\Windows\System32\Wbem;C:\Windows\System32\WindowsPowerShell\v1.0;C:\Program Files\Java\jdk1.7.0_71\bin
USERNAME=zm
OS=Windows_NT
PROCESSOR_IDENTIFIER=Intel64 Family 6 Model 158 Stepping 9, GenuineIntel



---------------  S Y S T E M  ---------------

OS: Windows 10.0 , 64 bit Build 10240 (10.0.10240.16384)

CPU:total 8 (4 cores per cpu, 2 threads per core) family 6 model 158 stepping 9, cmov, cx8, fxsr, mmx, sse, sse2, sse3, ssse3, sse4.1, sse4.2, popcnt, avx, avx2, aes, clmul, erms, rtm, 3dnowpref, lzcnt, ht, tsc, tscinvbit, bmi1, bmi2, adx

Memory: 4k page, physical 8250868k(347440k free), swap 14394868k(2420k free)

vm_info: OpenJDK 64-Bit Server VM (25.112-b06) for windows-amd64 JRE (1.8.0_112-release-b06), built on Dec  8 2016 00:54:26 by "builder" with MS VC++ 10.0 (VS2010)

time: Fri May 19 16:12:49 2017
elapsed time: 9 seconds (0d 0h 0m 9s)

